1 -6.986466093460498e-06 -4.70173279254695e-07 5.232894563909775e-08 -6.419951873380737e-08 -1.738850374419984e-08 1.8989741403052444e-07 -6.906923854592614e-07 -6.169583212160752e-07
2 -8.662007288966859e-06 -7.02986689372313e-07 -7.221026338915757e-08 -1.0698838756854708e-07 -8.376183935503837e-07 6.830056572498388e-07 -4.415640836094039e-07 -3.541093496319905e-07
3 -8.101959129845239e-06 -8.789716376812888e-07 3.3433398264863474e-07 -6.236416812059615e-07 -1.1360345319014142e-06 -7.04775622355113e-07 -4.600932350782778e-07 -5.34310687654151e-07
4 -7.984972459184025e-06 -2.1053364195446698e-06 -9.282884007070563e-07 -5.440904117327862e-07 -2.2406334133249165e-06 5.449739142697787e-07 -6.925485609395657e-07 -5.887464855131718e-07
5 -7.728990146962923e-06 -1.2967217690101135e-06 -1.85926644938727e-07 -5.145366534163943e-07 -1.30222472063871e-06 -2.915925239162954e-07 -6.934953186653888e-07 -1.5070500219713338e-06
6 -8.733410967255958e-06 -1.1198936934399252e-06 -6.302321702025851e-07 -6.062305202434239e-07 -3.0019091912753645e-06 5.487018372182374e-07 -1.894157673568038e-07 -7.507711946060507e-07
7 -9.244128676848175e-06 -1.3835777648290655e-06 -1.0061105808621305e-06 1.302120983728891e-06 -3.468232987305336e-06 -5.264202246928937e-07 -7.515672358735495e-08 -2.890989943165868e-07
8 -8.482338135176161e-06 -2.9495234251117584e-06 -1.66203063281271e-06 2.118463048064145e-07 -3.164264386223572e-06 -1.8561342444074836e-08 -1.1547460955743326e-06 -4.5823533907806736e-07
9 -9.726071342377067e-06 -2.2389072433910543e-06 -7.304799614926967e-07 -1.6584321059469369e-07 -2.6954049320767168e-06 -3.9424744269875645e-07 -9.711349534793217e-07 1.9691088884596778e-07
10 -9.485284710120498e-06 -2.697137720787238e-06 -7.596162074272133e-07 6.815549232665794e-07 -3.136602050803474e-06 1.2742841315793907e-07 2.4537585296696157e-07 -2.399805662685702e-07
11 -8.195996695872613e-06 -2.3612702171721904e-06 -9.586105261173203e-07 -1.7988299626245523e-07 -3.3312226430125217e-06 6.008556637665075e-07 -4.220008897005392e-07 8.083686488613004e-07
12 -8.899546540561737e-06 -2.2666069564575806e-06 -8.560348137594754e-08 9.712719438562708e-07 -3.4020349592133986e-06 3.762806225942993e-07 -4.360124672957102e-07 -6.357995167641523e-10
13 -1.0201022311337801e-05 -2.2417700223899106e-06 -9.971719930425472e-07 -1.393661912244585e-07 -3.5058974636966723e-06 -8.012160343296938e-09 -1.6312067067698242e-07 -8.723516923807296e-08
14 -9.529693875143576e-06 -1.946071667833397e-06 -2.737592561172902e-07 1.641734275725412e-07 -2.2232177845900333e-06 -3.879447390386287e-07 -1.1114068431529432e-06 5.3645018350106524e-08
15 -9.38798512389641e-06 -2.09157075145617e-06 -9.630530501934965e-07 2.0694811170872836e-06 -2.6741722215643506e-06 -7.091662215510788e-08 1.90187406052745e-07 1.4456574906228415e-06
16 -9.646212812703068e-06 -2.290778604047195e-06 -2.484807194229152e-07 -1.3900070495784196e-06 -4.165544142417084e-06 -1.270514270787944e-06 2.6531504986930354e-07 9.175987465951152e-07
17 -9.08018260231142e-06 -2.2066192934800184e-06 5.825053359578131e-07 1.8894618317976012e-06 -6.547500824227523e-06 -5.487352185377419e-07 -5.681007694643009e-07 -5.54719387772933e-07
18 -1.0551230954574919e-05 -2.351027051093865e-06 -4.514986447066355e-07 8.689024903259674e-07 -3.872321599561301e-06 7.516654152241674e-07 -3.97318942186238e-07 7.680822548505469e-07
19 -8.552465515995308e-06 -1.3451618294194956e-06 1.6780346142587172e-06 1.5212537697369748e-06 -4.222271645832782e-06 -6.968107750704467e-07 -1.7993213771360776e-07 5.942420968768529e-07
20 -1.2130356471180262e-05 -2.814603739914163e-06 1.0845658674601023e-06 1.0617617896731815e-06 -4.184519987877846e-06 8.09782187208588e-07 2.56268695216731e-07 1.0835531701099204e-06
21 -8.569936845631764e-06 -1.808519034318582e-06 2.2206583043045133e-07 -2.656908636301333e-06 -4.1162174116943665e-06 -9.720881630688906e-07 -5.200752007499374e-08 -4.3807462212848255e-07
22 -1.1144323296688688e-05 -5.224803797075459e-07 1.808596535466995e-06 -3.700049520433913e-07 -3.5622167039650294e-06 5.720607854060885e-07 -1.0490277748886866e-06 -3.6768993291254237e-07
23 -1.0688591938233005e-05 1.0807979141183988e-06 1.5646449288482704e-06 -5.03348078933216e-07 -4.553267973169532e-06 4.4274376738583564e-08 -7.328092299189445e-07 3.2960265210798667e-07
24 -1.2794078384116204e-05 3.7722763353692875e-08 6.177263539460002e-07 -1.0293893475608773e-06 -4.327752767431528e-06 2.5439842730850413e-07 5.037625718578881e-07 2.697703255549627e-07
25 -1.197596796363843e-05 -1.0147180515143285e-06 6.785897706183489e-07 -1.1147823564753032e-07 -4.897379100285144e-06 -8.637554079439414e-07 2.603081738410478e-07 3.7421797390575126e-07
26 -1.0208403266989525e-05 -2.1806568791673476e-06 6.336556712225704e-07 -8.762741014376422e-07 -5.108131626998482e-06 -1.9276134140864005e-06 -1.4872722390164568e-07 2.548803732913401e-07
27 -1.1627978028293415e-05 -3.7476856826643005e-06 -1.4182978404168836e-06 -2.912094057881116e-07 -2.621115599678387e-06 -1.6174616821337991e-06 -1.1591178098755788e-06 -5.171819605934845e-07
28 -1.6052996740595115e-05 -9.97880717098902e-07 1.0522767294043433e-06 1.903584725110153e-06 -5.506259365901367e-06 -1.660070099102334e-07 1.4851680513204011e-08 -1.1709205076408124e-06
29 -1.0676035837683026e-05 -3.0681798815943455e-06 -1.5718822502970277e-06 2.4795890104391235e-07 -3.585550947680142e-06 1.2959246316290861e-06 1.819891812084457e-06 8.360263261209495e-07
30 -1.2109443342757482e-05 -3.4771675199587748e-06 -6.472914871894844e-07 5.563428424468143e-07 -5.3195319093916275e-06 -1.1271674442531452e-06 8.518616488325362e-07 1.039143580032368e-06
31 -1.2696717232013488e-05 -1.0101698302164401e-06 -2.9044606151113402e-06 2.4545065796330057e-06 -4.606083532513773e-06 -6.78493894007963e-07 -3.063127993564178e-06 -1.1800969662771582e-06
32 -1.030554285069814e-05 1.4795685757314087e-06 5.31553828120679e-07 -1.5966170410141467e-06 -3.376929715503465e-06 -4.1132498126598785e-07 -1.2886040688744467e-06 4.613332776937713e-08
33 -1.0435542375457913e-05 -3.4442040903627548e-06 -2.0242919506358707e-07 -3.3608829969201146e-06 -3.446498261242956e-06 -7.476307675030484e-07 -4.5203755843963006e-07 -1.2122010639462075e-07
34 -8.66011937329246e-06 -5.072017871528357e-07 1.132888001117541e-06 5.723526958557959e-07 -3.5172277305456603e-06 -9.770097643001931e-07 -1.4097331666692962e-08 1.1556625388991476e-06
35 -8.586161886387491e-06 -7.712374829242077e-06 3.529248415610316e-07 3.2317372230408595e-06 -3.936859921473894e-06 -1.4450975530729705e-06 -1.2175667746654777e-06 6.721923830898659e-08
36 -1.023746776608666e-05 -1.874177750882256e-06 -1.8774742279825174e-06 1.771231575675576e-06 -2.2057872375412573e-06 6.755601457161488e-07 1.0003639614974753e-07 -1.576829817457504e-07
37 -8.479846118266427e-06 -3.4987719417635863e-06 1.1215563922075182e-06 5.700293452590072e-06 -3.6129860846755104e-06 -2.154053196479463e-06 1.893806203836857e-06 -3.590836862495981e-07
38 -1.0263185661983685e-05 -1.9079725260323777e-06 9.923014447130416e-07 5.984815256637701e-06 -4.788776370471382e-06 -2.346921755464828e-06 2.2660354601476237e-06 1.5809395412077898e-06
39 -9.25430519705692e-06 -1.065112383836085e-06 6.750306455252957e-07 2.7736968351851333e-06 -3.361540468775478e-06 6.643625177999077e-07 2.352983433001448e-06 2.007879151880972e-06
40 -9.838991010325585e-06 -1.4163362519868563e-06 1.192110541014302e-06 6.102168459437321e-07 -4.529217301197785e-06 2.0589196193275417e-06 2.1757772744498502e-06 1.7737315654111603e-06
41 -1.1904745770813526e-05 -1.3413472210958353e-06 -4.573141526408546e-07 1.7266190969000961e-06 -3.4028351644042104e-06 6.967254137661498e-07 1.7804590832751723e-06 1.458566542109202e-06
42 -7.898711175570045e-06 -4.187547717389417e-06 -3.440637296863274e-07 1.3186926480537178e-06 -3.600311467355392e-06 2.2565276809860666e-06 2.2646037672012827e-07 9.168830207382177e-07
43 -8.59364293382167e-06 -1.174331630174144e-06 1.960940366081987e-06 -2.9809946028719637e-06 -4.666449833264598e-06 -5.126217075903745e-07 -8.277915407695505e-07 -1.1999665329177192e-06
44 -1.2983537640474591e-05 -4.936972134256564e-06 -1.3615046352867954e-06 -6.507354231977576e-07 -5.238547874528512e-06 -9.698861497813472e-08 1.8378351092873947e-06 1.6338631104293101e-06
45 -1.0908871649038383e-05 1.2446434482676463e-06 1.6275114715274716e-06 2.5848962962155632e-06 -5.0137091338429095e-06 2.251253306514596e-07 2.9930302464748786e-07 5.383874485309435e-07
46 -8.578080620078874e-06 -3.174841017397652e-06 -2.920029574512704e-06 1.624018606333574e-06 -4.211057071889786e-06 -4.246297021810895e-07 -8.4785030131183e-07 -1.1442300118682445e-06
47 -7.259744218922409e-06 -8.140602805022098e-07 3.331214828454175e-06 -2.5965756255067087e-07 -4.910219129438342e-06 -1.975187712822107e-06 -9.878790076757744e-07 -1.0227175956825238e-06
48 -8.340151471092272e-06 -1.1560360099722842e-06 1.5252997052095025e-07 2.988576250820006e-06 -5.784527795736473e-06 -2.027305285870098e-06 -1.5136788280494598e-06 -2.2338335252801854e-06
49 -1.317452539707283e-05 1.3526740743281301e-06 -1.2776263686405252e-06 4.716388809315389e-06 -2.4247349381311035e-06 6.232799041222958e-08 -8.391161734173868e-07 1.1389954438521618e-06
50 -1.0864754495475799e-05 -7.539518518198608e-07 -2.9042674727359804e-07 -6.178125700289899e-06 -4.403237209999134e-06 -1.2421216556428822e-06 -2.093856711454742e-06 -8.676241478718595e-07
51 -1.1218966101037272e-05 -1.9833273700982674e-06 1.0824801030983748e-06 -2.9965569147396537e-06 -5.059141029788375e-06 8.989127396395878e-08 -1.121141171990143e-06 -8.020113589566323e-07
52 -1.0271529154941067e-05 -2.4190577418953813e-06 -8.224093932866375e-07 7.23344483070352e-07 -1.8373844142343683e-06 -2.2136919754246925e-06 -3.4613109376017724e-06 -2.5216212177143125e-06
53 -1.111914593612534e-05 -2.3564126656502254e-06 -7.558555569126891e-08 5.502311308184383e-06 -3.3127139029714226e-06 -1.923535137824113e-06 -9.205358089132598e-07 1.1803554093331534e-06
54 -1.0783014911206462e-05 -7.102763370732666e-06 -4.221232452596429e-06 2.6417541724089784e-07 -5.8262777440062445e-06 -2.827845096195009e-06 -3.498715348216683e-06 -1.2775625523328962e-06
55 -9.547911565591765e-06 -3.327252833809849e-06 9.569504072212006e-07 -5.714565199460896e-07 -3.947222246239411e-06 -2.9510416870671235e-06 -2.67636560421703e-06 -1.4581027219191274e-06
56 -5.408477436726743e-06 -2.654046940475428e-06 8.997087262321551e-07 1.9245763914360413e-06 -3.546860285958101e-06 5.32594101087013e-07 1.69187353463773e-06 7.119311658114518e-07
57 -8.347242133654393e-06 -2.2084125869717205e-06 -2.010776805188248e-06 1.061156198407967e-06 -4.048690464708869e-06 1.436443880209086e-07 -3.941004360755757e-07 5.408380767549771e-07
58 -6.052179738568684e-06 -9.783047164428834e-06 -4.388765606984545e-06 -3.40012111276466e-07 -2.9654072799514296e-06 1.4981126243026872e-06 -1.1666589403362298e-06 -1.5954395090279515e-06
59 -8.98182484815033e-06 -3.6451659497572046e-06 -2.0159908596455053e-07 -7.112153733489638e-07 -5.095159301164752e-06 2.162985497490305e-06 3.3638311613325923e-06 2.8049827601375543e-06
60 -6.15175274867381e-06 -1.1426197602873398e-06 1.6383129524697037e-06 -1.2070961191379692e-06 -4.211371290644083e-06 2.660796717347408e-06 1.1541214423038546e-06 -5.074225486337158e-07
61 -7.904290826885216e-06 -1.6104235086816246e-06 1.1034726448371902e-06 -7.775997195495341e-07 -4.314340753450197e-06 8.313673537572931e-07 5.097804325853576e-07 -3.4867287970549315e-06
62 -9.058562876385008e-06 -4.800941305111433e-06 -2.1284177599438623e-06 4.81676654678971e-07 -3.962321572349042e-06 1.1910201560142233e-06 2.543803490297866e-06 -5.826971768867012e-07
63 -7.597300859292739e-06 -3.7280382703946312e-06 -3.3851630008407015e-07 -5.320589596312344e-07 -4.700661405119143e-06 -1.7735827595528062e-06 -1.9389808733552485e-06 -2.2144156043756504e-06
64 -9.612123671639377e-06 -1.8278591255900302e-06 2.766597033783273e-06 2.42279300188565e-06 -2.8818810670210428e-06 -1.6680949790944478e-06 -1.3494410358603951e-06 -8.79377126613715e-07
65 -6.910992579801588e-06 2.917949807206914e-06 7.533613141883076e-07 -1.86278286276936e-06 -8.447742666495557e-07 -1.8441220865855112e-06 -1.724963235326595e-06 -3.079847088068328e-06
66 -9.422818934062531e-06 -1.4653689383647203e-06 9.402373820651636e-07 -2.909873509384582e-06 -1.6349190113649065e-06 -9.379194311232609e-07 -1.9463811194182743e-07 1.539656212711646e-06
67 -1.0080536961834881e-05 -2.517768783588457e-06 -1.4138846255876015e-06 -2.5357516355985918e-06 -2.8144485957537554e-06 -3.0206022691438844e-08 9.820777076530779e-07 -1.3156597902682543e-06
68 -3.8132471952948216e-06 -2.0643741751923355e-06 -2.040772955777697e-08 -3.569506398519362e-06 -1.4103606424144058e-06 -2.2618027497538419e-07 3.542194787110682e-08 -7.219872050790601e-07
69 -4.4243241569608065e-06 2.9476508608391765e-06 9.722938114163947e-07 2.7011315917835597e-07 -1.3555358253951525e-06 -1.5550895907364753e-06 -1.1434865356624634e-07 3.9578320010013764e-07
70 -9.32552392811469e-06 -2.201301010421434e-06 -4.61996123576784e-07 2.4799372136911187e-06 9.047985570202146e-07 -1.667092479858767e-07 -5.917861194264358e-07 -4.805830276969562e-07
