1 6.118599185547579e-07 7.233356895783055e-07 -4.630959977138221e-08 3.9043587862826257e-07 1.599669826349584e-05 -2.203475188930732e-07 -1.23131778933689e-07 1.412392139636819e-07
2 6.305670464905723e-07 7.431829868878906e-07 4.825194114324661e-08 -3.288845970376625e-07 1.8546213669067047e-05 -5.387561269172707e-07 1.4515764438200208e-07 -1.8291933419477543e-07
3 1.4142722748007186e-06 1.2631521170603095e-06 6.05296873563645e-08 7.805073789238926e-08 1.917839516590898e-05 -3.569115996346646e-07 -1.352131431076731e-07 2.0585880500253652e-07
4 2.25396004354003e-06 1.05798391758143e-06 6.558804969203662e-09 5.144304866040529e-07 1.9765708248813124e-05 -1.8302158903226724e-07 -8.57766699521891e-08 -4.6632513286763643e-07
5 1.110402122791138e-06 1.1716224063368437e-06 4.438877913997617e-07 -5.013469852141702e-07 1.9902810493031735e-05 -5.835439971355651e-07 -3.812538727470032e-07 5.437446644610507e-07
6 1.5563972909340905e-06 8.590663999618832e-07 5.2971236460946874e-08 -4.303649721169418e-07 2.1388284025421908e-05 -8.216357141554317e-07 -6.518773537906924e-07 2.1897988429055511e-07
7 1.4989783300398475e-06 7.990461174267907e-07 1.5985148046052706e-07 -6.939826601846731e-07 2.1756735968349018e-05 -5.745129409292262e-07 -7.788808180064912e-08 9.923829298212387e-07
8 1.30063225923669e-06 1.1356511713099205e-06 4.0272662735728845e-08 -2.2967153462044954e-08 2.302106673815059e-05 1.0507619966449853e-06 -4.522286739885669e-07 1.6161373568292235e-07
9 2.112588687426692e-06 1.1068523399371737e-06 2.86580007858902e-07 -1.680958149015241e-07 2.273235267057049e-05 -4.6867722847145784e-07 -2.7018445517012965e-07 3.737223353390491e-07
10 2.263277589878495e-06 3.9167556704352096e-07 1.1261299352687432e-06 -1.4034402305587456e-07 2.325397827164672e-05 1.3158049535846952e-07 -1.2747568387314513e-07 3.515654402871093e-07
11 2.445556103983589e-06 1.0428631816631518e-07 2.8373054879695444e-07 -4.4653279357113333e-07 2.3147853488131627e-05 1.0999179818944517e-07 -3.0279776203673414e-07 4.6092072493943657e-07
12 1.8966198548321478e-06 -2.0143515932718164e-08 3.6072943749633033e-07 -3.986466164462007e-07 2.2792573459374555e-05 9.61741684618829e-07 -6.434457978139464e-07 -8.131979485881701e-08
13 1.919977251495532e-06 4.81667242313059e-07 -1.7216990561878765e-07 -5.792182576628444e-07 2.3117350077828582e-05 -3.8310343325031485e-07 -8.410231410268736e-07 3.1019446884269276e-07
14 1.5511502689297206e-06 1.1787022441316242e-06 2.1798544401674552e-07 1.2327196148873739e-07 2.3126973112364667e-05 9.042452287337054e-07 4.760229468509375e-07 -1.3701854842957527e-08
15 1.9257657588634674e-06 7.404096098770471e-07 4.6899330773842426e-07 6.408679276493318e-07 2.2861941236163954e-05 8.645881762649293e-07 2.3484631784013616e-07 2.000251923220944e-07
16 2.0398552368214885e-06 7.662561651129904e-07 2.41744166197905e-07 -4.827644659910173e-07 2.4366792067420336e-05 -6.624651906747786e-07 5.573169844327262e-07 1.7588166242355897e-06
17 1.420038657380284e-06 1.2139346134605577e-06 7.240814000961116e-07 -6.099282083032206e-07 2.433167790065765e-05 3.642976397270168e-07 -7.447383270539393e-08 -3.868710949818018e-07
18 2.097466598546377e-06 1.5868329431574452e-06 -6.845569114217927e-07 -5.56021212550846e-07 2.2807725154189294e-05 -3.5041241703498257e-07 -7.605500100106248e-08 -3.535817824369651e-07
19 1.6788531053883108e-06 1.2659442502763615e-06 4.1639800139005253e-07 1.2427462531951485e-06 2.2898362488959158e-05 -1.4084703246006472e-06 -6.405852582163742e-08 2.8310644990384544e-07
20 1.9316376456296334e-06 -2.867070406675921e-07 3.836222597301608e-08 7.657412481416102e-07 2.26980158387212e-05 -4.61075499015375e-07 1.3520186089656647e-06 4.97293793387233e-07
21 1.2805513044482422e-06 -1.2459045277885291e-07 -1.268753409382724e-06 -3.1611950975052643e-07 2.2683158305685742e-05 -1.1491836722126399e-07 7.518600464606207e-08 -2.584774668005062e-07
22 1.8947626717638362e-06 4.3063814642886596e-07 -1.025981481195994e-07 -5.174889909452064e-07 2.3808236256337657e-05 -3.316915071120862e-07 -6.338230687387208e-07 1.1116860382505506e-07
23 1.2332916436234116e-06 7.677304868165157e-07 -5.842946689871934e-07 5.72723345874929e-07 2.3070097601591476e-05 -5.092745770310452e-07 4.936638354800585e-07 -4.4647111485552516e-07
24 1.845168396860877e-06 1.0249110491141723e-06 -1.1140330988400174e-06 3.976275355708402e-07 2.4408895562882798e-05 1.2876088153554316e-07 1.1502593069478018e-07 1.499106463695931e-07
25 1.5027969022222439e-06 4.044664728735278e-07 1.6066249888354247e-07 -1.1839810055108168e-06 2.333069748447557e-05 -1.0002391055684813e-06 -4.798457353199555e-07 1.3524233994355522e-06
26 2.881398343730257e-06 1.6953750478513652e-06 6.184205311378283e-07 -3.08633673487836e-07 2.2943556846994995e-05 -3.950070651303388e-07 4.5170936552615764e-08 -9.339235204088635e-07
27 3.24458614176575e-06 1.9958912788196583e-06 2.4249067484573027e-07 -1.3566379942354873e-06 2.3916644541323762e-05 7.794497703001331e-08 8.567598929047743e-07 4.906628311479881e-07
28 2.613963310145244e-06 2.3901020464693996e-06 1.8412571175154687e-07 -3.3404065030410735e-07 2.381968105197401e-05 7.535799779317994e-08 -7.726056914218527e-07 -2.664500192674967e-07
29 3.1505718828603765e-06 -5.345814682214221e-07 -1.9697275476968574e-06 -8.612110720926126e-07 2.4201067018299023e-05 3.740607750734466e-07 2.2296950054307277e-07 -9.29244209381288e-07
30 3.502424834705034e-06 1.4091311783974977e-08 -4.569794959692258e-07 -1.0010234111223471e-07 2.3750009646646107e-05 2.2839023857716344e-07 -6.861090432345135e-07 -6.147194424129647e-07
31 1.3793830374975403e-07 -1.1621275108362213e-06 -8.822894674983136e-07 3.518491217538595e-07 2.4394016514184077e-05 -8.505223688978182e-07 -1.3748375279888907e-07 1.0414809647007051e-07
32 1.633248908675108e-07 -1.4714813574281684e-06 -1.263950021926255e-08 1.3623100523890724e-06 2.2852372537296497e-05 8.585630715876726e-07 -5.992947157678078e-07 -1.8589379590917422e-06
33 1.8426636493775526e-06 3.3577067811570774e-07 -1.7043845402953952e-07 1.0608933502030246e-06 2.3039750477365285e-05 -6.35434167960449e-07 -6.469683595086386e-07 8.49268328706247e-08
34 5.544371700920086e-07 1.8070284403343706e-06 1.113264303792338e-06 3.081882429419615e-06 2.371956806187762e-05 1.1383187019405566e-07 7.721090139056409e-07 1.5940405169729776e-07
35 1.4828345230497077e-06 1.8228595426774154e-06 1.2627265083410818e-06 -7.347522213986845e-07 2.4449769774564098e-05 1.0977646895683197e-06 -7.063582254662379e-07 -1.2739946814293727e-06
36 4.7241845955206814e-07 -8.138214359833647e-08 -1.1748982258333147e-07 -6.929572746659199e-07 2.3122041963508104e-05 -3.602798036980351e-07 1.650044078890585e-07 4.412363772039265e-08
37 2.803422808989596e-06 -7.302910548676001e-07 -1.2506057108052851e-06 1.0823642775947682e-07 2.3268141366556663e-05 -1.43569407637304e-06 -2.225841082977785e-06 -2.584845683639773e-07
38 2.171043327113326e-06 4.573285126905197e-07 6.694235577770857e-07 -1.651816138885948e-06 2.3819940684896613e-05 -5.428747355178015e-07 -2.061898054906053e-06 -1.2976301465515217e-06
39 2.3400496892512187e-06 4.200397991853082e-07 -8.623551111513849e-08 -2.2365606759964602e-06 2.3440332559129265e-05 -1.1850204562444765e-06 -2.286867860579277e-06 1.3051388358515574e-07
40 3.194997073744592e-06 1.1417747645217356e-06 1.3312687668286179e-06 8.160819302551713e-07 2.4359008994770225e-05 -9.354339048931545e-07 -4.7073646508954973e-07 5.587634383115905e-07
41 2.114343466574109e-06 -5.158819367409691e-07 3.152107332790371e-07 1.902954680157221e-06 2.4249494068232996e-05 -4.0370489272772603e-07 4.17044531673499e-09 4.1655196854361135e-07
42 2.2193382997429336e-06 -2.6661526398982815e-07 5.791514709014794e-07 5.559276086419533e-07 2.527705042397757e-05 -2.2325646472871747e-07 8.403110805266786e-07 3.160756608300525e-07
43 3.633403456039984e-06 -4.47864084267192e-07 -9.423056896638109e-07 -1.2985722855165013e-06 2.329308851812245e-05 -4.0277094743142606e-07 1.3503614068200463e-06 1.0688084400730858e-06
44 2.14134501804389e-06 5.824745981409329e-07 2.0608657158924947e-07 2.3337314870298627e-07 2.194040543288718e-05 6.13519286121974e-07 3.4420550323568737e-07 1.7545847605654725e-06
45 1.534175132988913e-06 8.231928732312525e-07 -1.3796725765159269e-06 -1.1457451151072068e-06 2.3601769778037936e-05 -7.2683293966846e-07 -1.5890732582613314e-06 5.573390836452296e-07
46 4.368801085110381e-06 1.6821880876308007e-06 1.6339759137309e-07 4.2237683246105517e-07 2.2803991946040835e-05 -4.5219743538456916e-07 6.507647318043926e-08 -1.5147081680489085e-07
47 5.626208483311528e-06 1.565031469323432e-06 1.9034657206082593e-06 1.962326151990337e-07 2.4524561871743828e-05 8.79787570934712e-07 -1.6495894143226147e-06 2.7398128120737575e-07
48 6.1539768468494715e-06 1.337925644167599e-06 1.0099290253190676e-06 1.8525030063499025e-06 2.4388542418113617e-05 -5.377360548376576e-07 -7.662883079637521e-07 6.793795081792263e-07
49 1.0579041303993735e-06 4.03706564630015e-07 -1.9375952996491735e-06 -2.157250431192947e-07 2.3222550197941236e-05 1.162562686567307e-06 7.915466605921167e-07 5.401335748629672e-08
50 1.5246632844848586e-06 1.6843972500810641e-06 -8.280969408248446e-07 5.243719203739697e-07 2.40483718463185e-05 8.204247390741084e-07 3.9506067745885163e-07 3.4516011833436997e-07
51 3.1434621524528717e-06 2.697080185733001e-06 7.937385997767503e-07 -9.086163202369833e-08 2.209788219934549e-05 -1.2685471482393994e-06 7.866217327639299e-07 1.2894311508391553e-06
52 7.125265739726262e-07 -6.931665618151336e-07 -5.657288674944604e-07 -6.363712599298038e-08 2.3354189124757583e-05 -1.521306878194008e-07 4.0404586224754257e-07 2.140536587664722e-06
53 1.8798192486719247e-06 -1.1603636214914337e-06 4.2111928840797507e-07 1.7083462261651297e-07 2.2260985016406318e-05 1.4527721406395184e-06 1.7114171355646612e-06 1.4902733259451442e-06
54 4.686131017450295e-07 3.4359458560177774e-06 1.7822785259173767e-06 -1.0775351091065047e-06 2.2431414877044404e-05 -1.7082836909828625e-07 -2.1666336519795548e-07 -5.654757039710984e-07
55 8.173740623693673e-07 3.997128133357295e-06 3.2178461094431636e-06 3.713749766702644e-07 2.2854140330940412e-05 -5.409906469579108e-07 7.958600336406283e-07 1.519377451281933e-06
56 2.1858201244184695e-06 1.830332996715428e-06 8.460982435164904e-07 -2.1464910010523237e-06 2.2681208748613696e-05 -3.015251669194082e-07 1.5452247296767817e-06 1.7473487068424226e-06
57 1.9635554645181465e-06 2.014228486243963e-06 -1.7120155606981165e-06 8.428486178756359e-07 2.2524043521802905e-05 -1.7423592078553264e-06 -1.2439122427075012e-06 7.935167910053202e-07
58 1.2915240169409525e-06 1.1431390533222575e-06 -7.842343046742678e-07 1.2135927808328686e-06 2.2106253897086472e-05 -9.96537763454801e-07 3.568988144933287e-07 1.019099662557603e-06
59 3.0342743103286544e-06 7.31851308321875e-07 1.4617086995463166e-06 1.9116745915819655e-06 2.3997420303391474e-05 -4.514974943113608e-07 -1.5089456266243016e-06 -4.764102914954778e-08
60 7.126240982598789e-07 6.767989149203262e-07 3.907708443423892e-08 7.915875454139829e-07 2.264654748590531e-05 -5.378389006619072e-07 -2.0541123704934287e-07 -2.7987498155000194e-07
61 1.0532596798460302e-06 -7.255192219365449e-07 2.2441314623040714e-07 1.2346375326299238e-06 2.2295622741177428e-05 8.310776911213823e-07 1.0637563499521695e-06 5.357818986517945e-07
62 2.133549759600244e-06 -6.593774435870564e-07 4.6559620326907614e-07 6.410278731106122e-07 2.2267901298352953e-05 -1.4973304479862132e-06 3.6580490472424674e-07 1.3625790518418311e-06
63 1.6540362133154109e-06 -1.3975111164196776e-06 -2.2252513727481916e-07 1.001343078608678e-06 2.31065612435405e-05 -1.9819249327879657e-07 3.4864474810636346e-07 1.0514694218715107e-07
64 3.492403993818288e-07 -1.090688310736434e-06 7.348543981401205e-07 8.489614044383416e-07 2.2237477081140283e-05 -9.89490660995402e-07 3.2422369823545287e-07 7.637705277735369e-07
65 1.1353003746987633e-06 1.940592656975191e-06 1.8141051516005045e-06 1.2206604733162608e-06 2.1507165271246486e-05 -5.031077361369373e-07 -3.025647308252999e-07 -3.5368204317422576e-07
66 1.7307438534800394e-06 4.5408800900247507e-07 1.2275819926165381e-06 -3.9662911620971085e-07 1.975702339496779e-05 -1.4631612891403626e-07 -3.2496794803033315e-07 4.3684930484281283e-07
67 6.489583003793319e-07 -1.708028902419319e-07 -3.4074917566761374e-07 1.186321155260995e-06 1.9812410129752696e-05 4.1889007009727814e-07 1.1395781174629995e-07 6.056159871391415e-07
68 3.9493340516981385e-06 1.728608736753868e-06 -7.012418519690513e-07 -4.706117529645524e-07 2.0136508410864506e-05 -2.2189216048434952e-07 -4.633302231841299e-07 -3.8498381645254956e-07
69 6.838640474813765e-06 5.611608302234289e-07 -1.0809597640202573e-06 1.5774344061831454e-07 1.727888865348593e-05 -4.19805081778776e-07 6.796091311499236e-07 5.902926744943033e-07
70 8.64274993285575e-06 1.977425157818812e-06 1.3255835871927505e-06 4.242557122676213e-07 1.620937178625215e-05 6.479353889345163e-07 6.254946970943183e-07 -5.363881268377563e-08
