1 0.0004323124578823473 -7.529018451888526e-05 0.00025229593241657633 -0.00013444478701867747 0.0011420468295054353 -0.00017250511212186227 -0.00011398047682914804 -7.943792335742433e-05
2 0.00031509898967127276 7.746943900523088e-05 -3.348621112786029e-05 0.00015513365829900405 0.0006964982173879832 -5.778464159423985e-05 -1.7666447547609778e-05 7.869319488006505e-05
3 0.0007195422992608109 2.9561504378544952e-05 3.81227081189817e-05 0.0001849766611903637 0.0010814945671267404 -6.096529093454354e-06 -1.1457318868693008e-05 -8.620028591311058e-05
4 0.0008695599836880996 -6.71814334399949e-05 -0.0001709620165571972 0.00015302677791566267 0.0010517258387471907 -0.000384952745413377 0.00012013250742750974 9.772514642974722e-05
5 0.0008203535722682901 -0.0002526827792262946 -0.00024320253446452527 1.0413630311706636e-05 0.001091784649113049 -0.0001381467507002821 -2.002966522810972e-05 -2.7475644311539462e-05
6 0.0008925888178989415 0.0003364021115769669 0.00012425197619139687 -1.821410774815786e-05 0.0010556187927120405 -4.751746986038928e-06 0.00012251703469123238 7.949555785682592e-05
7 0.0006654121633017184 1.7437199639080748e-05 -0.00021028248883786437 -9.158508728032835e-05 0.001095593285305178 -6.584032944484614e-05 -0.00031417082048167214 -0.00010818429128945518
8 0.0007261623015421505 -0.00023984118361538328 0.000301837065012305 -9.888275394790284e-06 0.001118883254044602 -0.00014064503092371715 -1.3050183443450206e-05 5.4038044397457e-05
9 0.0009500956055441067 5.0783353541764256e-05 -0.00032503426179755995 -7.828473740069928e-05 0.001176241997232763 -0.00018340027390548617 -0.0003094245813022354 -0.0001470139107486767
10 0.0006156967077027766 -0.0004806023044579182 -0.00010635398723263894 -0.0002034553196634118 0.0010110893787298235 -0.0001943009802625784 0.0001365373396877491 0.00022942301123863757
11 0.0009682255866000873 0.000170829390850624 1.5620872810110078e-07 -0.0003544662316209336 0.0013201790717953408 2.914701501049481e-05 8.158877931764323e-05 1.2472962103889628e-05
12 0.0013223602338337508 -0.0002119552262229358 0.00011237060441301597 0.0002632392917299164 0.001260261337557639 -0.0003951385399693275 -0.0003028162202868001 -0.00012879641169924818
13 0.0009595440720870079 -2.9031788852840025e-06 7.647932869812586e-05 -2.0395932706414233e-05 0.001273956795919551 -1.7442355806291318e-05 -0.0003835553564255177 4.385440271441564e-05
14 0.0007930126059836268 -0.00014286150085035063 9.0493462450428e-05 -0.0006077039538459163 0.0014541758431390603 -7.817520939190799e-05 -0.00011297625963916306 0.0004746880280743808
15 0.0005864214165351171 -7.917983141761102e-07 -0.00013646659846463667 -0.00017494496512281 0.0011402833671444502 -3.14045652158094e-05 -0.0002136686090403206 0.00015782690323999705
16 0.0006124028847505078 0.0003079282155171224 4.962021200684206e-05 -0.00024976420044554875 0.0012479549755952672 -0.00033610009687222626 9.711988964331553e-05 1.644598042076151e-05
17 0.0013824619076656492 0.0003573139492001064 -0.0003542561234555255 -0.00015453967960741915 0.001178123897668796 0.00010560428689645966 0.00014764753849837408 0.0005426628005553785
18 0.000725965093219712 -0.0005351113911586494 0.00012580071260217878 0.00020565338113277294 0.001094162295066179 2.1180787721383402e-05 0.00011915695462078925 -8.958251414426029e-05
19 0.0006126368126028183 0.000266612858629842 0.00028280489785079436 -0.00016893159451847694 0.0010960447194326836 -0.00029776950410499226 0.0001015064717886695 7.098980215315918e-05
20 0.0007597345623049485 0.00010899121192826609 0.00017000229369009017 0.00021431418474102598 0.0011955569971480403 -0.0005075369012974364 -0.00015283131507602864 -3.8217565832042344e-05
21 0.0008466394880789479 0.00025883327843337757 0.00010203815202993896 -6.645274860410257e-05 0.0010413548023420654 7.111487157684092e-05 0.00047855206026192114 -0.00016000696040678657
22 0.0006275317742890703 0.0001639332758462579 0.00010665041721249588 4.4203024837777245e-05 0.0013782914880609064 0.00019519134413672012 -0.00018081174353608309 -3.9625218713116724e-05
23 0.0012387915543490857 -7.988930973821905e-05 -0.00010862615910167433 -0.0002888424174492353 0.0009762929301140701 -0.0002566680305737714 -0.0002701668451971501 7.088650084484823e-05
24 0.00011694938285219681 -0.0004348695965440912 -0.00019094795206972112 -0.0003206045594180086 0.00135614653919224 -0.00011486441906360461 6.462392428924968e-05 -0.00012218734736131444
25 0.0003046795678240094 -0.0006703334978155596 -0.00022266930466546407 -0.00041105856060806627 0.0009725147825129227 5.762787866722796e-05 0.0001432473725403989 0.00036786862433480844
26 0.00048476377739045104 0.0001013832262561277 8.47301894890682e-07 -0.00010350233202909032 0.001441239203353997 -0.00037034678485372424 -0.00046377300208652036 0.00012766790321020233
27 0.0007254703999079339 -0.0004284827811319052 -3.690188448614377e-05 -0.00044738617841101613 0.0016244956617717746 -0.0003542433022150612 -0.00040660181253458403 8.194807886462411e-05
28 0.0010512008962507105 -0.0006741962095143143 -0.0004142736741800532 0.00027741846973197 0.001026701843564332 3.8922142443847276e-05 -0.00018936009944913796 7.54906356879789e-05
29 0.0009791349620619503 -0.0006062262153744018 -0.0001864116661015379 0.0004911085564924839 0.0012525859971714117 -4.165167305223664e-05 -9.762632972180352e-05 4.342898246634743e-05
30 0.0008290676920997316 0.0005721219768496856 0.00044435302698628564 -0.0007254040535392699 0.0009439404879177372 -8.837764844341127e-05 0.0005266468346517095 -7.536391450456683e-05
31 0.0005177487159405612 0.0005863926973694797 5.736354590033099e-05 -0.00017328837243338842 0.001173558190984935 -0.00043878193675697756 -0.000492816127466241 -0.00014725036888436235
32 0.0001990243350382226 -0.0007372318755477177 -0.0001665419879986574 0.0007312305872483801 0.001470906232095385 -0.00021403121274599595 -0.0006488890631001828 0.0003708617268096524
33 0.0012483573253181627 0.00023810694308722127 -0.00042555440359441285 0.0003278349020359377 0.001073646221504361 0.0002819921190749013 0.00017238191986484818 -0.00030631623576404316
34 0.0015340530788741273 0.00023663126066752294 0.0005027147339014064 0.0007126295807572577 0.001411975768942712 -0.00027126366655510315 -0.00022969386119249817 -0.00018045624934042044
35 0.001341279307609388 0.0007102562967108986 0.0005836283854908669 -0.000421538257406317 0.0017246806978267507 -0.0004020548594969642 -0.00011053069339864293 0.00044410586871571425
36 0.000770801885429998 -0.0007231141341779424 -0.0003832741671475559 -0.00045652953610391506 0.0010475321912095331 0.00037156403102427273 0.00049216625111395 -8.897542188657814e-05
37 0.0002604598195677134 -9.588642744132018e-05 -0.00016612621394801423 0.0005439883631778259 0.0007832114227512131 -0.0003237914244410456 0.0001428782322568827 -0.0001110414906622448
38 0.0012213467502585906 -0.0002070487132119853 -0.00010680724658405744 0.0002562365721895186 0.0009231311892358492 -0.0002654588368580045 -0.0001375396015017617 -0.0002527987620644279
39 0.0005255908745832242 -0.0005652428185185692 -0.00022176227518416378 0.0008140567984132414 0.0008907420931156663 -0.00038565334305816756 0.00017614801180556395 5.210730438822633e-05
40 0.0011838470922044251 -0.00028600116871819027 -0.000176105269311879 0.00029205604499404127 0.001588470244542939 0.00012601404828323668 0.0004060552110922368 -8.099978099361016e-05
41 -0.0004153317740121529 -0.0004783413162021904 -0.0003168730742828289 -0.0006759541609207769 0.0012505728019940317 1.269370046048073e-05 -0.00014754397858724372 0.0004583733429183276
42 0.00010428089598756631 0.00021038060998966184 0.00021697385311770107 -2.7809235415741017e-05 0.0014676887006834873 -0.0004667605695957635 -0.0003145058488353788 0.0004320712758777021
43 0.0017317673098861677 -0.0004089025115056694 -6.191549762685451e-05 0.0002818409270001096 0.0011072992182217575 6.91988899647458e-05 0.00035886347235294166 0.00015594618975643513
44 0.0017961839649513112 0.00023517465256004929 0.000760180602988522 0.0003710251865058988 0.001371365425945839 0.00012891472626983905 0.0002576075583741959 0.0004901642120735043
45 0.0011190132709615569 0.0007517870821568743 0.0004009175071208852 0.0004733182568491149 0.0012650386965220278 -0.0006120154633951652 9.445018661575184e-05 0.00045404918733562085
46 0.0006967282296105817 -0.001098117901412836 0.00013516296357413783 -0.00030152708281406583 0.0009758589158337943 -0.0004487873220367577 -0.0007746279249985957 0.00011490578227952588
47 0.0013897394566476386 -0.0008514436769048066 -0.0013575985835130818 -0.0012361254650897463 0.001015051713324057 -0.0005234880499873187 -1.2394494037406894e-05 -0.0003432343019533346
48 0.0013238052358132012 0.0007885275950416434 -0.00010600666576879045 4.370757822102706e-05 0.001740351923999593 0.00020680883637355126 -0.00012520786206055652 -0.0004364956858462263
49 0.00011140242878481365 0.0003073399406813593 0.0002966730586731863 0.0004883581675817597 0.0012266744374334116 -0.0004609942105905859 -0.00043422725678991624 0.0007052091403275862
50 0.0005009912761381897 2.6943027737278297e-05 -0.00016481908824469892 0.0006453716102946349 0.001068756001261892 -0.0004039532903665222 5.455781638086817e-06 -0.00023992011852511585
51 0.0002723461296031274 -0.0002512601717337694 -0.00020485559258764575 -4.590126600454392e-05 0.0008205105177759584 0.0005260071402643832 0.0014869815502010556 0.00037667410580565766
52 0.001335971885939804 0.0005254063911125529 0.0007734415306869365 -4.747425316286575e-05 0.0012941768792704208 0.0002042261141309122 -0.0004295208147230127 -0.0007844345397149134
53 0.00026177560960365305 0.00035679965744493257 0.00029767800317127043 -0.00024361708262054147 0.0008000310566851005 -0.00020476569283544465 0.00032492467003410327 -0.00018402024442652087
54 -0.0004671259948351171 -0.0011599978629857597 -0.0005310966305855814 0.0008117084630439881 0.0015604780937602826 5.177382420335928e-05 -0.00018739524523250846 -0.0001568468641898695
55 0.00027451734320111927 0.0005109040505882535 -6.0856524533782906e-05 0.00020467836743100155 0.0014763956562636718 -0.0002975769042654771 0.0003661272722294205 0.0003360836084509791
56 0.001443911519293445 -0.000282037388851895 0.0003349234196889815 0.0008868670439785993 0.0012450570086479805 -0.0004357716462169283 0.0007527193995167443 0.0003448941138708917
57 0.0002907295589042911 9.618920775315257e-05 -0.00016547507036946373 0.0002915659737826819 0.0006555692893243321 -0.00011313621712652106 0.00013727094279339486 6.83512973568055e-05
58 0.001002657741346653 -0.0006245849220169334 -0.0009871942350840243 0.001501205550906004 0.0013662174498619475 -1.216101039831346e-05 -4.353115534250593e-05 0.00022731115034174354
59 0.0002916456069423772 0.001544568293010613 0.0006897498101510774 -0.001076910461919863 0.0009767943536645683 -0.0006465475105796768 -0.0009427898238883695 -0.0007368249738898987
60 0.00013737728533036155 0.0004438499482163947 -1.2247219645352206e-06 0.00014892573328369462 0.0009438571416619283 -0.0006047146033503443 -0.00019400835505609945 -0.0003670717130877673
61 0.0004286494951002491 0.0005492423819866761 -0.00032097597063462935 2.3637572844828645e-05 0.0010782481396194438 -0.0005149389170596849 -0.000575149923670797 -0.0001997883366334206
62 0.00013379527357043212 0.0008571399510904751 -0.00014354494393784703 -0.0008370549990426022 0.0011936377681100651 -9.646926274387986e-05 0.0004934840642901554 -4.645531284771532e-05
63 0.0006284458932985606 -0.002024824542141636 -0.0011211906549984097 -0.0004930668720714507 0.0011952839756256349 0.0005427127548700559 0.0009333712463529309 0.0005974129538736557
64 0.0009687992087350301 0.00040688734698441395 -8.125652072404506e-05 0.0001590992646396443 0.0009399754943802902 0.00022864725105757364 0.00021671413473773853 -0.0003435162066057321
65 -0.00046470896552020343 0.0010277490904360054 -1.991080080058611e-05 0.0010103596319905165 0.0010962295249709788 0.00012425812285518927 0.0002725709568627532 -3.185218851283797e-05
66 7.303742254759755e-05 0.0010231444149354854 0.00013918499771997737 -0.0017714835596658353 0.0009459977658887482 -0.0006146104495106777 -0.0005552282279812479 6.823386827941551e-05
67 -5.922929746029708e-05 0.0015339738556095796 0.0005974825432769439 2.1832236785843276e-05 0.0007439205074385332 0.00017283458010278684 -1.4971447736678722e-05 -5.6831407879804285e-05
68 0.0016224327105748269 7.904886816742472e-05 -0.0004478720076823799 0.0002641761035071354 0.0009461338216357174 -0.000281073232106911 -0.0007480101547658932 -0.001215361528560654
69 0.0034050586755234916 0.00012124715003979898 -0.0004280170328235145 0.0005104407933143469 0.0006339483987562976 -0.0004415314435710731 1.5829282608495037e-05 -5.0289309303545774e-05
70 0.008157497035949068 6.29359101052274e-05 0.0004961438522613635 0.0008562628844984051 0.0014796626302662392 0.0003582902651380378 -0.00034011008540323377 -2.6325994529300794e-05
