1 -2.536191457965834e-05 -3.2775733835224905e-06 9.725653191043458e-08 -1.2405849290742095e-06 -4.672991513531121e-06 3.4546105193050505e-07 -6.787550788482802e-07 -4.00285449883276e-06
2 -3.0643907024446454e-05 -2.851021373512369e-06 4.372066311761964e-06 5.132262903850747e-07 -9.610303175832203e-06 -3.8162815361476093e-07 -4.138755174224992e-06 -1.5753391900654033e-06
3 -3.036412071213673e-05 -7.4803934040396545e-06 1.1496500212924771e-06 -2.059295350248038e-06 -7.184183715294075e-06 1.3679451679072645e-07 -8.376702372046002e-07 -2.834977536131625e-06
4 -3.8929082989261025e-05 -1.2461791101840257e-05 3.534584101682095e-07 -1.9079950148760973e-06 -2.1939336846879323e-06 2.6935075266106905e-06 -3.093121638252105e-06 -2.1425904965858447e-06
5 -4.113579934619253e-05 -7.930231839986408e-06 -2.245941862615816e-06 -4.165186665639968e-06 -2.2989134195670375e-06 -1.0255261029563959e-07 -2.4395861303660836e-06 -1.7354846413927226e-06
6 -3.6831030112162655e-05 -7.359498902338136e-06 -6.007226335237768e-06 -1.0336018956611456e-06 -6.628796141605892e-06 -3.5003439239576245e-06 -5.27569850407044e-07 -2.900817956712185e-06
7 -4.560118034341097e-05 -9.434973448740703e-06 -2.8776443213640217e-06 2.4937502856186823e-06 -8.010914628216125e-06 1.6160096480135175e-06 -6.579444908738556e-07 -6.036971317275359e-06
8 -4.598927223912887e-05 -1.404393468958996e-05 -4.599192361299985e-06 5.082244838800734e-06 -8.688231370261804e-06 -6.133699687994642e-08 1.165469713061867e-06 -7.254268913251413e-07
9 -4.5699222976475836e-05 -9.965511170657237e-06 2.607457441834273e-07 2.4896643250419486e-06 -1.0775623525779593e-05 2.2750969418424372e-06 -4.555632748613284e-06 -1.4267162024037157e-06
10 -4.750094411652723e-05 -1.0196412261346106e-05 -1.3354784709913765e-06 1.297012337758278e-06 -1.045689937761732e-05 1.4977935072064591e-06 -4.975306664172012e-06 1.641115260888232e-07
11 -3.849396915808037e-05 -4.588090964813401e-06 -2.502294766931087e-06 -5.332297893291353e-07 -8.629753987045188e-06 8.851204466989404e-07 -4.9582670722240855e-06 -1.1293148281616513e-07
12 -4.792441607281371e-05 -8.970529405362837e-06 -2.7612632828465935e-06 1.8253461668684983e-06 -6.958122900257899e-06 -4.138524081663945e-06 -5.059931727996634e-07 4.035980634331237e-06
13 -4.669012943317425e-05 -4.026517866220638e-06 -1.4977115219504233e-06 -1.0543801215447145e-05 -1.0847071246280727e-05 -2.353695756793003e-06 2.984306359425974e-06 -6.143444312617233e-07
14 -4.916339820230967e-05 -6.828142171760237e-06 -2.5250336023922356e-06 3.5625308037837386e-06 -5.363101341214156e-06 1.7761010384208894e-06 5.605152690809672e-08 1.4037195663771247e-06
15 -4.7818845992142085e-05 -1.0514325944845026e-05 -2.015531602589847e-06 2.6242024102573166e-07 -4.173003528615671e-06 1.154022822448806e-06 -9.214535076152946e-07 9.563827118694922e-06
16 -4.7936217384736266e-05 -6.75099028077689e-06 -1.1248061643797568e-06 3.6902037136945584e-08 -7.770883842095142e-06 -8.636210712628683e-06 9.440884203641249e-07 1.390327354024046e-06
17 -5.1285634636750894e-05 -1.79021163881951e-05 6.193420359571388e-07 -5.383756120296441e-06 -1.2676158614972765e-05 2.866444745860632e-06 -4.291968784568942e-06 1.2232363222306533e-06
18 -4.947632834344083e-05 -1.4709840034168339e-05 7.638595217890722e-09 8.252676991493584e-06 -4.309910322679033e-06 1.8634362347160647e-06 1.1480606134722313e-06 4.3982500815397755e-06
19 -5.432872048909823e-05 -6.405440855019874e-06 5.028213186148376e-06 -3.88583595210626e-07 -1.1588822258962907e-05 -1.0689503057289867e-06 1.5603553959498636e-06 7.803933757638454e-07
20 -5.7288572850563613e-05 -9.962828311164874e-06 -2.4203446527036202e-06 -1.166060204798126e-06 -1.2443900705002701e-05 2.9605982843260973e-06 1.1969299631834542e-05 3.5235715089847775e-06
21 -4.1520900573604746e-05 -9.521329861832333e-06 5.964512448993756e-06 -9.867378395951109e-06 -6.884486248177834e-06 -2.6506115960552996e-06 -8.077868725166596e-07 2.1105088814244472e-06
22 -4.8539327930394405e-05 -9.620253884120962e-06 3.0336873071294106e-06 -4.848148576419111e-06 -1.5200370538766598e-05 -3.29202025654128e-06 1.6964833639804754e-06 1.1220078290725824e-05
23 -5.894640443733255e-05 -7.231327739366156e-07 8.87020087629467e-06 -2.374723966685034e-06 -1.9997131004324703e-05 -1.2284565298317225e-05 -5.6040939028784955e-06 5.640260697338998e-06
24 -5.8470223000257746e-05 6.320197436743222e-06 1.3644926844337246e-05 -7.36307152860111e-06 -8.8090659427911e-06 -6.090731879650495e-06 -1.8859559199068827e-06 2.8200994272538554e-06
25 -5.4761505730232004e-05 1.759093888151397e-06 2.480327909070839e-06 -8.097749647569518e-06 -1.812150305123672e-05 -7.95054123486608e-06 -6.90583818100675e-06 5.429641635681672e-07
26 -5.9729308223133225e-05 1.5678352203187467e-06 6.699944250887979e-06 6.34179879027108e-06 -1.1974491831392015e-05 -7.655406282827021e-06 -6.174449221039778e-06 -5.636252033635377e-06
27 -5.2646673639463015e-05 -1.6655586520602616e-05 5.838892239875774e-06 7.688317992365112e-06 -5.111939776556649e-06 -3.1064737499731593e-06 -7.753301682510777e-06 -5.2470615542116145e-06
28 -5.09797955889662e-05 -2.205191988087247e-05 3.978560485093969e-06 -1.2116687458616034e-06 -9.314219450228245e-06 -8.812875155234877e-07 3.1490373821735076e-06 -5.8949386271568296e-06
29 -5.401590311106876e-05 -2.099742860338494e-05 -1.7554527636027256e-06 -9.21179646531201e-06 -7.625787206934009e-06 -1.479035202856775e-06 -6.627131545548639e-06 -4.3533165629558725e-06
30 -5.721402978176453e-05 -1.3109366812906016e-05 -7.908444079223104e-06 -8.284292039946829e-06 -1.0029748361901206e-05 -3.7121254500547177e-06 -1.697210777896649e-06 -1.5853493181384211e-06
31 -5.411078221424621e-05 -1.922906931311315e-05 -1.4242389543191334e-05 -5.557095656884229e-07 -1.174028352373051e-05 -2.3930547461708236e-06 -2.4729435874352728e-06 -3.4907204390829724e-07
32 -4.672452648696764e-05 -1.55252840593514e-05 -2.6993036879333186e-06 1.3759285115533547e-05 -1.6927489669301e-05 -2.533514027637989e-06 2.4076263005973083e-06 -5.754569037891026e-06
33 -4.986004912944996e-05 -4.904427851102097e-06 6.500185611364335e-06 -1.1102619074953354e-05 -7.373971970574701e-06 -6.405560826046705e-06 -2.9166684700114393e-06 -3.838089164643849e-06
34 -4.054284539899986e-05 -1.447699000355496e-05 2.4653636860685664e-06 2.4421431503498557e-05 -1.8910247565101845e-05 -8.451872378637791e-06 4.367569696648593e-06 -5.599004979933833e-06
35 -3.202191253074377e-05 -1.0735146968093675e-05 -2.8349835296668502e-06 -3.1971548577106636e-07 -1.3738300870049548e-05 -2.464835669574781e-07 -1.538795027936296e-06 1.005961590452624e-06
36 -4.3114321166805764e-05 -3.561605611408206e-05 -5.45959925210776e-06 1.3775204593265817e-06 -1.5614917880766866e-05 1.4673169251772243e-06 6.4144312669815465e-06 -6.203793675647253e-06
37 -5.647912478352911e-05 -2.1379812467071515e-05 -7.740072422515483e-06 4.105454939533524e-06 -7.818350250136455e-06 -9.944094358328466e-06 -5.107141145555693e-06 -2.5936031360275654e-06
38 -6.840773458536557e-05 -7.715413742914974e-06 -8.13090507788136e-06 1.0781466408668044e-05 -2.132140796180715e-05 -3.3922877990983956e-06 6.449821663096991e-06 3.291179996661135e-06
39 -5.5043650144447245e-05 -6.924736399105195e-06 -4.611607583574341e-06 1.5384906553709167e-05 -1.961065452405618e-05 8.910999724472124e-08 -3.988580465488229e-06 -8.286885033520193e-06
40 -5.486648512612654e-05 -9.977699932402725e-06 -2.6975677046886517e-07 -1.06535089134928e-06 -1.5911141727314652e-05 -2.269768336193532e-06 -2.778731626268837e-06 3.5394186815172532e-06
41 -4.631112415863725e-05 -2.5086082047058285e-05 -1.2478287313684495e-05 1.533519216401544e-06 -1.8797639913042145e-05 -8.028231239112351e-06 -3.655949493517447e-06 7.16311223762196e-06
42 -5.191121690405141e-05 -2.16240164815344e-05 -1.4772500107293841e-05 9.741220735201263e-06 -9.954619084632644e-06 -1.0562825377722867e-05 -1.3907083192300565e-05 4.024867046679238e-07
43 -3.25352363242217e-05 -3.0802221722531666e-05 5.932921257853351e-06 -1.3181944834479213e-05 -5.117450942298964e-06 -3.787229480999951e-06 -1.2263108630548468e-05 6.297998596996658e-07
44 -3.710909340046983e-05 -1.8381970614175722e-05 -3.425695287762912e-06 -5.343783782493982e-06 -1.4352360046683901e-05 -9.711925120417054e-07 -2.237239519897043e-06 1.7004375875545448e-06
45 -5.421464908363803e-05 -8.194532594035756e-06 -4.971929399946705e-06 3.547823264249456e-06 -1.9856408554940822e-05 7.910913875285673e-06 -2.504450518641139e-06 -5.839086852086798e-06
46 -5.194684700426756e-05 -1.3595315902166389e-05 -1.7929697812426993e-05 7.779919340010613e-08 -1.2371311499194568e-05 2.271041452348522e-06 -9.44719154442238e-07 -7.666050642710819e-06
47 -5.44350685274175e-05 -1.0588364009250538e-05 -1.2483519526274003e-05 3.4125833905300807e-06 -1.3344583249586767e-05 -8.024529509374237e-06 1.7992219346514317e-06 1.0850283265971927e-05
48 -4.04922614287686e-05 -1.7158431951509867e-05 -1.116489980962949e-05 -8.315446658950292e-06 -1.5217826714172695e-05 1.1848632113066479e-06 1.5620020567183037e-06 -1.3041314906146702e-05
49 -6.209641280028976e-05 -1.8616658130151992e-05 -2.234402956901131e-05 -4.920612442805043e-06 -9.166117558004603e-06 -3.454827089286533e-06 -3.5662389076068945e-06 -2.7731572990829205e-06
50 -5.0219880177934756e-05 3.7594752241826322e-06 -7.455999846415044e-06 1.1521552403558983e-05 5.288664412927946e-07 -6.507500360329248e-06 -1.2570392527808216e-05 1.3871164481301904e-06
51 -5.79010500589922e-05 -1.5679100556380734e-05 6.530195825313287e-07 -4.8243861301289805e-06 -1.0417064647564503e-05 -5.975744900264961e-06 3.801648745668625e-06 -1.7748349117712495e-05
52 -5.64259848648296e-05 -7.85297940772542e-06 -5.2485440161522595e-06 1.4005811914818186e-05 -1.2844205742381546e-06 -7.88087014769362e-06 -7.75886104362875e-06 -8.35490796490495e-06
53 -4.9955454263739037e-05 -8.78133757160014e-06 3.186562105861814e-07 -1.2572423017731052e-06 -1.109435063081837e-05 -5.991473877735069e-06 -5.181833645253849e-06 -4.495256045274282e-06
54 -6.992786808838722e-05 -1.745690870289321e-05 -1.1547096109092979e-05 5.304662409465715e-06 -2.1096877159765716e-05 -1.3058969652273074e-05 -1.8867962469585216e-06 -4.1773728499207215e-06
55 -3.161311885856511e-05 -9.658991104071105e-06 5.361547682862994e-06 9.404703738767427e-06 -1.0000615058124224e-05 1.7079609738525524e-06 3.5931165687014635e-06 6.126019194573859e-06
56 -4.198313120391243e-05 -2.79729629039291e-05 4.936667358409814e-06 2.6283372754688087e-05 -1.1105685607398074e-05 -1.2518423745079748e-06 -5.647440666335676e-06 -1.445329983545002e-05
57 -3.0357928906454266e-05 -2.095689225995197e-05 -7.66477217921961e-06 1.5134747032916301e-05 -1.3436299977078195e-05 -7.813814537868623e-06 1.0267954379868125e-05 -2.797775187529445e-06
58 -3.6740104238828815e-05 -3.320535599395761e-05 -2.426613367637538e-05 1.2618508263150856e-05 -1.1501158129873974e-05 1.1768881963186994e-05 1.3700921700013403e-05 1.284752820242716e-06
59 -4.5306853967259363e-05 -1.5551420931926566e-05 -2.2352345522479005e-05 -1.6968041029049218e-05 -4.661538208737537e-06 1.143562044928506e-05 1.5841310670199218e-05 5.0395748377665065e-06
60 -4.919840535787842e-05 2.9605262576313594e-06 -6.289570370717593e-06 -7.793979674044961e-06 -4.901343639137876e-06 5.86348280368426e-07 -6.11487732110932e-06 2.520282088518876e-06
61 -3.767111140816015e-05 -1.386639115563156e-05 4.258683645273465e-06 2.4114361901225297e-07 -1.2292413024481182e-05 -7.309418647140023e-07 1.7697356472778677e-05 1.8755239313201913e-06
62 -6.755340093029757e-05 3.7171914593995296e-06 8.520329605690632e-07 -1.2518677485921903e-06 -1.735404115269262e-05 -1.9931176702478964e-07 1.027171600209232e-05 -4.939566980668196e-06
63 -2.6713915554330785e-05 -2.076350795348002e-05 -6.581050420680825e-06 8.423389392924208e-06 -1.3207330254428852e-05 -6.3975934504641394e-06 2.6854763055201125e-07 6.479885568146431e-07
64 -5.3218761281006215e-05 9.609596123865537e-06 8.940130540587342e-06 9.597547365045887e-06 5.136681736865099e-07 6.710676190337409e-06 -1.8355277134113803e-06 -7.54659170732224e-06
65 -3.8445660007686635e-05 -2.467217618834773e-05 1.2063387889245178e-05 -4.1548273589287834e-06 -3.7036559118219227e-06 3.862771203034966e-07 7.503587884988261e-06 -4.889507133033263e-06
66 -2.718193867973993e-05 -5.776239631079033e-06 6.7674765702528854e-06 -8.734005415017289e-07 -4.272755322698006e-06 3.002611818074361e-06 -4.875011817534048e-06 -6.2136699275467904e-06
67 -5.5730349263797364e-05 -1.4247021673334964e-05 1.5210140159968803e-06 -1.1213718697694423e-05 -8.774117576533686e-06 -1.0554709198543427e-05 1.505777977145749e-06 -3.3983492545800197e-06
68 -7.011181349405987e-05 -4.60438037648854e-06 -9.279375648281113e-06 -4.8513789669436455e-06 2.7669053240840884e-07 6.897196038615599e-06 1.169434151813461e-05 5.088289586173442e-06
69 -6.618513545988263e-05 -2.8041790724426862e-05 3.2121217016745287e-06 3.7229475690082802e-06 -1.3262780814224905e-05 -7.155971791428458e-06 5.1503211457536005e-06 8.866624502113931e-06
70 -0.00011690689791341977 -9.144196723702298e-06 6.864225653891948e-06 2.0537706322651646e-05 -7.023254281324517e-06 7.152557165223667e-06 -1.83006864525717e-06 -7.080680648402317e-06
