1 -0.00011425519280424467 2.3013050922682298e-05 -5.7873681158450485e-05 -5.58937218459507e-05 3.328790114860765e-05 -7.789365349916592e-05 5.097404535906773e-05 -2.9094929906433034e-05
2 0.00011820382930933318 -0.00011227609623289387 3.046787172682829e-05 9.780147603682863e-05 -8.66288944562337e-05 -2.176509539786227e-05 4.354878621468715e-05 -4.78169618257789e-05
3 -4.170750057545377e-05 -4.2489315657988815e-05 -0.00010792815695982711 -0.00011644318570645614 4.0953157982355495e-05 5.9363745959975425e-05 -2.8068649853601893e-05 -9.967647770753618e-05
4 0.00021137933198031873 1.8447924870201794e-05 -0.00010814097471775721 4.2357260967840485e-05 -0.00016699335317864287 -3.469840927241648e-05 3.9531707912346125e-05 9.174363304788937e-05
5 6.21913003925086e-05 1.1976957003894884e-05 -5.2441491885353346e-05 -0.00024488001865925605 -0.00030364118167440165 1.8713969816216617e-05 0.0002479266735567473 0.0001842603356422995
6 4.742427453543698e-06 2.2675533881297236e-05 -3.383989750003303e-05 0.0001945578728085017 -0.00019287284464829428 6.811666806888352e-05 0.00014270310150148104 0.0002622456377300534
7 0.00013394262177385922 -3.7091667711508176e-05 -8.747806202252334e-05 0.00018507165475188298 -7.422142492566333e-05 -0.00011260260250303973 -2.545538897074501e-05 -9.054620529533573e-05
8 -3.4365986265928106e-05 -9.305595149842544e-05 -5.2937649304771765e-06 5.173853407802277e-05 -0.00025675412005058556 -6.597076856259458e-05 -0.00017876172516498748 -1.1319193414181812e-05
9 -3.4075428163387694e-05 2.231247050583339e-05 -0.00022987175660044965 -0.0002491754385570199 9.692569326590454e-06 3.8190792005821954e-05 -0.00010830243612264387 3.1170152753460164e-05
10 -3.0431176834443736e-05 -0.00037992279631224156 -0.00015746573863702266 -0.00023483078316698455 -9.135761129243805e-05 -8.56371784572447e-05 6.731878754980621e-06 6.736958200563973e-05
11 0.00014050446290151566 9.366994262408111e-05 -5.11086270831841e-05 1.586029202901141e-05 -0.0002916414057870156 -0.00011327817286019894 9.631000596200897e-05 -0.00021166951945836838
12 -0.00032702540217178453 0.00015688182648313447 -0.00021904909084694593 -0.0001616033260248222 -7.650437940512773e-05 -0.00012506909739844985 -0.00017112804127962112 0.00028302181494184095
13 0.0003736739856450079 -6.888249144213102e-05 8.994830210529395e-05 2.3267367456518337e-05 -8.34830011919583e-05 -0.00013764176874080092 -0.0001523980781848581 -0.000339318985616518
14 4.090783757816267e-05 0.00032681877140886326 -0.000158406821436815 0.00032310691612034336 -9.796610299292547e-05 0.00020936892226700748 0.0003261952645094592 0.00016555576110397337
15 -0.0001147407096575608 0.00010063821462719986 -0.00028008278491963544 -0.0001103945030649504 -0.0002891054899223637 -7.33996955318816e-05 -9.621790421045066e-06 -0.0002723250314860325
16 8.245151447637479e-05 -2.679734023965833e-05 -0.0004121996662649503 -0.0004616640453656273 -0.00024295863081121998 -0.00031940677877915396 -0.00026262325671715586 -0.00011394790361728756
17 -0.00014515990328110606 -0.00023767965822191634 -0.00024121952184440453 0.0004837588632191655 -5.3729741107763333e-05 -5.8256867813523976e-05 -7.105381490270787e-06 0.0002619011557215246
18 -0.00039566566191393644 -3.812274215424082e-05 0.00043593483991419247 -0.00046938069405007103 -0.00013243077585199458 -0.00020289086547941172 -7.66549342946539e-05 -0.00010429364139941921
19 0.00028981396386960223 -6.692944024297665e-05 0.00024258113803450493 -6.415346875088683e-05 -3.116240650167776e-05 -0.00015728671612772838 -0.00025563607201790407 0.00010109468932580994
20 0.00015207370552938515 1.5098876429683691e-06 -7.684381994704114e-06 8.74874872010915e-05 -0.000163313319460085 0.00023272408709914305 0.00016275421077094533 0.0001104885672953243
21 0.00011928447354187438 -0.0002667256524633639 0.00011911387216164004 0.00039057946303949775 -0.0003817179275459658 6.124898236911111e-05 0.00022377571195321763 0.0003762973288501501
22 0.00016607230698743796 0.0002831727560322218 -0.00020444464296415953 -0.00018014248085651712 -8.251706452723284e-05 -0.00011375453472415402 -0.000127101420408329 0.0002080410156507874
23 0.00044032046696758115 0.00020420848293169715 -0.0001302870306556542 0.00019797519583010284 -8.214931730541156e-06 -0.0003621145818428179 -0.00021161622390546521 -0.00010546213872575324
24 1.785714814411919e-05 0.00027087009334971846 0.000202083733705975 6.131977295871353e-05 -0.00017192217623224491 -3.8973101606873015e-05 5.959315677121325e-05 -0.00025079405989516184
25 8.250078546734331e-05 0.00038381389518510366 5.716004461915009e-05 9.899906754090277e-05 -1.3125067306480787e-05 -0.00016677057952521103 -0.00014853460272089492 -1.9056937089946495e-05
26 0.0003420036575909043 0.0003796694637458897 -0.00016738707208219654 7.053409018087962e-05 -0.0004946402327757014 -0.0001456781624674442 0.00011101783658350407 -0.00013886979628724346
27 -0.00025964437719542123 -0.0002739203069370647 -0.00018996773379531117 0.0003963857707637602 -1.8693825853629615e-05 -0.0003272528835909487 -0.00017084844464000806 -8.916271222342371e-05
28 0.0007092979010558758 -0.00021482333393461135 -0.00015201125269690208 -0.00011467657772227936 -9.396156874077517e-05 0.00017813675490545614 0.00024112858368272397 0.00040167386464759963
29 7.706525670977092e-05 0.00017700209689371294 0.00015892857742608415 2.2802870582452397e-05 -0.0004310714951086631 -9.445409652445568e-05 0.00015175153999055378 0.00019779076950937236
30 0.0004950216134860894 -0.0003753736961055301 0.0004166793080743714 -0.000613443955136324 -0.0001082063890269448 0.00018790233001229114 -0.00030840280782296075 0.0004648949262708237
31 0.00041445456635102605 0.00016155877241575683 -0.0002269706763020432 0.0006378725918883384 -0.00016753228314684635 -2.7275672236853652e-05 0.0005927368073620598 -0.00016922240406732402
32 0.00021289270027865896 0.0005301309431385254 0.00038975610213554216 -0.00021718225231884999 -0.00028678513211553803 0.0002566158973053176 0.0003786128673338429 0.00019501491725840695
33 -0.00010551853219310887 -0.00026980398571238947 -0.0002641777666395859 -0.0004096394601166733 0.0001409652668720582 -2.487661343912565e-05 -0.0003309556973177064 0.00015204281811203053
34 0.0009906702886334617 -0.0002612930033004049 0.00013530578238782608 0.00014610130216507572 -0.00026589909063072043 -0.00014498937200704392 -0.0005115003663539164 6.508080834194558e-05
35 -0.0003747593744684586 -0.00013157899219401969 -0.0007086538620355913 0.0006655320696118773 9.239505376352875e-06 2.068181050986221e-05 -0.00013329375245172936 0.00017443035614574906
36 0.00011996833305079465 -0.00013983430721444733 5.0373974247305456e-05 -0.0003452648303675228 -5.477891098218811e-05 0.00027727590795792624 -0.00032779135969544326 -0.00026351368143043193
37 0.0005101921409196118 -0.0003770973247124067 4.64656761750231e-05 0.0003533190501554271 -0.00026092816185359867 -0.00011824584576119384 0.0007485262430827098 0.00019845152953719547
38 -0.000352741442062817 0.00041921182153136443 2.6706478177952094e-05 -0.00016480758714133026 -0.0003876892979567704 0.0003767648623153668 -0.0002350118469062024 -0.0006684231513879606
39 -0.00018111060027205448 0.0006062495903618377 -9.845762798283233e-05 -0.001020473683918989 -0.0003596121875405483 -0.00012680317876275526 0.0002865938178952759 0.00040437055478835705
40 -8.984239212122178e-05 0.0003425302646814098 3.548921544421351e-05 -0.00033307095722197663 -0.0001193043173916893 -0.00014203092098135728 -0.00017666449226721076 8.484640171756409e-05
41 -0.0010074171066919166 0.00011016120102727345 0.00015199290141095441 -0.0003965760644323166 -0.0004303188291044674 0.0007986027994907179 0.0010186685033967491 2.2950327282273215e-05
42 0.0014265357154026295 0.0005831465459986577 0.00027007856723252423 -0.0006567402196504812 7.324848846597053e-05 0.00012776536158495385 -0.00031686858672263027 0.00019291399554651107
43 -0.0002772302811743756 0.00024224806464950816 -0.000768150720399791 4.6979584784897385e-05 -0.00034877774118841824 -0.00041460679485408845 -0.0001113992471354207 -0.00022211283969086773
44 -0.0006473419715281043 -0.0005437209920857387 0.00039804223083583675 -0.000918915170972723 -0.0002849684796853848 6.192686382501903e-05 -0.00012718952770965304 0.00020664022937907735
45 -0.0008836968188506457 0.00022993801646507532 -0.00023193735667204619 6.280519126169557e-05 -0.0002191348332768319 -8.606832515594753e-05 3.365082459474753e-05 0.0002762945901920986
46 -6.544187683355044e-05 0.0005019465108673281 0.0003419610482887028 9.984073193264513e-05 -0.0001343783905473451 0.00020415473403113536 0.0002008989134256397 0.00038215340192100314
47 1.747339624266565e-05 4.448934202347412e-05 -0.0002507800663987736 -4.195624165254764e-05 -6.386114488360795e-05 -0.0003678301532255558 4.455460782484943e-05 -0.00013265174469537735
48 -0.0007988952739879028 0.000461658282878284 -0.0002939763676007846 0.00010994888118825809 -0.00019962902596551776 -0.0005749769250152037 0.0005519124497600571 -8.196238487093654e-05
49 0.0001973044579326901 -0.0004168990112455143 0.0007317986837977956 -0.0009245940454620971 -0.0005596995667846785 0.0003040008414456095 0.0003468020996563169 0.000314532288382622
50 0.00023248109280802443 -0.0007216626318306733 -0.0008445905293250656 -0.001118745495618029 -0.0003192161879930127 0.0001668106199638304 0.00028594848882277957 -3.123585839920346e-05
51 -0.0007871177611545286 0.0006384650688942246 0.0003564333449176335 0.0010249409386913933 -5.1224244368118876e-05 -0.0002784942956783905 1.302183272720882e-05 0.00032852207772630476
52 0.0002495189600399447 -0.0014954062002347196 -4.606791154084762e-05 -0.00048490756023879093 4.217822821915469e-05 0.000558759870588417 0.00019066686794721107 -3.68901817555403e-05
53 -0.00038527168211947556 8.80700774430967e-06 -0.0003844865180207782 0.0013116804980919908 -1.9191468799559173e-05 -0.00017802394494044826 -0.00013395510087873253 0.0002997944658220328
54 8.118349837266518e-05 0.00032361134210733656 0.00024790512363961643 -0.0005177952925553025 -7.573024243351346e-05 -2.328508470992723e-07 -0.0001874884326581162 0.000452652677107543
55 0.0004677359249968395 0.00023261172950047833 -0.00018923564436698663 -0.0009833578744383531 -0.0005009062166623334 0.000117126800017962 0.000142301165948802 -0.000593667330382171
56 0.0009515894480515519 -0.00035917485466393937 0.0008903008125581735 0.0006500869975119455 -0.00018678140396536066 -0.0003197573304388619 -0.0005782849746636046 -0.00026294249938442135
57 -0.0005645351514777092 -0.001459922341460534 -0.001065505377381668 0.0004485009361251686 -0.00042881556580658424 0.00019764617789373815 -7.762181102069829e-05 -0.00013377008878797934
58 0.0007967690736368934 1.9979401044770414e-05 -0.00023335344464400017 -0.001342840365200442 -0.0002080656849445653 0.0003822173253675585 0.0004829168196206712 -0.00031269317030761817
59 -0.00030657159615847757 0.00021693175929637752 -0.00021829067638019125 -7.189029150186804e-05 -0.00034925320911385877 0.00036725939038730233 0.0007075230292629633 0.00039219377653269626
60 8.824321987183968e-05 0.0011133266878561832 0.0006930770063310592 -0.0008182477307579284 -0.00015102966193230956 -9.322155908444863e-05 -3.4557177007011995e-05 0.0003185968986408242
61 -0.0016108095817234248 0.0005691332693050051 -5.1512773142245684e-05 0.0006093657415354149 -0.0002048730274540367 0.00019754451903060497 4.570254095118961e-07 3.3181511160107954e-05
62 -5.036874415409887e-05 -0.0004803428360159741 -0.0008148724427590315 0.0016922879552217327 9.241400221166698e-05 0.00016980883083906497 -1.9210840095317026e-05 0.00020191532858114905
63 -0.0013034366245486572 0.0003854586052655721 0.000970019745436397 -0.0008672772995725441 -0.0003369377870509171 -3.9124047327369264e-05 7.147788461683495e-05 -0.00036565169022536
64 -0.0001688755856955233 0.00031267067848896973 -0.00036629543460386547 0.0004267595442912166 -7.657544699942617e-05 -4.717267143656446e-05 -0.00015970443667485292 0.0002896064003673942
65 -0.00011470693896620746 -0.0007751165879656433 -5.072402933929168e-05 -0.00020453490871116006 0.00010722100966661851 2.4344157853278615e-05 -0.0003141641915124684 5.494262703545624e-05
66 -0.0001042521389553273 0.0004819727159457433 0.0007986913051048225 -0.00018083858883119377 8.129213869481013e-05 0.0005442501211417581 0.0005358991399569108 0.00032113960419171745
67 -0.0003649930049841217 0.00012740882725518243 9.185396625547218e-05 8.718296567156336e-05 -0.00041495824528427607 -5.448020591155324e-05 7.567461415349132e-05 6.3543899822612605e-06
68 -0.0003293973156248233 -0.0008351388596518637 -0.00020708437124890825 0.00036414474525702135 0.00016278150381623336 0.00031717822225944787 -8.191976399673826e-05 0.00015538835374699143
69 -0.001111126998121438 0.0011628761621676744 0.0004196771050179937 9.653168411101473e-05 3.8611752183951525e-05 -6.911915175063905e-05 0.00017493275948041938 -0.00030446122843900725
70 2.2891481653924056e-05 -0.00010452334494640658 -0.0005892781223489298 -0.0003456231876676329 0.0001669114560139454 0.000272442355030733 0.0003693199905118336 -0.00013383418466728715
