1 -4.714834778467894e-06 -1.6366246582323644e-06 -3.298154834716412e-07 -1.330707636009428e-07 -1.8084969531519923e-05 2.3135061968145806e-08 8.877157721692276e-07 -5.531857747913961e-07
2 -5.4311740146447206e-06 -1.34032153835093e-06 -5.604990698636117e-07 4.605467658415019e-07 -1.9404309300322827e-05 7.046476134599802e-07 5.907699572983815e-07 -1.1647963303395741e-06
3 -6.4602273394659805e-06 -9.246246129351933e-07 -4.198995032012567e-07 -7.122386337589146e-07 -2.0710454686992057e-05 1.6883407612411015e-08 8.622513885388737e-07 -5.817489144933268e-08
4 -7.084240127391888e-06 -1.0956982464305847e-06 -6.700560003193848e-07 -5.657339855743919e-07 -2.1281898473711305e-05 -3.717446720746054e-07 -3.4953826334995536e-08 -1.7659925453348445e-06
5 -7.392217743228946e-06 -1.9424444099442896e-06 -1.7926140460890851e-06 7.24062487239954e-07 -2.3044587069328255e-05 -6.607934770627605e-07 -4.5313134758614844e-07 -1.9330963685905697e-06
6 -7.850731004229773e-06 -2.2704762814085786e-06 -1.5939949792379146e-06 7.522841568762935e-07 -2.3665314261084313e-05 8.900912284998064e-07 -7.381550970094144e-07 -1.252768042602585e-06
7 -7.732569492580977e-06 -2.8266067254909516e-06 1.2496486841302478e-07 1.2396370998688e-06 -2.400085173130477e-05 -5.939548032108279e-07 2.103711580014676e-07 -3.087862913354718e-06
8 -6.683425942801967e-06 -2.84728108484189e-06 8.69162629137959e-08 -4.569171439874066e-08 -2.4227674154810908e-05 2.903820029526688e-07 -3.7348414889051596e-07 -3.206858952288746e-07
9 -7.987748517833038e-06 -2.306247956818455e-06 -6.605189655667382e-07 5.3989157603819806e-08 -2.47559954785691e-05 1.2224267250307916e-06 -8.308896256280996e-07 -2.2162652889220374e-06
10 -9.783576599950812e-06 -3.1146281993737416e-06 -2.5817711919211333e-06 -1.0988579581238112e-06 -2.5034946248774182e-05 7.408046193938612e-07 9.162679386666031e-07 7.439663936318543e-07
11 -8.826648305977693e-06 -8.968899295219786e-07 1.924907634664412e-06 -4.150830297632451e-07 -2.5098775093443305e-05 1.75536847569624e-06 1.6467576403882258e-06 1.3603968081474032e-06
12 -9.420843453221588e-06 -2.918513641329136e-06 5.600954986248924e-07 -2.1066808085837462e-06 -2.6203222360442182e-05 1.5624198656326717e-07 -1.216410582854832e-07 -5.975742632425656e-07
13 -9.35199790655934e-06 -1.809391424647128e-07 -1.51301416489823e-06 1.060910653125784e-06 -2.4447662185805075e-05 -1.0968954315953103e-06 -4.4053851742522385e-07 -3.6589677305555023e-07
14 -1.210982838710179e-05 -1.3083978935323703e-06 -1.6353262559716386e-06 4.145716840757976e-08 -2.5369872828146897e-05 -3.9045645480721405e-07 -1.024344010565046e-06 1.839598835948629e-07
15 -1.1377327238156033e-05 2.2304993065137902e-07 1.0288840886662447e-06 1.2642627211593477e-06 -2.5998547956871478e-05 -1.6031477839094904e-06 -5.402861374590785e-07 9.530659168062191e-07
16 -9.02788754678698e-06 2.2965233552430697e-06 2.2818569079717825e-06 7.643042937318119e-07 -2.6075203437037487e-05 -1.1036745425768651e-06 1.5786587427450685e-07 -6.096922772342418e-07
17 -8.705987597551148e-06 -5.858563106983651e-07 -2.700779218112922e-08 -7.550781738876529e-07 -2.566526057047657e-05 -1.26135561235183e-06 -1.392007431362827e-07 -2.2095652039085236e-07
18 -1.0774383074364454e-05 -2.7694348174062032e-06 2.092263622948004e-06 -1.2270702519140915e-06 -2.5612956233142447e-05 1.5042733676816396e-06 3.406099839553529e-08 9.362710032603384e-07
19 -1.0431535246671248e-05 -1.2771042209614938e-07 -3.4742827507778147e-07 -1.2583318615486789e-06 -2.5931751270653346e-05 1.7987278240185438e-06 9.103992065212699e-07 3.6591700820586237e-06
20 -7.778754676805102e-06 2.839294753103156e-07 1.3778339032566375e-06 3.0488557187033e-07 -2.4877281902710928e-05 -1.2191657184153378e-06 -3.6440199526370263e-07 2.2483977358228767e-06
21 -8.281249247659188e-06 -1.8800140187345891e-06 2.16098787592501e-06 -1.937530135633603e-06 -2.6420607460472384e-05 1.3233107782246215e-06 -3.1561815038726164e-07 2.1448183597359378e-06
22 -8.558760105739643e-06 -6.161398434950538e-07 -2.0506543824214095e-06 -5.097677349245294e-07 -2.5486804551920267e-05 1.2928168082296877e-06 -1.1122348254267766e-06 5.28319394247226e-07
23 -9.844768435492407e-06 -2.3503071495501155e-06 8.061353788721755e-07 -3.3307234918686525e-06 -2.5872193859800153e-05 1.6792707842945683e-07 -6.106343423063116e-07 -5.55698711169664e-07
24 -1.1709009706096066e-05 -2.508561564852179e-07 8.576774312146521e-07 -1.7034724361427884e-06 -2.518410927978054e-05 3.806989964763423e-07 -9.371661890269104e-07 9.694846973641339e-08
25 -1.21152866984919e-05 -1.2202715475947423e-06 6.780420822045422e-08 2.7188337909052433e-06 -2.596026450399887e-05 -1.3711087153715432e-06 -2.029516522192679e-06 -2.39902131026498e-07
26 -8.417679519831531e-06 -5.012047693873572e-06 -2.3272342617329897e-06 8.120850423539645e-07 -2.5503954274977512e-05 -1.4685300984252704e-06 -1.2672800811295936e-07 3.922450453111214e-06
27 -1.2328931602335311e-05 -5.516308135106565e-07 -1.3792539437183131e-06 -1.4362171765591527e-06 -2.5746066223454973e-05 -1.8392024385038303e-06 -1.8354284878046738e-06 1.906733091971286e-06
28 -1.1438752536958126e-05 -1.5965637594485734e-06 -1.5466300266849805e-06 8.537391550006649e-07 -2.6542586424708297e-05 -9.283168637828344e-07 -8.20315673321826e-07 1.9634220473599426e-06
29 -1.2946580709049848e-05 1.933903577758121e-06 2.324644747886959e-06 -6.630477769623759e-07 -2.5691136228528124e-05 -1.7282553162414145e-06 -2.520500783171124e-06 -2.687395919323185e-07
30 -1.0927994388285032e-05 -9.62864035728964e-07 1.1149156126052213e-07 4.534948040921628e-06 -2.409686300267933e-05 -3.920024142855408e-06 -6.267146747871859e-06 -1.1637766457732833e-06
31 -1.227128783197253e-05 -4.4999590940588836e-09 -1.9578700459792904e-06 -6.390456784959736e-07 -2.5246225442768344e-05 4.4657643126891606e-07 -1.408226679851999e-06 3.1850380585184606e-06
32 -1.0883219734449183e-05 -1.2979049355800546e-06 -1.2573639540777582e-06 -2.8166241654678796e-07 -2.3338559068067857e-05 -1.2818562147262538e-06 -2.497500749173203e-06 2.637098820177782e-07
33 -7.2947340488295956e-06 1.07803878671297e-06 -1.1593931866113727e-07 2.515289540600171e-07 -2.4758422712923393e-05 -1.639914521457011e-07 -9.075981096362302e-07 -3.295537079646218e-06
34 -1.032706047612207e-05 -1.5375814873151227e-06 2.6521853456702918e-06 -3.293305081134718e-06 -2.498748337898906e-05 -8.341438993247485e-07 -1.9479138222960693e-06 -2.1124205542782144e-06
35 -1.0772923212647961e-05 -4.274774443054331e-06 -3.317647431016131e-06 6.374299727576872e-06 -2.587555834950691e-05 2.076866945588521e-06 -9.660129649492933e-07 1.1060519098957696e-06
36 -1.259033120218972e-05 -7.896854131715551e-06 -1.8615223977026538e-06 9.436191715545148e-07 -2.297852440498432e-05 -7.014758024399912e-07 4.836422904600834e-07 1.7603228643675164e-06
37 -1.3098423183255723e-05 -3.9838675722057525e-06 -6.234376209449626e-07 4.184693151624343e-06 -2.710692261274136e-05 -3.4525712493286894e-06 -2.0928903363123434e-06 1.1324842233228242e-06
38 -1.1996744346788897e-05 -1.6541729835310839e-06 1.561908142086638e-06 -6.145338660661849e-07 -2.5961908532538096e-05 1.632487926996967e-06 2.446904167845301e-06 6.903529015075589e-08
39 -7.321368821978268e-06 -2.8157707949069287e-06 1.5521157655887218e-06 2.7751846601145387e-06 -2.4078737949854397e-05 3.2553648707268826e-06 1.6381231144868964e-06 1.060388122461088e-06
40 -9.352881417059348e-06 -4.287991193096351e-06 2.289888222914168e-06 3.121223453994156e-06 -2.7275909688845098e-05 -7.028301886924741e-07 3.80004474653322e-06 -4.795363467672987e-07
41 -6.520016441391324e-06 -5.600932094044715e-06 2.146626122386654e-06 -1.7094249147241345e-06 -2.6095473632934745e-05 3.150248572738048e-06 2.403441762063616e-06 2.0376859374678388e-07
42 -1.1098246668541292e-05 3.5098855980205863e-07 9.390911386806796e-07 -2.612932127187924e-07 -2.6965965065440393e-05 -2.7185676257599185e-06 -6.418199717459456e-08 -1.5133745218957727e-06
43 -5.111279136531377e-06 9.990542798872856e-07 5.827128546698827e-06 -2.636166412253661e-06 -2.6480173067494364e-05 2.633977095773025e-07 2.04018770955818e-06 -2.238400435041555e-07
44 -1.0147477729808139e-05 -5.9249843904747945e-06 -2.7777007312361946e-06 -3.733919552830209e-06 -2.5349325513435553e-05 -1.7863242091120398e-06 3.0990913753718845e-07 2.9676477523265065e-07
45 -1.3190357724968302e-05 6.501927927024258e-07 -2.0029853631125136e-06 2.2160214987446143e-06 -2.8113598700523128e-05 1.3957802991909746e-06 1.1411756118605668e-06 2.470502499406426e-07
46 -1.2950301322396972e-05 4.135505038856328e-06 -5.829862581673886e-07 3.8041024138952383e-06 -2.8217320438120633e-05 9.273116295845209e-07 2.802837133130325e-06 -1.9340252820266032e-06
47 -9.9107529612075e-06 3.625645884244701e-06 7.731116787267916e-07 2.0806668973099958e-06 -2.6243226969039364e-05 -2.2546641960464033e-06 5.680842048801136e-07 -2.426593269941025e-06
48 -8.921446476957808e-06 -4.792736608856956e-07 -2.5669909941138555e-06 2.221368338099297e-06 -2.763034768507056e-05 6.479379461763292e-07 5.898986002961539e-07 -1.0293764274920706e-06
49 -1.1885756009518843e-05 -7.138255992135299e-07 1.6454530383740526e-06 1.5323048899586424e-06 -2.8234936151509764e-05 -8.00458080479269e-07 6.894117112302184e-07 -1.1389439383931386e-06
50 -7.709480918790961e-06 -4.121494777364874e-06 -1.8142862221700954e-06 5.560724487729012e-06 -2.4957946061111197e-05 2.9801602929441366e-06 -2.131346606331007e-06 6.502824744298228e-07
51 1.4092491371534276e-06 -8.000766378142173e-07 2.0716839676886395e-06 -7.338687804688507e-06 -2.5237885284577243e-05 2.723676992366164e-06 1.964017109711045e-06 -4.309255816698402e-08
52 -1.170533930200648e-05 -3.501348758139011e-06 4.472268206384663e-07 2.0974521529553095e-06 -2.3766575292609746e-05 -1.4055924171502247e-06 -1.224060178519993e-07 -2.1811494456234542e-06
53 -1.0909366618347863e-05 -1.962359440499433e-06 -2.2039274755288624e-06 5.173430713816219e-06 -2.643829011675471e-05 1.7250136485288183e-06 -2.328979227460911e-06 -3.168274974240257e-06
54 -4.717342593406546e-06 -4.981992055308191e-06 -1.090406872609243e-08 4.829945500736323e-06 -2.577003429429627e-05 -1.6713423931813027e-06 -5.070921794041785e-07 -2.7692497328181822e-06
55 -8.552563529121205e-06 1.1742083831029346e-06 1.1572728403866884e-06 3.248940545042931e-06 -2.3272924466339787e-05 -1.6051514585272583e-06 -5.503480686303013e-07 -3.040856579076437e-07
56 -5.610468444186293e-06 -7.543079487781347e-06 -3.468545660698309e-06 4.626537575621274e-06 -2.4703594035131835e-05 6.267548724358155e-07 -1.340469547087216e-06 -1.9604809891438064e-06
57 -7.625733527198679e-06 -4.0253173704019565e-06 -1.9006568486468749e-06 1.3171800247012677e-06 -2.2939743930794203e-05 3.525366840559836e-06 1.3099261994297424e-06 -7.861214680773666e-07
58 -7.362960470777385e-06 1.865305455970157e-07 3.5672320858488017e-06 -1.1876217936694292e-06 -2.734235969073109e-05 3.101825330990104e-06 2.5017177718879128e-06 -2.2229154853361824e-06
59 4.031409115516636e-06 1.3479214088959743e-06 2.854739506847154e-06 3.141717968514744e-06 -2.6438515377412086e-05 2.1579587130143123e-06 7.59183212469663e-07 -1.775129180147652e-06
60 -8.45003022187836e-06 3.6069514703028285e-06 -1.8186211869703864e-06 9.920474828663714e-07 -2.9252258026748182e-05 3.6230336425522453e-06 2.504805142352431e-06 -2.198646932270032e-06
61 -9.947000537886823e-06 2.4622906002216736e-07 1.8381687636086405e-06 -1.3279934303787708e-06 -2.6091236505638673e-05 -9.57831703542537e-07 -3.6416049457574533e-07 1.1549746217058085e-06
62 -2.3897074088224507e-06 -5.744184511346941e-06 -3.95978117186772e-06 -6.477433302317168e-06 -2.43809676449361e-05 -1.6104484546294566e-07 1.4647564698253469e-06 -3.7296461926046607e-07
63 -6.221254332888908e-06 -3.4000393062370774e-06 -4.496915451608583e-06 3.0186163081884988e-06 -2.66026022159113e-05 1.424083289993721e-06 -1.1964132268810144e-06 -2.866382355200173e-06
64 -1.034923254010474e-05 -1.4638377459238617e-06 1.6931804431175021e-06 1.998281873939039e-06 -2.6560491282204645e-05 -2.2251564069466766e-06 -1.905379150735668e-06 -9.271767265420402e-09
65 -9.419613334082531e-06 6.482563584900785e-07 3.886741614452161e-06 -2.0456418083372686e-06 -2.473291190109779e-05 -4.624950738704706e-06 -2.4827488940777717e-06 -3.3527291658163144e-06
66 -5.035540971972166e-06 8.419614806282449e-07 -2.4889165572769195e-06 -2.272982831627078e-06 -2.4984670029600162e-05 -2.9423163892705993e-06 -4.309243314586148e-07 -1.830181239604064e-06
67 -4.161666134056457e-06 4.35981242674307e-07 1.8860486214855715e-06 -1.959448799030244e-06 -2.2175607201129997e-05 -1.4305025724897592e-06 1.515541332521512e-07 5.865073416198236e-07
68 -1.1275122669119215e-05 6.151007984692498e-06 3.7472554238560203e-06 9.9248753670484e-07 -2.1662505745288934e-05 2.6455587604674733e-07 2.17400296603723e-06 8.928850132519615e-07
69 -1.2211119534533849e-05 8.084485733329755e-07 1.2672558347304202e-06 5.328054970077543e-07 -2.0265212739095908e-05 1.0341660397977038e-06 1.0593082546399485e-06 -2.256045460646065e-06
70 -1.9504525001537498e-05 -4.7042486125626564e-07 6.671045436908785e-07 1.2155122745529555e-06 -1.7123467380715007e-05 -3.2691024655389237e-07 -2.3058113410696134e-07 -1.406920812472982e-07
