1 -4.7504136679618766e-05 -2.3008959448006718e-05 0.0001664548464074254 -3.77843639002558e-05 -0.0004032372790254893 1.0427132466482469e-05 3.2895105331043105e-05 8.946378610657452e-05
2 -6.181842808693169e-05 -0.0001289741210747939 9.073301794716438e-06 -5.611604390551673e-05 -0.00013106435970943158 7.024073419043572e-05 -3.032972071471239e-05 -6.305420712205853e-05
3 7.340767051130547e-05 -0.00019477564812163511 -5.201505463662859e-05 -4.3595150502975295e-05 -3.846523927312206e-05 3.219088728694391e-06 3.952408285073592e-05 5.776447660011771e-07
4 -0.00023245287191007462 -0.0001354457211538312 1.3649838532606765e-05 2.7763710944334123e-05 -2.8994618069454456e-05 2.357400332760109e-05 5.8981190911821985e-05 -0.00022037834198005563
5 0.0001043842848370449 8.221180132766249e-05 3.7168977130045964e-05 -9.310534082224068e-05 8.083548918083975e-05 -0.0001433328329997287 -0.00015658811472127435 0.00018164694917629877
6 -0.00011146806536870773 -0.0002371625588308851 2.07830673086767e-05 -8.662690617238398e-05 3.951413138639559e-05 -0.00014767005640121568 -9.39387540203145e-06 -0.0001645447178972607
7 7.947735495169022e-05 7.674534191906336e-05 -2.7416553872601083e-05 -0.0003270574728300125 6.751780667441072e-05 3.252875697674958e-05 -0.00028289597299468777 -5.336842187819364e-05
8 7.247929019958433e-05 -0.00012159626706218284 8.415790086244263e-05 0.00011464540895908084 -3.742422540641103e-05 0.00010259819758701192 0.00011685786817175032 4.508088339806217e-05
9 -0.00026317392871581845 9.098054872073028e-05 0.0002732785253858785 1.610567178572943e-05 4.100083412554451e-05 -6.562139891472806e-05 -0.00015091175955853585 5.196260432329861e-06
10 -4.334980203836151e-06 -7.59988810418364e-05 5.992023913202822e-05 -0.00024266526010204855 0.0001519912411045406 0.00016710940773850152 5.73975072436955e-05 3.0478603891602755e-05
11 0.00030837813831005156 -0.00017321903112717702 -7.406649660930966e-05 0.0001884803719517719 0.00020744024594317919 0.00011118701094554112 0.0002853366721808482 0.00012289543087791864
12 -0.00019991665282594585 8.360582689701218e-05 -0.00029157688941625553 0.00019369650272327074 -8.560090148861231e-05 -2.237267993348154e-05 -7.160111837554057e-05 -2.174685129141627e-05
13 -0.0001495808607582369 -0.00030290590770673667 0.0002692331128881442 -0.0002456539450596128 0.0003011342645272915 0.00025934489404703096 -5.5146001531939415e-05 0.0003656582039856348
14 0.0001375137524449739 -0.00022934988406918516 -8.782335173710273e-05 -7.992520871946294e-05 8.444210420295576e-05 -0.00011399605617148811 -9.033270484333173e-05 2.6257587812566437e-05
15 -0.0003067378517129562 0.00011895467448808473 6.319475937980087e-05 -8.074302940413319e-06 9.575071558098575e-05 5.237661695297214e-05 4.9288175446504526e-05 1.0108913156389016e-05
16 0.0002769338217668241 0.0003173407785369678 0.0003697331222106551 -0.00018883796747748142 5.3357073914939156e-05 0.00011694122559234739 0.00015650548469283378 0.00023376026915471751
17 0.00020567932626538012 -0.00030833266957167315 0.0002190174181086101 -7.540342814171327e-05 0.0002827313890869508 -0.0001653134799524553 1.3077707632871804e-05 -8.658193351594442e-06
18 0.0004060261212920723 -0.00013137619294873354 0.0001832397981997986 -0.00031225602853205927 0.00021934121493132503 2.694023351659227e-05 5.2049131271623514e-06 0.0001283190319485066
19 0.00013338816942052762 0.00011884128346668204 -0.00036012765640413067 -0.0002618237700438146 0.00029169321567316123 4.947014408479329e-05 0.00010953253209642491 0.00011688031553561594
20 -9.984271055462088e-05 0.00042661293846905257 -3.113472836480968e-05 0.0003213965981455314 0.0002491011796131779 -0.000620179938789602 0.00027027644782619877 0.00019379323811787022
21 -2.3541120676511153e-05 -1.5256007282187143e-05 -4.803703195176174e-05 -0.00039679952044411275 8.806664460215032e-05 9.479460632979231e-05 -0.00017928298691086497 3.7039813411429035e-05
22 -5.76670025741143e-06 8.962384789394754e-05 -0.0001305392146419324 -0.0001314580835713329 -2.6505936853896792e-05 -0.0002508138809344939 0.0001330652571726995 -0.00012683422701917623
23 0.00010460102881598902 -0.00041515190259695296 -0.00015152638115256456 -0.00031206370617921684 0.0007890322069045232 -1.962848705197626e-05 -0.00019437731105383278 -0.0002240536593487944
24 7.861249710372221e-05 -0.0007297543946837284 -0.00030941751449571804 -5.348466342193747e-05 -0.00018418581768360346 2.136434756415535e-05 -3.9101313030470526e-05 -0.00033951810750909047
25 -0.00013610839761454848 0.0003449896720369617 -0.00037411849645282313 0.00033632844065097924 1.4137786815548598e-05 0.00016265089306334465 0.0002004608256888628 5.614969337507883e-05
26 0.00038364403007728836 -4.086633719629477e-05 -0.00034448781471940694 -0.0002948270363373064 0.00017120037975947906 0.00013736770468627846 0.0002907854171655379 0.0001602967217804433
27 0.0001921794905730843 0.0002227420336985725 0.0003314245440031733 -0.00025358095070890515 0.0002219080822208881 -0.00013015956918660686 -0.00022273368709408532 2.3096421631794857e-05
28 -0.00015101594205197392 9.230146637783461e-05 6.772455193729698e-05 0.00013197173613317925 -5.021883857944457e-05 0.0002784075397498437 1.6113190784722547e-05 -6.033864546459894e-05
29 -0.0001764318634000168 0.0002305646079371139 -2.1742830444616386e-05 0.00013844056215840564 -0.000153350307581715 0.00036791631635569195 -3.461231616219163e-05 -9.649125809993054e-05
30 0.00017376423564178186 0.0004443650818259809 0.0008172171593512024 0.0005119017624471916 0.00035674504302391174 -0.0002530864593260712 -0.0001277784114885341 -5.676238020987976e-05
31 0.000830937471178003 0.0006085306421491516 9.737871467269426e-06 -0.00030647781061777 0.0001331728626881966 -0.00020423923599109968 -0.0002329612069906294 -0.00029373955283294305
32 -0.00025691456183858495 -0.0005099077539661468 -0.00015960359140232256 -0.0004473240225101265 3.586097929579731e-05 0.0002702635426292256 -5.5004559414970934e-05 0.0002541542291276332
33 0.0005514070560061695 0.0004462903975911028 0.0006483720562805793 -9.44789235389821e-05 0.0006289893047701663 -1.6570474477309092e-06 3.885923128779187e-05 -0.00016446056421048693
34 -0.0003741233884048567 9.824860587247583e-05 -0.0005787712215707458 -0.0004960584509262249 0.0002022659078256078 -9.628356596865726e-05 0.00015441268992999845 -0.0004904703089088485
35 -0.0005879240298864121 -9.86392685051667e-05 0.0003384085365075123 7.378791467866063e-05 -0.00012581254600702786 -3.8849915597112e-05 -8.507591672844964e-05 0.00020487289920187
36 -3.494325911712829e-05 -0.00010679745485336275 5.388614368602026e-05 0.00014226964504080768 1.0970802757057898e-05 -3.3573467512624485e-05 0.00010790737647080228 0.00011995784822354005
37 0.0001664580373961272 -0.0004748368004322603 -5.326315789477409e-05 -0.0003473604938666678 1.293471768709089e-06 0.00027898147841475814 2.886628509223181e-07 4.1699032166732374e-05
38 -0.00014034728304343337 7.411495241834816e-06 -0.00012875899378602721 1.574601528171504e-05 0.00011705686233635975 6.343903261372231e-05 8.571014092681905e-05 0.00039289605257205717
39 0.0001643245908994691 -0.00032452426003854357 0.00012555016042455774 0.0005732372317552529 0.0003145304488863719 0.00027440199476354944 -0.00030292770505349674 -0.00014497791212951058
40 -0.00019323141461011253 0.00046851567461741886 0.00040567288030948073 -0.0005336046838143163 0.0002546882492962067 -0.000210065178077264 -0.00014101482755911473 -0.0004080221178304787
41 0.000556003471625513 -0.0009240498470253385 -0.00047593951723711044 0.00023891964313115785 0.00027683927828817253 -4.468701569344417e-05 -0.00040905053102609066 -7.732980099578395e-05
42 0.00012162000829213799 0.0001836224510928237 8.32227091860408e-05 -6.189810985006966e-05 0.00019932999821229748 8.958913606294232e-05 -0.00033707423166002637 -0.0003575536727351492
43 0.00043183785146362803 -0.00010884099724353538 -0.00022950200076806224 0.0004602544317154736 0.00016271761556561418 -5.0732101881994664e-05 0.00025902626698818897 -9.220147680567974e-05
44 -0.00047773039039097844 -0.00017499015760007885 -0.0003623877750303609 -0.00024058543147212333 -8.10143747006611e-05 -0.0005020615443507634 -0.0002294401803903669 9.0901827312607e-05
45 0.0009861397244945874 0.000309955202412438 -3.37304699452908e-05 0.0004691725196736993 0.0001727761354747778 6.88075076700628e-05 0.00029253957737164266 -0.00047542614523095285
46 0.0006256046580624679 -0.0005237750150978199 -0.00014484258108062788 0.0002544507939390076 0.00024296329102338002 -4.867921656566278e-05 -0.00025339019036864683 3.486328762162298e-05
47 0.00014190086988891216 0.0009248117198777141 0.0006491710382289417 0.00018313184935921459 -0.000548584933416855 8.306488426360506e-05 0.0006900097150797318 0.0004108497101437568
48 0.001193500663242531 -0.00034181620743260033 0.0005229856188171641 -0.0005184979531593537 0.0003120964111851764 0.0006116420445442826 -0.00020505280967990738 -0.00024330751316529547
49 -0.0006153610242146253 0.0003170982899596 -0.00029979665865648397 9.289904481013137e-05 0.000155868333374262 2.1895027732787163e-05 0.00013318538048917448 0.0002683213076544027
50 -0.000514601290912654 0.0005295121695863553 0.00016861827055796925 0.00030400535399586706 -1.565867047842234e-05 2.6069181591536456e-05 0.00018214292657986502 0.00018828885646197135
51 0.0009882302560868762 -0.0006698058319633484 -5.851276978548344e-05 -0.00033660846463675384 0.00023952775201416368 2.1177777647973e-05 0.00017834537909450104 0.00016666752010334026
52 -0.00022107548608842574 -0.0008185690293580385 -5.3409968430343896e-05 0.00043236489656834606 4.317463522251248e-06 -5.5831768942728895e-05 -0.00029904592610081567 -0.000537765410214507
53 -0.00010202818640775947 -0.0002487606828701827 -9.725910422012209e-05 -0.0006784050028928795 9.122898610694812e-05 -0.0003669599712706527 -0.0005961786207503832 -0.00020068432707311926
54 0.00021404925688026555 0.0006821231661413812 -5.918113977736308e-05 0.00016376642367404756 -0.00016720038661324825 0.00038943177763169583 0.0004897096029188294 0.00013973364906335649
55 0.00011080461909987643 -0.0007901583352548786 0.0002861990496071224 0.0009330405375539279 0.0001406470342782533 -0.00025720180680373464 5.067313459997429e-05 0.00030454663938519507
56 -0.0002276953189075034 -0.0006812545823477935 -0.001018830252296886 -0.000705427031316549 0.0004256802777086219 -0.00015554794382392222 0.0004578440039210939 0.0003385125065158301
57 -0.0001785051295299087 0.0006733935657788248 -0.00018236765760560117 -0.0006881283824957444 -0.00024955559848663714 3.0343824503180347e-05 0.0002720579946161306 -9.003020605868254e-05
58 -0.0006576850279322076 0.00031266110044974183 0.0009064102680468362 0.0005884394259912729 -6.259636128881211e-05 0.0003932899394107989 0.0009997007061325342 0.0003946290093712461
59 -0.0005767647397952477 -5.5085446316506545e-05 -0.00044209268351335935 1.4038032592373299e-05 -0.00041648736876661647 -0.00032952777421569533 -5.900709926382608e-07 9.542173042818759e-05
60 -0.001015300632420949 0.0005314402779590597 0.000539965491187488 -0.00030181033246377755 -9.650077041755962e-05 1.4235108325898925e-05 -8.282253982529856e-05 -0.0003631351652354459
61 -0.00010141076031571888 -0.0011498233491976282 -0.0004587294901831208 -0.001254595259342059 -6.548352282724203e-05 -0.00023710828684722255 -0.000302236917466764 -0.00014281579840023497
62 0.0008323294687571912 -0.00048463544810242986 0.0004728764160983759 -0.00020657206537056177 -0.0001229166793844567 -0.0002051218161844648 0.00026168709979828056 -8.487060381332813e-05
63 0.0014453149659061709 -0.00030126583328783467 -0.0003068661156781002 -0.0003718193522876463 -0.0001918281235476067 0.00013699360725249833 0.00027305904153877825 -0.00013321170062178538
64 -0.0006753702031017776 -0.0001222926877981215 5.287696404068715e-05 0.0002064049255154532 -3.71941738098816e-05 0.0004519457763260539 0.0007156943374531785 0.00012839978628576001
65 -0.0006496462374549066 0.0001232751124983479 -0.00016530825610571492 4.955604107139074e-05 1.4185386616317012e-05 1.4094042862639613e-05 0.00012244061060806175 0.0003183404197049894
66 0.0003013290646125562 -0.000947136788231998 -0.00037326591573626786 -0.0016692843242478695 -3.607037141287068e-05 -9.354906531112422e-05 -9.415120755275633e-05 -0.00048431098348147974
67 0.00014098455593477999 0.0009132379292657356 0.00039423323075041754 -0.0009122096473230946 -0.0003197621864655989 1.4697333289690055e-05 -9.929303171080988e-05 -5.172156340836888e-05
68 -0.0004034563465083922 -0.00011972530920617848 4.912994635497985e-05 -0.00012416099614113898 -0.0002328431830658457 -0.000148408521783136 -0.0004640350594651881 -0.0006059122956967794
69 0.00010904461023461191 -0.00020046727296696613 -0.0006439987016344051 -0.0003719746575068889 2.345691871268626e-05 0.00018184944808354077 -0.00011038119810894686 0.0005011465570918686
70 -0.001040232730865701 -0.0004509287192576931 -0.00022065697978621165 0.000502453889027079 -0.0004263684524126669 -0.00011003252377621487 -0.00022848452997604172 -0.0004268793439051285
