1 -0.0001033375333628812 -1.263295013880224e-05 -6.680672799074221e-06 3.532189955266726e-06 8.798039730721917e-05 -1.623769659149155e-05 -8.554574060557667e-06 -4.326816612198065e-06
2 -0.0001453425606673324 -1.4638817397067234e-05 -5.557065339946921e-06 -6.762034176298025e-06 9.714637307038049e-05 -1.3201031197824783e-05 -5.546265291032754e-06 3.481822533085574e-08
3 -0.0001280296084743563 -2.358593275768136e-05 -1.0035994978655688e-05 3.1705133271738172e-06 8.25417229234879e-05 -7.392169543602633e-06 -2.3106050784963574e-06 -3.235740107840057e-06
4 -0.00013561460022500416 -2.7420452871020915e-05 -2.4745411553477766e-06 -1.639450728906202e-05 9.977276369379121e-05 -2.957013219361589e-06 -7.488635466334446e-06 3.6595798108395527e-07
5 -0.00015569306590463338 -3.341646924877004e-05 -1.0564267725282445e-05 -8.599289665296898e-07 0.00010349452178193131 -1.2163283589864115e-05 -2.430583303160942e-06 -6.892889713184194e-09
6 -0.00013849571032478666 -3.175605459586595e-05 -8.58887191762756e-06 -2.473870560720318e-05 0.00010102331777005074 9.429801189087993e-06 -8.155634639813079e-06 -1.6337619107032546e-05
7 -0.00017320198172170105 -3.333947610014707e-05 -1.8309194685235527e-05 -6.244294181353125e-06 0.0001017897115858698 -6.232378246724661e-06 3.812470791705482e-07 -1.740677684669845e-05
8 -0.0001404209300722816 -4.451680385476399e-05 -2.4012153598354603e-06 2.4361004737190498e-05 0.0001110874062445301 -1.4269038208239668e-05 -1.0123573541453157e-05 -1.016578480515428e-05
9 -0.0001827300761156116 -4.279434791738568e-05 -2.324912290481474e-05 3.2088541811821024e-05 0.00010041053304601475 -1.0077454465044189e-05 -1.8241105064635903e-05 8.628942622915496e-06
10 -0.00016634834751374524 -3.4582940416806665e-05 -1.6993884106027603e-05 1.579004017920689e-05 0.00010175109358962049 -1.739832836573483e-05 -2.794584960825743e-05 -2.865940935072524e-06
11 -0.00016555367563128768 -1.0325295378594608e-06 1.8922236697275305e-05 8.328389508616784e-06 9.244941704435743e-05 5.661209066318935e-06 -9.786619089408296e-06 -2.8885076184356043e-07
12 -0.0001595298168826707 -2.694173119578569e-06 7.604827429132923e-06 -7.290061828624068e-06 9.33566086530844e-05 -1.1501776777867044e-05 -2.371092943757307e-06 6.892226195159663e-06
13 -0.00015361381586932014 -3.253465183809158e-05 1.538617940767442e-05 2.2089331113944375e-06 0.00011283550116535188 -7.110034468824877e-06 -5.994950600657145e-06 5.821464155642265e-06
14 -0.00017029882484434933 -3.580359230299361e-05 -1.6528771252771624e-05 -2.1794972782709496e-05 0.00010006487874327462 -1.211549053886769e-05 -1.828506112421476e-05 -7.870592746066315e-06
15 -0.0002026652927380155 -6.401825637598043e-06 5.3773810105955445e-06 -1.0486570209788851e-05 7.340934925827008e-05 -1.3302866165879412e-05 2.486315886262197e-06 1.975166153333585e-05
16 -0.0002235638290194588 -4.555623271896705e-05 -9.981872164640528e-06 -2.0370581846627207e-05 8.589772834189883e-05 2.1407833036265454e-05 7.902752747634773e-06 6.574953713320783e-06
17 -0.00019560168090785885 -4.9141785977944786e-05 1.265180924486399e-05 -5.139909920591415e-06 9.854351514657771e-05 -1.1016295153448265e-05 -7.294430864906447e-06 -1.4044180771447886e-05
18 -0.0001847566263145543 -3.387201381657084e-05 -5.981065232891858e-06 2.204726739744208e-05 0.00011620787165037312 4.191121380100534e-06 -1.5134009942131773e-05 1.6707763616028192e-05
19 -0.00023144843577037495 -5.312618593332749e-05 -5.594168578954776e-06 -5.178152776989635e-06 0.00010026859607978813 8.235594371320325e-06 7.929843149942183e-06 -2.4581518890650256e-05
20 -0.00023566444966611607 -2.6787938990200294e-05 1.978731638876209e-06 -6.913768230522099e-06 7.218119588768978e-05 -1.3174344633419599e-05 -8.547294238476216e-06 2.7589121835432964e-05
21 -0.00020591486775387062 -2.773186739117591e-05 -1.1094383141849149e-05 -6.7354363956780295e-06 0.00011209074886109323 -1.576626249995054e-05 7.347052013472205e-06 -1.0445611713014812e-05
22 -0.000194752885547965 -2.8792535227137602e-05 -1.87676685586879e-05 -7.286086213914554e-06 9.598271890067918e-05 -1.1218087598928335e-05 -1.3510382368010619e-05 -3.3017840837633337e-06
23 -0.00017301103725075293 -1.975653825152973e-05 -1.8292753172746472e-06 3.9039815824968176e-06 7.893193665931328e-05 2.3528083467259586e-06 -1.5668991049732893e-05 -1.5384486662340862e-05
24 -0.00019288680621765966 -1.929215391418989e-05 -1.976910347118881e-05 -4.6976089947076045e-06 6.911871023838339e-05 2.875368765825192e-06 -2.0085767430214603e-05 -7.628264273060405e-06
25 -0.00024188800554918213 -2.5082679574542152e-05 2.835723525668707e-05 -7.097100720020156e-06 7.05946134719759e-05 -1.2537426329550786e-05 -4.250453915788068e-05 -6.4868238350286564e-06
26 -0.00018774650120402883 3.66193706434622e-06 3.996418570531284e-05 -5.473118785999317e-06 7.937268147471364e-05 -2.4896203042203154e-05 -3.329928164176687e-05 -1.7106031292596276e-05
27 -0.00020099186394582764 -4.0376795120639625e-05 1.4354667720328661e-05 -8.805569380930131e-06 9.832388420384388e-05 -5.237665116365679e-06 -3.0073449447626453e-05 -4.733263674846027e-06
28 -0.00015151184695523168 -8.056748419665273e-05 1.536967841018201e-05 -2.924717324596954e-05 5.7598125608586296e-05 -2.0768860515387433e-06 -6.358923548386942e-06 -1.824506538418164e-05
29 -0.0002338326458221441 -9.979982198419846e-05 -1.1574831082089474e-06 -7.353343005344656e-06 0.00010202203050901749 8.51729176722127e-06 -1.4531000487110596e-05 -5.284981523744257e-05
30 -0.0002038564826529602 -5.635882361815582e-05 -1.2607327084586405e-05 -3.579892008779586e-05 7.615991828810666e-05 1.0755365981612633e-05 -5.103130090211835e-06 -2.7677200988852975e-05
31 -0.00021730544403710268 -1.4392400347708835e-05 5.101336288033388e-07 2.0458530643905688e-06 8.473099233623521e-05 1.0810361646464113e-05 1.0867859799292714e-06 -9.361800078108146e-06
32 -0.00019611227619044646 -4.0503681958603e-06 2.491567525228859e-05 2.9839725063555067e-06 8.584035048407392e-05 9.237321365262197e-06 -2.564411610800742e-05 -2.5353249348247134e-05
33 -0.0002182870260373987 3.340470152997753e-05 3.709705194706227e-05 1.5661855226727823e-05 9.726241789443107e-05 1.578842398522275e-05 -3.900762396001913e-06 2.48818797556566e-05
34 -0.00017108320023371054 -2.6276221167036363e-05 3.8595271514848e-06 1.893595758261059e-05 8.481122302395282e-05 3.2424714007019247e-05 1.1561678900804272e-05 -1.3292595678220333e-05
35 -0.00017414206502675453 -7.863685065321544e-05 -9.874313536503559e-06 4.244558623404187e-05 8.58901930011506e-05 5.1163971100546735e-05 1.8019490474848834e-05 -2.183176860475096e-05
36 -0.00022539883814431453 -1.806882428001573e-05 -2.107054304661641e-05 -2.92555337724048e-06 6.309271617895452e-05 5.807802821382207e-06 3.5592170309503846e-05 2.944079495596866e-06
37 -0.0001522090500193375 -4.1603078107304995e-05 -1.0130015017507589e-05 -4.97210515545124e-05 8.885639785253323e-05 1.53882158342437e-05 9.84644690923441e-06 2.3098720336812088e-05
38 -0.00019524638823146563 5.176362775838922e-06 -2.624040576740137e-06 1.3007357794935978e-05 7.852638251953387e-05 1.7287643746018035e-05 1.617355753569411e-05 -7.271129403707347e-06
39 -0.00014998549198797873 -3.2380675201053067e-05 6.75292039472554e-06 3.855276908404815e-05 8.304715277568793e-05 4.501492011287657e-05 -3.5662662842066294e-05 -3.0538664663311895e-05
40 -0.00022272391219954908 -2.8262917712711662e-05 3.1726475925814974e-05 6.737933436964015e-06 7.20157885535891e-05 1.953705239115222e-05 3.1289946166338593e-06 -1.3924795110133034e-05
41 -0.00019309590072787576 -3.0124311321555163e-05 -4.460218656709082e-07 -6.0257647934962034e-05 0.00011000973081074734 3.0451775788594413e-05 1.6715277812946017e-05 -6.549802028193268e-06
42 -0.00015499157033498572 1.824312332656608e-05 -5.5360702482614815e-06 -9.921695109732427e-07 8.231515414217362e-05 -2.5716743962739188e-06 -1.8085083473428192e-05 -2.174921034507853e-06
43 -0.00013364298018570444 -0.00010241179921831221 -1.3621009058205689e-05 1.7498630837980134e-05 0.00010876695309017131 2.185909900023804e-05 3.1951996260748333e-06 2.033840383120302e-05
44 -0.00011116126446738799 -4.749980349859684e-05 6.665834064605752e-05 -3.9668576780789295e-05 9.278918253310462e-05 -2.6432068164580104e-05 -2.1011263250740203e-05 -1.7276890915659418e-05
45 -0.0002406460218860049 1.7528792870464198e-05 3.440938490715346e-05 3.855249280204694e-05 9.744801408012288e-05 1.155724344323618e-05 3.021940879881819e-05 -5.227296988853845e-06
46 -0.00011911893271950548 -3.433906815496562e-05 -2.5850182374417866e-05 4.0705504877202915e-05 8.670604032829326e-05 -2.5712787854444414e-05 1.6665162373478575e-05 4.5052788927908457e-05
47 -0.00021666160816399948 -1.0755650762449891e-05 1.0285569826874614e-05 -7.421706908269112e-05 0.00010188063816348261 -6.202865738601129e-05 -2.7500092030581814e-06 1.817310307981605e-05
48 -0.00023223619323487635 -6.414834146896218e-05 -5.935842528595964e-05 -1.1857702370053737e-05 0.00010465788934467787 -3.4898576863993793e-06 2.0220953841185774e-05 1.3978136684743126e-05
49 -0.00021662169752894743 -1.9306805732158952e-05 2.2309822618255584e-05 4.521665933854124e-05 0.00012754063121725115 -2.9548471682153845e-05 -1.979729236206923e-06 -9.060059001582353e-06
50 -0.00022927392632748718 -2.671945963628722e-05 -1.5758369724318568e-05 -2.5068686029437564e-06 0.0001218439970649128 -4.036071652340678e-05 -5.219915380097109e-05 -7.523445489758239e-06
51 -0.00020646654628474773 2.3575911449790085e-06 -3.4203530487363894e-05 -3.608717255073209e-05 8.330800394139701e-05 -3.4346202124334727e-06 -4.298624786827079e-06 -2.0008714559939077e-05
52 -0.00030033663792444716 -2.4635209886057028e-05 -2.978354910476402e-05 6.37210598184535e-05 9.583011849384705e-05 1.1759820997078695e-05 -2.0004177957900063e-08 2.6024772517742572e-05
53 -0.0002556244942195236 -1.8481845945230794e-05 1.2715041585264654e-05 2.7588462436771284e-05 7.421134200415499e-05 -4.4754000511263306e-05 -3.239585685442969e-05 -3.807734828196062e-05
54 -0.00027440096971839754 -9.060218188303954e-05 -0.00010122567094395654 1.9590227511268594e-05 7.729112585189979e-05 -1.938957004338409e-05 5.142307465102441e-05 3.639369867673824e-05
55 -0.0001321026516819781 -2.749960200268062e-05 -8.920780523839967e-06 0.00013787299491440296 7.972329159127057e-05 5.779921130683824e-06 3.154482798368863e-05 3.5104205869878776e-05
56 -0.0002827155094513794 -8.061286020307322e-05 -6.922146467640268e-05 7.03804863958382e-05 5.6011344190543033e-05 2.900841407735631e-05 3.252184918470779e-05 1.2178818972989827e-05
57 -0.00012197557773566776 -6.278111635632058e-05 -2.7731900085536776e-06 0.00010025942995535691 7.9490382077745e-05 -3.9218476277947666e-05 -3.8209468261450226e-06 2.994774956388134e-05
58 -0.00016774057766535095 -3.3929010781353607e-05 2.81297099694944e-05 8.728721915160587e-05 0.000106113781652344 -4.370734747906122e-05 -5.573194547911023e-05 7.752813460610532e-05
59 -0.00016895273060553537 -9.523713706525873e-05 -0.00010893738150244489 -8.349148815827403e-05 0.00011818639643112732 1.1526682154276804e-05 2.864005676588352e-05 6.234240092320773e-05
60 -0.0001896218190192989 -2.690296799620751e-05 -3.031379349853096e-05 -4.395231684616037e-05 7.461498836365734e-05 -4.0343224346234864e-05 -2.3501466765195987e-05 -3.1309687514988545e-05
61 -0.00016616163829645476 7.052783814385158e-07 -6.957117867330317e-06 -4.681052011724242e-05 8.779753328878263e-05 1.7901229488020916e-05 5.614521059773381e-05 -1.7679523147340722e-05
62 -0.00029289597614592916 -3.663936374489816e-05 -3.748486656371887e-05 -3.579632370501199e-05 8.318143571202382e-05 1.1096492166843315e-05 2.294058961530702e-05 2.2824658431440962e-05
63 -0.0001990092086100106 -9.423878243159688e-05 -6.454343620161742e-05 -3.641591684457895e-05 9.037940815219871e-05 -1.8548749371012013e-05 -3.54234472305392e-05 -2.420409893366487e-05
64 -0.00015540375564187023 -1.980295102647945e-05 -2.33003262989785e-06 -1.8546631461151768e-05 0.00013819289148791938 -5.586173112157507e-05 -6.455897354259214e-05 -1.8163223352246904e-06
65 -0.00014707745047115134 -6.880147041690405e-06 2.0092755206419915e-05 -3.554759097305758e-05 0.00010611295304392743 -2.1609284044666964e-05 -5.232629008448094e-05 -2.63176443246011e-05
66 -0.00013326449635396676 -3.01253260772565e-05 -3.1277516416526335e-05 -8.721001025791716e-05 9.545089668022935e-05 -2.1238831432414157e-05 -2.1261377683878687e-05 -1.5604698241632436e-05
67 -0.00022618400283450226 -1.4390702166578883e-05 -3.371940925244331e-05 -2.4456250772681877e-05 8.471530859849113e-05 -4.434715892571491e-05 -3.490940696742291e-05 -4.321428677743754e-05
68 -0.00020171043269335455 -4.921292920856241e-05 1.6984059433772135e-05 -1.7528086904419003e-05 0.00012317987981829575 7.575881255881879e-06 3.166654118139668e-05 1.6913668756726536e-05
69 3.942165475178961e-05 -8.797285593253586e-05 -1.2358070568694059e-05 -2.9680773739246692e-05 9.437098497943305e-05 -5.011368682603946e-06 4.826911138364954e-05 7.620318452700247e-06
70 -8.297390997914087e-05 -4.940393099236654e-05 3.7201387873918326e-05 3.4441142496248306e-05 0.00010440733617494002 1.151454872972834e-05 1.1964139586048562e-06 1.6908755828958328e-05
