1 0.00034349226940477137 4.5734552248850334e-05 -3.419567963553273e-05 0.00015199390545402752 -4.8614905337065473e-05 9.994436046293773e-05 0.00012180080313505402 4.8746852221811875e-05
2 0.000238339701058087 -1.295984966736741e-05 -9.607918276169183e-05 5.007551998918311e-05 -0.00015150151565602863 -0.0002508483858063413 0.00011004646107956949 0.00015321365052958227
3 9.251521989187903e-05 1.2813667296220448e-05 -0.00015966795136873043 -0.0001476642534067346 -8.107722399956389e-05 5.4344667663058324e-05 2.607909195923262e-05 -9.789315154088282e-05
4 0.000253551959130508 0.00034472769463344036 0.00013715702835573776 1.2758158841528244e-07 -9.157198628165287e-05 6.965695834166801e-05 -0.00015086427811899722 -5.213189333894946e-05
5 0.0001233172480619508 5.109260451120361e-05 -4.649640466091778e-05 0.00011812367982015776 -0.00018059755090112564 -7.235075108695488e-05 8.229282599327873e-05 1.3859650796120194e-06
6 0.0005269617755619652 1.1487346702424474e-05 0.00014950932439827184 -2.5349744713789744e-05 -0.00019725183197128048 -3.6680337143818656e-05 0.00011016803189142366 -2.244904336989312e-05
7 6.806010756898591e-05 0.00013307651905600796 2.5287649296906423e-05 -0.00012248621033259777 -0.00022825518792326334 -6.226958566668598e-05 2.3136203491721683e-05 -6.664443409803532e-05
8 0.0006177450006769797 0.00034544670664432103 7.72328918030773e-05 -4.1044553870410916e-05 -0.0001044546578824787 0.00011460852192730771 0.00017048617827652656 0.00016227648982043163
9 4.339743848135531e-06 1.4925313210175962e-05 0.00011041212520433518 -0.00024047321696011716 -0.00016567870818468515 6.565481488812424e-05 -3.410192085198947e-05 -0.00017530151465691932
10 0.0002340264949562568 1.9646053285215068e-05 2.674696526576237e-05 0.00027589794884602794 -3.310545281439854e-05 -8.49101348035425e-05 -0.00010159094867335683 9.785246796140881e-05
11 -0.0002525315863472613 9.23854633369568e-05 4.366526785797382e-06 6.815591373569662e-05 -0.0003748484061240853 0.0002028486125354148 -4.610101813386339e-05 -0.0002330827263910757
12 0.00021403336060796447 6.152360492533784e-05 0.00018486039233228438 9.29972367705837e-05 -0.00011145925166457833 -8.388529233856319e-05 3.082018642806383e-06 -0.00014365755984367944
13 0.00027066662260094966 -0.00042254447447737293 -4.453420570986449e-05 0.0003097827178478053 -0.0003326279194359055 1.7386908896359572e-05 -0.00010929704953772369 0.00010107915398786942
14 6.0087245715456495e-05 2.3301507067095942e-05 -0.00012804570185236529 0.00011191260130150588 -1.6005809864170944e-05 0.000101991701160168 3.9411586880983473e-05 0.00023257730940347583
15 0.000546930419701268 0.0003777016312708018 4.987163825325544e-05 -0.00022766346311753612 -0.0003179486816695703 -2.7361833518750858e-05 0.00018820136957823868 -0.00018472376669477703
16 0.0002321487817361361 -4.481979360140378e-05 0.00024337223308656372 0.0002727334423662731 -0.00021160843523268142 0.00011176106765825633 -4.6847920023988655e-05 -3.7692800863453324e-07
17 -0.0003651330080339374 0.00030200958873438937 0.0003310229649648787 9.507175321877947e-05 7.15958365784271e-05 0.0002929099155095282 0.00025850785910800945 -5.275921296911014e-07
18 7.647587432732614e-05 0.0007811340784325726 0.00019494910986835075 0.0003962656484936767 -0.00022369505265999447 -0.00033938607821270574 -0.00039218914718453917 -0.00012366292667793043
19 0.00017950404946169546 -9.834327814462843e-05 -0.00037989572932620934 -0.00023400406028763424 2.8799976738250887e-05 8.989887837058112e-05 0.0001425270750871601 4.31712964164279e-05
20 -0.00036794097817085825 -0.00012651541298484202 -0.0001258391215680696 -0.0001838665404979865 -0.0003697195697373377 0.00015926198198673217 0.00016862597768990196 -0.00018224305647010586
21 1.745058734670403e-05 -0.0003300455011288053 -0.0003777544964287282 0.000316509703841296 6.0020971118253335e-05 9.791688469693363e-05 -0.00041593621501688504 -0.00024677761697248374
22 4.6454450292737755e-05 -1.31650720391171e-05 0.0001802085457633865 0.0001139247449147386 -0.00020674571068537653 2.8320860615252213e-05 0.0001220133002171215 7.294125596309713e-05
23 -0.00012371171327453542 -0.0004057239508275222 -0.0001155431817647939 0.0006154803887021489 -0.00019361536654450965 -8.443521787568517e-05 0.00014460887523002133 8.54058272713266e-05
24 0.00034295816858670317 0.00010217844686204986 -8.860538787784525e-05 9.365137140648325e-05 -2.5088243539337346e-07 -6.517511452566769e-05 1.192557299385446e-05 7.731661472541977e-05
25 0.0004215993086599364 0.00028440261674092705 9.582434795567116e-05 -0.00011577875114169232 7.988453517134716e-05 -0.00021728541219818043 -0.00019445648593930542 -0.00022456550120795942
26 -0.0004034713154831477 -3.841194397482876e-05 0.00015951667022970201 2.5655472024978316e-05 0.00011509311915098672 0.0003793211067728814 0.00010366113110300045 1.330471728313746e-05
27 -0.00020276231019313257 0.0003993053497990027 6.612980456906849e-05 -8.970768530857004e-05 -0.0003234872547696297 3.705460177410129e-05 0.0002904402026695748 9.831428306158166e-05
28 0.0006317363463364432 0.00035451843214370543 0.00032121121518645574 -0.0002750380032529066 -0.00015780538840843818 -0.0004823265090456347 -0.0001761329831986924 0.0003853184760796209
29 0.0002383859054278921 6.611537211647967e-05 9.908188858739978e-05 0.0003805584075613644 -0.0001299679213723133 -0.0001371065316621228 -0.0003744328964045592 5.8759667111681486e-05
30 0.00036646253019314906 -0.0002662674322249212 -0.00043444404510918324 -0.0003389908821335435 -0.00012559349496185662 -0.0002355523323865032 7.319145338750939e-05 0.0002268958605190845
31 0.00032336241726554606 1.7171995743073094e-05 -0.0002636355845148224 -0.0003386773788758434 -0.00015840366584475864 4.5110158587548584e-05 0.0004999533044121522 0.0005038392595301807
32 -0.00014628558127115614 -0.00031802908044151765 -0.0005097773214950056 0.0005793467485747649 -0.00021975307099909505 -0.00017286697343175985 -0.00034223785816663715 -0.0002622634618787919
33 0.00018884958679387686 0.0003419445357396773 -0.0004043504124510323 0.0005083803377302989 -0.0004975060812813354 -0.00010944855650742867 0.00030672240803104737 6.334473165200982e-05
34 0.0003280258141285438 0.00047460963580312783 0.0008895900592620062 0.00015325759985947314 -7.081194218683141e-05 -3.237911405981684e-05 0.0002640908865956859 0.00037203620930418874
35 0.0006205615381532428 -5.510578374383438e-05 0.00020578313151515062 -0.0003597326205030671 -0.00014370004749050239 -2.448476086087935e-05 0.00011544927061235342 1.6917599343468383e-05
36 0.00038714814579428303 0.0001541084282791096 0.00027806073020029325 0.00038702433492658595 -0.00044092783904701777 -9.250205956873607e-05 0.00016502650525579627 0.0002665643574369667
37 0.00012839831726582383 -8.030801321600383e-05 0.0001480524189698888 -0.00032170103976280896 0.0002924942826890392 -0.0006332833841545854 -0.0005308838209196279 -4.510084369957658e-06
38 0.0006323862121151017 0.00010355186507029479 -7.344382799096955e-05 0.0003197255326564852 -0.00031233528687234647 -0.0001363890437033973 0.0002471793125114732 -7.40000222807501e-05
39 0.00016764266817393954 -0.00020634971536822105 -0.0001270413148308034 0.00010651078577239592 -6.152794540596098e-05 -0.0003893374261507727 -6.329462406265494e-05 0.00015038876340498828
40 0.0007436671307294235 -0.0003412034407682355 -0.00012899392511457413 8.206427003512548e-05 -0.00014788055918326341 4.476717746209181e-05 -0.000155098964583869 -0.00024020808749792473
41 -0.00016810656166448863 -0.00017410927185429226 -0.0003600234700951604 -0.0002780354156496448 -0.00043114557641350234 0.00018180011492455853 -5.9376485575997104e-05 3.3314474742258842e-06
42 0.0006468922682197094 -0.0001874525504616115 5.178906614688579e-05 0.00016327257306871125 -4.6151888517090224e-05 4.159647327102153e-05 0.000539307263877178 0.0001300017304493435
43 0.0003299335405139932 3.402236640663162e-05 0.0012428756375035262 0.0001923168677148581 -0.0001577974947230426 -0.0004135001050847708 -9.24356918519656e-05 5.524883106935324e-05
44 0.0012383020199102717 0.00046654348767178835 -0.0004931947043637772 -0.0002400569982790398 0.00010812929297862464 0.0006837523168438456 6.0643733799582094e-05 -8.15924227362774e-05
45 -0.0004447355672416104 2.873829204057195e-05 0.0002717517688163522 -0.001146010902665387 -0.0004430931453920908 -0.0001952801715795033 4.8080217919539714e-05 0.0003171077080844684
46 0.0004520329875941114 -0.0001365604983801977 0.00041439251634300874 -0.00015082816558152978 3.979735884288205e-05 0.00011056635376839598 0.00021718384648709564 0.00044200865367978936
47 0.0004249788480605198 0.00020145169226121513 6.793771323777354e-05 8.045369930333327e-05 0.00021184045899572416 0.0004829949177432606 -0.00018759225612866335 2.2842711697621425e-05
48 -0.00043717598645134817 0.00013825662497044406 -0.0003033443439407636 0.0008727904350778262 7.486048437890478e-05 0.0002057336535768565 -0.0002478816759636912 -0.00036023060737864836
49 0.00013816318973883365 0.00024631836913832297 9.548430559326442e-05 -0.001400827355302018 -0.00023018343938519009 0.0003830192246038504 2.837617460271228e-05 -0.000279311295316294
50 -8.246187188723138e-05 1.19749699036747e-05 -0.0003527439311914166 0.000880142853538667 6.405892435673581e-05 -0.00010632453609121505 -0.0005131850359903197 0.00018028688638216514
51 0.00014226730224270128 7.240525327132226e-05 8.645390439984204e-05 -0.00037464713736024425 -0.00046526612621886163 0.00013370852363533102 0.0003771245035210385 -0.0002173030398103519
52 -0.0006488059536266965 0.0005379323410465127 -0.000790086231521938 0.0012692645276204085 -0.0002632980345214438 -7.92943437978517e-05 -9.934915481883896e-05 5.115187766558344e-05
53 -0.00024922795186246025 -0.0002932173779378488 -0.0002464551615318146 0.0003913618901633158 3.66361349307024e-05 0.00023020825546600211 0.0001495916927812848 3.2174786627329756e-05
54 0.00032805472526513456 7.845494210157822e-05 -8.764742166755266e-05 0.0005653898647090169 -0.0003365170708080916 -0.00011997242306635328 0.00012669546105177257 6.972546399423781e-05
55 0.0011336745739273857 0.0010704817979620975 0.0004312459023293752 -0.0005898336925768572 -0.00020893996277103447 0.0008755634051351138 0.0005663039593906734 0.0001492719039339942
56 -0.00038296810394629767 0.00024108136683310152 0.00012678685902342763 -0.00041066973655037994 0.0003446695186428943 0.0006444428392263439 0.0005909300559636007 3.345683934261947e-05
57 0.0005490033148010646 -0.00017144519435200633 -0.0005473013870216354 4.963848176856273e-05 1.3904920686756537e-06 9.22166153149767e-05 4.0811516798848845e-05 7.58540389228573e-05
58 0.0014989731015190228 0.00040427714305112393 0.000438254152622406 0.0007974424026983621 -0.0005921073353051846 -0.0003863253426063608 -0.00047570946354379617 -5.237631647752472e-05
59 7.465676569152103e-06 0.0004986541944521498 0.00015452197935512065 0.00037981367834570947 -0.00014691643387470843 -4.9507357440226335e-05 7.739255916564808e-05 0.0003741429478566965
60 -0.0005658782004368296 -0.000774001720179098 -0.0011745915312286088 0.000883188755255108 0.00017780318010948584 -0.0004543589482965997 -0.0006804674211063717 -0.00011596137610549866
61 -0.000349965490757016 -0.000437016210566217 -0.0001420803920902257 -0.00016729897263119796 -0.0007581403704293678 -0.00027500134699587835 3.703569643859418e-05 -0.0006755562818528337
62 0.0012724373225855904 -0.0005307907040872879 1.0188572107769536e-05 1.7296217267153963e-05 9.169679998624833e-05 -2.6579115755418072e-05 -0.0003113814593904655 -0.00014594646024720785
63 0.0005808444963049398 0.0006789628082043169 0.0007543440718274461 0.0009999906713219393 5.1721163168265535e-05 0.0001854157799855085 -2.201247981152499e-05 8.791225068234243e-06
64 0.0007518804320846378 -0.0002128068875443302 0.0002657603068027669 0.0005767733577056053 -0.00028629022456776426 -0.0005474349130413439 -0.0005847317496313809 -7.344601863819219e-05
65 -0.0004805727384365843 0.0004315369829915713 0.0002390814034607568 -0.00010876091299943548 -0.00014785774486235102 5.424668484106655e-05 -7.984865593255153e-05 -8.832802627671047e-05
66 0.000545859482646363 -0.0003071963979062436 -7.767197009429627e-05 0.0003504136579432962 -0.0001474661810590256 -0.0005159229606282981 -0.00047515249801187816 -0.0005361279693328568
67 2.85070459237352e-05 0.0005666498311097167 -0.0001482625008940995 0.0006883495596779913 -0.0001675076676193214 -0.00014571682026886287 -0.0003183107070554993 0.00047026579922586034
68 0.00010055696528651434 0.00048299836456503886 0.0007324298079563166 0.00022916486547789358 -2.7477220285312067e-05 -0.00016643370103495625 4.541291444286871e-05 -0.000179439565595185
69 0.00025141988925225073 0.000512978773146461 0.0005525983716046187 0.0012337372350218056 -0.0002843686111811755 -0.0001930632289625681 -3.382878245346126e-05 7.902545611687139e-06
70 -0.0003826702959830803 0.0005245363165646303 0.00024313010630326316 -0.0004763024323951673 -0.00012745490311562218 0.00011341074157685395 -2.4221525261009056e-06 -6.756189630086552e-05
