1 -0.0002746407222394854 -4.033560339378584e-05 7.313201162851814e-05 -2.6915621880202006e-05 0.00011714733417411506 -5.9401215160757005e-05 -5.0549718946883885e-05 2.760002484721031e-05
2 0.00011531764439673333 -0.0001726698212245408 0.00015225636183888595 1.623012196461044e-05 0.00029912101820829155 -9.014761063656993e-05 -0.00012981018609370257 -5.976225486930715e-05
3 -2.9632764639332764e-05 3.689486009410752e-05 2.467464776730407e-05 4.262723879103418e-05 0.0003395595442638779 -3.671164119056057e-05 -0.00011962378597464541 -0.00021132725722823904
4 0.0003750951990026084 0.00011075030666036023 2.1506959428131255e-05 -0.00016520390714716904 0.00037479225333226563 9.874736981643416e-05 8.197932136622053e-06 -3.3579368569336534e-05
5 -8.821990579756494e-05 0.00026266030917758106 8.639985577099931e-05 6.064794522115609e-05 0.0003871186139756996 -0.0001688938579873377 0.00016868502689818733 1.4870713468586006e-05
6 -2.901823159372466e-05 -0.00013864732892153954 -0.00022378142955313028 4.8124242012369125e-05 0.0005969830547669921 -0.0001665432788199491 7.518534948111845e-05 0.00018627473753483542
7 0.00016815619467927558 2.5581894224686023e-05 7.323276142286449e-05 0.00031574120065282066 0.00010795775402008741 0.000293812416313876 -0.00018321950829079767 -0.0001129511830221144
8 9.807508033472253e-05 5.9748759363248196e-05 9.596138480930761e-05 0.0002629007577071443 0.000369513157449663 0.00013704559256697333 -0.00020935309433175355 -0.00012918915576800566
9 0.00022962186184208067 0.00018765319465615597 -4.824985763018001e-05 -3.18849865444051e-05 0.0005661901774640199 -3.527529034691477e-05 -2.1229185143990626e-05 -9.759275778162862e-05
10 -0.00039344228295632843 4.4330533550363177e-05 -4.8490911878517105e-05 8.106933444604847e-05 0.00013169024365355958 -0.00011467375704841196 7.676169341196648e-05 -0.00012094806669908432
11 -0.00017173717248262336 -0.00016194808957511588 6.280557487973327e-05 8.705881234319536e-05 0.0004641066048046913 -2.5873567664030773e-05 0.00018812577538637808 2.8196999145317486e-05
12 -0.00018062640765745142 0.0004416607600725145 9.562711801845315e-05 0.0001333892189093294 0.00031992968546517897 0.00021394766111418188 6.519969310801594e-05 0.0001461193824545105
13 0.00013563620417765855 6.942513302946934e-05 -0.00013933548573414218 -0.00034673504060641464 0.0003285484361539259 1.1168985441550327e-05 0.00024117850959188173 6.3016659672416865e-06
14 -0.00015480352488998463 -0.00017451101311831885 -2.602156804481595e-06 0.0004101286738111156 0.0005956547052293228 6.27626610370998e-05 1.862143693631109e-05 8.09600547911441e-05
15 -0.00021708667716918129 2.4324439435969498e-05 -7.610288550882204e-05 -5.081689622675319e-05 -9.763934437090056e-05 2.9300173847962733e-05 -0.00013456412601051988 -5.930556457427347e-05
16 0.0001855082309466468 0.0001923314312774101 3.1094369029790135e-05 0.00023126603975380525 0.0004280897485696788 -0.00013880669686868954 -8.409655978384089e-05 -0.0003334330024354918
17 6.605336587736326e-05 -0.00015259390059401223 -0.0003854780798985095 -0.00027658578730865656 0.0004224306509902917 -0.00013131894553275954 0.00013138381272849477 0.0005437750141555391
18 1.3802874567638183e-07 -0.00016985998359470646 0.00030516534360698253 -2.727922550208024e-05 0.0004984223867018605 0.00017694050929870455 0.00038330666535258935 7.838361310651517e-05
19 0.0006883481572290584 7.033876521007512e-05 -8.886606647448576e-05 0.0002579667229109606 0.00044901625623272243 -0.0001227895933608887 0.0001443888948061911 0.000138665961106919
20 2.5686466883127063e-05 0.000636711287793966 0.0005210118088488058 0.0002746167476675494 0.0003782206655814172 0.00014961540598097163 0.0001464510456267881 5.043950223926598e-05
21 0.00011596335435899367 0.000769823774018505 4.7845346579253266e-05 -0.00035991812139124735 0.00011590736841101277 -5.4477987260832405e-05 -4.995547804790477e-05 -0.00033155952192182156
22 -0.00010612675890019013 -1.2743157506756984e-05 -2.2703803297015436e-05 -0.0002650422515407816 0.0007851159498301957 4.716156751258873e-05 -0.00010389745210399413 -0.00011372604256147796
23 0.00038091399528711166 0.00017404434404630665 -5.725681297192279e-05 -0.0002723857870548923 0.0004171874609695411 -0.0005998386731262554 -0.00024886231849004134 1.154174738443705e-05
24 -0.0003136096377678628 -0.0002314035268866737 6.207734356320808e-05 0.00027694748184399086 0.0001719312131356376 0.00024734254567489617 -4.7485172465193965e-05 -9.939711767189225e-06
25 -0.00016987997520975041 0.00018020458905898047 -7.73238508013454e-05 -0.0005648745024302046 0.0006407962623621378 -0.000262572422694237 -0.0004686838188061411 -0.00029051150650323256
26 -0.0008494087758452159 9.603894743835586e-05 0.0003223974476095125 0.00012289633030475376 0.0009709152959327725 0.000285316033540142 0.00029948765008183404 0.0006077591648846082
27 -2.6717325787523087e-05 -0.0002850965670676619 0.00023762681890841604 0.0006673793203282095 0.00041156025715505685 0.00012682400995325672 0.00040321325756419705 -0.0001652198194639641
28 -6.867129374969785e-05 -0.00040096635323618954 -1.2942965808367869e-05 0.0007912966205602548 0.0009487961768185847 0.00017436901472911773 0.000665138695727692 0.0004073650862385114
29 0.00045046782530577486 0.00011300868482664157 0.00011685457457321902 -0.00021315358041682023 0.0007322711961502247 -2.2196823967418433e-05 0.0002439560956315963 0.00029454427232924714
30 0.000740595181759977 6.473789717227309e-05 0.00019958923262310341 7.419664793486256e-05 0.0003030536707540106 0.00010382203146962573 -0.00017669121817204432 -0.000605252629541738
31 -0.00022873784062729305 -0.00022401640304170884 -0.0005035510207255857 -0.00024794592634917354 0.0006307058497942941 -0.0004498251704460222 -0.00010119947381694686 0.0001016047022863256
32 0.0004784690971214211 0.00016673694381903994 0.00044859414172794017 0.0004524034772351694 0.0003806333082610061 -0.00024059615506336274 2.109074585246128e-05 -0.00029997219061468215
33 -0.00020904115881109373 -0.0005369151832924407 -0.0003661658197782018 -9.877134868395082e-05 0.00026190780184379126 -0.00047653990287718545 0.00025332429463805677 0.00046767974465547214
34 0.0003874958845675209 0.0006183482170850005 0.0007593868171281846 0.0006981961583509045 0.0007743229644592353 0.00022428573890283742 0.00012873068147392167 0.00021046362034477333
35 -0.0005516170359598837 -0.0008748948454930498 -9.15539843537016e-05 -0.0003175391928013289 0.0003510525617532952 6.16657876626546e-05 3.1892209097152196e-05 0.00027076813443753034
36 -0.0009475058347776496 -0.0007127085988979866 -0.0010421608224702456 -0.001314150828057744 0.0003152116152865792 -1.677326035470361e-05 -0.00013755887662968085 -0.00034503170421880256
37 -0.0016673076734529822 -0.00020797470060001576 0.00017394293303145804 9.74215913089996e-05 0.0003577531886500393 -0.00010656818224820427 -0.0006900422790909928 -0.00020485528632391696
38 -0.0004611169522140626 -0.000336318057165153 -0.0005832769418619994 0.0002865688477203663 0.0006516026485697974 0.0006273335104685617 -4.6990267758281946e-05 -0.00028142756847204445
39 0.00010826309994657553 -0.00021330045101562752 -5.2237024501221115e-05 -0.00014764582712746948 0.0007698198294654045 -0.0002999404945715677 -0.00034997705963016074 -0.0006625254855339623
40 0.0011428979855720059 -0.0007575454369113837 -0.0007849166380960156 0.0009231386877937317 0.00021463073105409584 9.002647841860236e-05 0.00020765088537039048 -8.504689999358205e-05
41 -0.001761746948529416 -0.0001598239147598492 -0.000491706355895952 -0.0001441650364606555 0.00012380719505644238 0.00013699865303483787 0.00031332548688026976 0.00028821264099636415
42 0.00021255083780796378 -4.078307465269064e-05 -0.0003742753455351572 -0.0005127788604912367 0.00042172383364796575 -0.00036343643184254184 -0.00018964112754496688 -0.00028872148840092303
43 -6.587152455313482e-05 0.0007260095084190381 0.00023794926668773537 -0.0005583141226828557 0.0005677471518272052 7.959031731590881e-05 0.0003116699729403251 -0.00026139105783910344
44 -0.00022719663025329667 -0.0004758433309039266 -0.0007545741120720874 0.00044980194507231473 0.00013204915181252053 7.308132143588084e-05 -0.00030828891756435115 -0.00021914354975188744
45 -0.000526058394363517 -0.0006743824013069914 -4.244472896267473e-05 0.0006186586225464341 0.0008457595570102094 -0.0005615331918840062 0.00022768502349927982 -0.00018178718578309414
46 -0.0005665520431022545 -0.0005011338281183404 3.064555788882757e-05 0.0008396082360045606 0.0001566042421346657 -0.0003322929485132606 0.00014243014827411987 -0.00033387901118648553
47 -0.0006935218026796275 -0.000256152868554353 0.00015697323296232584 0.0010039012388464402 0.00034018518477359395 1.4087362324435065e-05 -0.0002096188813419108 -0.0003080015875254942
48 0.0004182733701836831 0.0010088502229236333 -0.00042098629174291985 -0.0009712986888101887 0.0003616852185289622 -0.00017880959292121298 -3.340381118386383e-05 -0.0004899909442935339
49 0.0009923040400323633 0.0001878506908830734 0.0005737176493791793 -0.0003499749680212484 6.602900890205292e-05 -0.0003452385766477985 -0.0001586596696787642 -0.00032008091457184435
50 0.0004859277198235208 4.413338796530584e-05 -0.000586131969243284 -0.00011437881755952612 0.00030753571010475614 -8.058906116174175e-05 -0.00037339493265921 -0.0005286892538054331
51 -0.00012038290095790672 0.0009656270893133079 6.376564083915966e-05 0.0003915310889146515 0.0004382114924836174 -0.00025644063167459564 -0.00020196931706910215 0.000604148420741429
52 0.0006798692981322841 0.00012307960502386494 -5.572049021733913e-05 -0.00010932313990570254 0.0009436085306604565 0.00011487957154586829 0.0004677183231244319 0.0006176759895637302
53 0.00011365544162467023 0.0006838309232296329 -5.515453074095931e-05 -0.00017809009893798644 0.0007794753298141751 -0.00039095469269573806 -0.00045300284570832757 0.00029614513317292125
54 -0.0006218406495642913 0.001002545350235877 0.00032424617226374 0.00043669144747628336 0.0003207957387210852 -0.0005017962742575002 -0.0007013927423240836 -0.00048568168925480917
55 -0.0015261133605821364 -0.00039759082448405147 -0.00031882767064690914 0.0001257093119881412 0.0002970749721444909 -3.4761544232340375e-05 -0.00011817784841460013 -2.7329580793600312e-05
56 9.015302421661754e-05 0.0008640701493093268 0.00043520459861633837 -0.0005821453218160412 5.810771753040406e-05 -0.00019065791906230445 8.935812952895952e-05 -0.0003199876860009132
57 -0.000736661957835907 0.0009083134939611391 0.0009082101361547527 0.00016494742280820222 0.000743761188789413 -0.00010780606977624224 -0.00011292984776235045 0.0003983497926488599
58 -0.00034885699995076876 0.0005219816806759176 -0.0008351750454806017 -0.000469279110383218 0.00042897763468911234 -0.00032133948304269565 -0.0007892439269845062 -0.00023915764591678115
59 0.0006854024230121966 -0.0013210214927669244 0.0006718313080297073 -0.0004916713016823833 0.0004988159826625106 0.00030022963480708456 0.0006821151896892765 0.0003802793529973337
60 -0.0005840854122723852 0.0004676235398989156 -0.0004090287686044537 0.00038384517446181843 0.0002653244624242368 -0.0003184865899260963 -0.0004598206488892111 -0.00013876767547660806
61 -0.00015487070168883517 0.0014714810082102718 0.0008958426436125017 -0.00022077055910912506 0.00028259971811247104 9.570451280894275e-05 0.000590190620734618 1.568781967742404e-05
62 -0.00015901065051969961 -0.0009189988588239423 -0.00039049182631898245 0.0005837946361679431 0.0004907410441498176 0.0003796783633177825 0.00032611579655045367 -0.00023395935952927785
63 0.0009678066843939808 0.00032113362825645194 0.0009579385580986339 -0.00013803152271477359 0.0007092720793750157 0.00016389368504063072 7.223060277869121e-05 3.396861529595327e-05
64 3.0113819431522332e-05 0.0004266616945264527 -0.00038447672460248 -0.0008004831287272549 8.992676968263485e-05 -0.0001047417822506805 0.00016812947418247122 0.0001994279022134675
65 -0.0005208938291783291 0.0007353074408356974 0.0001499242383902127 -0.00029709772865182813 0.00019507607846786082 0.0004646011687132532 0.0005116892143087232 0.0003215715012792103
66 -0.0004940282733442615 0.00016002438251533574 0.0005927280217057031 -0.0008526455709126956 0.000862867036812948 -0.00044680880941195134 -0.000646561897996434 -0.00019068058766842964
67 9.551164593229077e-05 -0.0004927943744959184 -0.00031369176401017647 -0.00011356997857639327 0.0003990499286485684 2.4212789457676048e-05 0.00030478632936256037 -1.3672236934528574e-05
68 -0.0009952166192042917 -0.0001953856303825757 -0.0012797893565311483 -6.971671059213758e-05 0.00045679845533346826 0.00022389281691091617 0.0004232018535335283 0.00011540037412667117
69 0.00010072175042660264 -0.00018592875329278408 1.580657997394697e-05 1.9261366451163526e-06 0.00046757645912186654 3.982516832847975e-05 0.00031048018018109283 6.38414598394182e-05
70 0.0030543319792333008 -3.147646895860169e-05 8.359890583590132e-05 0.00030378730698560775 7.83790843256779e-05 -0.0001250445733810531 -0.00021196111287972498 -0.00015974076629466256
