1 -4.2368229458131136e-07 -2.390957903277656e-07 -2.659687328878554e-08 -1.2290362293199332e-07 -7.179104612323551e-07 -1.2945041847698203e-07 -1.1699226906439379e-07 1.3622154341924533e-07
2 -6.228350138317861e-07 -5.249816010458461e-07 -2.7336550629669173e-07 7.822006186515598e-08 -1.9963376692159663e-06 -8.069295459641629e-08 -2.8236812867850673e-07 2.0878819649657518e-07
3 -9.953119243610358e-07 -5.324100809711527e-07 -2.1081307109499426e-07 2.8007653524453972e-08 -2.3102689901526304e-06 5.7064373590185867e-08 -3.201203785203222e-07 2.9086036412175765e-07
4 -1.1107526713591995e-06 -4.2406972776668893e-07 -9.008573108705922e-08 9.115479122744614e-08 -2.4819523104342985e-06 -6.07982700437678e-08 -2.14943661022239e-07 -1.592935012823772e-07
5 -1.317267233715111e-06 -7.758212573491228e-07 -3.1162367838933836e-07 5.56618250037592e-08 -2.626775329379391e-06 2.5343223412366376e-07 -1.3831942662615854e-07 -2.539003846320052e-07
6 -1.3042068653346322e-06 -4.592711556908054e-07 -4.6697454489647516e-08 1.0254743433289947e-07 -2.460566821011062e-06 2.67503363794472e-07 -1.7984174231253845e-07 -4.627095403322709e-07
7 -1.223661211729317e-06 -2.976762851036067e-07 -3.175326113150502e-08 2.5052063626003994e-07 -2.96930032982962e-06 -4.144711791089078e-07 8.917858263168848e-08 -3.9487869945339434e-07
8 -1.2125821219217094e-06 -5.058844548102768e-07 -2.0410528217744862e-07 1.4447226750597771e-08 -2.856238867581203e-06 -1.6975328180545952e-07 -1.4992939375272132e-07 9.168943367057816e-08
9 -9.726319724961537e-07 -3.1384215630606016e-07 -1.166045211115217e-07 -1.5026855272430846e-07 -2.8310763080173183e-06 3.125818837841769e-08 -1.6393266793775727e-07 -3.11262119316556e-07
10 -1.6169463054298407e-06 2.6357861832185885e-08 -1.822768496595329e-07 6.659565794008674e-08 -2.6565066862954423e-06 1.759811648477155e-07 -7.998368597082962e-08 -1.8523323213960443e-08
11 -1.6244078151802668e-06 -3.714641418977743e-08 1.4413048944420823e-07 -1.3749260236278396e-07 -2.939311364371087e-06 2.855734100431328e-07 -1.2122935108785207e-07 -1.494185261749489e-07
12 -1.4114752222731102e-06 -2.9479463274463765e-07 1.544190162805756e-07 2.6860329283115615e-07 -3.2714051481228593e-06 -1.2582739226714347e-07 -5.7867060833078315e-08 -4.807932602396932e-09
13 -1.2740126577457704e-06 -7.261627202946946e-07 6.90106375998896e-08 1.419037168088523e-07 -3.102852082748574e-06 8.225283467226448e-08 -2.2263538798316574e-07 4.6487836528150067e-07
14 -1.175275643260591e-06 -3.816179287790135e-08 -7.566285182505053e-08 -1.2955530742078203e-08 -3.24209711415013e-06 -3.315441465245729e-08 -4.153742669927856e-07 5.637549829098483e-08
15 -1.4423779229562459e-06 2.882508503082974e-07 -4.8425218168147616e-08 -1.0311351709652834e-09 -3.530714677700805e-06 -2.779157497693043e-07 -4.4064631864428796e-08 -1.0785338234116448e-08
16 -1.489097800037307e-06 -5.981874320829836e-07 -4.5976056896569123e-07 3.475328532661638e-07 -3.255337498172629e-06 1.558966838291221e-07 -1.4860651976828383e-08 -1.9890998915405146e-07
17 -1.4468564366422577e-06 -2.8901001163283944e-07 -4.4246233420739957e-07 3.431982953305324e-07 -3.460102308423629e-06 2.374670821977069e-07 -2.5252942604003277e-07 -7.106716370257953e-08
18 -1.3248337886027384e-06 -1.6305873563850084e-07 -2.3259069717449004e-07 2.1104346536473458e-08 -3.3235970065039556e-06 4.050219286150039e-07 -7.003044510878431e-08 -2.9458332409642853e-09
19 -1.6291642045313638e-06 -7.258797417605097e-08 -3.0961115809630325e-07 -2.910073124688411e-07 -3.167212611033721e-06 1.1764863310904198e-07 -4.635494355732892e-09 -2.4070183924531046e-07
20 -1.2333685426311593e-06 -1.604120829464851e-07 -1.6134491081216927e-07 7.2183097244718125e-09 -3.52010843196388e-06 3.412016167646438e-07 -6.150880930713339e-07 -2.2283496491310083e-07
21 -9.466460292699856e-07 -1.6597851071428875e-07 3.5918803610151395e-08 5.466611731889306e-08 -3.3524659500708683e-06 3.9166969587607296e-07 3.133690424261794e-07 -1.2522976504315536e-07
22 -1.2960481843002637e-06 8.556678415421051e-08 -3.499290110143766e-07 6.981533002562848e-07 -3.1944625642870364e-06 -3.509756046638714e-07 -1.2439270389360883e-07 1.0087004232935969e-07
23 -1.027273218434413e-06 -7.057561318215818e-08 3.5527415229816026e-07 -3.4006036144193883e-07 -3.506784473937664e-06 1.6283915755333656e-07 -4.033918251858974e-07 1.0327515929010341e-07
24 -1.3425586961265073e-06 -6.98023587633972e-07 1.4196859704873127e-07 1.3947970990548678e-07 -3.4942290760102516e-06 -4.302165247183763e-07 6.72773098679677e-08 -3.058978797010971e-07
25 -1.2988776965223226e-06 -2.1079349768366023e-07 8.435716762366271e-08 3.015859226804618e-07 -2.7556828933809952e-06 1.7602900598131029e-09 -3.0803473885889635e-07 -2.4336113583998623e-07
26 -1.368913792795632e-06 -2.6642095922380004e-07 2.462661350159321e-07 4.583617941369218e-07 -3.417800977043804e-06 2.378877606543098e-07 -5.810362407718408e-07 -1.0771170273659479e-07
27 -2.4511544286209003e-06 1.981381585121392e-07 -3.5233556005632216e-07 2.2002386632177916e-07 -3.413440124648764e-06 -3.1497991205065144e-07 -4.885552500976724e-07 4.0973899801032854e-07
28 -1.7514266215064291e-06 -1.227777668584392e-07 6.706623881649971e-07 2.1880542526126947e-08 -3.3817473534244235e-06 -3.8707824306579697e-07 -8.154972902268112e-07 1.1064600051213499e-07
29 -1.9766066368657403e-06 -8.792089423640824e-09 -1.9319369031802338e-07 -2.471428419633057e-07 -2.985869734580385e-06 -1.2720252389598266e-07 -7.510868415925458e-07 7.801402643629936e-07
30 -1.2788779918219225e-06 -2.873233697600006e-07 -2.963789199433943e-07 3.1192330607796454e-07 -3.2233245715013546e-06 -3.1621786379480673e-07 -2.9014591883951135e-07 2.6402818552115555e-07
31 -1.4965720425707374e-06 4.957614875719676e-07 -5.556978050137334e-08 -3.49947317444713e-07 -3.6446333344747774e-06 -9.967365317836671e-08 -1.0890091479827478e-07 2.1298463957517964e-07
32 -8.619585430713165e-07 1.7135842893315977e-07 6.550950410970921e-08 -3.8950429671853636e-07 -3.3034061784857105e-06 -1.664367180397457e-07 -1.1374943682345524e-07 2.833143451646393e-07
33 -1.4968821780750348e-06 -3.18884473452268e-07 -8.882388990225213e-08 -3.962973105453332e-07 -3.676526868183204e-06 2.72575853701198e-07 7.330663241028521e-08 3.4441200880995384e-07
34 -7.896634509149358e-07 -8.055021273879446e-07 -7.950183660792056e-07 -7.39786211544092e-07 -3.22921819171901e-06 2.2315899251034843e-07 -1.4491851533690748e-07 4.2707255647975563e-07
35 -1.3892121796812093e-06 -2.831927373491773e-07 -3.9903969063833964e-07 -1.0242391139070489e-07 -4.04650088269935e-06 1.7539658734481965e-07 -5.46444873624195e-09 1.6532360843801827e-07
36 -8.05808492962152e-07 -4.869350182423602e-07 -4.5984720947781353e-07 -8.744434761313686e-07 -3.1061890125496104e-06 1.4301079711033032e-07 -1.4031334984698501e-08 3.7996879909905284e-07
37 -2.455244944198064e-06 -3.436045283288154e-07 1.8131153966010016e-07 -1.5960685909660395e-08 -3.5029741839776486e-06 -3.27383326099547e-07 -2.528388495105983e-07 5.243912108099958e-07
38 -1.9430686926682133e-06 -8.335311521099591e-07 3.595757061838919e-07 3.2956417528384656e-07 -3.194450582953989e-06 5.92585132646038e-07 3.122801628222118e-07 -2.964442359043279e-07
39 -2.060669708474814e-06 -8.149249579790733e-08 1.9678927514089514e-07 8.767737495052058e-07 -3.436078484696228e-06 -2.5051536730819746e-07 2.622309154315162e-07 -2.1519694418836147e-07
40 -1.13787366562517e-06 -3.2582326921141057e-07 2.8223929204246233e-07 4.4494165844221885e-07 -3.538920762546969e-06 -2.565836216923526e-07 5.04166145149759e-07 -4.105297032899897e-08
41 -1.3598364020017479e-06 -2.764889400460879e-07 1.1325779773713209e-07 -4.338522458348594e-07 -3.650178934727077e-06 2.9678853009520435e-07 -4.2770774360313926e-07 2.4518970561286733e-07
42 -2.0163734887448416e-06 1.2326025761745196e-07 1.4740827220772718e-07 -9.609722071839532e-08 -3.962310123674023e-06 -5.097746833173498e-07 -8.259116009984429e-07 -2.7692144022322145e-07
43 -1.1001382673577963e-06 -5.667789354031367e-07 9.445831256139216e-07 -4.22138874131698e-07 -3.293228021672503e-06 -2.42156720215136e-07 -6.096642281945677e-08 -4.761517458392099e-07
44 -1.5249354965509924e-06 -1.9677429420530177e-07 3.7079622580722047e-07 -4.500620329238478e-07 -3.7156598305884914e-06 6.567863713196457e-07 4.6097473764267985e-07 -5.7598653757910685e-08
45 -1.5170337763618933e-06 -4.559254075289648e-07 1.7377665845929675e-09 -7.857270742249399e-08 -3.6252689657043102e-06 -7.148314848548677e-08 2.1899980634246423e-07 -2.2291048645705087e-07
46 -1.6541522135941698e-06 7.867976861001812e-07 6.945598713095838e-07 -1.1750877887416808e-07 -3.7198257975604523e-06 2.4574851960299086e-07 1.0464156771706251e-07 -4.019441238263717e-07
47 -1.8784381463340427e-06 2.489448413252068e-07 6.14702433052888e-07 7.82220663843505e-07 -3.549965488654929e-06 -6.612696681388445e-08 4.7577985989451985e-07 6.261615711691881e-08
48 -1.0050721464152804e-06 -2.808177484142306e-07 3.9643297302838873e-07 -4.0104618286500336e-07 -3.6799970827477125e-06 5.013159649298861e-07 4.876311467747941e-07 -5.379176107561492e-07
49 -1.9140818430592304e-06 -1.3717953826505963e-08 3.2945038366584e-07 -8.128279776032419e-07 -4.0072070026826325e-06 2.660574098453145e-07 4.1358326265909995e-07 3.280961598978428e-08
50 -1.295691770873587e-06 8.198879215666502e-07 1.44000995997939e-07 -5.443977525119038e-07 -3.456459877198955e-06 2.0910144084724684e-07 2.133378010534915e-07 1.0695062969545438e-07
51 -7.904859856392795e-07 -5.77323112878641e-07 -3.491268843057717e-07 -1.0704188214403459e-06 -3.6061260562466896e-06 5.865040486071096e-07 -1.2144334443868836e-07 1.1089690100973305e-07
52 -1.3968754221031512e-06 -6.678639815231574e-07 -4.0264988024587467e-07 9.229622497770318e-08 -3.4134991503097685e-06 1.2351872639932735e-07 -3.355120234732462e-07 -5.132003233726004e-07
53 -1.2929398684174303e-06 -4.24105802530577e-07 -3.1621120275056825e-07 3.67760586690284e-07 -2.992267411254939e-06 1.2148507659458488e-07 -2.2603266905601486e-07 8.587574965044427e-08
54 -6.453898695932855e-07 -9.246323393872784e-07 -2.5959470513728893e-07 -6.699496862401736e-07 -3.363376466281127e-06 2.514403452864169e-07 -1.041902727780424e-07 -2.7080124054809344e-07
55 -1.2293391753360772e-06 4.184607194654043e-07 3.871010972062156e-07 3.239459895674784e-07 -3.432353963148175e-06 5.490064457767678e-07 -3.3674434437391085e-08 -2.7080308496800337e-07
56 -6.142908354138457e-07 -1.1251257498684556e-06 -2.246309041522301e-07 5.951046673364933e-07 -3.063560494357797e-06 2.3446628862858854e-07 -1.416954900534602e-07 -1.795647184471625e-07
57 -1.0868087484875756e-06 -1.6204578760938585e-06 -1.7599293687740483e-07 -1.717582676457981e-07 -3.2119459286828494e-06 3.5508532520874986e-07 5.170083825340056e-08 -6.38608059388519e-07
58 9.659075011857166e-08 -7.692163527828119e-07 8.345850904418792e-07 -3.757905730928085e-07 -3.2375379728102963e-06 4.7640737798519416e-07 6.121326125457901e-08 -5.054826494297672e-07
59 1.741452773728345e-07 3.251933530002139e-07 6.26898945280494e-07 -4.3327316382374e-09 -3.20276292346781e-06 8.225527670224837e-07 9.268870245164128e-07 6.007214135338318e-07
60 -9.480616965582365e-07 -1.322909188345368e-07 6.674822344199847e-08 -1.0183720617540377e-06 -3.290287488852589e-06 7.53617468215191e-09 1.2672688473193218e-07 4.338806033320289e-07
61 -5.573111055767906e-07 5.292797844903009e-07 3.3130578695951064e-07 -6.817375716965155e-07 -2.9965501364498475e-06 -1.1306523279993901e-07 -5.210016752522251e-07 -4.246793582117393e-07
62 -1.1285072515545538e-06 -2.5662819559425556e-07 -5.958370114465802e-07 -1.556148839246081e-07 -2.8822740144602204e-06 3.7012281410847265e-07 -1.9182399355018666e-07 2.986162921927393e-07
63 -1.430134939884148e-06 -7.078929949731495e-07 -3.184668347235381e-07 5.041863863538983e-07 -3.12803420465514e-06 6.041755726866362e-08 3.2727485387856656e-08 -5.410415155895647e-07
64 -1.041230690905136e-06 -8.941805293661434e-07 2.2274356956622646e-07 3.5804001079611365e-07 -3.13539291327918e-06 -1.4165586254511255e-08 -1.7525004051172368e-07 3.9129923851816034e-07
65 -1.2435395696329527e-06 4.306110087950923e-07 -3.053418991920477e-08 4.287189987191976e-08 -2.798959138097803e-06 5.7319693622316825e-08 4.0493222408420766e-07 -1.1517738609330986e-07
66 -6.82290953349709e-08 4.879259082193973e-08 -8.113770880919995e-08 -1.6235639446363844e-07 -2.6060856889941665e-06 8.09161008952094e-08 3.3094421583461313e-07 -1.845273204409067e-07
67 -6.219099853784357e-07 -4.837111556729869e-07 3.9039179883467336e-07 -5.421656999649942e-07 -2.040056065214197e-06 -4.3656928499543857e-07 -1.353566366958154e-07 -2.2101034564682363e-07
68 -1.7150867030508068e-06 -4.9042686752334806e-08 -3.517562696741793e-07 9.942122431218838e-09 -2.338392333834485e-06 1.0432237732888025e-07 -2.999981630122449e-07 -4.30580139508394e-07
69 -2.759843559491167e-06 1.4963033122745464e-07 1.9535985878267293e-07 -3.2203312751737497e-07 -2.564395736440377e-06 -1.132996799528368e-09 -1.3813330690180091e-07 -3.5220646149888295e-07
70 -2.6480090908716423e-06 -3.7282226883272857e-07 4.1370715061479245e-08 -1.1795256196580585e-07 -1.7007180746610677e-06 1.8850033342922565e-07 2.279355804028456e-07 -1.7314730860372394e-07
