1 0.0010084780508707607 -3.3101917274297724e-05 7.297485727858622e-05 1.3274768425298065e-05 -0.0010002446827790175 4.2547519153070255e-05 8.602775153190212e-05 4.567071117322319e-05
2 0.0011797765361812244 2.4689225003367636e-05 -4.703620894230248e-05 4.910536913295258e-05 -0.0007766799659263224 0.00011107164016333035 3.895711907149448e-06 3.937642691503747e-05
3 0.0011844427296537595 -1.6231456012099068e-05 8.406608377102025e-05 0.00011273814814515626 -0.0005213447540376212 -6.933070257535164e-05 -8.055279365805071e-05 -3.632397745868993e-05
4 0.0008556301914967246 0.00013438450309004215 3.3564805454468184e-07 3.660016015586748e-05 -0.0006850141672089836 -7.749206604325296e-05 -4.145411334812288e-05 -4.20557324952975e-05
5 0.0010794793241593128 -0.00010728768669669104 -1.8528118630996312e-05 -0.00017500687862363656 -0.0007996576563422559 6.139802300950035e-05 -6.314373490114683e-05 0.0002345946552594765
6 0.0011358455544718724 -5.716257156924127e-05 -0.00017945796101849268 6.904709339812489e-05 -0.001018119599477873 1.2250462880530095e-05 -0.00012389880843030517 -2.9571663052889258e-05
7 0.0010027548404753725 -2.518368318200404e-05 0.00011178567214589313 0.00023520038660889103 -0.0006803538340933964 0.00010833616922524844 0.00010056629847176198 -0.0002107272758830484
8 0.0013324632185601499 0.00010995392767686905 4.644482553815572e-05 8.609585228585838e-05 -0.0008476546356653098 2.6526447766841498e-05 0.00016705644284822368 -8.821911409738058e-05
9 0.0010191849834719606 0.0001183232288798471 0.0001327893135521299 0.00011914470486522506 -0.0011621512339084835 0.0002193717927298887 -0.00023722453534442929 -4.931070848210058e-05
10 0.0013256926495915794 -9.651457884587299e-05 -3.8695030085362513e-05 0.00042848853310413563 -0.0007755504195367232 -0.0002001539225676763 9.330554075280691e-05 -6.409924024172652e-06
11 0.0011414669402473718 0.0001419507611106392 3.286832477811453e-05 -6.609090224520774e-05 -0.000675704224125178 -6.918506450031475e-05 2.251212030775427e-05 6.843204522583464e-05
12 0.0010880287721873126 0.00038107325910100357 1.1330323687480338e-05 -0.00011296961105462442 -0.0007885521450993715 -7.05051201995899e-05 8.253756062574742e-05 -0.0001410101241366937
13 0.0014078463447018486 -0.0003673922918890963 -0.00016381184277847134 -0.0002574816175970584 -0.0008968582095232066 0.0002845230202741468 5.732594653562135e-05 -6.581668175897787e-05
14 0.0007943143977051061 9.157350487879091e-05 0.00013740304047861696 -0.00023733153793953907 -0.0010904443421476291 5.9067361272675535e-05 -0.00010111987100502192 0.00013698780565557495
15 0.0011463044357430392 0.00037609102069235246 -7.611676272613511e-05 0.0001399449317988818 -0.0010642440690824824 -0.00019985096614907625 -1.7561474739027624e-05 -0.00021818126864303462
16 0.0014338204939027131 -0.0001564445633492215 0.00016770481468785452 -2.2086308453154327e-05 -0.0007874783821291576 -5.28198669975696e-05 -4.633092017317248e-05 -0.00016655266064339322
17 0.0010264836762672175 0.00010005154643542509 -0.00013547716886521815 0.00018725862189288153 -0.0009018290428673876 4.670717305791346e-05 -2.4731664624196774e-05 5.0012476043801704e-05
18 0.0010698295068952528 -0.00042389661242546217 -0.0001609008344465241 -6.322102678944521e-05 -0.0011329932726046456 0.00015041929406856277 -0.0003316736053449846 -0.0004248841828260278
19 0.0010998240916660317 -5.256922124632456e-05 0.00010354845588784067 -9.456245136509326e-05 -0.000809350619039845 0.0002135863321893538 -0.0003647567468736616 -9.83702590070759e-05
20 0.0010469275194730557 0.00010256725115580845 -0.00017128946247838803 -8.757724594661291e-05 -0.0012223672061517513 2.369225443264083e-05 0.00035804732025758126 -0.0001840669538355276
21 0.0012787973128405245 -0.0005466981285489638 0.00010138951253797563 0.0001802956211384467 -0.001238780164357404 8.631830892692164e-05 -6.13115048292493e-05 0.0004235054620014378
22 0.0001421110122140427 0.00010412265726249452 0.00023140837331464943 0.00032690485260284297 -0.001066844926672439 5.529020396752082e-05 0.00015988348828288406 -5.0693997284079534e-05
23 0.0011707242760387918 0.00011839426354904816 -0.0004294993967207633 0.00039800312799388916 -0.0014749045543053514 0.00016703486659851207 -0.00011369511168711133 -1.621088332835886e-05
24 0.0009505104143336061 0.0001064469426777336 0.0004034800966394672 -0.0002413540199846545 -0.0012410555060505342 2.929870508159893e-05 -0.0003194654059666256 8.022191191874004e-06
25 0.0011292945956257138 0.00017148053635112443 0.00012069105204440839 -5.753942842956262e-05 -0.0011002876234995562 -0.00030147296742242846 -5.222631344619029e-05 2.366968521284816e-05
26 0.001436544674221336 -0.0003314820425091663 0.0001414779624185347 7.302408724065762e-05 -0.0011363910443239872 0.00025551486383660504 -1.7720127564039823e-05 -4.771394590971314e-05
27 0.0007541803564898354 0.00010949496394980091 -5.3795537627300815e-05 -0.00011679583995225713 -0.0007298119213909581 -0.0002884199355485888 -0.00024385227589639665 -0.00021689341293116963
28 0.00140822455776498 4.568876700665709e-05 -5.9093769623690005e-05 0.00022634156751579973 -0.00119897581995063 0.0005814311732265273 0.00013208043418233122 0.00011525482475692307
29 0.000989517555222351 0.00018303228132129335 0.00011180805872153822 -9.767503413657596e-05 -0.0016454772142716362 -3.173786738289007e-05 0.00027953664198925065 4.8559737101655246e-05
30 0.001297740905623085 -0.0005949880578525096 -0.00019314918510821287 6.402446071304095e-05 -0.0007499444384482204 -0.00025835957121905984 -0.00038949467963134436 -0.00010557801915672486
31 0.0010131012565488275 0.00013952188493366244 -0.0006373688021430094 -0.00020278094835481545 -0.001028237904942837 7.16090664305038e-05 0.0005693841907786672 -8.935201013994213e-05
32 0.0016059809436115749 -0.00041003350367831083 -0.00010166807386117957 -0.00011001253687155432 -0.0013064059714943926 0.00022921969764190276 0.00011258819436258099 3.913678681821297e-05
33 0.0005392459567036051 -0.00010822510766176434 0.00029131109892371193 0.00023745941175293484 -0.0008223128330314947 0.000219967355400289 -0.0002424039263566352 -0.00013869155904612195
34 0.0007344746025788405 -0.00011157190361215001 3.4790233827137486e-05 -0.00036635473783503357 -0.0013834373650465897 -0.0003879755850367811 -0.00029048893290113274 0.00026709090094565336
35 0.0015976594386945782 0.0009073482793285933 6.244499651639149e-05 -2.135635183592006e-05 -0.0007893375383273644 0.00032069867488243646 0.0003253768405151673 -4.631900322477077e-05
36 0.0020839283528713204 -0.0006125480982130205 8.079496025249583e-05 -0.00016028878331189966 -0.0008250135739561215 9.103858684385875e-06 2.842932980252243e-06 4.1281674294728594e-05
37 0.0010890991362709963 0.00032554229465069946 -0.0002700931885689718 -9.688046712411366e-05 -0.0009975274795398469 -0.00010860400121907588 -0.00015341055404127148 -0.00016847896526165273
38 0.001517865143729825 0.00036178439461683604 -7.8001220240747e-05 7.627756858482839e-05 -0.0009322287185361516 5.863566439158409e-05 -0.00025391821219694914 0.00030284396176689205
39 0.001279219132103076 0.0004953903313302864 0.0006761083612318429 0.0007553706390988182 -0.000975395636033534 0.00047308096266219986 0.0003921856270106648 0.0002870616069202019
40 0.0007350402233203705 0.00043313110934861915 2.7275862430098743e-05 -0.00046752654465291176 -0.000903384506893292 -0.00034694675477693246 2.5982676609882186e-05 -7.749519660845073e-05
41 0.0010496559659516546 4.337648665108599e-05 0.0005251318987676818 0.0005058719371890671 -0.0013962804039801958 0.0007364416062960829 0.0005064615134901584 5.9173790913685806e-05
42 0.0007613585427008899 -0.00042788243822978913 0.00032822232241665064 0.0009355129561511302 -0.0006600825941280912 0.00013808055242389223 -0.00019896290391991565 -0.0001410727555771596
43 0.0014536812022501826 0.00048050860970638384 9.038627352652047e-05 -0.0001887852509967584 -0.0012852753179510318 9.236126371742258e-06 -0.00034862912848626865 -0.00018442588286854379
44 0.001172339872974902 -0.0009929785316161914 -0.00041308130709491177 0.0001391077388513239 -0.0010664970779127865 -0.0004048592650385456 -0.00033873174355891365 -3.3717284008665025e-05
45 0.0015108950056696348 0.0008652718924672226 3.9173422345194075e-05 0.00027764418143325423 -0.0007422956901168868 0.0004960868665189658 -0.0006953200885040095 -0.0001136418126051935
46 0.0014920231776045516 -0.0006333639836777205 -3.9384118509815135e-05 0.00022988277209369388 -0.0011491189665299181 0.00014927999443721247 0.0005969227719249458 0.0002225365924755119
47 0.0002784524812925045 0.0012014492146822052 0.0003622351732729334 0.00018848171702665463 -0.0008493186628992103 0.0002935623152055692 0.00026128172149178963 0.00045107766792792096
48 0.0010953478182817206 -0.0005470882298211914 -0.0005731555056863004 -0.0002050975234649341 -0.0011464699766954058 0.0001244124639949023 -2.9592702790936473e-05 -0.00018541882657877338
49 0.0017531535896146764 -0.000535073463402616 -0.0003788984130640992 -0.00038391032167636567 -0.000649214530293476 -0.00040487679862814536 -0.00039179701698655375 -0.0004020613357116359
50 0.0015059744548578705 -0.0002659564253158727 0.0003450938432379745 0.0005181351042365638 -0.0007552016874930677 3.8631275277636315e-06 4.8621607108128914e-05 0.00015831588121093334
51 0.0006593197653167847 0.0009072036896903485 0.0005476442466713462 -0.0005865348974348931 -0.0011339720267417041 0.00017871486983423257 0.00019952758896061952 -0.00028487939071218725
52 0.0020889395202248226 -0.00035492339927601307 0.0003252718586972543 0.0010433377716422667 -0.0011884271894030862 -0.00011075216888272584 -0.00020611382444074583 2.8590700463991076e-05
53 0.0007456770582193733 0.000433085895004205 -0.0001234705059830296 -0.00022252675619806688 -0.0008846207849557096 0.00023118133356777503 0.00010371315474792787 -9.451548101307789e-05
54 0.0014210272385523715 0.0007082255211239822 0.0005487087670551365 8.367531360782837e-05 -0.001409795640695978 5.778296536057018e-05 2.8337391394218776e-05 -0.0002545537629698823
55 0.0016370208711899675 -0.0004109027099026607 0.0001978452445422258 9.78934328374757e-05 -0.0009801729500997537 0.0001148140340513507 9.563129349718448e-05 0.00014308138753238892
56 0.0011387347731794191 0.00032564156420952843 -5.2539034028431446e-05 -0.00025986653688828934 -0.000347711844680145 -0.0003246674725235278 -0.0002831023819540821 -7.396583599164664e-05
57 0.0015406409217666379 0.00043417701245885724 0.0006507731503254588 0.00019326225756413585 -0.0009881208005141561 -0.0006161446976879081 -0.0007047471985881294 5.65705009189966e-06
58 0.0014146308002960413 0.0008823560287595575 0.0006362600110223402 -8.492966702273537e-05 -0.0009890863271877143 0.00012931315333045864 -0.0002668221643729239 -8.215694860561298e-05
59 0.001138330085847167 -0.000231523183768051 3.1987619758713856e-05 -0.00019033976712072017 -0.0003778791170161544 -3.384864785473849e-05 -0.00014410577811108414 -0.00035269216279983784
60 0.0012612042392231547 0.00029191914151082337 1.6135549570270477e-05 0.0009990489702805668 -0.000755510594822064 -8.696086712810189e-05 -0.0005852549832520685 0.00017441944932365384
61 0.0003857058194165836 -8.084049967472852e-05 -0.00047912576860077526 -0.00037276686263441476 -0.0010656136924948607 0.0005197397217653955 0.00037493252284663374 -3.128472744963187e-05
62 0.0012013163376662305 -0.0003183899962733566 0.0006145685475735151 -0.00021438210872935575 -0.00045275182333717864 7.84625241191167e-05 -0.00011553291832330388 0.00010386772309990858
63 0.0022240527314581794 -0.0004229409929755772 -7.379759990568919e-06 -0.0005279828560866549 -0.0007537171728068126 0.0005995016641612498 -1.7892547725193384e-05 0.00021486550901382483
64 0.0015538080021923024 0.0003649364251968828 -0.00031780098331339856 0.00031792843364625224 -0.0012338477454084545 5.370026445029245e-05 0.00030871282719868547 -0.00014761410828660192
65 0.0015182109172726225 0.0007519954725843025 0.0009207444345445173 0.0019655907622255046 -0.0008936065056585823 0.00011498178361713943 -5.596824109870879e-06 0.00020150571280680627
66 0.0010081539437735096 -0.0006631269818685928 0.0001933955500270565 0.0010580911330236602 -0.0006305642275158503 -8.0880376627278e-05 -0.0002622729552143528 -0.0002818699520398377
67 0.0011664339479325705 0.00016829586416745583 -0.0002938620747994199 -1.373815627533693e-06 -0.0005693548166678793 -4.04058719282585e-05 5.506438186411151e-05 0.0003716433241165673
68 0.002165934075904498 -0.000647128377599455 -0.00032381813269870166 0.0004925993671878034 -0.0005530547514237853 0.00023188631033918327 8.03366088582878e-05 0.0006042928866887487
69 0.0009761700766049035 0.0010618058511586662 -0.00026616952205042906 -0.0007633545663748059 -0.000613851891509419 6.114943344496081e-05 -1.9615416461728138e-05 1.3830131291637733e-05
70 -0.0008757784931257567 7.50108683527375e-05 -0.00042206179077838385 -0.0005754388338350119 -0.0013032858558743774 -9.723499772263233e-05 -7.751908672113028e-05 -0.0001798231767252043
