1 2.95600955708433e-05 0.00013896659277619274 -0.00014161935794133163 -4.7876831349821904e-05 0.0005800946290849355 0.00011993485491694099 -5.305940565929695e-05 2.213596879570607e-05
2 0.0006901670688486023 1.5549448757442844e-05 1.0186544122122517e-05 0.0001372226357879694 0.0007695796475575854 -3.904165192939058e-05 -0.00015195224669216763 0.00014904979596580968
3 0.0006450088550172213 2.8663523171241846e-05 -0.0001489700159538875 9.995080239981015e-05 0.0003964373853717497 -6.337345944186875e-05 3.930245206783623e-05 -9.656088709801387e-05
4 0.0007730917535488421 0.00024506543440036874 0.0001835276505501006 0.00019475656850944517 0.000358883512575518 -0.00014649962419557432 3.630301559989403e-05 0.0001391384670381979
5 0.0006369164420691617 -0.00010293756686228149 4.357687572211888e-05 -0.00012119958849712899 0.0004002265376819719 -0.00027713450376211455 -0.00013804128098806307 -6.990992510094834e-05
6 0.0010112434112537461 -2.6700902948523547e-05 0.00014579795284629172 -5.202796076361864e-05 0.000485826468136685 -9.73111900534496e-05 0.0001036203989745428 4.847533814740792e-05
7 0.0007185363755818435 -0.00011846994825089966 -0.00019169253022257096 -8.35076748235039e-05 0.0007213994723956503 -0.00024064056489761415 -1.6965423651178464e-05 -0.0002679670790329291
8 0.00045122421268584416 0.000214807566395107 1.3553504189026713e-05 -0.0003867393327966101 0.0005762433127556337 -0.00024859116493529344 -0.00018250132709094638 0.00013549511906272484
9 0.0004233401887178365 -8.420647302339885e-05 0.00033479407454056076 -0.00011610317358841323 0.0005691604680152047 -0.00012794339214313629 0.00019337096938589466 0.0001305640419406818
10 0.000686225416409421 0.00024482189976482926 9.361630111652362e-05 0.0001616943337692383 0.0005001064062257729 2.3905570489077998e-05 -0.000138069349820921 0.00023334901589490276
11 0.0007734163659386944 -0.00014964582116527042 -0.0002620041633252365 0.00019257432083022823 0.00047709115814881773 -0.00015717735175297876 -9.338773927171975e-05 -0.000104561742096864
12 0.0004014253175784064 -0.00032590857010070056 -0.0005600608610794391 -0.0001125768767353743 0.0005703255924961665 1.4173832130632186e-05 0.00033585215619713713 -7.501942422292657e-05
13 0.0004871306594000601 1.5632820049837757e-06 0.0001569435668208272 1.6296945629574168e-05 0.0003205629510751999 -7.518126659365192e-05 7.514393148247984e-05 -0.00014037329171703446
14 0.0003345763248402291 0.00034506738225963883 0.0001429351147750697 -0.0004061558230371027 0.000508493943979046 -0.00020213682002304887 0.00036322176434051335 0.00012129026981090173
15 0.0010511198227048859 -0.0005062556087788427 -0.00021526644938815818 0.0001350489895823086 0.0008309976798677179 -1.6037034557445412e-05 0.00010787326961955894 -1.6246975086622184e-05
16 0.00023745389943235563 0.0007248839409848016 8.270395936715074e-05 3.335001095519227e-05 0.00040483262959802274 -0.00025251380962647345 -0.0003528166422080364 -0.0003011306387960313
17 0.0002467302370313706 -0.0002590808170693762 0.0002261603669039683 0.00014292331435376333 0.000695203635335867 4.7644911790858656e-05 0.000248415487321587 -0.00010596480125419635
18 0.0008296537908859811 -0.0003188463485568323 -0.0001765280781369917 0.00021886989486589778 0.0005383212103029828 -0.0002474112673320171 -0.0003687508003982596 -2.8586189806501473e-05
19 0.0007344757274002346 -0.00013549400803581764 0.0002617729047098398 0.00026039020549551713 0.0005687051718496815 8.343747802497054e-05 -0.00021416387151373254 -0.00022363304213444783
20 -0.00024010358169967717 0.0006273432219826449 0.00020320528446011565 -2.049105313839929e-05 0.000321639691030954 -0.00011913955585113956 0.0003886241474047125 0.00013600545619131072
21 0.000666135474587923 -0.0009082577956333107 -0.0007863883673281959 0.000861033499777391 0.0005464483492162863 -0.00016265576599170804 0.0001097984403179231 -0.0002309067186099264
22 0.00040233212485920824 -0.0002322601920680009 0.0002642127989352613 8.812300987591997e-06 0.0001274448763957858 -3.532149753076145e-05 -0.0006106122689646158 -0.0005311092786876938
23 0.0013539830556886857 0.0006428611017492476 0.000720129626742989 0.0003392507164895674 0.0005441864533675721 -0.00017759403017258678 0.00044301089687568855 1.5013990013487866e-05
24 0.0009143405019618549 -0.0001288409878081008 -0.0004582255612074598 -0.00032891643834339604 0.000704448030434205 -0.00011375346205894993 0.00047706251670200783 0.000522974102214281
25 0.0013977371856480104 -0.00029017472507576015 0.0003549080630700057 0.00040078602884363135 0.0005573021412531929 -0.00032570904221717277 1.8764638092103392e-05 -5.4456146351694376e-05
26 0.00038680796153637783 5.941892543098833e-05 -0.00017659812911425746 0.00029920793515558324 0.0004040200738458679 -0.00012310291213756463 1.1425431843085014e-05 9.701963826031763e-06
27 0.0013290712577616456 0.00039942300573725967 0.0005102336639883606 -0.0007010595323904546 0.00046971611799627943 -0.00027953993659743577 -0.0002583203958587509 -0.00018861262634079228
28 0.0009332430806864353 -0.0006243127936446673 -0.0002223602496888579 0.00046826535411892536 0.00022710843894285391 -0.000504399793004546 -0.0005790009819334866 -0.000385546184083885
29 0.0002746053300062023 0.00010562755905253229 0.000209044001140942 -0.0007959466936204151 0.00014627105059310103 0.00010780487912594338 0.0003188552415603077 -0.0005377624739858745
30 0.0004072311676421999 0.0002599147536023499 -0.00033874767518646753 3.5837094915103584e-05 0.0008492876783608782 -0.00038802978121827786 -0.0001695375065005666 -4.8621707659895175e-05
31 -0.0015693514645106468 0.0006484531625731879 0.000207085696751301 4.3678856628873465e-05 0.00024038888871190877 -0.0003142306134129944 0.00018948722398252202 0.00037626338774261015
32 -4.095569028817779e-06 0.0002909369097258542 -0.0001766341950406535 0.00039095252779321605 0.0004832821580020263 2.220850174316593e-05 -0.0005872859828799774 -8.235936992232869e-05
33 7.359038341826855e-05 5.245280041377884e-05 -5.708645027024675e-05 0.0001076332675072545 0.00036057079573041575 0.0004888148638242362 5.1944234820079643e-05 -0.00035399577355864684
34 0.0008035552724446266 0.0008865155779925334 -0.0002709555009899834 -0.0002821432843833832 0.0005888023138260079 -0.00034599934429756674 0.00026358765174578687 -0.0005400427395079805
35 0.0003637111051527115 -0.000987949222229642 -0.0005446133211309334 -0.0008549042705817996 0.00047131754828930427 0.00038176552948828807 0.00032033877691610565 0.0003886543252796863
36 -0.0001606992284303291 0.0011029445914983594 0.00048228690745717566 0.000825379540737887 0.0004272812908932428 -0.0007790633513642725 5.2056357652136346e-05 4.216835795741204e-05
37 0.001423354602016835 7.121332061923678e-05 0.0002610929713920584 0.00018137071105951217 0.0004320993630838219 -0.00020170059747656258 0.0005515073131818646 -0.00010492896487915273
38 4.7703482235484564e-05 -0.0002662348742983449 -0.00039506667124677465 0.00039799549930665977 0.0003232968528999981 0.00012413064888262351 -0.0003787652491314942 -0.00012284183282393118
39 0.0008990730017162608 0.0007303019913469605 0.00023272961007314943 -0.0001526456569207728 0.0009527567288437634 -9.104504440952363e-05 -0.0003532863463917897 0.0006405063706307669
40 0.0007537265842470857 0.0009650405482571243 0.0007138935555594326 -0.00030884360737428324 0.00028650558543869806 -0.0005785703220793815 0.00010196208155407591 0.000102090395911332
41 0.00046081628130810253 9.074004781157467e-05 0.000315729716033825 -0.0002581585079209823 0.0007305437122232757 7.127651802464504e-05 0.00011029428869077621 -0.0004092916007562733
42 0.0006417224095910424 -0.0006848671558589657 -0.00040079709227843944 0.0008565291729953173 0.0006409627147277472 -0.0002404778100154703 4.856789146788315e-05 6.8274235475185e-05
43 -0.0010761888479886336 -0.0006786102549325372 -0.00014506567055697154 1.1431615943379603e-05 0.0003125282795300663 -0.0002916061713480005 9.512050263232977e-05 0.00030437071576180886
44 0.0012641666826940228 -0.00016520706498486304 0.001024561114886465 0.001583815044922342 0.00028298847561691805 -0.0001996746771786409 -0.00045273121758419204 -0.00022480151736000386
45 -0.00037683040523181456 0.0015847686585210355 0.0004529722718670214 -0.0015551138277335775 0.0006814959641523241 0.0005353316380795363 0.00024660409405459835 -0.00017110814203670572
46 0.00133629137554085 0.0001253244884475142 -0.0009049526338269239 0.00011606487353166414 0.0006562104313164804 -0.0005573795708072817 -0.00035577703507088467 0.00037411631838671664
47 0.0006710062015437904 0.0006099987290663027 0.0006320991025216106 -0.00028933907236320083 0.00031331683972308047 0.00017994079741213303 0.0002604026842218119 -0.00022899626861962508
48 -3.058456378693958e-05 0.0003628405019692922 0.00046485937938657785 -0.0002986497830556222 0.0003305341614449145 -0.00010806840568828156 -0.00010245650935541577 -0.0006006466340778226
49 0.00224311883481298 -0.0002585716010373945 0.0009001929076976093 0.00016408232847688604 0.0005420842077545516 -0.0006393575753299466 0.00011827194584682349 0.00029138003702208157
50 -0.0008432152637674824 -0.00040615529795835645 -0.0004060642296651138 -0.0005930121902917348 0.0009707415361676567 0.00013441040841381048 -0.00017222044672158784 0.0001643520406820593
51 0.0023012598204933577 -0.0009029089356077906 0.0004115049948995349 -6.895409501640431e-05 0.0005949474241921547 -0.0006793476129738458 -0.0003241329786843513 7.396547764738229e-05
52 0.0012034073198944344 0.00022609294388304857 0.0004714482208845573 0.0004228006533607316 0.00011244857647884469 4.112105684785792e-05 -0.000511536174094921 -0.0012633662136224202
53 0.0010051688739586904 -0.00012098168786635921 -0.0005627181232725145 -0.0009300690853374224 0.0004956799339355986 2.535128275640066e-05 -0.00014714916929275173 -1.4924140937094387e-05
54 0.0011037217752208556 0.0004103204958100038 0.0005118250693083601 0.0002901945512426448 0.0010162984383695094 0.0003169568729999169 -8.169858652981148e-05 8.289040265470916e-05
55 -6.571734371960955e-05 -0.00035697801284988065 0.00018447600874359706 0.0007332485630460678 0.000552437208662635 -3.090937827131594e-05 -0.0005895561136427947 -0.00020115400833682878
56 0.0006245952068722318 -0.0009606318229459492 9.362682778677125e-05 0.0004975134935304322 0.0002659930673659855 -7.360145920745269e-05 -0.0002473290374232346 -0.00022573936373324955
57 -0.00016674482785275144 -0.00031879696692790237 -0.0007841240636508678 -3.219809924631525e-05 0.0009554154358735299 0.00024046677573085943 0.0005126707863459032 -0.00016966213491383643
58 0.0004055841836393082 -0.0013435183423952746 -0.0005385049215584604 0.0009004920366775245 -0.00021616650822632304 0.000636113815082458 0.0013055368556476143 -0.00012472840900283602
59 0.001077546490338846 0.00022441825802532866 -0.00014974543583748655 -0.0010744304702858538 0.0008738684905590931 -0.00011533065467902813 -0.000264950359910237 -0.000330563531759539
60 0.0016889081219334254 -0.0005161991793677913 0.00038342800625743446 -0.0028176217613261156 0.0005445732800207862 4.049528672839489e-05 0.0002154791980559367 5.609213068761843e-05
61 0.0017767571242544545 0.0002723687368942567 0.0009212292083962664 0.00014923676356446813 0.00033464029697809845 -0.0006837598621813177 -0.00039248962303194455 -0.0005190202549761545
62 -0.0002774776331622815 -0.0014015477624621808 -0.0013705334137681375 0.00015666219352430833 0.0009057563090380136 0.00011986632340361486 -6.095465306516626e-05 0.0007182066418702187
63 0.0010881661495520073 -0.00016795062166987396 -0.0007514516563647598 -0.0006355038139450944 0.00037172520372665647 0.00026866675690196356 -0.00024123280251306275 4.27970196897282e-05
64 0.000771909352607599 0.0005920374997576633 -0.0006858356778392187 -0.0008703062125538406 0.00041508079544751365 -0.0005496236236832504 -0.0004539956011695799 0.00018548596358098984
65 0.00023925142434265393 -0.0003097753693486535 7.139681560878132e-05 0.0002392167938019886 0.0006388484264102082 -0.0003383838053056386 -0.000469473595209352 -0.0008938567600686605
66 0.0005322172345792471 0.00023319214385942281 9.116393644653813e-05 6.789887964324927e-05 0.0005287862188043792 0.00035639715619654 0.0006630723666167497 2.425471922718058e-06
67 -0.00010313432040970377 -0.002062072848412033 -0.0008647679514702536 -0.000376523328624283 0.00021034609292441725 -0.00017687970117212442 0.00039478391093904306 0.0002081894483421804
68 0.0011496694983736695 -0.00014703673206005303 0.0005677932494455762 -0.00037868005189246537 0.0007208496327914433 4.92533651261775e-05 -0.00010196682065951037 3.116205962656434e-05
69 -0.0022003422468618024 -0.0004475021140074792 -0.00055131557811984 4.894822620538953e-05 0.0005778425775619548 -0.00015020095213400181 -0.00039103752558592467 -0.0003927815077107494
70 -0.0002112411161456998 -0.000652806008348971 -0.00060064052969181 -0.0006571165008970373 0.0005516284168633907 0.00017900797551098166 3.404278023425357e-05 0.00022982195269847752
