1 2.6878592627323197e-09 3.4700113743477752e-09 -1.074905200792903e-08 -3.2049256660080627e-09 1.3632328994130185e-07 1.6360590247748952e-07 -4.289922217927376e-08 -1.2304854481010818e-07
2 3.500494213575446e-08 4.519118208832339e-08 4.1091980453639634e-08 5.40800074628862e-08 5.047777821530748e-07 4.4196210342069133e-07 -3.7687594132010465e-08 -4.183053260677148e-07
3 -4.4387534481390434e-08 -5.7304056787709095e-08 -7.626956497279246e-08 -8.136150310587303e-08 5.86231471900733e-07 1.6256684232530646e-07 2.1558646496650205e-07 -3.975953780277679e-07
4 3.235607574738856e-08 4.17715102649932e-08 4.106258465617046e-08 5.1617534708557853e-08 7.524436947555258e-07 6.049619289090687e-07 -1.63590868924864e-08 -1.8229240860834285e-07
5 2.5305304950157248e-08 8.735322080161436e-08 8.631762457327213e-08 2.1897560691898015e-07 8.956266895261404e-07 4.579855787816641e-07 1.0430637217605684e-07 -2.1314959335919015e-07
6 7.645228961841108e-08 1.1457235397937834e-07 1.6493692457387088e-08 1.2286905063220565e-07 8.921396746923165e-07 3.060562295022399e-07 7.28778694090879e-08 -3.4775956334396445e-07
7 2.308385196254048e-07 1.8122262791242662e-07 1.3027525450567323e-07 -3.801787820271359e-08 1.5177332908350762e-06 3.518956338079374e-07 2.644376953570283e-07 -6.202324875487109e-07
8 9.394188360745633e-08 1.1344971621572575e-07 4.51167672579597e-08 8.91897511355657e-08 1.3058963379345315e-06 4.125130135911674e-07 1.3823629783060576e-07 -6.759985775838247e-07
9 -8.02215502041468e-08 -8.232357607812602e-08 -1.0940220421676919e-07 -7.375763514726274e-08 1.5160364007213744e-06 2.704904521444187e-07 2.12030793806687e-07 -1.6977854075290686e-07
10 -1.2650311337452497e-08 1.1906352172161654e-08 -9.24040390389065e-08 1.6836828272425164e-08 1.5727889122215044e-06 3.027540274675354e-07 7.925110674520924e-08 -3.633312315469183e-08
11 6.84010075348326e-08 1.2210194155154e-07 -1.3377170131414693e-07 8.505921426263374e-08 1.7115716933527576e-06 1.2144761739270555e-07 2.0039989170125704e-07 -3.863920368272994e-07
12 9.553476386451699e-08 1.394882543827785e-07 1.5553912364700048e-07 2.373930213981244e-08 1.863759343831608e-06 1.556633131891007e-07 2.1399343930797298e-07 -4.9644316143975086e-08
13 8.688099798890943e-08 6.97424768279564e-08 1.2955504302419748e-08 -2.2029140116934345e-07 1.7774737509215966e-06 2.0707761093300233e-07 2.181234398369382e-07 -3.993267323342834e-07
14 2.1865411489057577e-07 1.0041497560332467e-07 1.4686214792513472e-07 -1.6545070783815767e-07 1.6213646872163233e-06 3.546969102489514e-08 2.3818924358087582e-07 -6.424452287475366e-07
15 1.869305144216715e-07 9.027062758362219e-08 1.575168515651902e-07 3.2991465612126134e-08 1.6456159744664923e-06 1.5232266340925837e-08 2.1256624114447214e-07 -3.791661388784606e-07
16 3.452486049746346e-07 2.409958597929826e-07 2.2718668466063085e-07 6.898157192019482e-08 1.6414182207128253e-06 1.8532221857250895e-07 7.869746486851259e-08 -3.5689742480262264e-07
17 1.5505116750590522e-07 1.2786552615419428e-08 3.0005279155345493e-07 1.7985386152592468e-07 1.815951966400949e-06 -1.4968002953170238e-09 1.890397935863277e-07 -4.3619468406548193e-07
18 9.561604602887359e-08 -2.1938041246684285e-07 -1.9497250352480486e-07 -1.486312806047642e-07 1.9012773660059476e-06 2.442872979300782e-07 -1.4422145780722257e-08 -5.258577709802241e-07
19 2.2224329443955514e-07 1.2540548817420755e-07 2.1008617065075352e-07 -7.28688166791898e-08 1.672500457607793e-06 3.558082381129621e-07 6.3849361172780015e-09 -3.293583476357904e-07
20 -4.080057977037802e-08 -1.0300186864562309e-07 -5.4829991883736204e-08 -4.1989309047623315e-09 1.6748332641503352e-06 3.820158353165489e-07 -8.826108864441519e-08 -4.003309861153325e-07
21 1.7263325449568088e-07 1.5191296718563974e-07 1.4083002146436516e-07 -1.4007834611718488e-08 1.7340184119867068e-06 1.5489128292473848e-07 6.88173469135251e-08 -1.4864775860133436e-07
22 2.8025768499680517e-07 6.842926070783936e-08 1.6703024165499687e-07 1.7884617605334734e-08 1.7889519697289367e-06 -2.11949618301566e-08 -9.825860252530948e-09 -6.71104105945422e-07
23 3.047957331125448e-07 8.823718878077778e-08 -6.5906054071812504e-09 -2.4162386755015148e-08 2.0820414349589305e-06 -5.5762644461047657e-08 -5.114187056660219e-08 -1.7745332512341178e-07
24 3.8426513742468064e-08 1.8642067952990873e-08 -1.0830535148377229e-07 -2.8214240228504383e-07 1.830442134802411e-06 -1.8360849028485855e-07 1.410556718145146e-07 -2.729482496469075e-07
25 8.379880583444506e-08 1.8433305061156804e-07 -7.736415049863049e-08 -9.27122658294355e-08 2.0912109734020818e-06 1.441851732316314e-07 1.8249626173523433e-07 -2.3136380521077596e-07
26 7.749752043977819e-08 3.98642912934992e-08 -9.531612736167393e-08 -1.0834433516095977e-07 1.949807007782189e-06 5.844244394728955e-08 2.6785030494692433e-07 1.9579626729957113e-08
27 -1.1581778501775568e-09 1.9360849856670235e-09 -9.653491753528927e-08 -5.256732614888238e-09 1.6131743645193858e-06 -3.972934263867243e-08 3.3343470836971635e-07 -3.6399873653220965e-07
28 -5.143159429839613e-08 2.2199308465456444e-08 -2.0470248635811546e-07 2.2499835954411294e-07 2.0761520522179173e-06 -2.628737693590951e-07 1.81027462294141e-07 -3.833899325767377e-08
29 -2.922377952276981e-08 1.3411972181898714e-07 2.4350833407950566e-08 1.1229019027439173e-07 1.730350370125134e-06 1.1713315605212387e-07 1.8205288740919583e-07 -8.54548030831093e-08
30 1.889751556767707e-07 1.126881157621994e-07 1.7877666190656655e-07 1.6953307859376545e-08 1.7401912079476906e-06 -1.0966336545705839e-07 3.132207394188573e-07 -2.6718926262064515e-07
31 1.463567398583545e-07 -2.1370276025360576e-07 -1.560900330183601e-07 -6.451510357399961e-08 1.774175131609852e-06 -1.3321216583544877e-07 4.339343476408924e-08 -3.477160285004674e-07
32 -2.901033501206892e-08 4.387198959450993e-08 9.576596340212236e-08 3.4170307784894644e-07 1.513759140994825e-06 1.306381142075948e-08 5.697510879386654e-08 -5.44951943566375e-07
33 8.96382873069711e-09 2.4176355468842197e-08 8.11796489254005e-08 2.039006828248074e-07 2.021599247781714e-06 -8.920297052559131e-08 2.532569959730282e-07 -4.4654463457419834e-07
34 8.016645498495127e-08 -5.870513870432208e-09 -9.84740376607634e-08 -1.2633032052362774e-07 2.2287019500791036e-06 2.4293188763992654e-07 4.287661260630149e-08 -1.426877173661545e-07
35 5.693174942600241e-08 -2.7229422479706172e-08 2.1056661929483968e-07 1.5878733047698602e-07 1.815997727250246e-06 -1.5795378148153896e-07 -1.2796549514651885e-07 -8.976627423562757e-08
36 1.5313753950713365e-08 -3.9706055738109113e-07 1.459078821824159e-07 9.789525436573812e-08 1.7175420583311392e-06 2.187203486173438e-07 9.254032251051626e-08 -2.742684516104922e-07
37 -4.377963531292772e-08 -1.8617948650764e-07 -1.2969902383055071e-08 -1.349055247332558e-07 2.0631871480626804e-06 3.7977397136787623e-07 1.9843966383871542e-07 -4.72952709565178e-07
38 1.4613430103635586e-07 -1.3408977428237668e-07 1.8921833155081941e-07 -1.7926845009837828e-07 2.0716901353839256e-06 2.725731154911264e-07 3.537844151328465e-07 -4.2776402278106347e-07
39 9.345302143383546e-08 1.4132264871179654e-07 -1.927995973291395e-07 9.393384915938472e-09 1.6986106518874933e-06 4.6997887584238843e-07 1.2176968611218982e-07 -5.683280474332342e-07
40 1.660277405327846e-07 1.2671013773372114e-08 -4.340884210093635e-08 -3.5857255600094653e-07 1.7485845738839315e-06 3.201659629156871e-07 -7.633068911365304e-08 -2.819782184036146e-07
41 2.3517812157202732e-07 7.826765399207942e-08 4.769203081311358e-08 -6.167926269999485e-08 1.8706890175205037e-06 -3.2308247291168514e-07 3.944977054956174e-08 -5.143169890494627e-07
42 1.8344421214209008e-07 3.0836148700421556e-08 2.2258517343935178e-07 5.15181798321636e-08 1.9860839448867513e-06 -3.787183465341275e-08 3.49883499858815e-07 -4.3079238265301303e-07
43 1.5117792875794137e-07 7.846272337610262e-08 -1.1238269702272785e-07 -1.6799558905571106e-08 2.0279595537587772e-06 -1.4075411577330483e-07 2.400088673221555e-07 -3.5176612090319863e-07
44 2.3087806399314462e-07 -1.9480931960106781e-07 -1.2298653412337106e-07 1.848942755431912e-08 2.0101428964148553e-06 2.8349959952686126e-07 -5.061540450334988e-08 -8.29538655633682e-08
45 -4.13142345432129e-09 -2.5558584907801804e-07 1.0295331025794207e-07 -1.643636207847489e-07 1.9992773700513433e-06 2.1668870799239022e-07 8.678597282617685e-08 -4.0316400965942987e-07
46 -8.042144289647503e-08 -6.225677902363271e-08 -2.2990341920880372e-08 -6.14668695399404e-08 1.94662151497063e-06 1.7872020495479986e-07 4.078228783128299e-08 -5.183906503541601e-07
47 3.8907443275929776e-07 3.439223192965975e-08 2.2692792178914244e-07 -5.040603612488007e-08 2.0346817649315614e-06 1.7739837465823178e-07 5.946748369612389e-08 -7.228450562205761e-07
48 1.374065636729331e-07 2.208579019260555e-07 -3.3351251689358894e-07 -2.550318913340902e-07 1.7838612865386212e-06 1.5965006318088605e-09 -1.5303298580474675e-07 -3.942093286607347e-07
49 2.44130005454377e-07 2.4037543431739727e-07 6.957097579831844e-08 3.406567679841169e-08 1.681819588742848e-06 3.251334732040109e-08 6.595828607750146e-08 -1.869929959031803e-07
50 5.247712997846188e-07 2.813940008525916e-07 1.034410972845205e-07 1.1232578222902517e-08 1.5913131948530745e-06 3.714891140470096e-07 -1.9894889255063764e-07 4.23062113024539e-08
51 6.448042031439283e-08 4.136733816860623e-08 1.897194920852897e-09 4.825367152844349e-07 2.0113903017429425e-06 -6.095289286547432e-08 -2.546613234579237e-07 -3.8898191250992943e-07
52 2.21377650998631e-07 -6.721895291048846e-08 4.651352366443549e-08 1.1788482599806709e-08 2.2500068409357447e-06 -1.1375488301486146e-07 -1.0856039274727738e-07 -1.984692091600896e-07
53 1.0727894153850461e-07 1.38860422310015e-07 -1.2479072722979513e-07 1.1976361825912978e-07 1.495667397507147e-06 1.688956331613665e-07 7.861389176998051e-08 -1.1341174531204671e-07
54 1.1711432239434098e-07 -8.526190066880506e-08 -3.786908243391459e-08 -1.386375859483358e-07 1.682769469892469e-06 -5.131155081618638e-08 2.901122239159091e-07 2.421390332611285e-07
55 2.8847595765625947e-07 1.093911383881394e-07 -1.6103210357674954e-07 -1.6212220834845042e-07 1.692207878805938e-06 1.0039716007295873e-07 2.721522483668794e-07 2.5994174910544716e-07
56 1.966705448541982e-08 2.4902690809157724e-07 4.243424174235858e-09 -5.925682946384996e-08 1.95899780557914e-06 2.315896677211412e-07 9.000452631064346e-08 -2.8931982626192623e-08
57 8.98057437793264e-08 4.810782919827031e-08 1.8129355954054908e-07 -6.917052216264551e-08 1.9431616128149393e-06 6.183091249694119e-07 1.7038772574276757e-07 1.1255468022918943e-07
58 1.1893010022859323e-07 2.274373429956707e-08 -1.4341216772158132e-07 -1.5464507067710176e-07 2.0416677300184974e-06 -3.732685359891193e-08 3.40746859168902e-07 -2.4250321131971365e-07
59 -1.0024920850152636e-07 -3.1635567396763936e-07 1.983559695339862e-07 -5.221412010187635e-08 2.103479488984816e-06 2.3888306303383736e-08 1.2560914268378856e-07 -1.0316829693906643e-08
60 4.4496819223569916e-08 1.848068439076319e-08 -3.3404000142439553e-07 2.998889448362026e-07 1.7872697519482848e-06 1.9101970522779216e-07 -3.288740773232851e-07 1.7549929553437433e-07
61 2.3883595678152483e-07 9.266480677738592e-08 1.0649585139885881e-07 1.8709151106767356e-07 1.993611171795303e-06 1.8437965703783512e-07 2.2438632873162718e-07 1.570976919854231e-07
62 6.360180330239071e-08 -4.982840636669997e-08 -1.7469446939495155e-07 -1.1322132093696807e-07 1.3259739723838007e-06 3.513919926029849e-07 -7.098599048715935e-08 -1.4451418181477273e-07
63 9.778115142661524e-10 -3.32072566565152e-08 4.232370985843793e-08 5.0811698531493906e-08 1.6043749518004232e-06 1.6785639109656015e-07 2.768464384742089e-07 -8.050990983006546e-08
64 2.3169604132481165e-07 1.314756480725316e-07 -7.059640019609488e-08 -1.005511215356018e-07 1.5644733152095222e-06 2.0706068890002509e-07 2.768886169221555e-07 -3.1848997876488824e-07
65 7.983333915815232e-09 -1.233606152114934e-07 -2.7086393829830884e-08 -1.3545342646873024e-07 1.3061914849938133e-06 3.32257850044868e-07 -3.1044016663455927e-07 -1.5944519531427797e-07
66 5.2779273527997455e-08 3.643378204021239e-09 2.5551245810196997e-07 7.1395078845101266e-09 1.05465695531031e-06 5.0529711883052766e-08 1.6881285157142008e-07 -3.8471603362638746e-07
67 -1.7611830062006398e-07 6.972601789016215e-08 8.562062336257905e-08 1.5087572455388698e-07 1.064924026594905e-06 -3.331710804062972e-07 -7.049527398967997e-08 -3.513992832848343e-07
68 1.309808153762913e-07 6.718273057860629e-08 -4.912456886022187e-08 -1.0689969823551886e-07 1.2159020725404258e-06 1.1221791379031473e-07 2.4779516836350475e-07 -5.847973819307422e-07
69 8.670933235270286e-08 -3.985713585783811e-08 3.704220760557788e-08 -1.5841806374344034e-07 8.511821868817744e-07 1.0999373482096436e-07 -7.051334332526218e-08 -3.287882552911815e-07
70 4.4074465351366535e-07 5.150298677941459e-08 1.3308495882179662e-07 2.293726514087792e-08 7.556850551513879e-07 9.486400894062308e-08 -8.355199361295913e-08 -1.0167241603112102e-07
