1 1.3439317093167624e-09 1.7350083733019284e-09 -5.374535307224867e-09 -1.602465833964829e-09 -6.816164699840316e-08 -8.180297626441497e-08 2.1449628342547662e-08 6.152436859510797e-08
2 -6.177156046359333e-08 -2.2248364402357493e-08 -4.4409660095814656e-08 7.707851608858956e-08 -2.145952489373204e-07 -1.8847897379199937e-07 7.498184826653805e-08 1.857253044714089e-07
3 -2.2651194303364644e-07 -6.980651478295e-08 -2.3593263593023329e-07 4.209300107535541e-08 -4.588253593847889e-07 1.7200498640591435e-07 -3.894508552478781e-08 2.4291779518213136e-07
4 -1.0927416975573972e-07 -1.360577131358218e-07 -2.155996671349205e-08 -9.860337395123472e-08 -4.3352147432435987e-07 8.74663268048312e-08 -1.22445414696532e-07 2.6952731977408887e-07
5 -1.858377405557856e-08 7.534347125345149e-08 1.3424179727461891e-08 7.117477704479278e-08 -7.14176085874066e-07 -9.104560316826007e-08 -6.69389367638948e-08 3.682661660213911e-08
6 2.6057153498361783e-09 -4.502487012459296e-08 3.1673070605892525e-07 3.7340271749250537e-08 -1.0878381034628942e-06 2.9655387225218633e-09 -1.5239077183616326e-07 1.6888824728413992e-07
7 -3.0113343301638983e-07 -2.3549991982881272e-07 -1.4486002671609733e-07 -1.2574183957314435e-07 -1.5251961801639946e-06 1.249931332597715e-07 1.6565593978851702e-08 4.188137111770285e-07
8 -3.734298347332916e-07 -2.0817119517794972e-07 -2.4610744500737466e-07 2.223505214406557e-07 -1.2305994344131915e-06 -1.486966194641307e-07 -6.613615440211852e-10 2.2425227311892718e-07
9 -2.860595009369275e-07 -2.1701228151392334e-07 -3.022397476221969e-07 -4.487961069108403e-08 -1.739097802447314e-06 -1.5692753163271805e-07 -1.5935509246437113e-07 2.5485626232959866e-07
10 -1.9402103522267772e-07 -3.744997185961943e-07 -1.0830777626137502e-07 -1.5129249336530873e-07 -1.3431838076528658e-06 -2.8322857052130503e-07 -8.853977160873292e-08 -1.4338374775113248e-07
11 -1.8161199438062133e-07 -1.5732901268840264e-07 -4.5449318164679425e-08 1.3464943420610762e-07 -1.5843669463090853e-06 7.029064756149181e-08 -4.555850887024258e-08 4.9212749037659344e-08
12 -4.1329997784958617e-07 -4.9755812142419966e-08 -4.612451786522177e-08 2.620049402396877e-08 -1.7650954862506144e-06 1.8371152901676917e-07 -2.6523170732399884e-07 -3.4131977102505075e-08
13 -3.333369913619217e-07 -5.35842187283223e-08 4.683072906855337e-08 3.0183682497424224e-07 -9.563862831924558e-07 1.2032528270143738e-07 -9.878932128868149e-08 1.379770167987384e-07
14 -2.912860311668275e-07 -1.9198945364898753e-07 -1.557256636758959e-07 -4.628360879838359e-08 -1.5319871304680662e-06 -3.6649991266658735e-07 1.9537042475195422e-07 3.37111299480159e-07
15 -4.3281563018945354e-07 -7.894384462000326e-08 -2.2768376540014587e-07 4.2557747764805515e-08 -1.4036816771854804e-06 -3.2283893338064358e-09 -2.3849092063786575e-07 5.063236237031022e-07
16 -6.029648086749845e-07 1.749948161576682e-07 -3.3894494918543457e-08 -9.812177639148266e-08 -1.6489027212415465e-06 -3.3550955050649084e-07 2.477738806739223e-07 1.879906789426381e-07
17 -5.051494169042584e-07 -2.3868795868662574e-07 2.39300595265559e-07 6.920709400180401e-08 -1.691435214695707e-06 2.2881653340632867e-07 -2.8225441199213415e-08 2.855039269529044e-07
18 -7.15516520546035e-07 -6.074667976515491e-08 -2.773626374929224e-07 -1.4523431156700108e-09 -1.9002441264924182e-06 1.0084256477713624e-07 -1.388724176840673e-07 1.3742568403273795e-07
19 -9.78670647041802e-08 1.3521606682299517e-07 -1.3626381209350073e-07 1.5420349041298137e-07 -1.7335681083976351e-06 -1.2225180452339138e-07 2.504750006524356e-08 3.737419934041842e-07
20 -2.7882546613204845e-07 2.679992494156558e-07 -1.6312833234720483e-07 1.0778703109975887e-07 -1.9367032592664263e-06 -9.477034343894786e-08 -1.7166378948491466e-07 2.3683590422767156e-07
21 -1.7334642478142135e-07 2.341159710269867e-07 -3.024120081938445e-07 1.0513629383772916e-07 -1.7176181292827143e-06 -1.5554731430359184e-07 -1.1711374477008131e-07 1.3051663649802462e-07
22 -4.637960540997197e-07 3.357817658717698e-09 1.3630042442971604e-07 -2.790602920476387e-07 -1.6573659764341258e-06 1.8860490480840047e-07 2.543945552596033e-07 -5.13584399106929e-07
23 -7.343154719628901e-07 -6.097370787665656e-07 -3.2971581580754596e-09 1.305483970091531e-07 -1.981091526546056e-06 2.566352804427602e-07 2.544311706231733e-07 -2.8518097440500907e-07
24 -9.650330047540638e-08 -3.1496726204509756e-07 -1.4087451856510499e-08 -8.070966087195905e-08 -2.0014981993277676e-06 3.538464460795479e-07 -1.811620026390302e-07 1.433537531017786e-08
25 -3.342221835927496e-07 -9.871348319857705e-08 2.692667980998535e-07 -2.473124248198212e-07 -2.239991085668405e-06 2.2986396270221977e-07 -1.691205702097793e-07 -2.093666175613536e-07
26 -4.497739047581296e-07 1.2680294480625135e-08 -9.764914922266883e-08 5.923964982269601e-08 -1.7748871334567032e-06 5.00297724392563e-07 1.0391629066208866e-07 1.6602976590845282e-07
27 -2.418887893798528e-07 2.2060955977109798e-07 1.476402992035477e-07 -2.0934602449374756e-07 -1.998349827151826e-06 1.5755789746602777e-07 -1.7830504575414513e-07 -3.457636219229927e-07
28 -4.3445645831717615e-07 -1.967500501301943e-07 2.991249342407535e-07 -2.507798607507094e-08 -1.8708725517638096e-06 5.009714458183164e-07 -2.7264752429016523e-07 1.6801128682247745e-07
29 -3.326886839684984e-07 -3.367322659293686e-07 -2.2765797502435445e-08 2.529225832092426e-07 -2.4039352584772702e-06 3.748656507278402e-07 -1.2475418182366553e-07 3.866057202680309e-07
30 -3.204359080416286e-07 -1.2496569796935383e-08 1.0506890910256946e-07 -1.330403976624201e-07 -2.0557993385310505e-06 2.2690439841924694e-08 -3.394098228255274e-07 2.0604684805850618e-07
31 -3.803402353120161e-07 -2.598649671303242e-07 -1.3796126152917554e-07 -3.1053216757398286e-07 -2.0037121902948254e-06 4.931931557097404e-07 -1.434725668041308e-07 7.868991551757867e-07
32 -3.025191421289328e-07 -1.0661865206440396e-07 -2.2465266178449344e-07 -1.7405427838321336e-07 -2.2814702162757923e-06 4.2642988525537503e-07 -3.564287040905725e-08 -3.672779997503632e-08
33 -3.5909570220740444e-07 2.6827458895597396e-07 5.16082300486774e-08 -2.907686683695521e-07 -2.3123506427555606e-06 2.252354122362551e-07 -3.056663385976239e-07 4.3609801910594557e-07
34 -1.8033590787927599e-07 1.3512704233987846e-07 2.1304098949388092e-07 1.3143810503055767e-07 -2.41728193674074e-06 4.3232552878356814e-07 -7.481877735028235e-07 3.705285035711022e-07
35 -2.619454623832651e-07 1.1507912064347631e-07 -3.443586834561659e-07 -2.9040846174280914e-07 -1.8993680140254023e-06 -2.000590366979985e-07 -4.3083302901559375e-07 -1.504610725162615e-08
36 -5.420745052847772e-07 2.3270752388913144e-08 5.875815529533626e-08 -3.225465351556488e-07 -2.197106289457145e-06 -2.2527327616563282e-07 1.0404111022402153e-09 5.433623844954773e-07
37 -7.508475883001074e-07 3.194770572467603e-07 2.8315237678336247e-07 -5.815299235065582e-08 -2.2979953316464856e-06 -2.477895986495549e-07 2.828539420674366e-08 1.3148026353551843e-07
38 -2.8920222112046056e-07 2.1122461699869218e-08 1.047807864505638e-07 -1.7351057265740134e-07 -2.6366532003352774e-06 -1.8445384128310115e-07 2.1895736419350453e-07 -4.975891102221634e-08
39 -2.8690600698768715e-07 1.5028838792281263e-08 4.413793566910263e-07 9.109931688359041e-08 -2.1106891057934146e-06 -3.0349080316660926e-09 2.112805445691009e-07 2.0316237565490617e-07
40 -5.428251029830738e-07 3.169262798865358e-07 3.070643115098629e-07 4.995928516338654e-07 -2.0596525395486387e-06 3.483835965017052e-07 -1.327551319588027e-07 1.625644359404029e-07
41 -6.644505988719696e-07 2.163443272505336e-07 -4.8600429221712746e-08 -3.5871554517541826e-07 -1.9917743296445164e-06 -1.6243141025251663e-07 -2.7892864626698657e-07 3.178796074836182e-07
42 -3.928369782807784e-07 2.3226172502392397e-07 3.486326127733763e-08 3.520039345144609e-08 -2.094575563381522e-06 4.482916096611013e-07 -2.537799086054486e-07 2.3004962080634442e-07
43 -3.8090909531880625e-07 1.7598312663239644e-07 4.63036344476749e-07 5.120475111804565e-07 -1.942166282579872e-06 1.4563025607612758e-07 2.752809343523363e-07 7.887491127649017e-08
44 -1.2113168762810384e-07 3.1536448976691757e-07 1.7505095361156942e-07 2.1819101985664022e-07 -2.091129586435799e-06 5.434754828381547e-07 -1.959536607295078e-08 1.5419585347320463e-07
45 -4.994283191149684e-07 8.874273992706834e-07 2.6952330960074915e-07 3.519549071915639e-07 -2.201674821659539e-06 -1.51321247280646e-08 1.4503379561113816e-07 3.5729625232169487e-07
46 -5.155284041977589e-07 -1.203342540676639e-07 4.817977093252312e-08 1.4123373633059294e-07 -2.0878470556100914e-06 -2.050171509048524e-08 3.2826441041939625e-07 -7.157861729428275e-08
47 9.379517641743608e-08 -5.181122855094163e-07 -1.1679186629737496e-07 -9.357888128834803e-08 -2.6892423833659226e-06 -1.361971342048298e-08 1.2139337444255723e-08 -9.2256136602741e-08
48 -3.7443086126640134e-07 1.3913474777444833e-07 2.4230451736481346e-07 -2.0984876695141024e-07 -2.0845371876793518e-06 -1.0499924748850483e-09 3.31342009865499e-07 1.4869655738583945e-07
49 -2.482608933354739e-07 -8.200320527415371e-07 2.2214075931035716e-07 2.679973352500744e-07 -1.8756257654688068e-06 -3.8031229308159315e-07 -3.468141630510743e-07 4.0606963444054933e-07
50 -3.2991876818593946e-07 4.381472079183936e-08 4.46440635601005e-07 -2.6579305662569955e-07 -1.2478683179698876e-06 -3.380273601064898e-07 -1.6753572318452433e-07 6.565376693722e-07
51 -1.0671825921949066e-06 -2.0278857054501462e-07 1.1984824161232494e-07 5.438140036421192e-07 -1.3857299412454786e-06 1.0085403212543397e-07 1.2618473763922462e-07 -2.1534066152419403e-07
52 -5.63635133866877e-07 2.6207599614956918e-08 -1.4284867823536812e-07 -2.832509884688273e-07 -1.6426101432675745e-06 1.913376764009912e-08 3.0851808788967296e-07 4.829536273175442e-07
53 -4.748347277548521e-07 -7.137163937819243e-08 2.503165452559062e-07 -4.144233225116482e-08 -1.5934194325903956e-06 1.76720821464139e-07 -5.20479669374249e-07 -1.7848167661539957e-07
54 -7.022367035333136e-07 -1.0264373457921598e-07 4.3511683732228975e-08 -3.246681722866894e-07 -1.6639480091842528e-06 -3.15324735191797e-07 2.515705627388548e-07 8.953160791607417e-08
55 -4.360768896515874e-08 -2.9384395046516304e-07 2.3005030976862312e-07 -3.698352552628181e-08 -1.3752808281413506e-06 -2.5625099907816145e-07 -2.7578307824239154e-08 -4.756149426952246e-07
56 2.518848424585424e-07 -3.611846191602089e-07 3.2271086007729515e-07 -2.008965809973323e-07 -1.8613825690626072e-06 -1.0990750386255208e-06 -2.639459747727102e-07 2.869384033514368e-09
57 -3.7219816088859945e-07 5.685357038356337e-07 -1.8232261846328404e-07 3.8718114163438703e-07 -1.8217556728449355e-06 -2.065243687315008e-07 -1.6926727036111225e-07 -1.7613904124186208e-07
58 -4.1681965827215087e-07 1.9820395003655995e-07 2.0473186182773222e-07 -4.0615091698797684e-08 -1.68603958663558e-06 1.5972506843372348e-07 -3.949868575271067e-07 -3.6406498211790737e-07
59 -2.299109010406862e-07 -6.596185543193178e-08 1.3540224799724165e-07 -2.5334971239126796e-07 -1.9769316244919042e-06 -3.245389753768866e-07 1.2896367102196405e-07 2.631654564634393e-07
60 8.50396753630589e-09 1.6440505030551734e-07 4.482878920537737e-07 -8.496805163145825e-08 -1.9867996480574294e-06 2.4214152700494973e-08 -2.2867979278952835e-07 -2.224708508491815e-07
61 -4.536119680674267e-07 -1.355942496486427e-07 3.7456940961806626e-07 -3.986739380867015e-07 -1.597228220034941e-06 -3.02733449833319e-07 3.56516882825566e-07 -9.0425260943149e-08
62 -4.4191050602143994e-07 8.416339364782511e-08 -3.233859454113695e-08 -2.1548897526443105e-07 -1.8225377941871308e-06 -2.9491947385231175e-07 -1.1409142180848424e-07 4.4870298674336863e-07
63 -7.669228207706998e-07 -3.656448730854097e-07 -1.056266103992217e-07 1.9012019774454364e-07 -1.779205054419685e-06 5.062567363656907e-08 -3.21068684071498e-07 6.621857883927472e-07
64 -2.2828405080900472e-07 9.111384306851929e-08 -1.2352955854657208e-07 6.017731337180825e-07 -1.800670563329877e-06 -1.8334166130813956e-07 1.7307035846500903e-08 -1.9305051608802855e-07
65 -3.1120882463304195e-07 -1.358378013653081e-07 -3.7033721097457097e-07 -2.696289036028671e-07 -1.6026442507648057e-06 -9.541726991537695e-08 4.940906904824188e-08 1.8536780983411783e-07
66 -2.5044553333339933e-07 -3.64313625868869e-07 -2.6412258160566657e-07 -5.120576869191292e-09 -1.7516595547918256e-06 1.2807641827639227e-08 -4.0875091760494637e-07 -3.947876578496735e-08
67 8.189237590057795e-07 -3.7832291079182174e-07 1.0204735572944417e-08 3.9553294371545827e-07 -1.7194779486048832e-06 1.1273524745859606e-07 -6.620770760062905e-07 -2.755480711697922e-09
68 7.401002684989039e-07 -3.551157169844051e-08 -6.1185960811621e-08 4.084617376793101e-07 -1.4444048159886148e-06 5.6437038489793423e-08 -3.4039832096505656e-07 4.258036051098903e-07
69 -8.930456319982277e-08 4.169011116561709e-08 4.1672666249450007e-07 -1.976770712639988e-07 -1.3044029406470061e-06 1.1619379621088464e-07 -2.1496351189489525e-07 7.163452936457275e-08
70 -1.1145670839456852e-06 8.545458074522304e-07 -2.2985140091258772e-07 1.0381404161985495e-07 -1.408257241784314e-06 -1.0473493016387586e-07 1.49367589294435e-07 -2.106788406757043e-08
