1 0.00046754433959136595 -0.0001116960465383609 -1.6938686077857923e-05 -0.00012417060753924772 -0.0004543500832254581 1.4047639349008973e-05 -7.304882305261438e-05 -3.528181370112794e-07
2 0.0002544863330948521 -0.00013837441041235774 -0.0001224312911873721 -6.298572337868223e-05 -0.0002586941299491076 4.545480588763517e-05 9.941098998834144e-05 4.5830783449912767e-05
3 0.00038910792910136466 7.060474401795672e-05 -0.0001101180732248525 0.00012253905450332914 -8.41723258724889e-05 -0.00011554674081414604 2.5103940839045045e-05 0.00017156223746159292
4 0.00017657735179965394 -4.245055332859978e-05 -9.079449205428543e-05 -6.581899966707656e-05 -0.00037763649624523364 7.282589962082404e-05 4.379778913943667e-05 -9.637392713413033e-05
5 0.0003909145148961449 -1.7193639550348162e-05 0.00010530462416933097 -3.511276588006948e-05 -0.00022321495399883816 -1.505211478234733e-06 9.270067555734755e-05 -7.456247068597085e-07
6 0.0006943583458275903 2.5877500128532534e-05 -0.00015968353574930571 5.6248852961627525e-05 -0.00023245910282466127 -5.5567695105579926e-05 -3.281266220700536e-05 0.0003270609586187357
7 0.0004662698593147289 0.00013771461293014787 -0.00011607751288076429 0.00013937779149658249 9.659480119977462e-05 8.396095277760031e-05 4.9058625143870484e-05 0.00017115547424029274
8 0.00040082056220636477 -0.00018195864630660805 0.00011323599242882027 -2.482363968350084e-05 -0.0005609445723823987 3.2293858693777614e-05 -0.0001752904634835338 -0.00015934167051000198
9 0.00029595610049290577 -0.00028197546176024946 -0.00011486457889881112 6.177710809727962e-05 -4.192389554699e-05 -0.0001782412357247353 0.00014404169616662524 -0.00022242403799281106
10 0.0005139381655652719 6.863815511349983e-05 0.00019947012613990078 -8.696293516670152e-05 -0.00021792463342252085 0.0001213130943449848 7.467977548931669e-06 -0.00015760718621237292
11 0.000392562233194933 0.0003837389411059216 -5.674869894098325e-05 -0.00017472987397618245 -0.00035819943217840815 4.091603857611604e-05 0.00034032134122851526 -7.88719625867573e-05
12 -1.7588610612973055e-06 -0.000104881553529668 9.757354211061251e-05 7.512040121689563e-05 -7.473679392334842e-05 -0.000275202110801713 -6.546360987612865e-05 9.657992828860387e-05
13 0.00031135863909388444 -9.186774068797164e-05 -4.147481016316831e-06 5.692550235639623e-05 0.00014066748163066664 -0.0003735213370587577 0.00028919642321790037 -0.00011546691406199697
14 0.00045557442837849683 0.0001585866578797468 0.00016351255940636326 0.00011097514968425737 -0.0001510485320748413 -0.0001275877604292169 3.700351191636089e-05 -9.969600195900247e-05
15 0.000163753109926107 0.00014937690679716408 -0.00011780415690361773 -8.125002211687278e-05 -0.00021038896333623654 0.00017655500421600638 8.298464360634466e-07 -9.016777119626723e-05
16 0.00014747964672865726 0.0001383977857400428 -0.0001677022004318995 0.0003653570658982549 5.1156372942094114e-05 -0.00010640883366817387 0.0005505328719584365 -0.00019525766224294628
17 0.00011470854065376033 0.0004084226645159543 -0.00010978325515370054 -0.000513847914961581 -8.910622057517612e-05 -0.00013477856382624224 0.00022873427856993114 0.0003773285959544473
18 0.0007963969814321472 -0.00018391857837402926 0.0005606255112891238 -0.0003644946726013746 0.00018455376905947242 -0.00027436495197670957 7.392123972995092e-05 5.4248539392290815e-05
19 0.000462493541683862 0.00013370822515436175 -1.0711137755294869e-05 0.0003579451175504068 -0.00018871134260952513 -0.000358604737610578 -1.2720452677520008e-06 -0.0005257114317612971
20 5.90697733607408e-05 -0.000550760410359433 0.00021847262144319645 -0.00040728512422973594 -0.0003365801649946714 -0.00018527246968758125 -0.0002782600336771651 -0.00019670962158535674
21 8.778478303528238e-05 0.00012018598146497803 -9.52369410670206e-05 -0.0002947573689478913 -0.000313410229879673 0.00021803224559365083 0.0004479424614477294 -0.0006741987805384726
22 -0.0005233652593312516 0.0001437874192376975 -2.952099483053764e-05 0.000384536506837173 -0.00014731132323652103 0.0005786961649647985 -4.70132383268767e-06 0.0004266956096034154
23 0.0006316070120774463 0.00014967099833859584 -0.0005513154172260051 -0.00026832520582391984 -0.0004202389541357278 0.00014596474217237038 2.6113805666771943e-05 0.0004268840935174399
24 0.0013184113675205065 5.365096381486322e-06 0.00047493792834243096 7.764563559916204e-06 1.0284728340443492e-05 -0.0005074120577364859 0.00017476053566587162 3.931895724312492e-05
25 0.0003191335237592953 0.0002250247386307869 0.00034506374272101154 0.00018607354256526196 -0.0005737486377089796 -0.0002973793021203521 0.00010386149853413554 -0.00020417544560075526
26 0.0005512049935415383 -0.000500521823689283 -0.0001517676102088999 0.00020004819191912917 -0.00038886587724160863 0.0002438613636459357 -0.0007481085476223723 -6.29362050880307e-05
27 -0.00029959647254456734 0.000702837344141132 -0.0005891606617036618 5.400132336779521e-05 -0.0006060382317243806 8.98356457744523e-05 -0.00021566375354742032 0.00040279668207189075
28 0.00045532709014443505 5.1411344347244864e-05 0.0006980720962804575 -0.0007055399047120567 0.00021846321490041242 -5.280179412679697e-05 0.00041160125198580266 0.0001070779786009496
29 1.2684435213194861e-05 6.0291204889654406e-05 -0.0001323465246250541 0.00028893236123385245 -0.00030113279445501817 0.0005802914545916169 0.0002621557129585551 0.00028616677547023753
30 -0.0003678038779596009 -0.0003040482385962092 0.00011705760893181269 -0.0007025303531463949 -2.4337100381259322e-05 0.0003977203140815015 -0.00013588868103045886 8.943359888669454e-05
31 0.00034920587519511267 0.0003262976422995372 -0.00047721722162653586 -0.00019713910929175393 -0.0006915093217780529 -0.00021127134408667638 -0.00022959900926810674 -7.14158586897259e-06
32 -0.00017642833292370706 0.00035278218746758323 0.00042673639898134806 -0.000472024678950956 -4.178289562882793e-05 0.000495029867727329 -0.00040569420967223255 -0.0007892521840842915
33 0.0006645145327765358 -0.0003464595522353882 -0.00012898927387284244 0.00014628449112005434 0.0005382956375839107 -0.00044648237891545695 8.600916221703471e-05 -0.00015014961814307983
34 0.0003835293378742708 0.0001577905738558725 0.00047510756528204584 0.0004961648098796309 -0.0013597065509559486 -0.0004030472396137267 -0.0002397099898077538 -9.000770827859099e-05
35 0.0005179806207768439 0.0010853347508564956 0.00033603161858225696 -6.219319226470298e-06 8.703460838741183e-05 0.00023941694681142437 -0.0005953630174898867 5.86778041673624e-05
36 0.0011769574739506122 0.0008341098800760191 8.99893177583092e-05 0.0005199346149269122 -0.00026829146806897793 9.274415495948438e-05 0.00015442675042939092 -0.0010184560070324092
37 -0.0003156197369814799 -4.155453272963064e-05 0.00026701666191767455 -0.0006997264952037268 -0.0005900117334471088 0.00036831773670657243 -0.00029924069005356885 -0.0007847157037438642
38 7.070881379373195e-05 0.0007890604925078328 -0.00036913348706589955 0.0005067610142095436 0.0011138004997217719 -0.0009591199953303371 -3.643780437619917e-05 0.00047145825059125436
39 0.0010720724757994225 -0.00016873753143041182 0.0008083788894455556 -0.00030167033496879253 0.0005332771547476056 -0.0005913983942916063 -0.0006006504019186236 0.0007659258778903056
40 0.0007532987662644403 -0.0003917618399085684 0.0007490884544935984 0.0002612198768581161 0.000320938774928032 -0.000578246005476623 0.00032930830810662826 -3.809620869401438e-05
41 0.00020587200011407808 0.00035710084790591346 0.00010784636232228332 0.0002646838626236492 -0.00037347726031628 6.636921327239214e-05 7.888969233074995e-05 0.00014578920872154063
42 0.0009315366985379386 0.0001814718410543389 -0.0007666629964682915 -0.001210145638175243 0.0002978504916949285 -0.00019583089951430386 0.00010779253109666183 -0.00023891467608259438
43 -0.000685777486387376 0.00036360161042907184 -9.054174260589935e-05 -0.0005074219274829859 -0.0005577170979811941 -0.001195735182449927 -0.00036091304839865594 0.0007133511079411659
44 0.0008144194240901387 -0.00035129804229993325 0.0003200297578440143 -0.0003033029697794465 -0.0011785526746479064 -5.2550577866874025e-05 0.0005899402818327503 -0.00064636490740158
45 0.0008994151593186296 0.0002973593693070931 0.0006025478549063105 -0.00031712956161594345 0.000343212022096998 -0.0001647912253250838 -0.000262812472363664 -0.0010380858420913344
46 0.0007071376741128947 0.0005019643137861625 0.00012405589178796924 0.0004467708579516271 0.0011280164467747298 0.00042051021413719606 -0.0003048514425609997 -0.00023679447330557797
47 0.0012820003753192964 0.0008634155384444281 0.0005622806356222285 -0.00019671044615928576 -0.000811828220837163 0.0020054834497987726 -0.00017127433768302682 0.0004115443765492076
48 0.000752462551731898 0.00028845576405913407 -0.0006941865032001974 0.0010179667282468369 -0.00021146700657358688 0.00023508837050005273 0.0005882796307100933 -3.10910011813575e-05
49 -0.0006234668750069875 0.0006532079525455053 -0.00033668021389606797 0.0004725932892443747 -0.001284095706591551 -0.00015072911333328508 0.0008717741640915331 0.0004493586089711692
50 0.00010994028820350683 -0.0015357774591223331 0.0002456987275763147 -0.0006713404529540352 0.00038518519165684856 -0.0010528589931415161 -0.00025030818070880787 -0.0002305549170937605
51 0.0009917278968190118 0.0006707174993810435 0.0015220210131798974 -0.0002769601364416885 -0.0006325491843706784 0.0003495957958389195 0.0007386259975394509 0.0006712736094842324
52 -0.0009900328887041988 -7.909522957719103e-06 0.0002433641477353761 -0.00039282281492639625 -0.0010004405706271775 -0.0001911328573043415 0.0006730777687168664 0.00019698550319071427
53 -0.00010483574231794921 -0.0003759364766602316 0.0010198861638105428 0.000864210521851493 0.00023231203988341757 -0.00014693766853647098 -0.0006362026877212222 0.0009092166431565179
54 0.000263806193427729 -0.0008197925072062399 0.00028655569058378425 0.00025415016133855186 4.1534966515244146e-05 7.020842359562986e-05 -0.00025722623984973853 0.0008308565003754017
55 0.00046482933109432306 -0.00037048616500822253 -0.00012213509443006508 0.0004821064661751298 0.0005590555674145283 -0.0004191666062181561 0.0005019749416644367 -0.00014547905364791208
56 0.0005614920113706841 -0.00040440136633605213 -0.00020923152730182868 -0.00023312523635758654 -0.0009440636531713541 9.082936844380517e-06 5.3792276076385375e-06 -0.0012548021008952311
57 0.0004488393318957307 0.0001951085171090027 -0.0005479127579599102 -0.0010351068300860564 -0.0008012246520992713 6.660165499050397e-05 0.00010199736376329879 0.0006215509025742725
58 0.0008433058159336746 -0.00030720486077717523 0.0011963670218855592 -0.000448507469002005 -0.0002810495458838969 -0.000727032204841467 0.0006925324448992213 -7.347762461384283e-05
59 0.0007312347143307142 -0.0005042678907198552 -0.0005445594672986415 0.00033210935307253033 4.802303095942107e-05 0.0008232171167324314 -0.0011401023753886312 0.0006633580028856165
60 0.0004584477725003948 -0.00031214659765446256 0.000313213372929365 0.00010926505686390607 0.000383821060791339 0.0006411705213466022 0.0002037096343154337 -0.0006140847723555588
61 0.0002089469744778651 0.0006891245588571838 -0.00072255770269347 -0.0013123196824492958 -0.0018567010288279065 0.0006172539628799225 -0.0003308629471143857 0.0003257417788930136
62 0.0009894971557103675 0.00018829907460867802 0.0013434188552526461 0.0007059721499310395 0.00033171157469046687 0.0006310263470446384 0.00040930511510188484 0.0004569379406782725
63 0.0010930473858312586 0.0004257119861348946 0.00041810791295044856 -7.167378481757724e-05 0.0002328365608609912 -0.0003271504690564298 0.00015295206663190755 -0.00021531651482075526
64 -0.00039844832570067924 -0.001070085220541188 0.0005865200707743021 -0.001431946029395628 0.00043963761696932767 -0.001090389587126594 -0.000378123375444612 0.0011165710317200645
65 0.00040026891950741456 3.9916583724874726e-05 -0.0003033518330800615 0.00018699027770553557 -0.0012694235906457775 0.000300126484564734 -5.183967663795549e-07 -0.0014196704977416587
66 0.00018751807538883657 0.00028525273574580174 0.0007187275597948746 -0.001042275670335502 0.0004009993294268741 0.0004229480306147443 0.000607083131662446 -0.0006113292264914859
67 -0.000357924887693963 -0.00027702608041149266 0.0002516256277712313 -0.0014750445821872006 -0.0007548610074628193 -0.0005833882431801005 0.00018144017224533518 -0.00022745755283874234
68 -0.000916045573127714 0.0005261059433522823 0.0002370326093962585 -0.0004403321444678277 0.0003564137140059843 -0.00020190234645099328 0.00014002690816736874 0.0011003193976227982
69 -0.0003489248328278743 -0.00028956576367115673 -0.00042761023733299585 7.040378532127536e-05 -1.9912189909941538e-05 -0.0008100727992884039 0.00010721768520412253 0.0008812885578456227
70 -0.003953538680893475 0.00038045648847266037 0.0006885731924259919 0.00010196901433433676 -6.769096109640889e-05 -4.5386730861261216e-05 -0.00025082637271273025 -0.0006259786308440755
