1 0.33247949667505383 0.03626073295427558 -0.013352926125907546 -0.032519722842697586 -0.13166447374246648 0.09793131097941679 -0.009255178191361792 0.01889643974450752
2 0.5577213003477368 -0.0032826172504939483 -0.019540737979052484 0.019606294578734845 -0.0306396344788183 -0.04800956901076669 -0.005763723380314601 0.02500091614459462
3 0.6212473698946891 0.0102489377260338 -0.04590674911964465 0.037495241268258955 -0.20601948440481527 -0.08888431841459936 -0.013482966389923117 -0.0027723360508670305
4 0.6212524666785008 -0.005407109058739045 0.042119714061321985 0.029242629996145353 -0.08219246177932522 0.03817681462944063 0.07586822050239428 -0.10249105434168014
5 0.6845634653587263 -0.06648746369225421 -0.09927376130241022 -0.020874419810511673 -0.13734080187189265 -0.011420660519830098 0.11547091901162117 -0.10254325366203919
6 0.6845981719380856 -0.03479169158394821 -0.0012612614929697688 0.007751119137616415 -0.21248300456225577 0.0077185852417466765 -0.12283601025339681 0.025817131327182087
7 0.5258340263057171 0.04830114495123549 -0.0633514962934922 0.03898607112214209 -0.17604869768611447 -0.02403616214529894 0.09969639901954852 -0.012868406689912024
8 0.5893061012447129 -0.04585636255860066 0.18444278462812116 0.029853522114536814 -0.13426678814917725 -0.049665671069788815 0.0029287318031121735 -0.027791093461739476
9 0.5174051857052502 -0.08854157764562567 0.08586142559033372 -0.04945089118709571 -0.1570952588326773 0.07646924987891797 -0.06787774844747363 0.0496077257131097
10 0.6389082270204292 0.05567690129475833 -0.007137635822007669 -0.0984300445824953 -0.1419656702124218 -0.1426142809875221 0.037802241818086654 -0.08395950850713774
11 0.4692035500623736 0.21808172545742194 -0.09195026275649049 -0.025733890758367284 -0.08555712974277 -0.09417313319192504 -0.034314582386954486 0.05070354566224287
12 0.6987168136792238 -0.03989142300934514 0.01629888827259609 0.03122150285648943 -0.22031388967038545 -0.0034159251099908847 0.1106635440550188 0.07202901533565582
13 0.4737616045371691 -0.060972715058781636 0.06595899636724882 0.16243863291943536 -0.09660038290094257 0.1540459226632623 -0.028274482220165462 0.04118296875080153
14 0.5700957493643006 0.1351857706708795 0.1534024765259429 -0.19445862077585002 -0.11067144584551787 -0.375670527341392 -0.07083725058471334 0.059305749349315595
15 0.48120734981853214 0.17827561210865406 -0.2093860669949253 -0.12233670192023828 -0.18655716624791854 0.16337062737552008 0.15222283343791365 -0.027401113030005617
16 0.7764326992147511 -0.14004682623114836 0.03136558072818129 0.18229416070159993 -0.23790270243661404 0.1701828839442182 -0.30358081309117746 0.15160916859095688
17 0.5545079441346674 0.08050931207788158 -0.08466397436621628 0.03441267209706615 -0.02736204115238936 0.01013429071607471 -0.00746033850162635 -0.24006065792684061
18 0.1962056154570424 -0.14118382733803295 0.011421289711513205 0.16037032550295482 0.0445945098188731 -0.30679936957586496 -0.006952514061971338 0.052646467620885
19 0.6266021996143325 0.3053371754832141 -0.1481444026127368 -0.149505895116461 -0.1489984422523783 0.06670026487512896 0.07105319782505518 0.010462289786852569
20 0.593362260736468 -0.11149416665363764 0.17254907961877342 0.09263422485146977 -0.27098024733562237 -0.11732053497538439 0.014490623592690783 0.11465996477951368
21 0.35729194853943935 0.2694548018815048 -0.0594460259315195 -0.051938491092615745 -0.16100321574347606 0.14324328923292207 -0.16885878512756305 0.07606036518928884
22 0.8506171451845601 0.23506758338637151 0.1495515306652748 0.006062408686247786 -0.14079753302784276 0.06946651695837118 -0.10551316710148795 -0.13655137122443914
23 0.37139572233878126 -0.10615128691432721 -0.18490656617576842 -0.13829349441332967 -0.26491552598660784 0.033793633991205746 0.2244108123355795 -0.04431552709432809
24 0.6507726379332343 0.01088625757433491 -0.05063616534178057 0.07721376275821128 -0.34440531366952554 -0.17221150745703206 0.1382731255750267 0.04354380550836487
25 0.8069050336293473 -0.05936140380894539 -0.015162785787283292 -0.023117537862220493 -0.09427826805781364 -0.21863573909417253 -0.10037246110338215 -0.1497513572322248
26 0.5200730075005493 0.14483276903102388 0.15678605058676226 0.10390448746991005 -0.1885700554593848 0.11680683443612683 0.06842802621195244 0.004157520493094374
27 0.34055726475247794 -0.10272571438422047 -0.23562969532055453 -0.08360730698123248 -0.048290116119263454 -0.056587487892571536 -0.0286068321747423 -0.24192175362028134
28 0.5911225131543444 0.19827042370594283 0.0035893189243301985 -0.23351691091061236 -0.3083743785740938 -0.14573305600354616 -0.13197264674063758 0.13676018974640122
29 0.4604430620016924 -0.004209555486952997 -0.03352965355088729 0.2459027407023826 0.3546041235518556 0.27023562604942664 -0.09349283945319803 0.028164319384214976
30 0.4583647005738126 0.2532333497474735 -0.326825329434236 0.22332575560987986 -0.2660512906127242 -0.15720144184800694 -0.1505891902901874 -0.20554937442219967
31 0.7167233443113217 -0.34368791473627225 0.2571693172487483 0.07641071590146492 -0.18340815836602217 -0.1842086464605469 -0.3539794479318822 0.17437153351534082
32 0.44571737611478945 0.26016283067115226 0.14367121426045887 0.0788655789948812 -0.3318506589489403 0.06321889574721812 0.21518949804265244 -0.08191638023739026
33 0.4436980838891215 -0.2205848572391384 -0.09084285628736838 -0.43221700245171824 -0.3374026568807509 -0.07085223234720842 -0.10058030366287622 -0.1584810428378015
34 0.45880962452318397 0.431729830036473 0.033389477315821155 -0.3624781720020104 -0.10494372440119386 -0.23125354202998852 0.009521145885799949 0.30599320660612483
35 0.6050366952610811 -0.33119847894030563 0.3573954253099922 0.37696417939457405 0.07128438277469765 0.07961790386790354 0.05023389949964727 0.14822630917394627
36 0.589835763288477 -0.08546550664420452 -0.18437816474587782 -0.11219123095193347 0.13885250642026542 0.3542372900407118 0.21421267424265186 -0.3306005714089195
37 0.36894771995831266 0.39515359251425525 0.329594842371452 0.09437457185733109 -0.5855397909313866 -0.3259899116815311 -0.16525375464438813 0.14582532384664304
38 0.7132868195014406 -0.2625663501300805 -0.38797825512484563 0.2934913651322347 -0.054062371507242066 -0.116968102546651 0.06673504467910236 0.20016980046454422
39 0.7867028473443293 -0.00031269224637355333 0.28531209934364454 0.0109725130000529 -0.38507400985900214 -0.10699075887782471 0.23974961073945164 -0.015034669808718669
40 0.6244376051564884 0.20286341998086843 0.21082236208601665 0.2395178999132515 -0.21784244041640918 0.20180572091460522 0.06964933486927766 0.1368093500941145
41 0.4874188035467209 -0.01855351569207 -0.09989166593740023 -0.5106823392147558 -0.3465697146365105 -0.09261700464483084 0.022159617074247746 -0.03704136268983159
42 0.49995909461185967 0.033317473554434304 -0.14187730636715343 0.22743532599264904 -0.5460727941577304 0.053043695745271666 -0.25391781224158716 0.21072500112918005
43 0.944596683767193 -0.11053079403979817 0.1027965367846202 -0.050730731309462276 0.3033696064649442 0.17641780889947287 0.44669678672248225 0.15186640617615227
44 0.22458788504146415 0.1859419024561879 0.14760601955027222 0.18485976057984194 -0.284247808481177 -0.3503612858321171 -0.38714198549857204 -0.4725078584977996
45 0.7401072799714359 0.17735834270900858 0.42892860320475396 0.020564894665203778 -0.0391610106360485 0.026967476894505356 0.16318041482314394 0.08312641071422068
46 0.6643238372069961 -0.210003852368908 0.21669565292240223 -0.10639002599690234 0.012189490629884982 -0.23568998449317322 -0.2083095521373642 0.05435795376503521
47 0.1971881905762207 0.3642073307947669 -0.2932005334028452 0.1202408658421706 0.011421905250398937 -0.10289715511001245 0.290395478258881 0.21151237840709183
48 0.5526445734034778 0.3170941194407396 0.2559106586368116 -0.1634820357848627 -0.13850626360872464 -0.04065826908709649 0.0051104768861684104 0.5103553567748338
49 0.5789673455527677 -0.20322739008814203 0.16780900486960776 -0.013383882398632207 0.06611214696510723 0.21357317865961864 -0.24713889598477748 0.39576117163497726
50 0.32382777768307996 0.33785574342710295 0.178055135200339 0.0594819857717868 -0.5825859356209805 -0.32599314644131694 0.01077185597381063 -0.6750521698133691
51 0.652338100914943 -0.1433674128181037 -0.4515370098518439 0.47517958535922955 0.3417271179455228 0.827974573374928 -0.05581864671694144 0.07024836498645254
52 0.003517638719578115 0.20333452239327063 0.6904783198031004 -0.40341938519833287 -0.23808471454194177 -0.37428872061179247 0.26222310285254824 0.14118536914222657
53 0.3046828531693144 -0.5732228412408994 -0.1414506709346888 0.19138862715085952 0.07025716664476628 -0.059927461905936244 0.20159285177529324 -0.16081136402559248
54 0.5551491813654886 0.2454296719222318 -0.11863226914038312 -0.6054367498573521 -0.1926800086810473 -0.047381193184347276 -0.10519143962190397 0.08241859049755519
55 0.8628858293934981 0.23949448297902887 -0.44101879375322534 0.6096612358914287 -0.8222940622237678 -0.15452823398176463 0.13895672833764397 0.09948962677543233
56 1.115645894728424 0.5011725107311977 0.017076457946152375 -0.4229607600800937 0.08923502045891149 0.05518870563760368 -0.13463665619190707 -0.4755938783195107
57 -0.14003302182241006 0.30942614940710805 0.4539231053725916 -0.10886078131050095 -0.18320904157736675 -0.31600719378974507 0.2808174307803887 0.31804189640575103
58 0.6650273173167678 0.3678671646323708 -0.15147997598651147 0.4230874885984366 -0.5486664225303504 0.22037087402992372 -0.40248737137543383 -0.03331361727372953
59 0.7145855235667807 -0.1349616546192856 -0.1945146091628454 -0.32108548807083925 0.21351890959365527 -0.10607392574493796 0.24998479560056014 0.03250536780872205
60 1.0476192015578427 -0.137223369201684 0.2021723579324916 0.01981205023770399 -0.023225934166823968 0.33910962863832944 0.44184871772114703 -0.3915481529369039
61 0.4815887517931502 0.6909824837151909 0.23737550125708962 -0.2634776550372343 -0.41708162037022245 0.3271398261821273 -0.2442082519162703 0.28535923238154487
62 0.06225724597863973 -0.21174858857576234 -0.5141374519170184 0.23059031505231817 0.03283243599163377 -0.041204025387573534 0.40811596731041344 -0.5022591754200489
63 0.1995589375471386 -0.30463502917496516 0.09500722925150858 -0.4157288086605927 -0.22979907859206783 -0.5002270104878753 -0.7498301241307335 0.3419889142547313
64 0.45326179825537094 0.4089908316973729 0.32824136025978773 -0.10779757096987179 -0.15591264997644735 -0.3715309914162538 -0.018960799143107103 -0.28691064829438445
65 0.7672846323620146 0.4429336275212915 -0.26480713798473904 0.38046375513830477 -0.12400349317103337 0.2835615126981889 0.07843106933340879 0.27791620063576306
66 0.7894783288423695 0.36332949767210276 0.3339036472173107 -0.1271885597328642 -0.13645792183089417 -0.5643104379795182 0.10748206066461037 -0.27834773571809057
67 0.5424680387635313 -1.049034702738822 -0.38884349173566946 -0.03692124269856592 -0.13866054400218852 0.3333069686777983 0.3808993384460935 -0.11524291859928029
68 -0.3650405119266386 -0.023967473162425132 -0.3969398676303056 0.47036328666674637 -0.18069766569126985 0.10315177802831094 -0.47798979343088727 -0.33723392680547126
69 0.1462231085874173 0.47780125784657324 -0.29428678629968025 -0.24023679346529692 0.26293902882629 0.10315062364980723 0.14647108560656535 0.2859187809857763
70 -0.03620502666707421 0.12337242547179003 0.09383925056468197 0.08459295574554473 -0.276716505911287 -0.14586208899633804 0.0760031240629141 0.1323730337366589
