1 -0.00015734897294766598 -2.4092535183320697e-05 3.3219050242807136e-05 1.0509382903274624e-05 -0.00019379948717160493 -1.6768946109057136e-06 0.00013736918478472233 -4.89955805869587e-05
2 0.00016480857148687937 3.832022693832076e-05 2.9033020584509413e-05 0.00010506084545527376 -9.289675016763417e-05 6.252573139629945e-06 -1.8472371373012507e-05 -9.46165735514305e-05
3 0.00010368683168226475 1.4691992386718814e-05 2.409859490681805e-05 0.0001664509104492851 -4.270164065063249e-05 4.066159749724811e-05 -1.6353393164432527e-05 -9.175350506281386e-05
4 -4.24713319740819e-06 7.670210556696778e-05 1.860131387402064e-05 -5.108272874420228e-05 -3.141442280701507e-05 0.0001353645552887955 -4.8604438551252e-05 -8.940908039664958e-05
5 7.797099719316562e-05 0.00014872195021565566 -3.5692185489860176e-05 -0.00014771323033862602 -0.0002370158497300303 -0.00013955059780090497 -5.057446223405866e-05 6.017416909920874e-06
6 0.00022212397191311215 8.530580920312623e-05 -2.8370775823502573e-05 -3.7873484899373e-05 -0.00020057448277808194 -0.00010746696365295163 0.00019231697605783435 -2.2318950609658768e-05
7 2.1620019450333345e-06 5.679246240210391e-05 1.2963350998530436e-05 -0.00019227080213673648 -0.000209698003774075 -0.00021029875571204048 0.00010504271773219013 2.7718492881915865e-06
8 0.0001200225831765069 -7.946325714035828e-05 -3.6065686107626105e-05 4.3079670601939984e-05 -0.00010219839365768705 0.0002666675428430032 0.0003212421058506073 -5.9175430620722405e-05
9 0.000460519832916952 1.5373812756595705e-05 1.7474696077252603e-06 0.00012409950871369676 -0.00037815935053489303 -0.00012476268694593923 4.644949197231393e-05 -6.560986407651431e-05
10 -3.6616460403897283e-06 0.00020040492039420177 -0.0001192448237769283 -0.0002423338611782841 -7.566926776593786e-05 2.7443652597760666e-05 -5.1877290683323317e-05 -0.0001503123901377667
11 0.00019688236850508677 3.740465921938434e-05 -5.387146315989936e-05 4.9136568263378124e-05 -0.00015416920865030006 -6.819963748944493e-05 -5.118118587298358e-05 0.00013511588993305696
12 0.00026939699177726576 -0.00010924120502971988 -0.00010983721666376107 -0.00019578689394733747 2.497981408284443e-05 3.912019976367529e-05 0.0001497557178248574 0.0001223657425913768
13 0.00019287677671109635 0.00015434499811703363 0.00035055700113942616 -3.264775177712681e-05 -0.0002374433531749212 -2.1634186611685607e-05 -2.7517065417308107e-05 0.00021398987095703578
14 8.690346824604509e-05 0.0004710959503807578 0.0002605588118073777 6.67018532856254e-05 -0.00013876813173022744 0.00031369493252158664 -0.0003480064440288944 -8.860585790061286e-05
15 0.000373572478845103 -8.297667257135667e-05 0.0004924059740082337 -0.0002025134430533721 -0.00026195402426784387 -0.00024952695396478897 -7.596223024382933e-05 0.0002316119873961586
16 0.0006210405979472001 0.00036113586277071046 1.1226796968374122e-05 0.0003716637243423558 -0.00048828086012497234 0.0005917711221891342 0.0003895059738256457 -0.0002465786632348727
17 0.0006495420728073279 -0.0004918247454365364 -4.500274192354925e-07 -0.00029003392142235154 3.363045762439854e-05 0.0003153428800080521 -5.980693355258575e-05 -0.00034562443832128996
18 0.00040521490039735345 0.0008164430612922871 0.00017138937105239593 -0.0001793076663205267 -0.0001262280935530881 4.280210015624486e-05 0.0003262389699876614 1.0848609505816063e-06
19 0.00020925424044989472 0.00015404758296036267 -0.00021872213677359012 -0.0002520022117109157 -0.000235422213540254 -0.0007596127064936019 -0.00021414786291648174 -0.0003168538404466104
20 -0.00021823521719590923 -0.0003891797919125549 -0.00023124311260492973 0.0004640488023580485 0.0002699154808528691 0.00012152343391859257 1.5661220901802443e-05 -0.00015926579446567376
21 0.00011161146770453183 -6.210742654296326e-05 7.714667683717746e-05 -0.00019553759395920644 -0.0003067904842270022 -0.00022514894043911584 0.0005455501550362164 -0.00045207267811875806
22 0.0003691749943501374 0.000169262025115483 0.0001300462095037277 -0.00020947575580763597 -6.945409513757851e-05 0.00016457867633874656 -0.0003677970930667138 -0.0001408752384558402
23 -4.153141534621246e-05 3.3589585245965324e-05 -6.136992697293011e-05 -0.00029810750736652784 -1.8367782372900615e-05 -0.00040049726802669636 0.00011844764578400225 -0.0001198357605152845
24 0.00011735995754120392 -2.6374404945923516e-05 8.361611125817869e-05 -0.00023746223246825536 5.188527879944497e-05 0.000571045244704861 -0.00023699584724843207 6.231273519428639e-05
25 0.0002651662583002336 0.00030578309677706386 0.0003014937385934681 0.0001421411633418588 -0.00022218544056179553 -7.471302975547655e-05 0.00017951245589581158 -0.00014221221270470757
26 0.00026394896025414135 0.0002635620612692469 -0.0009508279320137689 -0.0003025807565509658 -0.00017165945045963542 -0.0002621717219621485 3.6785525559389636e-05 -0.00026535687697194814
27 0.0005127169698821019 8.31300762625673e-05 0.00011665072899057257 -0.00048403141698292443 0.0006522369218072049 0.00022903407772288046 -0.00022278701332084503 -2.378806086877216e-05
28 3.5857447735313417e-05 -0.00010072804972678778 1.173704010995747e-05 -0.0005267850715167827 -0.00034678434126636986 0.00020408005858558556 -2.8118406440863517e-05 4.850677828117693e-05
29 0.0005612799744444623 -2.954992535123681e-05 3.0752489655566764e-05 -2.6136969001582308e-05 -6.534810497929415e-05 -2.889930463280954e-05 -0.00021140969175484993 -0.00012804646462775002
30 -0.0003126571652727346 -0.0006622667600985178 -0.0007980838642261214 0.00044961618297194886 0.00012915853336740004 -0.0003945749781822148 -0.00038576634474038105 -0.0002436309776854978
31 0.0002003887064861586 0.00025625042455668264 0.00028383117563728365 -0.0010124498558879355 -0.0002851580498470277 -0.0001709671137769309 -0.000406016015837771 -0.0003334495332558199
32 -0.00011889701878898883 -0.0003065033467116568 8.510403997212692e-05 -0.0003523245880374223 2.0244064037270696e-05 -7.35561444841617e-05 1.7470586742983505e-05 -0.0009851824753765543
33 -0.0005799941693816382 0.00031188162634701225 0.0010550997051821179 0.0006571296429876641 0.0005240698015973572 -0.0005335876194323075 0.0007371067417581968 0.000552203342774904
34 -8.044843486020449e-05 0.00045716455233863645 -0.0002618600312037191 0.000359871826327099 -0.00034489473582153076 0.0004280093478630029 6.540493548928424e-05 -0.00012219907674313835
35 -0.0001250804283690675 -0.0004806286182856922 0.00016345153348354326 0.0005274635567158727 0.00016742258312110267 0.00019422488139517633 0.00020922685811459738 -0.00012309580203630219
36 0.0008721316124215209 -0.0007059218416755419 -0.00056192061820574 -0.0006224974969853778 -0.00018480161059827724 -0.0007995143402610835 -0.00011030663980452201 0.00017225498574698463
37 0.001015226281597673 0.00028435348582527784 0.00027936472938641427 -0.00023175357648443478 -0.0005832705580571393 0.0004059177793474358 -0.000632174647083234 0.00035224768417634804
38 -0.0009147630878217503 -0.0007281159488766699 -8.478563485308324e-05 0.00020093124752103422 -0.00012746308664847455 -0.0006652441736346656 -0.0006077673138394106 -0.0006439604050770478
39 0.000343775667469515 -8.759453249686578e-05 -0.0006617462993533426 0.0006187975922528854 -3.5948180933146126e-05 0.0002058403811515994 0.0003265971367487303 5.5656138717495556e-05
40 0.0005142747999017595 7.743971199063202e-05 -0.00020447993495440912 -0.00028314381111364795 -4.594991833737431e-05 -0.0005668145821189796 -0.000765906150198001 0.0003509200894537029
41 0.00015323581143924343 -0.00019392281634171413 -0.0002543725706863774 -0.0002389021253425959 0.0002156327171101275 -5.803628419845863e-05 -0.00013830441318458153 -0.0003435405753283238
42 -1.1363552400349407e-05 0.00021430130460249616 -0.00013099392203169132 7.332050568941074e-07 -0.0001284714619274472 -0.0003627805407188494 0.0002949498452918913 0.0002846444906542682
43 -0.0003403095489825493 -7.334002749075927e-05 -0.00011687972989144733 0.0009613432615670402 -0.00047661076760640816 -0.0006627745888151073 0.00043836943078322477 0.00023082536349553495
44 -0.00020475170972580425 0.0005636870942965418 0.00013683396877907952 -0.0011362472938718628 -0.0002861174744862064 -0.00019840060120387173 -1.749608567024266e-05 0.0006361542947488874
45 0.000305899173803942 -0.000411400481444407 0.0008579408116069216 -0.000304496398229348 -0.0007361262834495732 -0.00018441710777897 0.0004425823804022692 0.00043473163796526205
46 0.0007305981634705374 -5.027612610696858e-05 -0.0003784406463233344 0.0004969842673205526 -0.0007959549048804536 -0.000508743245191964 -0.0005949170253817197 -0.00037272163870875636
47 0.00032388158337472004 -0.00021979357795377886 5.429311545176252e-05 -0.00014124788181839632 -0.000130596989749483 -9.489425144436869e-05 -8.383025742087212e-05 0.0004705392289046655
48 -0.0003040927555668464 0.00028863454806034154 0.00020202868656181265 -0.0005476924875307376 -0.00021690954881487752 0.00023859909318124344 -0.0005186815101258118 -0.0002529075136781954
49 1.3505982098494536e-05 -0.00013888206165341472 -0.0005235116005312914 0.0003151764410398916 4.122440223268948e-05 -0.0002559430485473838 0.00025949611518510035 -0.00020380394689926802
50 0.0003730165738160457 -9.757995567901986e-05 0.0005474968737154239 0.0010313805646645483 0.00035657691742308476 0.0014062345956006137 5.931343068528058e-05 0.0003366840195489823
51 -3.445365819815802e-05 -0.00022284786352488227 0.00013138777985351684 0.001273272850147616 0.0001576140840058089 0.0008593573901633899 0.0006387381168625711 -6.931049040960042e-05
52 0.001195838828558469 0.00048282820223838124 0.00012868332448102654 -0.0005345875205000765 0.00021908515845386753 0.0009151720379555934 -0.0001359926771499554 3.414263730803986e-05
53 0.0006607172883222106 0.00047066490060896266 0.0001596956466112588 0.000622941577685531 -0.0011670764196443852 0.0006799807638699975 0.0010970284125317847 0.00023077882536364644
54 1.3404304704303105e-05 -0.0006518711483153469 -9.010859600584403e-05 0.0008266824886904526 -0.001344299504458781 -4.4929138294983256e-05 0.000806568312810608 -0.00023409706171771856
55 9.02553531094839e-05 -0.000533905304291223 -0.00020205818225209858 -9.05592412131197e-05 -0.00012661116492030275 -0.0010759585770533048 0.00030893791649566377 0.0010679389556901308
56 0.0009745883077280375 2.916870329401557e-05 -0.0007197071777367858 0.0005998413188843242 0.0010707832832630132 -0.00010284724607720921 -0.0004592490862823287 0.00014475761550396943
57 0.0006496820197652482 -0.0001438472188063523 0.00020130398081828575 -3.0174714284524634e-05 0.00027902020534401273 0.0005064042054073833 -0.00046594953465442686 -0.00017044631991693196
58 3.599891099180755e-05 0.00026367478203018804 0.0002601219989868937 4.087715006128061e-05 0.00020106148891650485 -0.0012048959082066575 0.0007337382736018493 -0.00016709523896292112
59 7.4938686536665e-05 -0.0013943211841906924 0.000174359073804916 -0.0009243431670946684 -0.0006164650939398649 0.0004485944031222915 -0.0004008296409414178 -0.00014654215456334793
60 -0.0008064164587638713 -0.000326597658376369 0.0009436124485692084 0.00024796796411358615 -0.001669466228651823 -0.00035234158870151304 0.00033806074804649443 7.354340245706481e-05
61 0.00047012073083765524 -0.0014278663919265631 0.0007909257416007223 4.704317665526356e-05 -0.0003034840143209317 0.00025401042411999183 -0.0012815956172644914 0.0002626696188935044
62 0.0014216132767328462 -0.00016045669447952967 -0.00014834248736204686 -0.00012872868981570485 -0.0008078170549515399 0.0008018708405940634 -0.0002338114501143993 0.0006146787532585137
63 0.0005373902459561851 -0.00019601600228603402 -0.0004840687160016522 0.000478434069352392 0.0013313025306374608 -0.0007843044048792665 -0.0006350616103012504 0.0009853519505631729
64 -0.0012919320236804916 0.00022688879066605283 -0.0002419146766721937 0.00020531909401528729 -1.7678827636756793e-05 0.0005964837215302082 0.0008175700969269165 -0.00044945808460979694
65 0.0003479127633956395 -0.00014197286929305104 -0.00032321324894672254 0.00042758176178219636 -0.0003277172093807321 0.0009807378425476375 -8.35474954454667e-05 0.0004218991982345736
66 0.00033911931358590375 0.0004613880713423844 0.0004793837710307857 0.000234398865923826 -0.00016803481397397374 0.0005047985375042258 0.0008747897291998172 2.4475112148539772e-05
67 0.0010397085648377355 -0.00027859331417694536 0.00011737767457096648 1.0408305167732372e-05 -0.0004275559964021653 -0.0007185796298893854 0.0003373303704964586 0.0007823492588683763
68 0.0010199935643418565 -0.001478132976933053 -0.0004688403181956838 -0.0006991927365174907 -0.00014628404253748783 0.00036872305742806453 -0.0004795828578328852 0.00026826359381121415
69 0.0004636283926480584 -0.0006258537034242325 -0.00010802450751750274 0.0007821083171472362 -0.00010151464785450705 -0.00014585464975176252 -0.0003801956301694304 -0.0003240083439698903
70 0.0020917500522016214 0.00044061315694293105 -0.00019329678996190158 0.0008944010058955867 -0.00039240489826092355 -0.0002115913757737001 9.694839171898927e-05 -9.193578778873322e-06
