1 1.5586196809168913e-07 1.738108828093183e-07 1.4552916609231534e-07 1.4584840616501611e-07 2.001213215209532e-06 3.459514910699621e-07 3.4032961917386174e-07 -4.790137396266075e-07
2 4.974897506738793e-07 2.2925685735390435e-07 1.8808444957943845e-07 -2.128715602798863e-07 3.5017513380455847e-06 -1.8341237745161615e-07 3.0807132597888926e-07 1.4279174788748643e-07
3 6.241151543379876e-07 -1.2457445229692702e-07 1.2587471875848229e-07 -2.604190869576002e-07 3.6262351281648094e-06 -4.435724851096578e-07 4.026565697823181e-08 2.084371399446969e-07
4 5.802229045847165e-07 1.3850421476628372e-07 -2.8099620697955066e-07 -2.8767521980834807e-07 3.5066634517516934e-06 -6.473164378477804e-08 4.472918703820043e-07 1.2061003248417274e-07
5 3.39898245254557e-07 1.3160768025854434e-07 2.6603699706406764e-07 -3.307744930632625e-08 4.206637815065723e-06 -4.982414820593126e-08 4.145834053317614e-07 1.794170791887317e-07
6 6.987381182612808e-07 2.1537495242672696e-07 2.6369968731518922e-08 7.583501085398026e-08 4.137465725294173e-06 -2.1770230111898738e-07 1.2226245542042223e-07 1.3803112034507411e-07
7 3.2691697820832655e-07 6.821790394999142e-08 -3.86487161041421e-07 4.573103721376878e-08 4.2987279951184246e-06 9.289360559380617e-08 3.443327350673933e-07 2.3149254926049e-07
8 5.320482610236279e-08 1.5214107870811417e-07 1.2917778369796187e-07 -2.788545774982626e-08 4.311276138067151e-06 -1.0048969493710156e-07 5.883034942085518e-08 8.391775426604753e-08
9 3.249396752590197e-07 -3.2406863885627736e-07 1.5149555604635094e-08 1.3040776213735766e-08 5.032252129075157e-06 -4.5455774793816654e-08 -1.882984040210983e-07 6.48085019184974e-08
10 3.231059371995055e-07 -4.012545224273414e-08 8.258763918103014e-08 9.531829549595775e-08 4.655254031972302e-06 6.348523869539524e-08 3.229684309480846e-07 -7.547503516090873e-08
11 5.871235160994819e-07 -1.3045556607948308e-07 1.073031326235698e-07 -1.1766958762750655e-07 4.946167433338926e-06 3.5297788729767868e-09 -1.5799375348124167e-08 -1.1448117943707255e-07
12 1.8954533487576514e-07 -1.82596136642557e-07 3.5268535391565786e-07 1.0057547271858795e-07 4.8596244555415585e-06 -5.241278101093746e-08 4.751072042374956e-07 2.1216191382298927e-07
13 3.7517881517520865e-07 6.713751991541731e-08 -3.3417103717752316e-07 3.5832186161101186e-08 4.970629727390982e-06 -1.2864538274193859e-07 1.734648651444806e-08 -1.5537092991855608e-08
14 4.0880833917075446e-07 1.0913542802233823e-07 6.460788181005968e-08 8.791917733404057e-08 4.974590620109805e-06 -2.4679507431452587e-07 2.189272781364685e-07 2.2655513098885287e-07
15 5.433314346899129e-07 -1.9528038703787679e-07 1.9834161872547245e-07 -1.347685713791996e-07 4.927223480496628e-06 7.35367932304784e-08 6.730565853259691e-08 3.1019480544787354e-08
16 4.93891899931213e-07 -7.878300922707284e-08 -1.791865473522686e-07 -3.0714903826682676e-08 4.918681037829818e-06 -2.1945642113842223e-07 3.7359724458547777e-07 1.0254713775739253e-07
17 3.498871659831426e-07 -2.859777021368334e-07 -1.306369862477667e-07 -1.0380855710524523e-07 4.81669521317429e-06 -4.7246931448377894e-07 -1.197200575840195e-07 -2.876849613048633e-08
18 5.339656688196649e-07 -2.362007630537167e-08 -2.0441322557781857e-07 3.202323194776539e-07 5.352971658679502e-06 -4.6444795721705033e-08 8.856564652322645e-08 1.8620420645553037e-07
19 5.147022259962323e-07 2.475530762784253e-07 2.528167816876028e-08 -2.1722252478582175e-07 5.076569788030651e-06 -8.52972011543903e-08 -1.8732279699505835e-07 4.3191882721492534e-07
20 2.7037348889312875e-07 5.257343527666848e-08 -2.905793983201156e-07 8.270001759164128e-08 5.0220138282388245e-06 2.4998800380590276e-07 -1.1634473279207613e-08 3.993004339868291e-08
21 2.2039450849368058e-07 5.834378436435042e-09 3.0568626871412654e-08 4.506027047050725e-07 5.4090436888194115e-06 -1.911934902383065e-07 -1.692733344248305e-07 2.3933015367596266e-08
22 8.417482544491899e-07 1.7432700975558484e-07 5.241775671293735e-07 -3.869644793747215e-07 4.663213172371175e-06 -8.591694189597338e-08 -4.32061831429457e-08 -1.6500622130771497e-07
23 1.002336663128807e-06 -4.4252297995508113e-07 3.0414864859560413e-07 2.5933048437739057e-08 4.840920940640166e-06 -2.5982499015491297e-08 -2.505974909944836e-07 -2.028902879586239e-07
24 -1.0883256795214276e-07 2.19847787487766e-07 3.2801515102638966e-07 2.883188693057245e-07 5.2710838508418185e-06 1.8266603332422832e-07 -1.1337363846131984e-07 1.800316879508552e-07
25 9.58724455448106e-08 4.156924098064883e-07 2.445320335764003e-07 -2.526926858009617e-07 5.412079154034783e-06 -5.720992411977539e-07 2.896889436694458e-07 -1.206168980383378e-07
26 -1.5364391591864244e-07 -1.9531384967293062e-07 8.872999971686214e-08 2.2006259866918094e-07 5.580137897783857e-06 -2.1219204866281822e-07 -2.676719933214761e-07 1.4853783715088388e-07
27 2.679642507971017e-07 2.9454776501522507e-08 -2.30014668978374e-07 1.8117486318266428e-07 4.932578943612122e-06 -2.4998638526039147e-07 3.112093093609064e-07 -2.389677325112931e-07
28 -4.885443778545341e-07 1.7568650875603656e-07 -1.7562041753626896e-07 7.217536760257913e-07 5.39018056063558e-06 -2.872763775068189e-07 4.997006519482032e-07 1.074068939295174e-07
29 -2.7775223035401774e-07 -1.51148488438163e-07 -1.0256277592088826e-07 2.5028060617860194e-07 4.997020660117432e-06 -3.068579908442508e-07 4.3101074406643644e-07 1.6791025030366174e-07
30 6.562634204363949e-08 1.0317731100524197e-07 3.668088065395081e-07 -1.724583952540607e-07 5.333659683753392e-06 -4.477164804810825e-07 8.991635585915211e-08 1.4219354168257812e-07
31 5.457375909264778e-07 4.924664108716298e-07 4.0038798375957557e-07 -7.540424234912425e-08 4.852039970371582e-06 5.227129502789607e-08 -2.0018538007946952e-07 -2.912356015893378e-07
32 5.017154905608364e-07 -1.0062112215464069e-08 2.683463589984285e-07 -9.043185383701098e-08 5.953611786660913e-06 -3.2615284967006733e-07 2.559679425805149e-07 1.1728201639716312e-09
33 3.972417342368989e-07 -3.278789161390987e-07 -6.017410698507927e-07 4.107352123093659e-07 5.081179304776986e-06 -3.081501832172175e-07 3.4045103222276346e-07 -3.4434855448778735e-07
34 4.466618649009193e-07 3.072978815537252e-07 -3.4559185564599176e-08 5.0843020001796154e-08 5.269159928125604e-06 -7.214986047651684e-07 1.5087346143426398e-07 2.562464091133369e-07
35 1.5819857817234225e-08 -8.089216054178188e-08 4.3819762916118203e-07 1.6385436741945838e-07 5.465469485593654e-06 -6.93438238523879e-08 -2.871805262756698e-07 1.354631416812e-07
36 5.477549938772947e-07 2.0505113345160187e-07 4.460091269318941e-07 1.3728498440470863e-07 4.9440251160996946e-06 -1.9250363698191883e-07 6.370336116208883e-08 -1.1970919049759568e-07
37 7.160815051450738e-07 -4.802513797716311e-07 1.561134403335559e-07 7.5491621350718e-08 5.272662257928627e-06 -8.498510777346395e-08 5.267481626750727e-09 -2.0582594382602212e-07
38 2.3259815440170694e-07 -3.834394077748874e-07 1.179735852354107e-07 2.475435005934302e-07 5.387805293183782e-06 3.321979685736413e-07 6.425501253316197e-07 -2.7111824824164024e-07
39 2.5444021174444764e-07 -8.985111049076245e-10 1.7366935678808958e-07 -1.7986641517604743e-07 5.211344877235406e-06 6.128748223843037e-07 4.0009245934252425e-07 -6.892362684054524e-07
40 1.8291895877483983e-07 -2.3337484419297377e-08 -9.076523821497369e-07 -5.233357719522809e-07 5.405103723485042e-06 3.1251354201566187e-07 6.854953765372486e-08 9.471386026381534e-08
41 7.666947923391299e-07 3.9119363476749433e-07 -1.8868523249509957e-07 -2.0469667757381833e-07 5.153035358674973e-06 3.2560561951822006e-08 -2.898453222811747e-07 -3.016247456635762e-07
42 3.365141909509466e-07 2.5574047237786087e-07 1.0476762475304632e-07 1.4999230087425427e-07 5.6378467894064046e-06 3.271509098977077e-07 1.685425708877877e-07 5.109089636687104e-08
43 6.345308153140075e-07 1.9034061084955661e-07 -9.771750402118043e-08 4.95736236224513e-07 5.334372164727252e-06 -2.9334315524122383e-07 4.524687554324439e-07 1.1543571314786067e-07
44 1.6889854216042827e-07 5.05513283362947e-07 3.0909512064362403e-07 1.781893246512109e-07 5.204182287908344e-06 -4.3742096970637034e-07 2.1442945295392866e-07 5.5712719400779387e-08
45 3.903141005816345e-07 5.147243809142612e-08 8.818877269843759e-07 -1.2329461874128637e-07 4.92911152184292e-06 -2.784389732413948e-07 3.9712493892538383e-07 4.1452531093110814e-07
46 1.7726189682372438e-07 3.7583873997947024e-07 7.328643238635862e-07 1.0826098016087166e-07 5.35884834767735e-06 5.048293869438369e-08 -3.6722551667021363e-07 -3.0170269442512085e-07
47 3.627062765957326e-07 -1.0545880553337098e-06 -3.8005618265228085e-07 -5.1422488834987496e-08 4.583358869134869e-06 2.2571861923086032e-07 5.697789505035518e-07 -3.5056687334774676e-07
48 2.839826753900617e-07 5.015480523755199e-07 -4.5849497030103763e-07 3.2500982502298294e-07 5.890103931126136e-06 1.1331390850688826e-06 -5.850073367974405e-07 -4.220066025765624e-07
49 3.83439947437466e-07 2.2168724574696136e-07 -1.5646348180031023e-07 -3.80084775343341e-07 5.52951510275597e-06 1.0390785982917558e-06 4.491281872790889e-07 -1.720119876687393e-08
50 8.200341263277126e-07 3.5673812978102356e-07 -6.754607443616734e-08 -1.1332417854685845e-07 5.249833955022993e-06 4.588527876594064e-07 -1.8348124577919544e-07 -4.286095753128035e-07
51 -1.4202124137856653e-07 -1.1069913563123499e-07 1.4832928805138675e-07 1.2248167516302722e-07 5.220304044655783e-06 5.465386900517348e-07 2.2791195818609613e-08 -2.460352292105607e-07
52 -8.18393171236737e-07 5.744940461836509e-07 -3.603088189961776e-07 -6.939514345133945e-07 5.159320296280323e-06 1.729592091287897e-07 3.3361855589355003e-07 -5.312805116198872e-07
53 -4.453611005677804e-07 2.6326924069474653e-07 -2.388983046951563e-07 -1.2879110174769946e-07 5.139862167733043e-06 4.6616280377332745e-08 -9.882818195960182e-09 1.3734221929522485e-08
54 5.68175173032441e-07 4.627092379381045e-07 7.589431497049286e-08 -1.178597420414026e-06 4.94335117234234e-06 5.817876554410492e-07 1.7040400006310384e-07 8.000298211842781e-07
55 7.252472934735324e-07 -2.122707518421171e-08 3.126273389346317e-07 -2.1628531427530229e-07 5.368301533416486e-06 6.866272970976027e-07 -2.2057224184441966e-07 4.626209897850037e-07
56 8.019488623291408e-07 3.2700974451787953e-07 3.2456356866225063e-08 1.6234851180826062e-07 5.2601323114330454e-06 5.350769369300428e-07 7.278026109801546e-07 1.0214671916146657e-06
57 9.285661445668323e-07 6.764172908055376e-08 2.067002493671812e-07 -5.053113805002184e-07 5.107679816983831e-06 5.901723616742283e-07 4.988070378248632e-07 -4.323978079322491e-07
58 -4.091810510489685e-08 6.099745019380506e-08 -1.2312179828022798e-07 -3.424829543075401e-07 4.5830299734603855e-06 1.0202067720781766e-07 2.7505219220965016e-07 -3.146395398856589e-09
59 -4.4177180558049886e-08 -4.942995841728208e-07 3.5651640478695417e-07 -9.86564925911916e-08 4.83456996966229e-06 2.5986342813924893e-08 -8.208934839801076e-10 1.2780352656177567e-07
60 5.592348521983421e-07 3.34705115721307e-07 -5.114728804352906e-07 3.0563211570379397e-07 5.046502157643591e-06 7.770662842593026e-08 -6.036888113649376e-07 -1.7811685536901224e-07
61 -2.433032819755715e-07 2.4625030947481573e-07 -3.293761992200127e-07 5.086164065352478e-07 4.467589925950584e-06 6.593551976568813e-07 4.229961717416244e-07 2.6692794833206676e-07
62 9.23757661610584e-07 3.753977312448806e-07 -3.909133644421898e-07 1.3554047932819514e-07 4.7905784869871725e-06 -1.4932211721848534e-07 1.6256240229956186e-07 -7.23888003145049e-07
63 3.8197078859436114e-07 9.422449619913856e-07 -4.2422004315875374e-07 5.359571918431231e-07 3.973511418882563e-06 -1.053098060554618e-07 3.933179818135544e-07 -9.328881634209011e-07
64 -2.380678495809975e-07 9.772706566371789e-07 4.2068513362996595e-07 -1.9029058282747057e-07 4.191953539415928e-06 4.955044887775057e-07 5.211281044906815e-07 -5.204521060490462e-07
65 -2.3779483929059934e-07 6.009122056656497e-07 -1.369722204801772e-07 -3.094102537304942e-07 4.134252440156317e-06 2.915943005643539e-07 -4.500650667562648e-08 2.6565532056192073e-07
66 1.3264243628558001e-07 1.5710500342009469e-07 3.806271177726734e-08 -3.9780018992755134e-07 3.870628340548601e-06 1.4251080766144029e-07 -9.577830151720605e-08 -1.3052935630439463e-08
67 7.418144912890741e-08 -2.869257733317264e-07 1.4455045513535085e-07 1.0582832244294508e-08 3.733026993794904e-06 -2.010375303036551e-07 2.9031471091796327e-07 1.7220576546851054e-07
68 3.7183213626401004e-07 8.753570983151338e-07 -4.464799492389036e-08 -4.6763229406549335e-07 3.8110486326886677e-06 -1.706242069261242e-07 -2.5043696732398213e-07 -2.2053590326427955e-07
69 7.301802109311646e-07 9.252908951563869e-08 -1.9823325681019342e-07 8.176157138784017e-07 3.2840136232842844e-06 -4.335657250955965e-08 -5.4126265357836956e-08 1.8903149724337601e-07
70 2.4213530309552947e-06 3.5094005146998414e-07 -1.5590918531845353e-07 -1.6920245606603873e-07 2.4176282504405513e-06 1.6214971381650379e-07 3.151167727492161e-08 2.7810458056997374e-07
