1 0.0006493919109387965 7.092777546775352e-05 -1.0733408126028384e-05 -2.469778945245157e-05 0.0008366321243669058 -1.2014626701789798e-05 1.579014093970811e-05 -8.525531082348653e-05
2 0.000230826309854839 -3.5059512000806116e-05 2.311301787974964e-05 -3.9241119674084464e-05 0.00030407886205929715 3.86325632637545e-05 5.620702100108353e-05 2.448903897753331e-05
3 0.0002598744595633794 -5.397574033224174e-05 3.2538486495726055e-05 -0.00011116244486613407 0.0002974977803438859 -0.0001737680805359995 0.0001471748327364716 -0.00014168013494393226
4 0.0007818151151956413 6.314057305852715e-05 6.414768020992771e-05 -6.908049438515594e-05 0.00023473927747580256 -0.0003088515636246323 4.693994767052141e-05 4.945381177058711e-05
5 0.0005598730271237126 -0.00011332262479408245 0.0001782699031594822 0.00015128905592107445 0.0003053925279058824 -0.0001956270089065864 0.00011830351257719515 1.3449270458217338e-05
6 0.00048654199017798523 -0.00018499149665064101 0.0001746557949312075 6.888709174144489e-06 0.000532798708191676 0.00019027293910142971 -0.00013137461151118595 -2.4359686445812226e-05
7 0.00034702910249050914 -0.00012525192047004393 2.2797086595683686e-05 0.00022636926137599176 5.090428173075853e-05 -0.00012354735250521005 0.00017708448508397187 -6.781834377227309e-05
8 0.0004964566190807428 0.00017943702998217542 -2.4858992695379103e-05 3.31380301634195e-06 2.213777176913727e-05 4.4539234517135185e-05 8.867487385823575e-07 7.413775817280116e-05
9 0.0003802531246505938 -7.021689340268254e-05 8.257804232254761e-05 0.00012591329865141887 0.0001955811717118984 0.00010220736997305761 -9.923276205563061e-05 0.00020676240787366264
10 0.00034877286577456306 9.03461961998088e-05 0.00021050870967769393 -0.00022816387898586267 0.00025940036014633183 -5.375146414369556e-06 3.2813789479391237e-05 0.00024236558951008306
11 0.0002614929340079587 0.0003408827303083235 3.531975176965338e-05 -0.00011695354020310163 0.00030449421086658373 -0.00018507819277957494 0.00014352709565335376 2.9717650426154414e-05
12 4.558669551256042e-05 -0.00017996100153812682 3.0027135372365772e-05 0.0002611335240183637 0.00034446606761721346 -4.375186733225928e-05 8.468687429113166e-05 7.444048558053895e-05
13 -1.685893790601883e-05 0.00014380568627995953 0.00019277414433612887 -0.00024969625991798984 0.00036694562431546465 -0.00013690297328223147 1.5585310484484884e-05 -3.0216166871278395e-05
14 0.0003951924501621951 -1.0553374283009434e-05 0.00010942966195420258 -0.00015899148201508047 0.00018054913723383178 4.236728143832892e-05 0.000151290528211664 -2.2062695180538203e-05
15 0.0003180234656772134 0.00022391822232742468 -0.00010998795289903155 -0.0004964540630137391 0.0002266550472496099 -5.1484231732174455e-05 0.00024221254049224688 0.00023751600385752593
16 0.00029312133515908324 0.00022341336656831682 -0.0001747878536548934 0.00014140346170082743 0.0004527318731062037 -4.296070177410101e-05 -4.992827069465865e-05 -0.00032616978291924453
17 8.098667755407663e-05 -0.00043780175823978246 1.2065228693287032e-05 -1.5291385570307026e-05 0.00031690614806710945 3.70410701550094e-05 -0.00010992658436057834 0.00033321948888451766
18 0.0007821666259930531 -1.418166712039812e-05 -9.447245646340032e-05 0.00017918054794405962 8.896236389680161e-05 -0.00013470064268651986 -8.228042436307095e-05 -5.473410556853275e-05
19 0.0005268061935078454 0.00046323348081748865 -5.9054545368550125e-05 -1.5020649074624433e-05 0.00027576359096491806 0.000469235566905876 -9.67652824704641e-05 -0.0004235426723239291
20 -6.568309647741697e-05 -2.728118164591425e-06 0.00037948666805284113 0.0006249578824293242 7.293284231009952e-05 -3.579271282561102e-05 -0.0001658637635353996 -0.00011410517955751293
21 0.0004313781548396514 0.0003111481649148433 -0.0005390865295321856 0.00030304946127160815 0.0007266854799751909 -0.00030075349187703277 -0.00010299388108223324 8.7413101986664e-05
22 0.00059250473334965 0.0001944313427355615 9.199791719743648e-05 0.00013179878727341912 9.762872311639393e-05 -0.0002408843112590221 -0.00019940860084817223 2.1907045247438465e-05
23 0.0006489692815359096 0.00022205477209236754 -6.226454528957737e-05 -0.0005347238787891448 0.0004203748505160326 -6.173582930184343e-05 0.00035626079293370313 -0.0004940602066041354
24 0.00016796399265484757 -0.00043762941493360834 -6.376065992688984e-05 0.00062114729707198 4.420611054294386e-05 0.0002500047421760277 0.0001789554681958622 0.00038854006094212807
25 -1.9000035980178446e-06 -0.000538803095236345 -0.00030040582760013307 0.00017489750064026484 2.3051836632395805e-05 0.0005950683812038438 0.0002617604888633932 0.00018959996685077727
26 0.0005928600567892147 -0.00029609930583812503 2.8749963311951714e-05 0.0009266968095363676 0.000288116436598551 3.992456612811882e-05 4.060144871382842e-05 -0.0002616077586408015
27 0.00015008709392623715 -7.223106678621704e-05 3.575702026419018e-05 0.00043887249266471884 0.000244572809598698 -3.303783825731812e-05 0.000347469896449079 0.00040865560537864425
28 0.0004742246703234229 0.000195820275320084 -0.00100360245369631 -0.0002845770102488492 0.0006166735252038448 -4.7864259057002644e-05 -5.1211689648090996e-05 -5.315683611660533e-05
29 0.0004772696510702789 -0.0005783865566847242 0.000306585036309647 -0.00019761079783301404 -3.70094570696811e-05 0.000540235923623279 0.00013953639484333994 0.00048222346883531025
30 0.0009395233261316829 0.0006314821094064621 0.0006625256798924103 -0.0004388740968771937 -0.0008577592604745429 0.0001267007539548164 5.49553479835289e-05 -0.00013078525091053558
31 0.0004660095047312662 0.00013340676064444378 0.00010819446583143312 4.155692877348578e-05 3.2476957619332774e-05 0.0003765305205427982 -0.00025336620727714726 -0.0007380995316340741
32 -8.646168283680741e-05 -0.00028793867858049015 0.0004389897385044062 -0.00013450419044368415 1.7958267948900894e-05 -0.00021121232713708474 -8.077861531039865e-05 -0.00024292321523611767
33 -0.0003440253896217193 -0.00022967797456162526 -0.00014772646550850077 -0.0004763493765942095 8.646148291208788e-05 -0.0002943364236366343 0.00028980235536867354 0.0006796557396833327
34 0.00011660721498305012 0.00016533358775570807 -0.0009223097143371127 0.0007777401619491031 0.00031199495231109566 -0.00017875386562941288 -0.00023608671731033802 4.312979904485097e-05
35 0.0006062198401971832 0.00022915624895591784 4.9141427734937716e-05 -0.0005418507658643077 0.0008903921549143125 -3.0742993570754945e-05 -3.670142463147709e-05 -0.0002230968157353996
36 -0.0005864217809975001 -9.507175214450858e-05 -0.0004747535473602551 0.00033853330572554413 0.0009783623380006721 0.00035475690918972727 0.0008035438227086614 6.585524233797315e-07
37 0.0006510963943826618 -0.00035128198196213183 -0.00022202700151585262 0.0003227967816631794 2.016915988176873e-05 -0.0006575383399549555 0.00039289226729574884 0.00027744370952742585
38 0.00014753005693777924 0.000710018645768857 0.00018396165742491806 -9.854558411085917e-05 -0.0004042094450537814 -0.00011402186029792103 0.0004981757090118466 -0.0002667458542562375
39 0.00022303107309551315 -0.0002612790490905683 9.661242355192563e-05 -3.305361396577348e-05 -0.0002060987961445208 0.0006478995146510282 -0.0003873864098389678 0.00016264244897049585
40 0.0007667640610179841 0.00010164909518175263 0.00017350643664853295 -0.0005325307159172257 0.0003445391749214569 0.0006140750815816387 0.0004224332695541691 0.00012269699834074394
41 0.0003586933251915625 0.00025237598158882237 0.0006590299845456617 0.00047027543415924716 0.000769197496656307 0.0004358100367563815 -0.00041170134491323317 -0.00017741331680814137
42 0.00022448865011635892 -0.0009421802802435519 0.0003652364118062733 0.00011340786351183416 0.0006891683679827343 -0.0006045252562497005 -0.0002027196790180656 0.0004856947228104202
43 0.0006475768721622176 -0.0006186076094696498 8.33198685706128e-05 3.746451708155728e-05 -0.0006815133021470921 0.00015428306679891843 0.0007827212002738798 0.0005624881573408788
44 0.00037420046087871555 -0.00024020841590881807 -0.0005588559492943468 0.00024742863054033615 -4.2086225518126725e-05 0.00011125598492838713 0.00038557721569532446 -0.0007104244277147914
45 0.0001664503864817273 0.00017994402802912267 7.099222292517368e-05 -0.00010768724024273624 0.000770762095816868 0.00037030468214682493 -0.00012597621145385565 0.0008769159354898576
46 0.0006368542822542092 8.908251986491446e-05 -0.0007122708683620525 0.0003424201462985228 -0.0005442351718842585 -0.00048300092096834806 0.0004142985024890163 5.358902854198829e-05
47 0.00028039398033906913 -0.0008821936616083207 -0.00010585701648513114 -0.0006320099131259635 1.732863521036044e-05 0.00046172248960796346 -0.0005738488561628217 0.000569849265035809
48 0.0005111231759027029 0.0004917192681486292 -2.2411511866288924e-05 0.0001308217395081555 -0.00046174637206849534 -0.0006229754485777171 -7.760598796957835e-05 -0.0002915785301316396
49 0.0005401969506846214 -0.0007494683022842044 -0.0005828895356366347 2.145123506703998e-05 0.0009943528881104972 0.0008172951794710045 0.0004494492154167529 0.0011611574090245476
50 0.0004913363978915084 -0.00015836403279678778 -0.0006409078396998648 -0.0014430892979130467 0.0007962673396354004 0.00019099575599318674 0.00044387725594384855 0.0009403540569625495
51 0.000605138626416299 0.0006457280677685044 0.0015481562653150527 0.0004101004506729864 0.000716031120927596 -0.00036350063394037247 8.830271316030957e-05 0.00020298927215464758
52 0.0002010051060601416 -8.503286821193939e-05 0.00028237047925601144 -0.00013720046491683761 -0.0005829055840774683 -0.00012866300593251045 5.659650447625161e-05 -0.00048118838895678303
53 0.0011724091284364704 -0.00019623406852140892 -5.409376167312016e-05 0.00016450338660648923 -0.0002941449650854423 -0.0009805739164559096 -0.0010585116593660512 0.0002656816435696858
54 0.001286101495721506 0.0003660740822363502 -0.00040908748501537154 -0.0001927134130511418 0.0014817831318583085 0.00033437351549033754 0.00010643159628956487 4.800456507983943e-05
55 -0.00020815870429724981 0.00014435069060839186 0.0006379077652398127 -4.529277651356809e-05 0.00023130176654725037 -0.00029250593150589817 -0.00020270787964205068 -0.00027176836427400905
56 1.782103720603148e-05 0.0006551373070893754 -0.0011832770704094768 0.0007540911257982178 0.0004032903701264347 -0.0004647601466528982 0.0004718117377816437 7.638231000195027e-05
57 -0.00031288098820411215 -0.00040199834289947084 -0.00048379226274826914 -0.0002227779407604415 0.00013947788726106038 -0.0007342427114720435 -0.0007385723847111142 0.00036466083305014736
58 0.0002584468999593712 -0.0004902892815684033 0.000178874314117624 -0.0008882445674740826 0.00019810062681052302 -0.0005378687154234845 4.360080265942271e-05 -0.0005022340780705447
59 0.0004649965569486015 0.0013865131921914247 -0.00026181714083107517 0.0002371141637031781 0.0014755367546525628 -0.00013729399101621785 -0.00013089619945921418 0.0005187819965609362
60 0.000271061558781634 0.0005400682001120101 0.0004224105710799321 -0.0003801015398822629 -0.0006735293225355174 -0.0004762642321201785 0.0008632687227378531 0.0001478242091562758
61 -0.00025907893961764594 5.552676860761115e-05 0.00013160724935194537 0.0003064942832768506 0.001115314927393495 4.529405077676368e-05 0.0006776115388197456 -0.00029557963398589484
62 0.00042721875113721605 0.000663954189276803 0.0005324897186406181 0.0002022285183267887 8.197934879540054e-05 -0.0005874958876883058 0.0010510788560886457 -0.00042258683616183836
63 0.0003889700659150871 -0.00014605088181872852 -0.0007597388741310122 -0.0004187102883259662 -0.0003277253236197626 -0.0003474143162200495 4.683809528328556e-06 -0.0007717454101367075
64 -0.00010298885561655638 -0.0003363436740193393 0.0002097051840741723 -0.00020808927491497797 0.0001733792140762838 0.0005075125218558409 -0.00034066356728000666 0.00022343974568409382
65 2.569068695987795e-05 -0.0008465508417282331 0.0002540387303096461 0.0011457214087628106 0.00021776053198191043 -0.0005531355689748776 0.000625696943299267 -0.00032719435741684346
66 -9.927137465543032e-05 -0.0005043586076725421 -0.00020808580741247634 0.0007188124037984404 0.0005818386585459485 -0.00022584974572856578 -9.130822619135009e-05 -0.00015546397888326283
67 -0.00023041090520971666 0.0005525181684800124 0.00032789271077709103 -0.00014964990937474195 0.000714940782952279 -0.00028223303560270563 -0.0005483854024947302 9.038835080016594e-05
68 0.0015060188629453931 0.00010015373503571739 -4.85862700132085e-06 -0.0003713904362805778 0.0013153289438216022 -0.0002940433654396442 -0.000568752735575592 -0.00046608356217797084
69 0.001768252707942775 -0.0005817071156740325 6.184061631955257e-05 0.0009219009026800872 0.00012195893957887887 -0.00012669022396902437 0.00034219550420707426 0.0003790887524732586
70 0.0008971910935991241 -0.0009957031981551324 -9.817870249718584e-05 2.244537229575519e-05 7.778693919378838e-05 9.473799642581108e-05 0.00029072684268627904 9.750227743939573e-05
