1 -3.3609598470477534e-06 -9.502315047598169e-07 1.3261652386293087e-07 -9.710280178639132e-09 -2.269610660823714e-06 1.004433828860021e-07 -1.4514642252052927e-07 2.3215058749062735e-07
2 -3.828649976221856e-06 -1.0060446316925922e-06 1.3219218260479753e-07 1.6711442823097478e-07 -3.6089601808809435e-06 1.793373452588304e-08 -4.229398479306634e-07 3.3204059644802833e-07
3 -2.9939567219422747e-06 -5.847388279186208e-07 2.3652363902715566e-07 -5.592790305980141e-07 -3.920584833065504e-06 2.9310871838759626e-07 -2.655186922103991e-07 7.890403964427508e-07
4 -2.100676076538847e-06 -1.9650684473874375e-07 3.03237230269875e-07 4.895460652590831e-08 -3.5720661271316045e-06 -1.942499995294846e-08 -2.3067972152217802e-07 3.084453898525956e-07
5 -2.460572226951924e-06 -6.515234876969955e-07 1.0468869533100933e-07 -7.319731207676111e-08 -4.601057777673464e-06 6.65206784187723e-07 -8.568936043524918e-07 3.2161159780987827e-07
6 -3.5000222704805765e-06 -6.687203820071054e-08 -2.368360984786128e-08 -4.442590554516581e-07 -4.336094326352048e-06 7.997496609460394e-07 3.063661327828229e-07 4.574471849524877e-07
7 -2.8058817988205546e-06 -1.0512593230259973e-06 3.237133500256673e-07 -3.53033535376682e-07 -4.970693008095754e-06 9.592362601560907e-07 -3.740128758445563e-09 1.1179343590205302e-08
8 -2.2186470030704335e-06 -4.658232008220823e-07 -6.401576698546188e-07 -4.880278168595683e-07 -6.145982264037483e-06 1.4699543549691354e-07 -2.8271068932582857e-07 6.134655286262376e-07
9 -2.499189914054977e-06 -1.6268085176917271e-07 -1.6447279978765848e-07 -7.111879442813335e-07 -5.601896158021671e-06 7.23854754079727e-08 -8.684025812707957e-07 1.6088095287892666e-07
10 -2.473647540915545e-06 -7.693828677381802e-07 -9.973017787852795e-09 -6.37262609375281e-07 -5.401018632588524e-06 8.167591443846133e-07 -7.083371636425049e-08 -9.315933103616507e-08
11 -2.6424692624090566e-06 6.099955911115029e-07 3.7082748763566915e-07 -5.584236761826937e-07 -4.4731524721722325e-06 -4.151062460073189e-08 3.347668136533684e-08 -6.569923960790341e-07
12 -3.081062774367179e-06 -3.658310157700438e-07 -5.187430985596313e-07 -8.863767984738669e-08 -4.552816443012193e-06 -2.973384406698023e-07 -6.571590250233875e-07 7.217541139724883e-07
13 -2.3006379617008016e-06 2.956831030570421e-07 8.647785776453761e-07 -3.399482652451636e-07 -4.514447720919822e-06 1.8786013088265744e-07 -4.954816302956491e-07 5.905091845789694e-07
14 -2.9175810026182135e-06 1.3759023420362286e-07 -3.2319960641818396e-07 1.2748504487724897e-06 -5.2154574747170345e-06 4.0975747142393234e-07 -5.5081450033208e-08 1.0682735277613842e-07
15 -2.354807792527366e-06 -7.099423596685594e-07 1.891940881401665e-07 -9.933074145078838e-07 -5.968670025279864e-06 5.006824468277358e-07 -1.3781887237243557e-06 -6.54132426900631e-07
16 -4.156256245025384e-06 4.088548054343666e-08 1.1036138498923891e-07 -1.7889311110338158e-07 -5.757114859960641e-06 6.315409696564806e-07 6.75752133276435e-07 3.800196744877819e-07
17 -4.440904012055596e-06 -7.897646146126599e-07 3.0381804598461956e-07 -2.3741666504879316e-07 -6.553641138990517e-06 2.765627175083106e-07 9.173377568711329e-07 1.3437042227330429e-07
18 -3.804928899935775e-06 4.251466346492328e-07 -9.99441507008244e-07 6.0959410179284e-07 -5.369322325696269e-06 7.624702721402898e-07 -3.318191883197567e-07 1.4057364730044622e-06
19 -3.1666093676117662e-06 -1.5192644743696955e-06 3.515308849395491e-08 4.133527166082959e-07 -6.152817116855137e-06 7.996376416800859e-07 -1.1859310153684112e-07 -3.8886065370595483e-07
20 -4.002857351718644e-06 -5.193052089228267e-07 -2.010327103991066e-06 5.318119474685377e-07 -7.406185743246048e-06 -2.0187036875043777e-07 1.3540575292698256e-06 1.2663214226475625e-06
21 -1.6802148842063233e-06 -8.7182913235643e-07 -3.015763166189601e-07 9.045108815550926e-07 -6.584570139638904e-06 -1.2997922324961894e-06 -3.2481527189322607e-07 6.206459012656983e-07
22 -2.2454440485030633e-06 -3.3788512817404904e-07 2.0473735026411136e-06 1.0817517339123911e-07 -5.96112043586582e-06 9.200660586600614e-07 -3.567217803785297e-07 -2.5736021637814755e-07
23 -1.736011489873337e-06 1.6682161328175135e-06 1.4159519083001657e-06 2.531598498477092e-07 -6.5631866611272564e-06 9.19252987057044e-07 8.105389333462539e-07 -3.290745793425869e-07
24 -5.030985997658618e-06 5.0624033930266155e-08 1.778222005229272e-07 1.9062658336761495e-06 -5.990300568064996e-06 2.4380500409532784e-06 -3.668352278789216e-07 -4.888810375385107e-07
25 -5.156975766018038e-06 8.163752494902044e-07 6.131753197083727e-08 -6.950484437813366e-07 -6.543702399035203e-06 3.6465356622994577e-07 -1.1144308202467588e-06 2.1121835464334515e-07
26 -4.214840332154433e-06 -5.095656772174648e-07 9.815467578721305e-07 -7.115760174106894e-07 -7.356079574094195e-06 -9.05228614274665e-07 -5.443213879224218e-07 -1.582021346187726e-06
27 -2.7083252708515755e-06 9.144900938669274e-07 9.148891802477828e-08 -7.809210683234549e-07 -5.7093570207750405e-06 1.497030636896086e-08 -1.3477675525275057e-06 4.542157360019464e-07
28 -2.1535667676374646e-06 -1.7727627925616528e-06 -3.8513375068382463e-07 1.7874201809328833e-06 -6.908085380828707e-06 6.217646464059149e-07 -4.89942156107194e-07 1.038631959972364e-06
29 -3.7561789610378954e-06 3.039226202446189e-07 -1.4159686285179484e-06 1.4892791734069045e-06 -6.63523807878125e-06 -1.4287075853307063e-06 -1.5972568793453812e-06 7.661306524107946e-07
30 -5.764460394376185e-06 -1.2085062236466044e-06 2.461729978150286e-07 6.987814233270716e-07 -5.341329149877966e-06 -1.8895815214612023e-06 -1.0029719954391943e-06 1.497054770008012e-06
31 -3.6219026646073183e-06 -1.2892207936857024e-06 -2.2576550625524995e-06 -1.9652508361291895e-06 -4.736785899209852e-06 -2.0882647492876074e-06 -8.624480906892358e-07 4.2293443350084627e-07
32 -3.6794649083706488e-06 -8.812284883028277e-07 -6.057390393361008e-07 1.3866520521971852e-06 -5.730826263746842e-06 -8.88541771542694e-08 4.5565443753342793e-07 1.6267586973640287e-06
33 -2.765603558729564e-06 3.2333185057973504e-07 1.890252167948104e-07 -3.1404747311488533e-07 -6.4107310181256505e-06 3.7370921961025913e-07 -8.476901278760822e-07 1.468748863452477e-07
34 -3.301182762216529e-06 -5.741176186425919e-07 -7.344768510344695e-07 7.26943438476697e-08 -5.533825024543198e-06 1.960520092078373e-06 -2.813195893703525e-06 -1.3520882223700098e-06
35 -3.6282490046568352e-06 1.0093514472365604e-06 3.200599881253909e-07 -7.849642157704635e-07 -4.084726388934437e-06 1.8019914312369863e-07 -1.8683455689693812e-06 1.434858291781751e-06
36 -5.9828689836392504e-06 4.2100845905910194e-07 -4.273160300018684e-07 -3.527372354997668e-06 -4.601958974511318e-06 -1.7612115378433287e-06 4.116116940696165e-07 1.0799580917617516e-07
37 -4.444273512155891e-06 6.782003751161582e-07 -7.624320068642966e-07 -1.302368300116335e-06 -5.905358670414082e-06 -2.4935193305700536e-06 -6.847785678940444e-07 6.722594008299522e-07
38 -4.468072370592344e-06 1.4316741088237972e-06 -1.3300703647555822e-06 -1.637465710362622e-06 -5.818096185720753e-06 1.369704528850983e-07 -6.132309050100612e-07 4.1424049309088005e-06
39 -3.5456068525585346e-06 -7.046330159460664e-07 -9.538744213978605e-08 -2.7135347308560093e-06 -4.999586607837659e-06 7.52991381570987e-07 -1.210106679900896e-06 2.2878839079323587e-06
40 -3.197196001137539e-06 -2.1735033262996333e-06 -1.0740506228380083e-06 -7.90441663826353e-07 -7.207487310163587e-06 -1.9422247835791482e-06 -1.4673896353248334e-07 3.1176918188049744e-06
41 -5.243417828688602e-06 1.4157032736586742e-06 -2.441571525898103e-06 -2.4721078883525388e-06 -8.786357754347414e-06 -2.321070906322314e-07 1.1494260120725224e-07 5.999096219479816e-07
42 -1.623564503096378e-06 1.0146793147823818e-06 1.928213174116341e-06 -7.121610772239653e-07 -6.246424016822878e-06 -6.392989325561344e-07 -4.302915495409296e-07 -6.326900563558028e-07
43 -2.5033464788665076e-07 -1.8507362797968627e-06 1.142810614225021e-06 1.0763337754531501e-06 -5.731606690514986e-06 -1.5386753265918489e-06 -3.65438727707616e-07 4.978828525558951e-07
44 -3.1681719972959215e-06 4.221359785601899e-06 1.7335491702117846e-06 1.0034642203335544e-06 -4.8918865312318635e-06 -2.2370838131832545e-07 4.2721195124555936e-07 6.832628735473012e-07
45 -3.1470697168723175e-06 7.982337564627003e-07 -9.135230770482984e-07 4.195500900976936e-07 -7.177460905370063e-06 -6.128307862587357e-07 -5.063110460636359e-07 -1.2517811695650745e-06
46 -2.495617833537568e-07 3.722982177544776e-06 -2.3444237742779293e-06 9.880122137885786e-07 -4.346839364640013e-06 -1.4074780864199682e-07 7.152332994877768e-07 -1.3747295879173528e-06
47 -2.0398052703540947e-06 1.659248681852394e-07 -6.755867737767481e-07 -5.4207994366332356e-08 -7.322491639562778e-06 5.892042594373437e-07 -1.889030933014052e-07 1.9062463025560618e-06
48 1.1420356389981522e-07 -1.6260257182788753e-06 8.181240435011705e-07 -1.1742360461850121e-06 -5.478142630777035e-06 -2.420111494979234e-06 2.65073416044421e-07 1.0484268387434081e-06
49 -4.7757117467647275e-06 -2.6965386238411325e-06 -5.734116660938704e-07 3.305641066759314e-08 -5.343683332069054e-06 2.9259894806448214e-07 8.297332776701475e-07 -1.3668919574650509e-06
50 -8.040944744802618e-07 -1.971839181889877e-06 -1.609480930035742e-06 -4.6811585663650687e-07 -7.277284866407285e-06 -3.42628153740848e-07 1.1481046983709499e-07 -4.25788840277804e-07
51 -2.598937498680243e-06 -4.1423298862993243e-07 -9.600506472652015e-07 -8.46509067027343e-07 -6.797728667707472e-06 -1.2848961888216257e-06 -2.0556030791394283e-08 -1.6026783989684159e-06
52 -3.2435950108258597e-06 -1.4181327951553552e-07 1.485120261963458e-06 9.773706451868197e-08 -6.627728043728771e-06 3.06433620363658e-07 -5.76495218044669e-07 1.0268929955731353e-06
53 -3.817227184876226e-06 -4.3692405314907056e-07 5.6389983524339264e-08 -1.6808100614688578e-06 -5.020037501061887e-06 3.140706716815064e-07 -3.876033915377213e-06 -2.229690506486409e-07
54 -1.4417650340391394e-06 8.508933707910293e-07 -2.00313464421521e-06 -5.212708371878849e-08 -5.7477693091373004e-06 5.280686884747905e-07 -2.1994506044497692e-06 -6.205800800983242e-07
55 -2.110969018061187e-06 1.3763854525975477e-06 -2.3690216849772994e-06 -2.099099258441465e-06 -3.2296402369998426e-06 -3.3049127447234982e-06 -3.254484998270686e-06 4.832908127100021e-07
56 -2.5604794291224404e-06 8.368404912726908e-07 1.6062525117660684e-06 -1.8783022714736737e-06 -4.82411809611964e-06 -4.0521755973204176e-06 -7.98496642007187e-07 4.5072255036564436e-07
57 -2.6395191702508223e-06 1.3021725389049159e-07 2.383644890104332e-06 -3.0661889580346567e-06 -2.840001328058178e-06 8.238452549932993e-07 -2.396015297315269e-06 -7.679028337734239e-09
58 -4.340725897067243e-06 -5.505310403016458e-07 -1.4963180596804956e-06 -6.900121637352533e-07 -5.463807553770649e-06 -1.64549631936851e-06 -8.119856312188821e-07 1.6365086288809398e-06
59 -2.1928748801621036e-06 1.7728228401611042e-06 -1.0686825748379222e-06 -1.5589656910472392e-06 -6.339070393605625e-06 -1.7865692694152496e-06 4.4634884736902115e-07 -5.267869357740276e-07
60 -3.1398957036877683e-06 1.169350281398986e-06 -1.858801576205812e-06 -1.2829653025256343e-06 -1.9661659398911495e-06 9.748301928408316e-07 -2.968836930487601e-06 -1.5122075075586296e-06
61 -4.674129012951385e-06 -3.998207305496182e-07 -2.219628149151201e-06 -2.0664474859923525e-06 -2.1188440708677547e-06 -2.6340545937094424e-06 -2.185951779689644e-06 8.261258518137758e-08
62 -1.9683328817575312e-06 -6.224525554789134e-07 -3.0623761140039765e-06 3.3285904817297876e-07 -1.4669357914631926e-06 -8.056774589609854e-07 -2.039275551771725e-06 -3.7293513833903367e-07
63 -2.821443580471202e-06 3.7728197983147383e-07 -1.6120277468881793e-07 -1.2873652293328974e-06 -2.8755214478349096e-06 7.090900213531954e-07 -1.3150192419496223e-06 -2.41483561566251e-06
64 -1.8741201090097125e-06 5.035992087642684e-07 -1.1279950816760366e-06 1.0621932010030402e-06 -3.673691249446166e-06 1.5613291579681387e-07 1.5826904248815878e-08 -8.600858335733187e-08
65 -3.0715673202956878e-06 -1.3248693243708777e-06 -2.7601499059804298e-06 1.9862831988797887e-06 -3.798626350115246e-06 -1.8483815046454948e-06 -1.1262200288902102e-06 -5.953582648510343e-07
66 -6.781574085980553e-06 -1.571923482011765e-06 -7.030954457575239e-07 6.097017580545833e-07 -6.059641503128204e-06 -1.6451772842261905e-06 7.163519175512009e-07 -2.33088665606583e-07
67 -5.520530037634e-06 -2.1852553077028208e-06 -2.960542196283333e-06 1.4274437914976736e-06 -2.4304566439741156e-06 6.976353301420226e-07 -1.9718465013227e-06 1.8414715812587637e-06
68 2.781787098863846e-07 3.037385539940784e-07 1.433102403114741e-06 1.4042361409422181e-06 -4.298161255054819e-06 -5.428744947247748e-07 -9.284727062894969e-08 1.532416138912989e-06
69 7.308293757049007e-06 2.653746370357443e-06 6.265320142730528e-07 -1.342718388782363e-06 -4.642435901898197e-06 -8.352461184694053e-07 -5.763837628447805e-07 1.6806185735781186e-06
70 -2.0096139835778585e-07 1.799888518148731e-06 -8.283189067220677e-07 -1.3598179235075311e-06 -3.0646175948018206e-07 -1.214745706233598e-06 -1.498260823637629e-07 2.425685677380908e-07
