1 7.9193235690205e-05 -7.046187507259033e-05 3.880195914616284e-05 -9.96333061593419e-06 3.0020581534036408e-05 9.021231915689217e-05 6.644425128061624e-05 -5.44836898937675e-05
2 0.00033278610475355344 0.00015308776001647173 -3.8063597915679687e-05 -4.118609563886773e-05 1.5567323826044747e-05 -5.8627393907072446e-05 5.2600940835296305e-05 -9.968958996756887e-05
3 0.00029656852249935843 -0.00010826807063926751 -7.281072208446182e-05 8.136091074031318e-05 -5.795010968120799e-05 -6.692549441987506e-05 7.430262110320052e-05 0.00021167928184785386
4 0.0005857921113906288 -9.820635749814749e-05 0.00010079815428311461 -0.00016237048230009684 -4.719869491769048e-05 -2.8501846952442526e-05 6.560506730864514e-05 8.542046203931271e-05
5 0.0004159710415887256 0.00016753672019423008 -2.1346974830300624e-05 -2.945227481849256e-05 0.0001381724387691413 1.3839638493166298e-05 0.00015682380464098844 -0.00012027202029642704
6 0.0005275806861115418 -3.493949720785807e-05 0.00011847978806475668 -2.5162667874051233e-05 0.00020303343450763924 -0.0003002973846148076 -8.864226337786555e-05 -0.0001924444622577244
7 0.0005994684048224501 2.754787007949378e-05 -1.754500931966268e-05 -7.971540905712794e-06 -7.627360350053883e-05 5.420888065531504e-05 -6.285937490582423e-05 0.00011892436802629928
8 0.0006493806198450074 -0.00013132937149781568 -6.746321672210058e-05 -0.00012738130082295767 0.00011624324183502167 -0.0001235883872983059 -1.4637766926955332e-05 0.0001364817127800795
9 0.0002193005428679144 -3.563026791431405e-05 0.0002438204057274583 0.00020967739076903678 -0.00038876982219388136 0.00016027228909731354 0.00012007102615224193 -0.00011550542580479336
10 7.816878678063928e-05 -7.445352504101648e-05 -0.00019241079306220234 7.260235975308463e-05 -6.4430976650336455e-06 0.00020655688630936807 0.00019681697961863715 -0.0002180442437133371
11 0.00037407630906443343 0.00013172889917593018 -0.00013165923691230895 0.0003243135033934829 0.00028020653057696644 5.5565826405721714e-05 -5.365381332900456e-05 0.000315364186481713
12 0.0007299125685185584 3.332925660932761e-05 -7.739050470612885e-05 -0.00016161206747855358 0.00018303858947365417 5.4983535475017556e-05 0.00014249271954199584 -4.654475283980835e-05
13 0.0007416228414254894 5.1756733429171735e-05 -7.042593196369105e-05 -0.00023424248041478034 -3.0253995569376755e-05 1.8924896792221325e-05 0.00020194249654930228 0.00014182111147352194
14 0.0007627629681488715 -0.00030534251010740717 -5.785647878039814e-05 -0.00020074853543844174 0.00015507362806075776 4.892728710996517e-05 0.00022982774608859224 0.00019379388682745662
15 0.0001490580293329511 0.00024855033367199953 0.0001231384032124869 -0.00011818318129701451 -8.492211188531132e-05 5.623196828577499e-05 -0.0004258478035330588 -0.0001608739361296733
16 0.0006446476726205602 -2.2650300887076405e-05 0.00021043545831660933 9.919394306961938e-05 -0.00047901321999295953 0.00014849619984457152 0.0004267360798103448 5.347369442857719e-05
17 0.00020164632112527843 -0.0004372630463876203 -0.0003638988135794905 -0.00012679110146751908 -0.00026747914961526814 -5.3807833560851875e-05 3.220320038989916e-05 0.00034028209252143124
18 0.0006464309188059108 -0.00017547960157191027 0.0002701499916321773 0.00039957428470816913 0.0002935838910627508 0.0007076578390178176 -0.00034582594741004323 0.00011256777366813742
19 1.9087509132032776e-05 0.00038266614907214903 0.00014518662167930466 0.0004519476714353718 0.00016765118548920166 -0.00019839513881296075 7.22878960176487e-05 0.00018456247764792413
20 0.0004143204980639644 0.00044511980414702626 0.0006463328918816118 0.0010112064137280962 0.00012037760631809613 -1.5574408903803504e-05 0.0002342859515121587 0.00026212967982894617
21 0.0005335391535800403 -0.0003680904366267133 -0.00044191311775580407 -0.00011683583945353764 -4.147084250448741e-05 -3.02486029271281e-05 0.000595560305976487 0.0001582432086062766
22 0.0002925911628098908 -5.9636226210174734e-05 0.00013351158547369354 -0.00027689615241254363 8.11058795740746e-05 -0.0008102198454927213 -0.000165050126343317 -0.00018543508059816293
23 -0.00014498825243004171 0.0004337905817371145 0.00030546976958209683 -0.00011107123860348492 -0.00010856956295640419 -0.0004467096732794512 -0.0006315020314203196 -0.00012761904120842384
24 0.0004295904005946709 0.0002569236639269203 0.00020890622779467345 0.00012010082241547127 7.482361603173936e-05 0.0002603903935843751 0.0001265580272021986 -0.0004717281291676616
25 0.00038055212527216844 -0.0003681802031572785 -2.7058825970679884e-05 -4.554329631397094e-05 -0.0002127199250765266 0.0002069694683219945 0.00027920204943652805 0.0002610070946278579
26 0.0005428000407893626 0.00029751254455447995 -0.00012400725869720177 -0.000461484361505837 -0.00047050882502055097 -3.1591912501988267e-05 0.00028633772930634124 -0.0001686203468388927
27 0.0004441672977987178 0.0008307038634250357 0.0007488606459537029 0.00011120577164527237 -8.968779600245735e-05 -0.0003008955496215025 1.7687072397340393e-05 9.77885966135111e-05
28 0.000808580229150923 0.00048794869374430526 0.00023811240682858608 -0.0001895276493497699 0.0005917092640384202 0.00027537200606881696 0.0002700571535699163 -0.0001424483245093185
29 -8.351686840133133e-05 0.0005584565504026553 -0.00047326359120962127 0.000653833368621254 -0.00032336037444044455 -8.846579926273297e-05 -0.00012305721714319574 0.0008076749418122701
30 0.0003818111379214299 0.00018416093675452565 0.00012200111813480006 -1.7314591415247678e-05 0.0005543525795717689 -0.00022448455783912797 5.854447120558525e-05 0.00048188412376608155
31 0.0001609171231924752 0.00018404040688805695 0.0005567539819524913 0.0009562461460029361 -0.0003499193035534986 0.00039907183393453723 0.0002804327013245176 -0.00040952681747787013
32 0.0005095764664226344 -0.0009903265458114795 -3.4303078401916686e-05 0.0008078499345594148 0.000536639664539938 0.0004086637618960473 -0.0002812311312191527 0.0002614855395202866
33 0.0009969706672417953 0.0004427030084547488 -0.0005552052584008424 -0.00029414891874017296 -0.0004542620389014619 0.00020212638144170476 0.000775057267528407 -0.0004899974872625397
34 0.0015090165313362766 -0.00058696915473676 -2.661653852121852e-05 0.0004777611187727281 0.0002138414326224804 0.0003344602305692046 0.0008444039883244177 0.00027538543156750456
35 -0.00016820274019182927 -0.0004065780350357401 -0.00048571184345884346 0.0009326660053235832 9.605053361824793e-05 0.00015778894994017387 -0.0003652304919109238 1.536981002249587e-05
36 0.0005316942158631935 0.00013427775097747509 -0.00040622692141086746 0.00023276321357422423 0.0005483642645099636 -7.334244208788882e-05 -0.0002789322029962207 -0.00046598805249047933
37 0.0005963910453755392 -0.00030542146882484814 0.0003503674379135882 6.820986691694506e-05 -0.00012901082163933235 0.0002485656085043654 0.0005360987087181068 -0.00014207159469610905
38 0.0003125280868576662 0.0008527455051896579 -1.757570551647309e-05 0.000420349463541014 6.395516378973696e-05 -0.0004260987220619842 0.0012841478146763902 0.00041896114637927386
39 0.00020637493721204964 0.0005624701329929158 6.9169564334553105e-06 -0.0005819324303817845 4.1799907102357886e-05 0.0003389258287879423 0.00036374268672550335 -1.7558630555820178e-05
40 0.000723401242438249 -0.0002241557292718229 -0.0008591388683846444 -0.00030832079714248294 -0.00033690095561694777 0.0001626121059948677 0.0007446436890959385 -0.000809555123933642
41 0.000923457292260701 0.0003785992014941259 0.00013545593037623808 -0.0010811784418738586 0.0010426114883589968 -0.0010500303514741677 -0.0003170139265954902 0.00015401896811996103
42 0.0014150581394995726 -0.0005689924687321944 -0.00018889299809997454 0.0006027389542461766 0.0007919917779445249 0.0010257323508266075 4.805731326386899e-06 -0.00033944159585279577
43 0.00013439590892510672 -0.00018979216187548935 -0.0003050358644944895 0.0008730589715778044 4.404849936084958e-05 0.00042171129377322576 -0.00040161008651002944 0.000681005880305288
44 0.0009203252071402195 0.0003014770737482018 -1.9940775971973304e-05 -0.0004656242937436596 0.0008898225489676996 -8.469700576572803e-05 -0.001295039792884985 -0.001162804920614703
45 0.0005681613966113955 -0.0008093158092976729 -0.00047645533402528907 9.74407226901881e-06 -0.0008589876541289317 -1.1476944005945675e-05 -3.2891832415386966e-05 -0.00016255990227717068
46 -0.0003912982989823489 -3.120337563102468e-05 0.0002818354262589033 4.875475706532932e-06 0.0004593447573187648 -0.0001500602715129668 -0.0005423330341318741 0.0007239623079458909
47 0.0003938952089496553 -0.0001694888310352383 0.0002278005031885736 0.0007500065507216 4.795379180123506e-05 -0.0004131610682985579 0.0014740698733613142 0.001129350642282819
48 -0.0003758997546089577 0.00023057197622043327 0.001494090515615414 -0.0007175506264659028 0.00021278471446169997 -0.000251482654953297 -3.6034185360120794e-05 -4.041125055456154e-05
49 0.0003193063837584057 0.00012565162922971868 -0.0008982437953972514 -0.0008274877152903632 0.0003260439791246311 -0.0007073377988465381 -0.0010512733322500644 -0.0019097891457704448
50 0.0016636333528087053 0.0011686263209943417 -0.0001147288805429856 0.0003638251179574586 -0.0003640556905090266 0.0005013566011987975 0.0012642141039866926 0.000443008713517078
51 -5.999318176559447e-05 -0.0002580741653164762 -0.00046622905386722315 -0.0006105090954010801 0.00020144761501032587 0.0011649718630553144 0.0007277195907554172 -0.00038322601200684443
52 -0.0004105525657945011 0.0002733256006136882 0.0003001859486719802 0.0003185022315589783 0.00011634974437191413 0.0006897622686886408 -3.962653496982367e-05 -0.0009244172173150235
53 -0.00015716477111459492 -0.00012197266779583349 -0.0024292422706423114 -0.0003543590557790858 0.0005564210680225828 0.0007046728025556662 -0.00014005287378116488 0.0007021315489061935
54 0.0006323621932455177 -0.0006198456898716849 4.616859498392989e-05 -0.00020848589013541439 0.00040529418541558566 0.0005474670235362272 -0.0007232913851576108 -0.0006482632849038274
55 0.001649495896105683 0.0006924853731118325 0.0004187611123054125 0.000481178242042494 0.0009002507993212234 -0.0006496094377282855 -0.0004440440957527376 0.0004292998259002288
56 0.001323019155829047 -0.0014112323657763872 -8.033321653526813e-05 -0.0006425395679085425 -9.271905272291023e-05 -0.001264669395494254 -0.0004106135757125156 0.000419925032367323
57 -9.785672274907164e-05 -0.0020848211725368656 -0.0009799963736983096 0.00021372781813799266 0.00032675591970921273 0.0002998090178946314 0.00033608052074454383 -0.00018889788644126145
58 -0.0005616266967719409 0.0009976288005598074 -0.0003777605290106415 0.0006389193035027406 -0.00026484061437514713 0.000580872945974189 -4.142144295432212e-05 -0.0002897103417241903
59 0.001367575826097011 0.0005630701586286971 -6.010076591880345e-05 -0.0002679262158047636 0.0005175497185746045 0.0014044520184377503 -2.8653444697696322e-05 -0.0006256055361872276
60 0.0005223297993296311 -0.0003419053377801825 0.0002327176286911657 0.00037712335492186364 0.00027824268985145466 -0.0010795968920103414 0.00035174343071329913 0.00042929845747261024
61 -0.0005085666794554415 0.0010409947564729426 -0.0010164132652557719 0.000796582567313047 0.0002849785995866056 -0.0004262221600089504 0.000420941260755831 -0.0006233488217573763
62 0.0007323694976303569 0.00020179475676505528 -0.00022177572381799118 -0.0006201473564043475 0.0007998713332309466 -0.0006395295386303126 0.00013886681689408557 -0.0002580627886029777
63 0.00016923883293036424 -2.2243677137784778e-05 -0.00047660189588312886 -0.00025359705820890866 -0.00036609980017625625 0.0008572342847503427 -0.0011088594012252594 0.0002370799114793468
64 0.0010422090662348036 -0.0001734224923907362 0.0004136574517647664 -0.0006655629457048888 0.0009370295049454533 -0.0010449443938007755 0.0012072354884950314 6.846555745800332e-05
65 -0.00022971088153708153 0.00011930529743400394 -9.808010000826532e-05 0.0008971948842794161 0.0002661133860849967 0.0009092777915713604 -0.0011187778874612866 0.00047961660369815834
66 0.0005533683805616122 0.0008383444096327806 -0.0009520736289620451 0.0009537085484386173 -0.0006913205981766657 0.0014641972309140912 0.0004532276450074749 -0.00044254230521074376
67 -0.00012333650140530783 -0.00034993628000832584 -0.0007237586215485025 -0.001116364302075002 0.0006913733685940189 0.00018934652628110478 0.00029458279661387365 0.000490830430346972
68 0.0006296645825084634 -0.0006983729319456857 -0.0004622402222458262 0.0011790280685833269 0.00031156379442477905 -0.00044814261157213355 -0.0001169959427213299 -0.0002146896357284065
69 -0.0006669766683020346 -0.00023071421413233136 -0.00017998206707299798 -0.0006382180806609656 -0.00027503325764044 0.0007962240529349853 0.0005242210215214323 0.00020190347370046454
70 0.001642391462983401 -0.0006537152531685543 -0.0006424753525693736 0.0007930939177099318 0.00038995213098398315 0.000550911735786072 -0.00010668970647335382 -0.00015058034682882327
