1 -1.5412012969215998e-06 -2.7903283646742687e-07 -3.7925501305875305e-07 -3.7360009897387814e-07 -4.574615883912943e-05 8.60778959326815e-08 -7.10318089825125e-08 -3.4589829130524557e-07
2 -8.733688851953855e-07 -1.6046671709392162e-07 1.9904837356909608e-07 9.128652386267449e-07 -5.433527109084755e-05 -4.52524258751694e-07 1.2848020415425414e-06 1.017617695201792e-06
3 -1.4072365734216152e-06 -5.574474056059543e-07 -2.1882100726672665e-08 2.6230906807345367e-07 -5.6425585215012696e-05 -8.903169736460421e-07 -3.5364831313849895e-07 5.64557272208402e-07
4 -1.6964046473351718e-06 -2.5723701980568893e-07 6.659775298036623e-07 -3.591529155788453e-07 -5.888735573140155e-05 5.075577227868233e-07 -5.717070045127591e-07 6.204204770527171e-07
5 -1.4215608542418967e-06 -4.874516598257111e-07 8.0979458621335e-07 -1.2014390841755813e-07 -6.112970226041379e-05 6.222965730166765e-07 -1.4199953763374788e-06 1.0389962457331322e-06
6 -3.1247431546691954e-06 -1.0034646731150117e-06 8.141570348744092e-07 -7.815791363206223e-07 -6.384285571848482e-05 9.750354639621024e-07 -1.1275579007433131e-07 1.5480855580249855e-06
7 -3.2129239584024606e-06 -3.730070768853414e-07 7.062623470710508e-07 -1.0152659126768639e-06 -6.428490979776692e-05 8.873009413745556e-07 -7.481091261062896e-07 -7.900207426095185e-07
8 -1.2454919154382898e-06 7.762105053460773e-08 -6.390083617459604e-08 -7.772177469756526e-07 -6.48120233281003e-05 -1.5415141388063017e-07 2.9008547607455047e-07 2.235026062836288e-07
9 -1.5317254202704493e-06 8.438233604737406e-07 -4.6446861940349404e-07 -5.38355148868862e-07 -6.706403148369168e-05 -4.5381108705443075e-08 -1.408648969445575e-08 2.764045480205258e-07
10 -1.955262237218266e-06 3.55761515325773e-07 1.5636833529210796e-06 -2.574612808783873e-07 -6.70839167339152e-05 7.503287384001397e-07 -5.827567713821043e-07 1.4003269624760073e-07
11 -3.228293207855489e-06 -8.011287560923929e-07 -7.376225935383607e-07 -7.31153838402819e-07 -6.655289434688058e-05 4.3338466075647427e-07 -1.3017862462205052e-07 4.687308482953127e-07
12 -1.2601927402631837e-06 1.1076940269267389e-06 2.295855255967722e-07 7.725920058268633e-07 -6.882806001461575e-05 -5.437001295494684e-07 -1.048091899634672e-06 6.375258435212079e-07
13 -2.489075574877366e-06 6.834746983874061e-07 1.5716428421000296e-07 3.14363785859031e-07 -6.599052304930719e-05 8.165365088502153e-07 -1.7189665087326081e-06 1.1785329669060525e-06
14 -1.466344975680552e-06 3.8571081717593465e-07 -1.3623085721133047e-07 -2.5055334197636055e-06 -6.762909894969445e-05 1.7624426656688641e-06 -1.15228123090736e-07 1.7359938236895851e-06
15 -2.8751653695556143e-06 1.4825201989421922e-06 4.0965070894837927e-07 -1.4778290348352748e-06 -6.808525591963528e-05 5.570254059290511e-07 -1.066946676276067e-06 1.2596034806354002e-06
16 -2.9220509443672297e-06 1.4392002691933382e-06 5.578494490335989e-07 8.207275898680164e-07 -6.906949114183072e-05 -1.325401457862587e-06 6.266636398839502e-08 9.584617381163753e-07
17 -3.1558996292819594e-06 -2.5625412346558903e-07 3.8202796001269543e-07 -1.025452401184792e-06 -6.85960332175307e-05 6.815112267697471e-07 -2.0657193540214194e-06 8.36074688721234e-07
18 -1.5146919906707978e-06 1.2734958922454423e-08 1.0470082825805658e-06 -1.5564340080034592e-06 -7.170943850799847e-05 -1.2439951147753917e-06 -9.612118492926693e-07 1.274541216053349e-06
19 -3.2661793869467225e-06 -3.5271680649162674e-06 7.971709341774918e-07 -3.8536889491819766e-07 -6.954851213314158e-05 -9.516806363591402e-07 -2.3294220034301648e-07 -1.2930222514948837e-06
20 -2.200872989977368e-06 4.5824596468737305e-08 4.725921961154097e-07 -1.1160046364357822e-06 -6.891189493097806e-05 -1.2282405075234084e-06 -1.4781081845197902e-06 -2.4162178389170347e-06
21 -1.3567185231816899e-06 1.244594686468875e-07 6.070185386502742e-07 -8.831405159234001e-07 -6.984379322768952e-05 -1.016126916045133e-06 5.245214680720942e-07 -1.898464928579574e-06
22 -2.4313521172414573e-06 1.4772658958715036e-06 -1.4064701219823646e-08 2.2013881630661894e-07 -6.708470279642966e-05 -1.888635173417302e-06 -2.2902245032624296e-06 -2.6125271236428817e-06
23 -3.3702906947160347e-06 3.6598289679188684e-07 -6.7211698753591075e-09 -4.2915402679452733e-07 -7.172534155050242e-05 -8.507242190469034e-07 -4.6444769570607243e-07 -1.4380067015573448e-06
24 -6.97192997367182e-07 2.349456279477083e-06 -1.4471565523721694e-06 -2.198256645675771e-07 -7.234262716367925e-05 -2.162050334732009e-06 4.5923110799854306e-07 -1.6452166397205265e-06
25 4.7950838141980865e-08 -3.9540746871548613e-07 6.607713696493737e-07 7.597826547069245e-07 -7.13768927918625e-05 7.425363394376561e-07 2.0451424025761065e-06 -6.753853965660655e-07
26 -8.932951266842924e-07 -2.948237389925541e-07 -1.11424012012241e-06 -1.3503466128793772e-06 -7.083359868817604e-05 4.872769900352903e-07 2.3516270668130875e-06 -5.465169550219327e-07
27 -1.985738237948018e-06 1.0506227694982708e-07 -1.5852517017585853e-07 -2.478819066328742e-06 -6.975139765117967e-05 1.8582544315975036e-06 -2.74776049034388e-07 3.1157804686838505e-06
28 -1.8640756492510862e-07 -3.083136837675642e-06 1.4468716433327815e-06 7.206507880023104e-07 -6.926136881931161e-05 -1.5184332087706906e-06 8.089146277769327e-07 7.220808768128038e-08
29 -5.671038405883693e-07 7.249201241946568e-07 7.596204988099984e-07 1.551138916313361e-07 -6.744518684062437e-05 3.3020564926282594e-07 -7.395572819855748e-07 6.019040630672914e-07
30 -1.1372893890160727e-06 -2.053849469401202e-06 1.2378648807520663e-06 4.961858828992922e-08 -6.86823046057866e-05 1.1908531077187288e-06 2.1552698629859837e-06 6.5657836034651e-07
31 -5.126564143765725e-06 -1.0338316936659503e-06 -9.703325309542346e-07 -2.2113652187312287e-06 -6.93184827247253e-05 -2.001361459053597e-06 4.222082481437428e-07 1.434355579944277e-06
32 -3.8088533253856584e-06 -1.8158492529201755e-06 -2.356315158273312e-06 -3.4487793774808364e-06 -7.390949521489492e-05 1.0969587952185823e-07 -3.867954962613463e-06 1.0619315568002167e-06
33 -3.7476850600565896e-06 1.619899761435496e-06 1.73925934775964e-06 -1.8922839718560243e-06 -7.326430016754354e-05 -1.6231167800653393e-06 -8.025864464895576e-07 1.7559807797510879e-06
34 2.272981659975392e-07 -1.3314427837612005e-08 -2.7396111732811774e-06 -2.082086260077791e-06 -7.040607229835811e-05 -1.8869104597080455e-06 -4.780212868752297e-07 -4.972864081350499e-06
35 -1.0173522306839667e-06 -1.574458160849477e-07 -5.0987618212195235e-06 -1.7094430784228868e-06 -7.495977809234676e-05 3.933592316515916e-08 -1.8806310211657074e-06 -8.825449875861184e-07
36 8.76934897752881e-07 8.10514658808388e-07 -4.383239505563065e-06 -2.8794162541673515e-06 -7.003683131781329e-05 2.349967683959887e-06 -2.59009537718323e-06 1.6922163596366476e-06
37 1.0008494801680964e-06 3.042462548092492e-06 1.0431653421540764e-06 -2.472991392366322e-06 -7.24326214372026e-05 -9.794702581172468e-08 -9.630516579509093e-07 -3.3181593483094954e-06
38 -1.6541812690876077e-06 2.0461211074350046e-06 1.052635369437375e-06 -4.575062591422543e-06 -6.983829654150066e-05 2.552303326769614e-06 -8.839913693469758e-07 -1.978407636535552e-06
39 -6.454288962940439e-07 9.368181362339956e-07 1.1869208432454745e-07 1.8176568985745229e-06 -7.280682816852011e-05 -2.1753646310497476e-06 -1.3121784732622442e-07 -2.768068960352454e-06
40 -2.2868331227266174e-06 -5.53772988696061e-07 2.043123173255709e-06 -1.4496257869078603e-06 -7.273187394501535e-05 5.43244326969774e-07 -1.23591160027104e-06 -1.6992295609730355e-07
41 -2.165494357224921e-06 -2.701061685167604e-07 3.2612242860471556e-06 3.000772509586435e-06 -7.096898439517573e-05 -1.205754477028755e-06 2.021389913605075e-06 4.665031552725875e-07
42 -5.607900699154137e-06 1.0704408044703686e-06 -6.339086429498769e-07 7.069456433007162e-07 -6.814845406919538e-05 2.344164960935213e-06 -5.446542604492449e-07 5.481684358005318e-06
43 -4.732308517471107e-06 -5.788713139135875e-06 -1.5608795476983274e-06 6.16777866701699e-07 -6.952767508472736e-05 1.8215974059737506e-07 -1.52663534314869e-06 1.1849455374905991e-06
44 -5.625326246659165e-06 -4.08789960341844e-06 -1.5209016359430994e-06 -8.504498992034965e-07 -7.062460188966137e-05 -9.120719477993409e-08 2.2824250295509047e-06 2.8071783826140478e-06
45 -3.5732015890749854e-06 -1.849213856269856e-06 -2.108044926078656e-06 2.0610437473950035e-06 -6.823930358464352e-05 5.722648840976889e-06 -2.989422169841081e-06 -1.355943649965949e-06
46 3.833670025325911e-06 -6.674056487878255e-07 -1.219479911223407e-06 -8.478593639925467e-07 -7.108876695702463e-05 -4.577283859168381e-07 2.227962185665809e-06 -1.1383859636505615e-06
47 3.033129094777134e-07 -8.930274038196028e-07 1.6798883340397646e-06 -5.739864167201878e-07 -6.993262411238956e-05 -4.01108899747465e-06 1.5380577671913815e-06 4.659815782693673e-06
48 -9.479935189603454e-07 -3.552971516525479e-07 5.4401550791480286e-06 -1.9565473013085546e-08 -7.120564651954736e-05 -6.4423742376423745e-06 1.320823779011141e-07 8.316749410291953e-07
49 -2.5667909837913792e-06 1.1924110761662113e-06 5.4301199345147695e-06 6.440300324204152e-07 -6.966630587456498e-05 -6.455397795467475e-07 2.6711115094651226e-06 -2.666998927498172e-07
50 -1.2029321821434613e-07 -1.2818052691337883e-06 1.7045187933293946e-06 -7.660020782852236e-07 -6.852548439383543e-05 4.871253256743025e-07 2.179495855395144e-06 1.0656115856526567e-06
51 -8.267853846312675e-07 -1.1573432678709977e-06 -3.6718690035586367e-06 5.8173437093309386e-09 -7.173538554433347e-05 -9.85623582813686e-08 1.233590735182134e-06 2.0331848505520835e-06
52 4.49757408601756e-07 2.924427525102716e-07 -3.1576920274778835e-06 3.2418131708193656e-06 -6.933024000679463e-05 2.1731206285355453e-06 -1.048744358345811e-06 -4.7140873707535267e-07
53 -3.5604351256793756e-06 -1.940838594744063e-06 3.917186963769153e-07 2.9560130936435135e-06 -6.989750326063233e-05 -1.855311003287472e-06 -2.1789285154277578e-06 -3.7167970082568715e-06
54 -7.241144504538498e-06 -3.1685256752184696e-06 -9.919550910688604e-07 2.9750686497178886e-06 -6.803048467267417e-05 -2.547467857545671e-06 6.294978502315113e-07 -2.493986203631352e-06
55 -7.749035754911345e-06 -2.569005480486305e-06 2.5377298247998147e-06 1.686674862778874e-06 -7.330167333087158e-05 -4.161893058256831e-06 -1.172291457178968e-06 -1.3951286683101579e-06
56 -3.096713847302864e-06 -1.238552076228229e-06 -1.8982171190443399e-06 5.170468721224335e-06 -7.082963349306509e-05 -5.7216512177339195e-06 -2.1080195066926563e-06 -2.2309825663096786e-06
57 -4.015569121749903e-06 2.8368995334671757e-06 -2.0849847738034117e-06 2.164061655343101e-06 -6.761084936717293e-05 -1.806359864303305e-06 9.323284330005304e-07 3.231430893463026e-07
58 -2.6300747989773027e-06 -7.65058113786693e-09 -2.086749731946983e-06 -2.684338759915735e-06 -6.558852010210485e-05 -1.1085979242955221e-06 -4.465806928331956e-06 8.045642326575874e-07
59 -5.634748378290018e-06 -4.926312507318751e-07 -1.855935366635049e-06 -1.036983450570704e-06 -6.801165062365158e-05 9.29314439692999e-07 -2.8665640448405966e-06 2.695298096544634e-06
60 -4.218291347046867e-06 -3.2475227689137375e-06 -4.931475266130376e-07 1.0193642500400044e-06 -6.459853615818626e-05 -1.4032631871281656e-06 -2.3031228170412667e-06 1.0987546692900226e-06
61 -3.5279260283047228e-06 -2.520434343406733e-06 3.6398835280427566e-06 4.4110022658090565e-08 -6.270145545504245e-05 -1.4391624480522258e-06 -2.645831481019305e-06 -4.066533221074737e-08
62 -2.4439750697007016e-06 -2.251335837026835e-06 2.6489319512879096e-06 2.1247097903111004e-07 -6.62086701563414e-05 1.6170908646749e-06 -1.8497624911742318e-06 2.0243012458751214e-06
63 -2.5989950297745948e-06 -2.0694681633371e-06 9.261666506603195e-07 -9.506774421180495e-07 -6.838558568606084e-05 2.1582912656500467e-06 6.271323677444275e-07 1.941419021814786e-06
64 -9.489416196229287e-07 -4.015923651931721e-06 -2.2748878855901054e-07 -2.7606444465422315e-06 -6.436492256722128e-05 2.020189363370647e-07 -1.1542469157401068e-06 2.452567342331221e-06
65 -1.0262414583134614e-07 -2.7406695542588064e-06 -3.0986046189070546e-07 2.001617385529525e-06 -6.24251873150001e-05 -3.812541023119e-07 1.0981474124159708e-06 5.977643584584594e-07
66 4.467795256416726e-08 -2.899022984932644e-07 1.8112897283175179e-06 -8.443552246904644e-07 -6.117560859941394e-05 -1.252333332102285e-06 1.4373964133776558e-06 3.910010149627207e-06
67 -2.339678238404731e-06 -2.4706061000960296e-06 -1.6836925000916665e-06 1.5659676457924084e-06 -6.19924085047942e-05 -1.1024612238715584e-06 -8.455909089340511e-07 8.930229982175742e-07
68 -5.945552173694885e-07 -2.8233392058158833e-06 -3.7989960528472473e-07 -2.0002373427439144e-06 -5.885862060999371e-05 -6.710021267742774e-07 1.302010489049484e-06 1.121526249636654e-06
69 -3.947144566980355e-06 2.5994382044207155e-07 1.2345370914729753e-06 -2.2998208598865156e-06 -5.5532936691897125e-05 -1.0312844242259662e-06 2.684864931924243e-06 -1.6911528364584564e-06
70 -8.460800815981128e-06 -3.848784126666783e-06 1.9338260638885183e-06 -1.3257352433942234e-06 -4.517679729289174e-05 -1.1904489277928002e-07 6.666913099168579e-07 7.217306081108252e-07
