1 0.4932187104253833 -0.006299008452559789 -0.049090237937353925 -0.04795102114529582 0.15837798194048214 0.06548773687046881 -0.03332727057008352 0.024300072773005447
2 0.5540742964763926 0.0026568399671422754 -0.02911268844995453 0.013755596434013667 0.23683396829803638 -0.05913229182672175 0.015203670622805527 0.011875357189223385
3 0.826350802590093 0.04319816192691575 -0.052121156667916224 0.04939650416430992 0.18021721351554054 -0.12688840653290964 -0.04062779386898086 -0.00040164890321709573
4 0.8924039238619517 0.04831438082421041 0.06513413010268594 0.0013669152279113094 0.24762840765398328 -0.04522522239551281 0.0523813969504866 -0.0768658067128986
5 0.9611165914060167 -0.09278118278860073 -0.11495747264266148 -0.07399735143359495 0.1792147231565261 -0.06411491949637499 0.10482500156955939 -0.1229131909087958
6 0.9653360383104743 -0.10768753814630164 0.048356193059103804 0.08780389511475523 0.13869870326741168 -0.08241972553859897 -0.1769036863489422 0.06565099848771616
7 0.7707863642177643 0.06115772446417293 -0.051395013001804844 0.08719263201245576 0.2487046413152155 -0.08588259895001689 0.12010226828115639 -0.018030921517048992
8 0.8267307373023403 -0.0010445538049971038 0.09692238933402125 -0.04369884306832646 0.2765542134254636 -0.15564532929677258 0.016448864379170362 0.02835190601267317
9 0.7646446507724701 -0.07388596255103197 0.08057247500615476 -0.06747965665796737 0.10537127153647625 0.04054182859014085 0.019576307891726093 0.05613527939321151
10 0.8984182159269964 -0.07398987525729367 -0.022303887492072343 -0.04670677701585337 0.2588253674650201 -0.17439898884122967 0.07980703281930007 -0.04246242723809317
11 0.6635891969568035 0.19136474183087063 -0.12084463200470119 -0.03286207722584418 0.23492889742363915 -0.11662147764249112 -0.011253844598369055 0.02348932944746926
12 0.9530664807270938 -0.0028291073801897195 0.011159187653377398 0.07653184934804481 0.1908221749658851 -0.12357362998935664 0.10177548212753061 0.1076679928363828
13 0.6424128431125721 -0.08825948087665564 0.08175653781796283 0.15956740611917974 0.3165575604278945 0.015347745463997035 -0.009418352042495476 -0.010459028388500578
14 0.8059224534402094 0.014906953398398131 0.2016608922252235 -0.13670580629058487 0.29976257517225746 -0.38725524705171976 -0.11349561807603922 -0.03415371306353026
15 0.6907136208712282 0.15315476012815946 -0.17455013533340558 -0.10655273134278082 0.28533412764103244 0.07557967517008624 0.2763532147205215 0.08476040337214874
16 0.9443333487333649 -0.019467323403111025 0.058465774313544785 0.2456172274554178 0.12116180665213513 0.10792696215942368 -0.38665810765196706 0.14659044949894512
17 0.7923043155944577 0.05016405933399967 0.05454753900469277 -0.05154817476708902 0.29625013516436144 -0.04422841368751937 -0.0911433960425556 -0.25324383360479363
18 0.4581134105751012 -0.23809259644079955 -0.013405560319006964 0.09863995340691835 0.5408761589171467 -0.3161848325665493 0.026689249779820894 0.1606005481303857
19 0.7967143952706748 0.3255856689680622 -0.28274748422895196 -0.09539244257237911 0.19078537447868318 0.034157444236941906 0.13025396356245492 0.09305813296216628
20 0.755318002990158 -0.2029216055233864 0.282453897985416 0.17270062475369485 0.09568328148144505 -0.27422704515812485 0.1292813115665671 0.10468094886616804
21 0.5896594802327915 0.16229340752181545 0.004010286680121367 -0.11901477647612019 0.25038385819414716 0.01038648430492033 -0.23505870533713863 0.06151099633636395
22 0.8935085839493302 0.0760836516911443 0.13702868240889396 0.1628685266451589 0.2883222820048837 -0.043705340216278935 -0.07143997323123102 -0.07769550280392523
23 0.4715922206939323 -0.17599077709530975 -0.21361471299308 -0.12116867188882299 0.20611687498399783 -0.08045109932277067 0.1764803395152531 0.02912190130716341
24 0.7504175585078734 -0.03683829601376269 -0.1003028970521073 0.0809774808698687 0.21581411229493117 -0.26175774006895025 0.1917696396617953 0.03471843622816162
25 1.1061686412148248 -0.26855709716471377 -0.1868290071983087 -0.11497025782300943 0.23443457902011344 -0.32773744609785765 -0.036020551196237774 -0.06612212437488796
26 0.9306713589068042 0.20864434618680086 0.2300828110691773 0.20699622838891985 0.15117307666461274 0.01769818104997396 -0.0228147466519672 0.10235339927933282
27 0.5958104318521898 -0.08378368488085997 -0.09295883925826318 -0.13025887200789943 0.36762897005905903 0.032887764784057257 -0.1749784441055752 -0.3034780721108868
28 0.7125682208777322 0.18313067403222322 -0.06904895404750576 -0.2517504024046347 0.17649518786374518 -0.23403069290234352 -0.23601993489751352 0.14885211513035881
29 0.6097475260498141 -0.017212238469539003 -0.05227130737260092 0.32826635562794176 0.802043674091786 0.2132186928403759 -0.0258932726353242 0.14420376731292686
30 0.5969898247419709 0.24660982660236302 -0.4483806949704696 0.11080613039447973 0.20957304344413138 -0.28470807408971455 -0.169249849743176 -0.015903599678737775
31 0.9334139674390511 -0.40579567129176086 0.20425093150512413 -0.05890185417892947 0.10551241139165721 -0.22163252630763347 -0.29777067064324503 0.26662330158994957
32 0.6133953834749533 0.23523988070934915 0.09276138628060127 0.20640868561828404 0.02679892291072408 0.02036096475719347 0.2527463848523187 -0.23904816173967186
33 0.6908047661252282 -0.26999165236291234 0.04393974038840524 -0.4369581704414404 0.18009301582792156 -0.1704064782837493 -0.006395078261113442 -0.007947567523525862
34 0.40499077430984165 0.3879047966576879 -0.06940867401762096 -0.11072470607346774 0.3544310692049293 -0.29176597128287696 0.021655366402899716 0.17294967270998832
35 0.9288470588238655 -0.21386920868997825 0.3415585686957532 0.39343711210845855 0.5912935194515703 0.17469062342404268 0.011518072330731668 0.07232992570206108
36 0.5507531607492111 -0.09027112326341936 -0.2331112913798654 -0.0025132204315848295 0.6918009064967273 0.46559673085912384 0.24005042275307978 -0.3717174316648315
37 0.5480323712813993 0.4028558127469886 0.3803090390860646 -0.03891965227405289 -0.10834774020303445 -0.4253687437607378 -0.14201207337991703 0.10557459380286396
38 0.8809631326874499 -0.251936616026264 -0.7055857416629293 0.12264735046421388 0.44750268114834596 -0.2648455555402054 0.014813422427754516 0.07516015002549703
39 0.9230887463264364 0.08825013057150503 0.17247442595118329 -0.06368213617517451 -0.05059433851902588 -0.1477051262418413 -0.1218774884510126 -0.12477603971766688
40 0.9163119053450959 0.3657750751042729 0.30506787884182646 0.3542553510231742 0.3327302492699238 0.04798400972821115 0.20799681213625634 -0.1336835570026562
41 0.5516311031843862 -0.03758361434970227 -0.14798474071663678 -0.6582741081588952 0.13959166298232883 -0.3911082037017314 -0.06567316724758365 -0.05594754853251724
42 0.5854500423572961 0.18532836930465602 -0.36015753866642053 0.40104250828677723 0.039640298241431345 -0.08248943630719366 -0.33635391058024916 0.11177915302559635
43 1.334040917389633 -0.09080921753295992 -0.04467463353796229 -0.04546919303799576 0.6816855935781302 0.38241141187750594 0.49672939136005606 0.08551813556934397
44 0.37853052186131686 0.1916644466598726 0.131627980524341 0.27979921063352453 0.06299161600222272 -0.5009289299204116 -0.603201516274777 -0.38477963541455323
45 0.8994859118837586 -0.006370027110046207 0.39995181913648753 0.05639769108390669 0.5050196795432318 -0.042203175593799325 0.35905221602903264 -0.21726372207118672
46 0.776038018062545 0.008449735564042632 0.10648795130521499 0.050373133467400674 0.30948395097531267 -0.3015732181593393 0.014534898209429367 -0.0259809033255292
47 0.5340083927966222 0.4300100961294805 -0.3304384455211057 0.08383302259105091 0.3502894067314928 -0.19852928781351398 0.3504396977993517 0.35265608164280615
48 0.9542389246702813 0.09376470953294273 -0.07068926770152895 -0.15444848607846764 0.4880096196099921 -0.2632291969060741 -0.3323062025931209 0.5896372674318024
49 0.7013118913658403 -0.1310355981240101 0.043579351044819796 0.023719862366306972 0.3948691092739114 0.4241817792941255 -0.4316598337593928 0.2643446828636501
50 0.3478091766263165 0.43980925174147895 0.35203774054473314 0.002937409222419143 -0.09375183037275919 -0.2448254003924816 -0.03185282563053917 -0.6189448051966596
51 0.8430366537335416 -0.07948234384858907 -0.6456698957071326 0.37675210879843196 0.7882555364946513 0.8352557285138241 -0.13666441070218668 0.08659126615171253
52 0.37162751137667405 0.04645814383892871 0.24453689136967732 -0.19571066413496008 0.2801190964279825 -0.39695425665305467 0.3490107176566076 0.1926281803013885
53 0.633759393723506 -0.7022755638739878 0.04780198819561881 0.32867858467650235 0.44577702559432425 -0.19131942018332962 0.24692251572759327 0.1592808632754383
54 0.6395778671283279 0.6152999488867201 0.08974340527542723 -0.47269251307714316 0.017114459205530147 -0.15170367521925138 0.1312657844480357 -0.1653378448638022
55 1.0381305884571332 0.16154118967196548 -0.4615474216355457 0.6557660274578498 -0.3319595509128734 -0.36327047851106703 -0.016307824907460758 0.37945124917748874
56 1.3571605507581466 0.0678059405919473 -0.19694408580323308 -0.22257450466836518 0.5446903540922314 0.28972628891985774 -0.07480132043790323 -0.26484076095380404
57 0.09765550776315522 -0.03031431204361229 0.37018445717277165 -0.2994821368108536 0.20337878614946642 -0.48281356078651344 0.1770737071651627 0.2591564848183688
58 0.9559243864991053 0.48793489741188817 -0.08805245059406651 0.6488921830392186 -0.08841891662298344 0.24029012952287254 -0.5483545770173778 -0.16017831506908353
59 0.8900343845620566 -0.2012494089325233 -0.42023788780201143 -0.1545685966357073 0.6303841051214361 -0.21741736260574024 0.4099274364649847 0.17571395297529852
60 1.3178827247206997 -0.30944835677159077 0.5289804817592116 0.36689381970504503 0.28932742047788224 0.13395226512439656 0.0631649646371311 -0.3308591688709078
61 0.7166868423514601 0.6365777695782606 0.12366966288283834 -0.499277258613923 -0.049399687902768996 0.5077537264573722 -0.2340760019517656 0.22691176719472755
62 0.24778764959692912 -0.17256085826806222 -0.16410585347038145 0.1313507884084422 0.5847077001810165 -0.1986513209147731 0.6573511179143021 -0.26692632675284017
63 0.5842848161341236 -0.2644720500846152 0.025006647460858858 -0.19424251259435718 0.21860707337547022 -0.5379051499209824 -0.7060926069045976 0.6053811174562803
64 0.619177443348861 0.5992919189327038 0.4007661363820306 -0.15308743020413307 0.3811007809833021 -0.11605541110275136 0.33865496875374984 -0.447975719872653
65 1.0010249665297928 0.37319666480301966 -0.20797544210500002 0.29269627265243536 0.13616100224307842 0.3162897709087321 0.01914826287607814 0.21309192041438757
66 1.0091522179673102 0.41597962889273454 0.42612881823270415 0.13570120800413632 -0.00015286953714326035 -0.7993708219452393 -0.0031747349826087568 -0.4439785195921175
67 0.7480301715270959 -1.1037388916134012 -0.25671327822027773 -0.03887273397021008 0.3673592159208632 0.28877601569236616 0.3532519252399148 -0.15727843494827465
68 -0.039677615094403186 -0.35619176644405043 -0.5940128747074662 0.6326833130857215 0.19382766759135892 0.05065742916362401 -0.4845670340051309 -0.5749610442943346
69 1.5472642635291145 0.38868707589639384 -0.24512264906724782 -0.4782577118615749 0.6135134532990825 0.03893544746889561 0.05078095066415404 0.3619019666910239
70 2.0423396625148578 0.19504898147574504 0.27709510126205855 0.02076296505755591 0.033048181137661614 -0.09937438321622291 0.06702436108994454 0.43541022617209946
