1 0.0013820630645177846 -1.915027294166506e-05 -0.00017467928221362946 3.795637501236441e-07 6.520064154008447e-05 3.00766005091088e-05 -4.2558057728509576e-05 6.126009180060522e-05
2 0.0011950023075559728 -0.0001638676801437835 8.567150924621039e-05 -8.793934671919216e-05 0.0004668768842799528 -8.188822213515666e-05 -7.82467188268169e-05 1.0177626335314235e-05
3 0.0019044177999833567 -0.00014312420462045107 1.6620656098954273e-05 -1.872178987772079e-05 0.0004851241523282712 -2.057136933791191e-05 4.101997274540837e-05 -4.757556006325241e-05
4 0.0017725763019385535 -0.00016751153326906326 -3.917784558159287e-06 1.1875426085677683e-06 0.0005747501646413922 0.0001033690770400632 -8.119239588907995e-05 -0.00017656067426452418
5 0.0014438919688747483 -0.00010181366542491842 -0.00011756939344430171 6.408298156560546e-05 0.000522383432022884 0.00021172529801630633 -3.2012515749785033e-05 1.1595482815440169e-07
6 0.0015710421184911792 0.00017067105524387052 -3.2576406524664966e-05 0.00021307855783894768 0.00036142844704996514 0.00026369674192254803 -0.00011422194334677873 -5.8911043986210445e-05
7 0.0015499260496865653 -4.641873570071913e-05 -0.00019650795928926094 -0.0002147074823842392 0.000356946742835048 -4.282155304495142e-05 -6.777903504344216e-05 5.579514109116587e-05
8 0.0016219516822836976 -0.00014648480195618215 -0.00022533013655633768 5.6248318459084496e-05 0.0005554394296451029 0.00015360806084482173 -0.0001041437381325321 0.0001819856339293429
9 0.0013963177113279178 0.00010388858584691824 -8.687032220435005e-05 -0.0003144023439000032 0.0002610595866320505 0.00013707078548626215 -3.494364549137076e-05 0.0004253862182960801
10 0.0013866937188463564 0.0001976266317740842 0.00032451256788413685 -0.0004467378874124549 0.0005552131064971243 9.919767977928056e-05 2.3770090991237542e-05 -3.894214836789847e-05
11 0.0019204897205900699 4.0807381009640603e-05 0.0001923578737094887 4.260132458780273e-05 0.0004772683205585231 -8.868653908984213e-05 2.738006711515573e-05 -0.00011736544630888565
12 0.0015829421924160611 -0.00014960897191712943 -9.999890116714171e-05 -0.00012685228126341997 0.0003420562942090802 -0.00012102099675241563 4.536724957205429e-05 8.27866772827124e-05
13 0.0014828803652806174 0.0002432557541591459 -2.0246402318134643e-05 -7.166545530028852e-05 0.00015733986125687592 0.00011487627036829899 0.0005518920346860992 7.75929726244961e-05
14 0.001061001140798138 -0.0003878256609121249 -4.7531492639514316e-05 0.00019138010368530532 0.0004238223246304167 0.0004232582274412789 -0.000543188823071174 -0.00024119272553400008
15 0.0019488705064856333 -0.00020969787879187625 -0.00011666364134118039 0.0003691575093990652 -0.0001223971760447313 -0.00035235280322271106 7.717891759041774e-07 0.0002712159826080048
16 0.0015222171570356854 0.0002715766795724047 0.0003020143175636017 -0.00015111861808948473 0.00014387195931549337 0.0003789912949636601 3.3966709308784444e-05 0.0004450235313959422
17 0.0013520531830829752 -0.000212975132483033 0.00024047669113563233 -0.00016569006769714007 0.0004719189419285944 -6.082542230868218e-06 -0.00025238401545334854 0.00011730532026692339
18 0.0008929858958626509 0.0005050877148026478 0.00016038807874884815 0.00021866783543029338 0.0005748521398071408 0.00017806510539423247 -0.00010639162563762819 0.0001567683427222431
19 0.001856064562692446 -0.0003720440048464985 -0.00029131306298696283 -0.00044973181406112524 0.00028431880245608426 0.0002888208245414303 0.00011170572250005199 -0.00017614147794304
20 0.0012287507039540286 -0.00030817029766343684 -1.7766037713436275e-05 -0.0004056229298368392 0.0004719730380227035 -1.6594812313102868e-05 -9.040774441995054e-05 2.5518415600155194e-05
21 0.002212833330166022 -0.00010171365277869634 -0.0003606838986217531 -0.00021298846282731358 0.000491795098681318 6.450682857770429e-06 9.301386712100456e-05 -0.0001589655717051847
22 0.0016344340057202812 0.0003332575374519358 -0.0006722243475875682 0.00039483536199929595 0.0009537791594418364 -0.00023186415955088444 8.468637237797712e-05 0.00014855465929250374
23 0.0016577929172332264 -0.0004585708133065847 0.00041235284910646477 -0.00036057842253508224 0.0001499966754159492 -0.0004949686175063053 -1.232612296872898e-05 0.00013233293429446656
24 0.00187303684038474 -3.5866074675405465e-05 -0.00010384163787308437 0.00022723423505550228 0.0009715733652525728 0.00018898795030261676 -8.85147072172774e-05 0.0003561366792299222
25 0.0010333484533981605 0.0004086967975681388 -0.00028621946146269856 3.557475479225327e-05 -0.0003155469040428731 -0.0005005386756753095 -0.00031167957091759264 -2.262557764241742e-05
26 0.0016373162613059797 -0.0011909596783428848 -0.0004632979594555331 0.0007192156301352617 0.0009385382111161725 0.0001953202850757797 -0.000368910319922871 4.9080109876826067e-05
27 0.001115804895248004 -0.0010100205701563689 -0.00022065162119837517 0.000819245823916507 0.00039513303686394277 -3.236459924486897e-05 -0.0003037432484670029 6.472412855621985e-05
28 0.001717480415570409 -0.0003901346033071946 8.787524674975337e-06 -4.247012700443105e-05 -0.0001897988328023721 0.0003063928797290088 0.000590635109753625 -0.0006547853748978216
29 0.0012291538631696533 0.0010221681263346291 9.571919873576142e-05 -0.00014927854003581582 0.0007282131323589245 0.0003480454559633902 0.00046391741886429275 0.0005593268644917286
30 0.0016725947234748019 -0.00031265315785546744 -0.0006094161969334291 -0.00032420500061220163 0.0004256274469629791 -0.00012232364074075342 -3.565181304868478e-05 0.00022013365182289494
31 0.0013992604424099154 -0.00010300507037611964 -1.9057417871365437e-05 0.00013277007877526218 6.215174606907064e-05 -0.0005658582403553717 0.0006618150821423067 0.0001758305484776152
32 0.0015782328378379886 -0.0002612647957953528 -0.0004976023922641727 0.00010804869540801715 0.00047220032009581415 -0.0003585233945303333 0.0007690077560490583 9.615420672095648e-05
33 0.0014724896854210901 -0.0002239561883559545 0.00016304149248377398 -0.0007271316474787079 -0.0002727184286308241 0.00028244939285160747 -0.00044520268845283235 -0.0002457990383830144
34 0.0011145535579197194 -9.521236868950388e-05 -0.0002800377826444151 -0.0006586602159014631 0.0002581379080158553 -0.00034595071684441036 -0.00020327171934038233 -0.0002773897815780495
35 0.001272224808081324 0.0002677366288079021 0.0006378819440544942 0.000599345501469805 0.000711465804426698 -0.0005447528168242267 0.00015040639772917138 -7.7082538217267e-06
36 0.0016727515276565227 -0.0008121364928185166 -0.0004519577988011845 -2.0840415374785136e-05 0.0006923214539597752 -0.0006009563227709056 -0.000762049771899784 -0.0005362480961876716
37 0.0014147934389851608 -1.0497663474363875e-05 -0.00023040747950172488 0.0006274763016235877 6.705067301119163e-05 -0.0007647188913171728 0.000618276725816769 6.15157757693125e-05
38 0.0016727590702288987 -0.00045147433665025416 0.0002076968444916514 0.0005635166269405511 5.407338179379175e-06 -0.00038256573649824674 -0.00028479774643004434 -0.0007711977140079474
39 0.00177935615601981 0.0003436943188206686 2.0185645855835295e-05 0.00024212045337425252 -0.0002844026386900877 0.00048215497090969356 0.0005882619889219791 0.00048152306710342376
40 0.0014316686154213962 0.0001036089072494781 -8.974600457035406e-05 -0.00022951480925714163 0.0006286568289518253 -0.0003404020408829348 -0.0008623749736624965 -0.0003670551852790795
41 0.0011237173680290556 -0.0010570561185739163 -0.00023704490324542865 -0.0011857413406138814 0.0006182664275873694 -2.4329508238575015e-05 0.00011591730468364856 -0.0009537545064981464
42 0.001045545072079131 0.0005911165151206012 4.909984241714732e-05 0.00046752672875341445 0.0002586318974165149 0.00048680183765216023 0.0003827334000663659 0.001101722084820034
43 0.0016217037615260603 0.0006272246102933071 0.00021235698408411628 -0.00043684219674689254 0.0004824499085681634 0.00045928264992398083 0.0005386965289049631 9.232587324490048e-05
44 0.001246075843524604 0.0002052766870265207 0.00014556022664316282 -0.0003021153319526221 0.0014457504674293198 0.0007228477585110046 3.361533931359014e-05 9.25242874939581e-05
45 0.0007970957494417939 0.00024339557700328636 9.327628936462196e-05 -9.592760804282494e-05 0.0005555132357915205 8.146239981543697e-06 0.0002479967406867271 -3.324356978846511e-05
46 0.0014866743207866714 -0.0005675772045757328 -0.0003289062285339764 0.000807658898805629 6.900630179489327e-05 0.00042777835909569374 0.00066114516794542 0.0009306647279862953
47 0.0005559820383883422 -0.0010495688893342923 -0.000957154457694077 0.0006955113662701431 0.000332584156453425 -0.0006808984636200279 -0.0005078163866348302 -0.0001670032308132213
48 0.001488887721003754 3.3429768711997046e-05 -0.0003721217321593129 -0.00030297459484405337 0.000314559784274683 -0.00010044481879509118 -0.0006326373828427986 -0.0007325392153339752
49 0.0005852297323425812 -0.0004172204966812325 0.0009199543143993032 -0.00033411905544413205 0.00011955217412551527 -0.0012575046029923158 -0.00013470221002850183 0.001245158321368289
50 0.0024269994200907716 0.00017170906026874657 9.878123209194248e-05 2.9782832221970178e-05 0.0001637361049571936 0.0006490969201651454 -0.00018726626168036656 -0.0009598212948974589
51 0.0015823452684360073 0.0004123331795555827 -0.0013695675586132788 0.00036601156512708826 -0.00019436661569875092 -0.001005518254092416 7.618488418032569e-05 -0.0009445083512975996
52 0.001742213444447183 -0.0005898416322332183 0.001381712964726146 -0.00021585770067024206 -0.0006607074980534678 -0.0002167439750385703 -0.00100648001636692 -0.00021860948323501595
53 0.0011616278276639206 0.0005120248002097774 0.00020462074807298214 -0.000536858482981765 4.2826054957979126e-05 0.00020506886401923272 0.0008152510524834706 0.0008665000640672545
54 0.0026147899566029828 0.00026423585076448754 0.00045554064068970316 -0.00032980812839149314 7.860872272585932e-05 0.0004167650558606301 -0.0005800633027917802 -0.00042568912729780086
55 0.002624291459251901 0.0013421030923493004 0.0002745573767593797 0.0012054861049735884 0.0008059816739871859 -0.00060690855793828 0.0010751666062163079 0.00031280030801961075
56 0.001561279303060009 0.00023153089699231872 0.0009116427386385387 1.4120801840887528e-05 3.941622476637838e-05 0.0008755178912001582 0.0009329046926511657 0.0007072457919948579
57 0.0022684015107974353 0.00029888783986447415 -0.0015964242820110436 -0.00025479897048027766 0.000636943009879994 -1.3428854313881635e-06 2.3685979770693357e-05 -0.00011195291040261518
58 0.00299662332904546 -0.00033742269317560625 0.00203168865286176 -0.0012929668335907383 0.0010143601118571457 0.0006241521624998098 -0.0009323337776411175 -0.00013110595888659273
59 0.0016044623676642281 -0.0008630281713027896 0.0006861542967664957 0.0005890199109726094 -8.927141528993435e-05 -0.0008815959144575082 5.56967268140846e-05 -7.366096499377134e-05
60 0.0009112771656136871 0.0002667508632501898 0.0003732217413695294 0.0006468715969030171 0.0004640537793348323 -0.000354287778178938 -0.00019189132743494908 -0.0003714801747375685
61 0.0011703504223767398 -0.0006850124287630736 -0.00010096450230747618 -0.00044165196575329433 0.0010478114450739135 -0.000736793812344433 -6.620779885256568e-05 0.0006648600039453647
62 0.00022395073036575555 0.0009282534441331921 -0.0012002438356983605 0.000836786686480928 0.0001081874344428517 0.0002664003162379369 0.0008724440058129688 0.00011890246978727674
63 0.0017326016339546248 0.00017944433844384165 -0.0005354053325216045 0.00043431731084487424 0.000341207762417175 9.863243861998326e-05 0.0011137793967799224 -0.0006204797347044088
64 0.0014030543001725341 -0.00042814247916105443 0.00029281997720532793 -0.0001372840539612474 0.00021041046149742826 -3.399854046619686e-05 -0.000387938221592769 0.00013593772142702425
65 0.0005458241953111881 0.0002509357094528577 0.0005399021549041819 0.0008542810066506665 -0.0005969607677208968 0.00016401861986467325 -0.0013458832492807687 -0.00029939994754042665
66 0.004250803262008142 -0.0010528916935430128 -0.00024434457987367015 0.0017912997004125724 6.418323281572906e-05 -0.0005928999137894621 -0.0005885446625513285 -0.0008662150818657064
67 0.0019644883047564054 -0.00015843107010658802 3.3734763592917804e-05 0.0006277703538958118 0.000717815890838207 -0.0004484579870575561 -0.00013470095798168364 0.0004629150639381838
68 -0.0006544955182447963 0.0008343467215168696 0.00044817375817751774 0.0011281558427715449 0.0010455913805515755 0.0014106992944670595 -0.00036925134466728735 -0.0006846079014806671
69 -0.0023811751431577323 0.0001966460959009081 -0.001013892625672562 -0.00031599176940934055 0.0008736490263118481 -0.00022211826472367022 -0.001537974693051694 6.813694636222616e-05
70 -0.005572042487387111 0.001560198438200676 0.00043016953890976295 -2.650089868290295e-05 -0.0002733598626546441 0.00057905203259912 -0.00010194111298893924 0.00023575456306228882
