1 -6.398065779132582e-05 4.611452967303302e-05 1.7626368598815282e-05 5.248914682181607e-05 -0.00012751592146652895 3.3913260402901044e-05 1.8428029796939236e-05 1.4741866278143886e-05
2 0.00011541751453463191 -9.110059927319794e-05 -8.145588991819854e-05 7.817500384879795e-06 -7.431713621588525e-06 4.456961733270896e-05 -4.059812271085723e-05 -3.1086552883669626e-05
3 2.8322292524794668e-05 -3.131826899823978e-05 3.197837058319889e-05 -8.9920953232512e-05 -0.00010133561802235281 -0.00012311942735114773 -2.1963378801597267e-05 7.12336141304159e-05
4 9.617076190304555e-05 0.00010249175874285718 -2.7167559352865752e-05 3.0075804713553103e-05 6.56129066538478e-05 0.00022881812451920936 -6.037998893227919e-05 1.0858436957024591e-05
5 8.191918643632742e-05 0.0001671653279053378 -0.00013074466496675375 0.0001810516577503788 3.1087729010400375e-05 1.663534798539162e-05 -0.00013851145421696657 0.00015450827470202266
6 3.1456534556341003e-05 -7.389435178019526e-05 8.971894958750401e-06 0.0002117343086789817 1.740965642617374e-05 -2.9411743038081798e-05 -4.8049456222865665e-05 3.806880786973681e-05
7 9.799819033607437e-05 2.547224702452604e-05 0.00017937696669880954 -3.75313310533393e-06 -8.024334712785712e-05 0.00010657007329616882 0.0001510801586265181 -0.00036033999669302303
8 0.00010642260961774656 -9.994297076210457e-06 -0.00031568717968111275 -0.00014013512027642337 -0.00024185528189302153 -2.8826294043086034e-05 -0.00022393429452656174 0.00021826306491217666
9 0.00012872211569288881 4.3837489820880336e-05 -7.428342294824924e-05 0.00015318085048319447 8.598408070242794e-05 5.537120641730952e-05 -5.49818491880182e-05 -9.588375231936821e-06
10 0.00013376949906270886 0.00013527732870148587 0.00015818261126464446 -2.5860329174984904e-05 0.00010306509821277804 0.00026166589163510923 -0.00027664312911725126 -0.00013714326960118277
11 -7.59565476211702e-05 -0.00026327127556464606 0.00025775641136064855 -1.4437957335446488e-05 0.00022189638980554908 -6.555158321453757e-05 -1.6902179322467067e-05 -9.096485744251962e-05
12 0.00016654154136888142 -0.00028902336511066323 -0.0002144887804216291 -0.00019663157760323513 0.00012778349293648335 -2.4555384945009758e-05 2.0207051293433004e-05 -0.0001579589313490648
13 -2.5814631952792837e-05 0.00011906060167367951 -4.559980685897012e-05 3.4384804972524755e-05 4.001297395873104e-05 0.00015491366063448712 -0.00018957365406301006 7.130272183440718e-05
14 3.1110374558190787e-06 7.044050289273967e-05 0.000100271249618931 -0.0004200286412855514 -0.00026909467073661837 -2.369262650545958e-05 -0.00017077634446361131 4.759154565833508e-05
15 -0.00017727383409994003 -7.148684737477395e-05 -8.945568536903191e-06 -0.00010748700718016857 5.617915360438299e-05 -0.00040486318421161167 0.00010809182693099475 -9.520133176320632e-05
16 0.0002245636994764009 -3.3566936580964215e-05 -2.307065848571445e-05 4.4343761043185515e-05 -0.00021059889867966822 -0.00030400596635942476 0.00017124890197451373 -3.6867502897072866e-05
17 8.202086810121409e-05 -0.0005087943044026481 -6.733726840308943e-06 0.00045900240293354343 -0.00045948188312684734 0.00018941840608945997 8.866121175702901e-05 1.1372206131474954e-05
18 0.0005004145858263525 0.00032485770177160574 -8.601905422388186e-05 0.00032438050904736707 -8.196677082155252e-05 0.00011613696821844051 -0.00020102613788525062 -0.0002972730522983066
19 -6.16340249246027e-05 -0.00019008972868222855 -0.0002409456821041182 -0.00022916518064036324 0.0004060136259352676 -0.00041279086667551506 0.00011039954753707438 0.00023401033815916903
20 0.0009291955468130355 3.465632452944843e-05 0.0006304318194575166 -3.733264414278579e-06 5.973474886423359e-05 -4.396925138225721e-06 -0.0003084456852642218 0.0005377062480798419
21 0.0001829551955116783 -8.495640943766798e-05 1.5064649271406723e-05 0.0004231584585035885 -0.00021378792696375516 0.00029684936777006344 0.0001230533250587203 -7.800942476217165e-05
22 -0.00019902045582224237 1.1252798051937095e-05 0.0002186058029948978 6.798911052041745e-05 1.54951056330041e-07 3.4149158708937026e-05 0.0004511447921274375 -0.0004211765913047133
23 0.0003385119064466832 -0.00016055102273993018 -0.00025436795130738386 -6.039679505203957e-05 0.00010452466940650744 -0.00048720217339822655 2.897200177561643e-06 2.6009442609827064e-06
24 -0.0001288213532032553 -5.518929121977527e-06 -9.369236470200182e-05 0.00015087550928138472 -3.199376711616027e-05 0.00043393843837451017 -3.7102909488762735e-05 -0.0005834387200445598
25 2.063035524950319e-05 0.00020960603332466425 -0.00045567114880526146 -4.245373098132437e-05 -1.740588110729318e-05 -8.363883117464913e-05 -0.000147957827408473 0.0007119403960170997
26 0.00011754869662754271 -4.225366014756542e-05 0.00028210690982548406 -7.454855305232791e-05 -3.951661292264594e-05 0.0005685328629170871 0.00027515548959621434 -6.327909415619894e-05
27 0.0003169090744672249 0.0003639845059793909 0.000921526831232195 0.00027382892913465365 0.0001703322570957735 0.00017492898401661274 -0.0003082929802882635 -0.0001825624624138779
28 0.00018826784706468702 6.466429304675756e-05 -0.00034469039936923775 0.0002253784794292309 0.00012530210505960234 -1.8628495839205488e-06 3.660211205250514e-05 -3.5530036165060225e-05
29 0.00046828869004887164 0.0005256962593972471 -3.863187731539661e-05 0.0005193100918992994 -0.00041682781605973345 0.0002779443125785262 -0.0006762272147359837 -0.0006430083959794683
30 -0.0005232370974609555 -8.56933653129583e-05 -3.495966044258951e-05 -0.00010187788796329469 -0.0001119934819907006 -0.0006373983715177244 0.00030549064311858313 -0.00026969533415824656
31 0.00046600354307502233 -0.0004066476619673621 -0.0005918896217862021 0.0003218972677360821 0.00028993931272546804 0.0001517996108223778 0.00041480334010742616 0.00020319511636627809
32 0.00036009860735715534 -0.00013744240271415916 -0.0007440670607565132 -0.00020417597684850157 8.101428376135401e-05 -2.508722829415845e-05 -0.0002512593886300671 2.853047109606263e-06
33 0.0005314857663772326 0.00031947656709469365 -0.000433998823289855 -0.0011370594535785644 0.00019644120187757845 0.00036825183438480354 0.00041677915828548746 -0.0006221946554778284
34 0.00025534656380520504 0.00016539734256105677 7.490128597292051e-05 0.0003704530532652135 -0.0008312169481413773 0.0002246465320422439 -0.0007215224266502031 -0.00011943779213691361
35 -7.806386303990984e-05 0.0004754595510208123 -0.0003703957102676268 -0.0009688330904739162 -0.00021505153786600633 -1.651538429947866e-05 0.00030699749118023016 0.00033842175886537515
36 -0.00027486475841720267 -0.0016459893985854971 0.0002092324953763731 -0.00028435543417469974 -0.000537988183004565 -2.239691403904102e-06 0.0005241447181634633 -0.00021588609364919873
37 0.00034033193523413165 0.00016096356687359274 -5.794439516225016e-06 -0.00015368579261183693 0.00024550749120928403 0.00019017459111502237 -0.0001159562543192903 0.000723762919322174
38 0.0008835337701510616 -0.0009047599592019173 0.00012332098587610735 -0.00047589766404467556 -0.00011616443786056369 0.0003611670695891102 -6.907979939332667e-05 5.457198442750984e-05
39 0.00013414776635088785 -0.00022950628778563268 -0.0007101503414976571 -6.277005070934021e-05 -0.000789746264223168 -0.0003623165454057853 -0.000465602880880874 -0.0005973190351650593
40 1.2667295568900415e-05 -0.0004695188703614053 -0.0009348456169947919 5.6887162231508825e-05 0.00033652036857618773 8.341905912701965e-05 0.00027992619256081 0.00028652279834340163
41 2.2050644554989427e-05 4.90497839075959e-05 0.0007763383134776416 0.0005304734710490579 0.0005279270062666947 -0.00010215623035858846 3.1884739763244675e-05 0.00017032265567868776
42 -0.0005189517170733945 0.0005383942491397972 -0.0009042528840484545 0.0008455063001436572 -0.0005351123802037623 -0.00019642373172859063 8.448554203740498e-05 0.00029503142511732515
43 0.0007140572256620419 -0.00011893276671675876 0.0007951646280935908 -0.00022436661608344897 -0.00044935890174504817 -0.0002910932522306626 -0.0001903486167032199 0.0002446967855666413
44 2.5822639009133183e-05 0.00032150193497035057 -0.00047438732331927977 0.00043868610978742284 0.00022758005047309647 -6.515005062634525e-05 0.0004236475112781454 0.00020504897114937548
45 -0.0007098271589620997 -0.0005899676136663558 0.0003914897792405209 4.2917051137381624e-05 0.0003415621441006098 -4.7985565069178707e-05 0.000326909343592458 0.0006258694019017416
46 0.0001971557834388241 0.000270713604953914 0.0005272790463445956 -0.0006840924062845532 0.0005341019920201963 0.00017456483050995951 -9.738892014121695e-05 -6.042471743357743e-06
47 0.0011725688870805274 1.9578077103452754e-05 0.0007715397649266354 -4.387200961351615e-05 -0.0007600715376785442 1.9167936784659177e-05 0.0007473884429731034 -0.0005651409941765333
48 0.0008329559170541144 0.000192511498544597 -0.0001967156911451045 0.00026185338021488013 -0.0008025705568136132 -0.0002322547888497226 -3.209008658536865e-05 -0.00034551445085962985
49 0.0001783019358903235 5.453294909898493e-05 0.00016116028908949435 0.000532798012654984 0.00022179629474881652 -0.00043028915411413073 0.00038824678412120706 -0.00022155007268207294
50 0.0004402289421642262 -0.0006254390575829715 -0.0005726168040771986 0.0004811593864779698 -2.793696844022075e-05 -0.0008949263301370372 0.0006125423226829156 0.0004703886259915936
51 -0.0007200596026214596 -0.00016108145245239097 0.0005587549408738102 8.554831375418737e-05 -0.0007637865081098589 0.00029969338373612606 0.0005127247163290303 -0.000511008802857578
52 -0.00011284862830928683 -0.0002613523974410523 -0.0005618512926357807 0.0009123970860054935 -0.00039639397837909756 0.00015913429092255217 0.0011489533634624965 -0.000324737098104852
53 0.0005296262231072134 -0.0006864366099401713 -0.0007946742558268632 -3.96813729701625e-05 0.00011187719265478407 -0.00043043708994031847 0.0001669150943082974 -0.0004445755516265529
54 0.000788713793342152 0.00039828103360536654 0.00013646545983541497 0.0002561714151928123 0.0006272880903600815 0.0006539200829482954 0.0003295184794341957 0.0002225822120394874
55 -0.0001296502261411506 -0.0006688098158619429 0.0011287505790586621 0.0004219478627606344 -0.0005482101728143761 0.0008487561232286152 0.00018088333071511123 8.491828457623565e-05
56 -0.0003087488483447517 0.0006727731899432994 -0.0009851594324718689 0.00027779538197456543 0.0006920443521336702 3.266857868579249e-05 -8.170767457226305e-05 0.0010115309083115274
57 0.0003145630743444093 0.001736600174665421 -4.596449884351714e-06 0.0007641432243145429 -0.0005133227446509916 0.0003817303225409557 0.0012215917957571812 -7.778465747394871e-05
58 0.00024879180117414504 0.0005284634085571718 0.00024711376763754086 0.0008560874742878662 0.0004927708580263883 -0.0005652610575757677 0.0003812935756320942 -0.0009127159522611881
59 -0.0004276578775099599 -0.00025475629256432273 -0.0013379762820403104 8.513592885638897e-05 0.0013767899519867388 0.0006189099729377247 0.0002841474436516304 0.0007303546872045694
60 0.0005645473393243674 4.7012799212353e-05 0.00019018821302450452 0.00016594337050489607 0.0008558271290193276 0.00037527006946653943 -0.0009746108782322618 -0.0008427148801940268
61 0.0009182225113156967 -0.00011375505620438526 -0.0012360747018581974 -0.00010623679586586975 -9.099830549967646e-05 0.0009097163376652364 -0.00014598250896021177 0.00022773426094850897
62 -0.0004582090533033722 -3.948986718042881e-06 -0.0006569237726218979 -3.5043451751956755e-05 -0.00013096670439753658 -0.0006010918013944872 0.0013631114078233044 -0.0004342621136027767
63 0.00045888157877795873 0.0009187992345234128 -1.6631172592856684e-05 -0.00017937089226676165 0.000642678139500733 0.0007883689857468603 -0.00024354893738629457 -0.0008684633094405287
64 -0.0006804377368486991 -0.00021950356083597146 -0.0010375784022722031 3.627403371753869e-05 0.0008783406872152385 0.0003809063022805663 -5.989926971322377e-05 0.0009420638569051428
65 0.000996217402608014 0.0006884605968168516 -0.00036525916710894825 -0.0006241700628050277 -0.0007156570998706258 0.0007439811973383764 -0.0006766154633696291 0.001207503885177923
66 -0.0007862954503276999 0.0007790544031466408 -0.0005373644029943833 -0.00065080068144371 -0.0007283220132554323 0.0006916659225767405 0.0005491994775782025 0.0003461957267156137
67 -0.000855132598500499 -0.0007367068826498272 -0.00036514524988599437 0.0005057955957399117 0.00027236743412508666 0.0006543860284358219 0.00033922839738796174 0.0002583517513532762
68 -5.453914443230332e-05 0.0001508044897534065 -0.0009834947233674075 -0.0014014680089365313 0.00020552660871295952 -0.0006414630088528846 -0.0002159284473860833 -0.0005991073151009223
69 0.0010608989556466374 6.324630581260011e-05 0.00010340727626706683 0.0002487804558783868 1.5010042284466361e-05 -0.0011155139646642413 5.7773571671537376e-05 0.00047489205372939813
70 0.0027604245791443454 -5.5430214639000403e-05 -0.0005508573765625565 -0.0010232062499976107 -0.0002560711222589327 0.00011911583493242593 0.00036609821013034507 -0.0002852364710917311
