1 -3.29760802558784e-05 5.0216914413220795e-06 -9.154066334634973e-06 1.6779847371024805e-06 7.907128550270236e-05 -1.7492464610928958e-06 -5.941473602387932e-06 9.020188833979813e-06
2 -4.1265055620800126e-05 -9.286796214788258e-06 -7.898125566126025e-06 3.734072690002667e-06 5.063236751293539e-05 1.7056315927361492e-06 -6.599364029825712e-06 8.699007519136343e-06
3 -4.610775393277409e-05 -1.9953647290166627e-05 -1.0351828222156523e-05 -1.3717346398059858e-06 4.997674992969505e-05 -6.1647953530331455e-06 -3.5675179664941407e-06 1.20550082396426e-05
4 -5.03441356907403e-05 -1.8163121644244355e-05 -2.107410966033437e-05 5.191857647899651e-06 5.7369002119739706e-05 -6.019986485129465e-06 -7.170816607482075e-06 -5.830859455397636e-08
5 -5.3613776073463716e-05 -1.3252830087737482e-05 -1.0168824075046886e-05 1.768028926290374e-05 6.145599379761334e-05 2.504125589368644e-06 -8.269843128066771e-06 -5.560555929549771e-07
6 -3.5826873173035584e-05 -1.91791005931487e-05 5.505703739272498e-06 8.720118504170069e-06 6.116420664508967e-05 -6.139766662485841e-06 -2.8803088563900596e-05 -1.0129020264570011e-05
7 -4.9184496327646715e-05 1.560922491698534e-06 -1.0951773521690711e-05 -1.138484744280273e-07 4.309574846796453e-05 -4.340457058039011e-06 -9.680755350720308e-06 5.776655310507335e-06
8 -5.956364739571788e-05 -1.1359578605743883e-05 -1.286028931558854e-06 -1.3698589767652724e-05 5.879474893262303e-05 1.2353344884537528e-06 -1.888366838147236e-05 8.304927007816848e-06
9 -4.0907944624811565e-05 5.368729324581481e-06 3.047941975888518e-06 1.7489023402544655e-06 7.031432004025382e-05 2.8473495403883894e-05 1.409219669474636e-05 1.1441344684119662e-06
10 -4.5200062680629256e-05 -1.5431431186978904e-06 2.664461919770667e-05 3.829505176440876e-06 7.899860960657059e-05 2.2308539326217425e-05 -9.4910840456043e-06 -2.430848558543508e-06
11 -4.046552897568136e-05 -1.6465645131882344e-06 -6.32648888156711e-06 8.660218493721429e-06 5.1357430467364136e-05 2.704104425974854e-05 -2.254075934451931e-05 5.211009217931465e-06
12 -5.219759591792943e-05 2.5270370341105103e-05 5.403945733533796e-06 1.519245284642016e-05 4.7836641213985263e-05 -2.734924926967627e-06 -1.3244196490579836e-05 1.532923295969347e-05
13 -3.856497040771263e-05 2.000781883061098e-05 1.2607463650711286e-05 -4.792212139241761e-06 7.058715289634746e-05 -5.610545134897153e-06 -5.048396781899271e-06 6.670216091045398e-06
14 -4.158663195079036e-05 7.600671722575913e-06 2.954041089158923e-06 3.00536773149431e-07 6.631411625014634e-05 3.00310142216644e-06 -4.666934826251401e-06 1.4395343877706763e-05
15 -2.8920127784716606e-05 7.602159458482993e-06 -1.698323140616466e-05 8.61716090657226e-06 3.6950702883960145e-05 6.6226199700149156e-06 -1.6519324539552403e-05 1.2268757725952207e-05
16 -5.34352613336555e-05 1.18040869095958e-05 -1.1563027856462624e-05 1.248518337335246e-05 5.178926301619865e-05 1.4630949949331163e-05 -5.570209639924298e-06 -2.3991773399316938e-05
17 -8.355256556034787e-06 -1.152173930500191e-05 2.4359177438404178e-05 6.3312861057875345e-06 6.063182294126629e-05 6.086312073098526e-06 1.2152616360641997e-05 1.2541907890770444e-05
18 -4.569424183446719e-06 -4.302990165815691e-06 -1.0822701371778456e-05 2.41202206416027e-06 5.258384864099084e-05 4.985557281709165e-07 6.35372543833461e-06 7.3168993481354625e-06
19 -1.858597694458131e-05 2.880525714910874e-05 -5.662898200801471e-05 9.234139012460091e-07 4.824456224122854e-05 -6.717180590359973e-06 -2.4451676244305674e-06 8.72819527540229e-06
20 -3.479761585941799e-05 -2.3292179602941076e-06 6.295638261464746e-07 3.914651818446926e-05 4.38407389488635e-05 -8.53852577482258e-06 -1.1030214486742001e-05 5.602598778152586e-05
21 -1.082313199416032e-06 -2.4208513717213753e-05 1.7970206961399057e-05 2.7496544311640542e-05 6.427992742672548e-05 -2.3224481193806264e-05 2.2725547323484937e-06 9.669659175593572e-07
22 -3.870451576060369e-05 1.4645610660966119e-05 -2.2733915281360764e-05 -1.9074270292498626e-05 6.894044041666565e-05 -2.643850932714728e-06 -1.7699670413003044e-05 6.506542561577233e-06
23 -3.855758190548597e-05 -3.2937914167307433e-06 -2.1290218394061107e-05 -1.381527555433238e-05 5.8548555728822344e-05 -4.043661034924212e-07 1.1615649512971649e-05 -7.358666466410683e-06
24 -1.2585431920857457e-06 2.039832594749396e-05 -3.3426471287495287e-06 5.899114572479899e-06 2.711916070410269e-05 3.883561932213755e-05 3.2349221427375525e-05 -7.463217718221305e-06
25 -8.4654072717078e-06 3.936840159397998e-05 9.408555740548262e-06 5.338635080590644e-06 2.9157485026645223e-05 4.650396946294803e-06 1.8454351685112692e-05 -3.1480531358917224e-05
26 -2.03184439386503e-05 8.605059507586348e-06 1.088362330668596e-05 5.4316339602715266e-05 4.187612296926014e-05 -1.940503802838809e-05 -1.0152817397200692e-05 2.489855321442127e-05
27 -2.7726569345491954e-05 4.143273899122625e-06 -2.8450538883418097e-06 2.0329825815797142e-05 2.943715621362472e-05 -7.09971013888396e-06 5.8602701141206914e-06 2.1288779083549417e-05
28 -6.177651260072622e-05 -1.4542018533706437e-05 2.566369232672686e-05 5.34693459088953e-05 3.0374111022388664e-05 -5.845978953361057e-05 1.1122023959612848e-05 -1.1339286431911373e-07
29 -4.911859904027446e-05 -5.171738094172865e-06 -1.0616427290468129e-05 -1.778526993263712e-05 5.526083288543091e-05 -2.9657766200473284e-05 3.77054551736106e-05 1.1756780177907105e-05
30 -2.494295172477273e-05 -2.599308815681797e-05 4.0664257029721334e-05 1.0210269278723436e-06 7.3478813511149926e-06 -3.567244042559425e-05 -5.435196658257328e-05 -7.430094630341811e-06
31 -1.267649644223131e-05 2.8358192740758285e-05 3.5817710646585516e-05 -2.2146176224199056e-05 4.280455341407333e-05 -1.8767122437015365e-05 2.5586593653926492e-05 -6.0469154849843416e-06
32 -5.9555877874507735e-05 -4.538475987963462e-06 -2.093947979367312e-05 -1.0415421937944624e-05 3.857785431457177e-05 -1.980842124040248e-05 -1.707232138715794e-05 2.2383275357905425e-06
33 -4.16207682430438e-05 -4.0313682443290225e-05 3.7815226652146395e-06 -2.197543077930367e-05 6.258764792025554e-05 1.4257683931005426e-05 3.4117466991863526e-05 1.6482129475097462e-05
34 -3.498075990318955e-05 1.537427187668148e-05 5.85664847797048e-06 -4.970970777683346e-06 4.54388728272431e-05 3.2304215386490206e-05 -7.521136073917494e-06 -2.505156750957842e-05
35 -5.816144713780408e-05 -3.65100914976933e-05 2.242529258072879e-05 2.5516906535869007e-05 4.7331304987959365e-05 -5.845605532379623e-06 -4.221910982271699e-05 -1.5503005045240715e-05
36 -7.904388675597863e-05 -3.099460254668446e-05 -3.20531624257799e-05 1.4529112617475796e-05 5.032934955756669e-06 -1.709246220591149e-05 -6.39059310941343e-06 1.0363426802000238e-06
37 -7.729978024449353e-05 3.265377028489695e-05 -2.720007473547477e-05 2.6976110697340102e-05 3.599568455237879e-05 -2.978869946837688e-05 -4.2857391995882924e-05 4.42225264653289e-05
38 -4.690682248767288e-05 9.111298573730325e-06 2.875082650443433e-05 1.8735118734007282e-05 -7.794829674718636e-06 2.7503629166539137e-05 -8.60010134645569e-06 3.2131875811194104e-05
39 -8.920399568366217e-06 1.2465366806108643e-05 -2.151476761888002e-05 -1.0730025451561225e-05 2.5452237068690612e-05 1.193954042262462e-06 -4.499813357872575e-07 4.629726994712965e-06
40 -4.102449437008292e-05 -1.3418867257497612e-05 -8.038176922857244e-07 1.9522172639869794e-05 -3.085508495533017e-06 9.692262351147676e-07 -1.0858391109677158e-05 4.3987658292259066e-05
41 -3.990296146928663e-05 6.373318420975203e-06 -2.841606659295525e-05 3.0732167731107944e-05 -7.39639414830128e-06 1.3021155893171842e-05 1.803398589852352e-05 4.442074075777554e-05
42 -2.412288693233663e-05 -1.0553358049218679e-05 -1.7071857804048787e-05 2.4321587213291284e-05 3.375738182143657e-05 2.3177942054475415e-05 1.6382170806162515e-05 -1.2422876655233534e-05
43 -2.3174719088244965e-05 -3.373725323617774e-05 -8.545470924767644e-06 -3.24999233628774e-05 6.96969250637969e-06 1.799546532880535e-05 -3.9847211815415935e-05 -1.8719511351927376e-05
44 -2.4570572033681826e-05 -5.7526762624524435e-05 4.398236221182964e-05 4.953321558576752e-05 -4.150967351273358e-06 3.1646822287281543e-06 -4.940554269465255e-05 6.10258909460475e-05
45 -1.3896456793883454e-05 5.394107677360831e-05 3.387923443489387e-05 3.9478543422201996e-05 3.959128234538504e-05 -7.232527124820151e-06 -4.248238342429676e-05 -3.453838231757982e-05
46 1.8794555560380902e-05 -3.097153180635598e-05 -4.614892231000456e-06 9.843058396380099e-06 2.670143534641469e-06 1.7960633929347788e-05 3.31569698233303e-06 -4.378492049939615e-06
47 -4.9843687452603676e-05 -1.9398123785242476e-05 -1.582642254678001e-05 -1.215273098514881e-05 5.4017835371654454e-05 2.85973809395195e-05 -3.255735429175326e-05 4.345643506198226e-05
48 8.577836987005716e-06 4.4670928763325664e-05 -1.4795004725663139e-05 -2.372097654713123e-05 -4.136294469175426e-06 -3.1058031324100973e-05 -5.4360192138244843e-05 -5.23835926486973e-05
49 -3.0447986666831782e-05 6.223472846090684e-05 6.480294308918946e-05 -2.4958197411749115e-05 5.2730361967308515e-05 -2.4808962374020048e-05 -2.164098865652381e-05 -4.564550383411415e-05
50 -2.5075315858734983e-05 7.619667682357363e-05 5.521412852436382e-05 -1.307649539177971e-05 7.449541669192472e-05 -1.2629305451676585e-05 -1.59604358200523e-05 -1.6676210028123915e-05
51 2.4487181862712482e-05 4.0936266880912825e-05 2.8972983042461777e-05 5.455253727087514e-05 4.150973173280232e-05 -2.012091693735206e-05 -1.300488898591942e-05 -9.211972602439191e-06
52 4.884692738186514e-06 -3.8432372803973856e-05 5.4283084112472706e-05 3.9226786739665855e-06 7.52836805948026e-05 -3.5024119120714766e-05 -3.821005715598156e-05 1.7638103218835344e-05
53 -2.065544370748984e-05 7.5554271415945085e-06 -1.3093666288434153e-05 -5.622793480273782e-05 3.0165137697271113e-05 -9.079384324828788e-06 -2.8295609065109476e-05 -5.069408409650623e-06
54 -1.762147815205293e-05 -1.4157353366463986e-05 -1.0642132348811495e-05 -5.8885307469739515e-06 8.079416645549889e-06 -7.305348916630296e-05 -3.232332214205431e-05 -2.4815563084717984e-05
55 3.420120015955232e-05 -4.1437564464094054e-05 -2.4987106244058327e-05 -3.508119297893718e-05 3.4464603242376017e-06 1.2287750393915572e-05 -3.245926925254468e-05 -1.4148884014364846e-05
56 -2.330607270385726e-05 -5.736796128896777e-05 -2.2282465726056944e-05 2.7754933244632766e-05 0.00011234305179001301 4.2327547931782e-06 2.2056024105026333e-06 1.013192319628441e-05
57 -0.00010257271660364596 -6.170826119344286e-05 -4.332695453563877e-05 -4.22671092140746e-05 4.0928003662091957e-05 -3.3920056804495434e-05 -2.007571446087936e-05 -7.346860576127e-05
58 -3.057173388312966e-05 -9.283679429510921e-05 -9.188373227381158e-05 -4.2469536190162e-05 6.718900111427954e-05 -4.6109804754563195e-05 -2.2963802460788787e-05 -3.5897393171137234e-05
59 -3.069328175246232e-05 4.015408270601322e-05 2.8294071597383847e-06 -4.4691568750632585e-05 7.59951705310076e-05 -3.2099942704895495e-05 -8.62186166825982e-05 -1.2925022230778723e-05
60 -3.91457400479662e-05 6.366611947152279e-05 5.470969858061322e-05 -4.7862249131633255e-05 3.1232475106494045e-05 6.46681176081481e-05 -1.7339948785889875e-05 -8.746080812396262e-06
61 -3.8838102056511235e-05 5.644056940316338e-05 5.8014862625926796e-05 4.942032416446911e-05 2.2985361693528048e-05 -1.1195501096185307e-05 3.7708933873262594e-05 -7.536804493756231e-05
62 -9.364067681693868e-05 -9.304182361835687e-05 1.6871385028689834e-05 -3.8009050979332834e-06 6.350615699976425e-05 2.645398289903111e-05 1.5564699524325467e-05 8.028907425616773e-06
63 -2.734739727367671e-05 -0.00010975185687672382 2.0721877639757425e-05 1.152570663075374e-05 6.77804864673739e-05 8.282349639210082e-05 5.3512996291463634e-05 -1.7828742110901288e-05
64 -6.934986832395422e-05 -4.7284206257565054e-05 -4.101721731843097e-06 -2.6994652419298358e-05 9.81402479683724e-05 2.3261329647041197e-05 -4.353605313708747e-05 4.4172353516501564e-05
65 -0.00010552450220554992 1.9663881997278884e-05 2.3969656753242712e-05 -1.3972502161044202e-05 6.813145667896194e-06 -1.7275512876266162e-05 9.392779639929002e-06 3.056507247874347e-05
66 -7.052548085727993e-05 -2.571777847281255e-05 1.0802008060593775e-05 -1.525538810318203e-05 8.12584007593613e-05 5.5259264839789036e-05 -1.8583653250974366e-05 -1.1255760616495914e-05
67 -0.00011965191049430716 -1.3391276447189428e-05 5.779145347938419e-05 3.500407616777967e-05 1.3175864076984235e-05 9.176303869783868e-07 1.7708711397288063e-05 -3.244265794042909e-05
68 -0.00014870166618653625 -5.577698012779435e-05 -9.348759485249874e-06 7.768682882616845e-05 2.1216753801804584e-05 -1.0212941919952452e-05 6.339329900809534e-06 4.4667596118457674e-05
69 -0.00023103049863074375 -3.144381411112538e-05 -1.5811170520377517e-05 6.899022849440928e-06 3.399341314756267e-05 -5.886194285921928e-05 -3.481133845485501e-05 -2.3401365122723697e-05
70 -0.00012655197810654164 -9.593665231152897e-05 -1.2874784894360536e-05 -1.312466439672746e-05 6.550071525577837e-05 -2.8517324018510775e-05 -5.379053600738735e-07 8.072732856548728e-06
