1 -1.404915277695705e-06 -5.740955851786324e-07 2.7914395748054234e-07 5.503309370674793e-07 -3.443847681598567e-06 2.9798512389916055e-07 -1.9839644384762922e-07 -3.070076515495185e-07
2 -1.3168029936668745e-06 -3.573714597685316e-07 4.68285013652418e-08 1.9782937729935146e-07 -3.7807182381977394e-06 -2.874761862691086e-08 -2.640463342398421e-07 -3.183516621015663e-08
3 -1.1416305512379135e-06 7.1175662429312945e-09 4.137106194049308e-07 -1.0287331305268984e-07 -3.99932536662476e-06 4.2334874297873416e-07 -4.232503645006643e-07 3.3216576301385224e-08
4 -1.2279984780220672e-06 -2.8581778514336553e-07 6.93481185000302e-09 -2.2654552205030383e-09 -4.047032223927e-06 -1.1927709437798156e-07 -2.381145059720867e-07 1.594189353579208e-07
5 -1.4536767964927486e-06 -8.660425007838025e-08 1.8458692093685268e-07 8.884582410709991e-08 -4.254838815793057e-06 2.7887607042539493e-07 -1.4483094822848566e-07 1.6081648881577676e-08
6 -1.0455063362854383e-06 3.150810032908779e-08 2.760515402019065e-07 -3.4660231345954753e-07 -4.346295516028403e-06 1.3815993842073723e-07 -1.853099791542592e-07 -2.884838807080279e-08
7 -1.124933437926799e-06 2.0844130264499438e-07 -4.224007121670055e-07 3.337604955734855e-07 -4.891925805886464e-06 3.263094381668593e-07 -3.4773176614019804e-07 -3.6196595796250636e-07
8 -1.2312226392238274e-06 2.4935095971524953e-07 -5.255216038831209e-07 2.3571292506879417e-07 -4.714668896037499e-06 1.9246192027664548e-07 3.802361953867194e-08 -3.699963628522689e-07
9 -1.3393620074699555e-06 -4.902951969572761e-07 -2.0908595848316885e-07 -5.65102348816301e-07 -5.099818447066328e-06 -3.3712150735092035e-07 1.3781715266186389e-07 -2.806235020197246e-07
10 -1.2652670601192622e-06 -1.9988379949075446e-07 1.2116035097485197e-07 -2.089862072566502e-07 -4.389313702098233e-06 9.645599901721205e-08 1.0676278594427391e-07 -3.008109556946807e-07
11 -7.357552720364192e-07 5.917585371862356e-07 4.983755413587605e-07 -7.262346854366974e-08 -4.495512607382458e-06 1.4749949817230227e-07 -8.61577742304338e-08 -1.6825705392110918e-07
12 -1.2273313300609335e-06 3.5235277252957966e-07 -5.587918164852415e-09 2.783195802951363e-08 -5.38609457193698e-06 -1.2044292415143883e-08 -1.6503913116903347e-07 -6.819313350388747e-08
13 -8.167521292189077e-07 1.3828257719566934e-07 8.142086444259979e-08 2.290077570149296e-07 -4.611962390568465e-06 4.4626182950731126e-07 2.9651313903513467e-07 -9.288982417548035e-08
14 -9.720489213333054e-07 -8.83156960606197e-08 -4.002200215829492e-08 -2.5727813874003543e-07 -5.0173434067218766e-06 -2.2564121369025436e-07 1.5712448886471796e-07 1.3807108840941663e-08
15 -1.460589490939308e-06 -3.24191379649775e-07 -5.780571284284039e-07 -4.916445496475273e-07 -5.6392063159773755e-06 1.040867624103404e-07 -4.894442260085325e-07 -1.5858156301982257e-07
16 -1.3813080658521638e-06 -8.592076183947581e-08 6.687401845889353e-07 -2.196184564865533e-08 -5.450130609893302e-06 4.1906304632730166e-07 6.929028748505916e-07 -1.9567077539483118e-07
17 -1.6075296883243513e-06 -1.583289841561344e-07 5.468541681247852e-07 9.343438453765764e-08 -5.222630034533247e-06 5.166156819536302e-08 -4.710100346071901e-07 4.159405582856849e-07
18 -1.4257056035575963e-06 -4.400411749613404e-07 2.531146183934708e-08 -5.680374304647256e-08 -5.1559703662059185e-06 1.0198308172147138e-06 1.9873129206076448e-07 1.6367718999430593e-06
19 -1.558744338949399e-06 -8.224032316545315e-08 -7.754447420875092e-09 7.673498128350731e-07 -5.334078095138024e-06 2.1879797955946047e-07 -5.04090210665312e-07 7.238095081858737e-07
20 -4.955623495447504e-07 3.980211641353308e-07 2.512496152107753e-07 3.7995975011719433e-07 -5.479790169413229e-06 5.7576754872331e-07 -9.118250710343415e-08 3.8695707713304887e-07
21 -1.2171552242320141e-06 -3.6234369813413203e-07 1.6750311761659323e-08 -5.604297227746045e-08 -4.86196328639052e-06 -1.4022784067697592e-07 -2.4575769161087824e-07 4.924697636731891e-07
22 -1.2553397203830621e-06 -1.027331357670286e-06 1.2273685581462665e-06 5.054986039923882e-07 -5.3230402907972765e-06 -4.5965601883563044e-07 -4.1748108653764985e-07 1.7318832899823353e-08
23 -1.5557127837935971e-06 -2.1821664035099885e-07 6.244835095288413e-07 2.744857173881826e-07 -5.093235432979615e-06 -1.933576076882119e-07 -7.481578060232496e-09 -5.119977231663747e-07
24 -1.5716193559817575e-06 8.241873682023889e-07 9.796378065037216e-07 2.4508672337095726e-09 -5.520622556524143e-06 6.031818006116866e-07 -4.593238001316399e-07 -7.515003262523493e-07
25 -2.0985062533634542e-06 1.0633453481844082e-06 5.721662440451047e-07 -4.1585896212485824e-08 -5.819942481120938e-06 5.434771092977117e-07 1.9949863682611757e-07 5.3406163195035375e-08
26 -1.784621569566889e-06 -2.248032577914866e-07 4.1359235164232673e-07 1.9204196218696303e-07 -6.485841947278721e-06 6.880522542789119e-07 -1.7942392438958618e-07 -8.66906541621452e-07
27 -1.6865273303614714e-06 1.961470365428693e-07 3.433410223773464e-07 -3.3159960733656694e-07 -6.128036204758188e-06 -3.976949172805721e-07 3.284013966246587e-08 -1.3307223599304238e-08
28 -9.770607025174659e-08 -9.327465722164774e-07 -6.044641305269849e-07 1.1321069471035858e-06 -4.852901288688308e-06 9.296208391534923e-07 -3.249907420200008e-10 9.189074083522512e-07
29 -7.712574555092161e-07 1.3543303478412644e-07 -2.4600626765426564e-07 -5.547884845278599e-08 -5.042901080786497e-06 6.958743718325125e-07 -2.1845594113876767e-07 -9.645238401186533e-08
30 -9.794136610012212e-07 -4.1508816238214426e-07 -7.978204396576972e-08 -6.060977858687877e-07 -5.2788669415910145e-06 4.831926999727954e-07 -8.062517936382157e-09 -3.4811174241241974e-09
31 -1.4626417292898427e-06 -3.2007883219093413e-07 4.2533905258996774e-07 -7.854778648879546e-07 -5.316931147322749e-06 -1.641014399534716e-07 -2.14952035628302e-07 5.706290205971972e-07
32 -1.1501545500062461e-06 -3.7493345511605434e-07 -1.6197861917454717e-07 -1.3404113642623738e-06 -6.41803048617264e-06 5.924043473807477e-07 8.640859497961532e-07 -4.0593392691014964e-07
33 -6.704271207367538e-07 1.571935313386544e-07 -7.546290940441168e-07 4.46769091033994e-07 -6.883571147475911e-06 5.522088337209503e-07 -1.9763354320142677e-08 2.7736013799144493e-07
34 -1.892252559222528e-06 7.862696193818378e-07 2.6235822069913335e-07 -1.3027642022166223e-06 -6.771149308993316e-06 2.9837017167313855e-08 -5.16113343474616e-07 -1.0148061806426053e-06
35 -1.647921975587405e-06 7.034042585428386e-07 -1.6477159058449875e-07 -3.752798300811435e-07 -4.9918288312780465e-06 2.364004073072726e-07 -1.2255530168233268e-06 -4.688919033988327e-07
36 -1.9859709009593656e-06 -2.223939180547117e-07 4.384382591003351e-07 -1.3112577395633364e-06 -5.950177143623765e-06 -1.540963508985692e-07 -3.996262168349051e-07 1.1735178744973159e-07
37 -1.341950819584655e-06 1.057743739632487e-06 5.142364928453347e-07 -6.835779613761116e-07 -4.98330520126373e-06 -6.267153681687747e-07 -6.496398771331728e-07 -3.361868871402753e-07
38 -2.6126222843642785e-06 -3.290599586774421e-07 -1.9838952136866492e-07 1.7058752507588157e-07 -6.446237894246589e-06 -1.4433017030285176e-07 -1.820417585072358e-07 -4.1722837921022234e-07
39 -1.6191052813933556e-06 5.202800601819705e-07 -4.974532792433635e-07 -3.4952935041332884e-07 -5.336724722294503e-06 -3.7785778367692827e-07 -1.1077834331967388e-06 -7.273266487700489e-07
40 -2.110304190525698e-06 2.6556675355528625e-07 2.3668276211784985e-07 8.006529832121088e-07 -6.259772644403093e-06 3.779145643391897e-07 -1.197822052448255e-06 4.640264819347172e-07
41 -2.345829600835009e-06 9.456918428880592e-07 -3.717476355917843e-07 -1.8294383774228935e-07 -6.777860304221802e-06 -2.571342626468194e-07 -1.4459256280404423e-07 4.505892563188742e-07
42 -2.566180090404341e-06 5.468581694022305e-07 3.4151954702131834e-07 8.137683773689482e-07 -5.212822334144917e-06 -4.191206563501654e-07 -1.3507380734672666e-06 1.1160920042450458e-07
43 -1.3106821329334282e-06 -7.8097277435641e-07 -6.640262720486578e-09 6.544317224278447e-07 -5.8385311283847295e-06 -1.0136110110873498e-06 -2.2253333156078595e-07 1.4000185992983747e-06
44 -1.7650498231160084e-06 1.1338267038648347e-06 6.559632384702345e-07 -4.7377210010843685e-08 -5.494102171560623e-06 5.843493337081107e-07 -3.8146025225236345e-07 7.565806854207543e-07
45 -1.6544691243022682e-06 4.1334367794760055e-07 -8.489481281036787e-07 1.2556825128643791e-06 -6.2472054575740045e-06 -5.634458664401656e-07 2.0757745956544897e-07 9.83857537176982e-07
46 -9.703393904284092e-07 -6.22709712206542e-07 -2.643922099716004e-07 9.321434060888693e-07 -4.6762614528286845e-06 -4.966540104931992e-07 8.668716789421273e-07 1.554215444733841e-07
47 -8.005102339980482e-07 -7.202052112667063e-07 1.3033485709418982e-06 -3.794624142938602e-07 -5.6263705498340605e-06 5.092917488512896e-08 3.164896806724052e-07 2.5780907141864145e-07
48 -1.2395692804344658e-06 -8.182571488309808e-08 -5.650142585272893e-07 -4.397220559905196e-07 -5.210158475349297e-06 1.2030637598330022e-07 -5.962920716192076e-08 3.5452380686931787e-07
49 -4.936036404665155e-07 -8.630949733973945e-07 1.0078078463202143e-07 8.269765597329452e-07 -5.582617302217764e-06 -3.899060734149503e-07 6.382202497331554e-07 8.794386490277587e-07
50 -1.709857309796411e-06 -4.656955847092869e-08 -1.3277591956103915e-06 -3.074865030412437e-07 -5.208714472904663e-06 -1.9907890476437008e-08 2.760159565980736e-07 6.84531170596035e-07
51 -1.7272634670455205e-06 -1.3591428601669315e-07 1.9802826138070158e-07 2.0262753823646285e-06 -5.432824893936645e-06 -7.522932283558398e-07 1.1154954491673434e-07 -1.1695366971835338e-06
52 -1.9943089068107783e-06 7.890306126551591e-09 8.635669566113688e-07 -4.4009795074991777e-07 -5.288343954494931e-06 -7.129564427880028e-07 4.415742168953995e-07 2.231955020660018e-08
53 -8.290759274514011e-07 3.4357774398841765e-08 1.2430919581645311e-06 -2.293170335012873e-07 -4.346809504617605e-06 -4.946408820492818e-07 -9.62289748769107e-07 -3.8159639710051796e-07
54 -2.2895978262495397e-06 2.2079885903605457e-07 3.6582158431860097e-07 -8.8345292902025e-08 -5.476999710883405e-06 -1.0398660918713923e-06 -1.062863619810713e-06 -7.082556500035466e-07
55 -6.642522620266115e-07 -6.316850711923719e-07 1.501517720559313e-07 7.348348729958136e-07 -4.465577828666767e-06 -1.4308283238284455e-06 3.738529034598966e-08 -3.5265382308263666e-07
56 -1.2647309399725188e-06 -2.869109978805202e-07 -2.241873552174527e-07 3.1755919329919854e-07 -3.1691755500224283e-06 -7.530145683598434e-07 -9.145635379795186e-07 4.345186245499006e-07
57 -1.9332625269479205e-06 6.502204735595283e-08 5.281467208498723e-07 -3.606318719883369e-07 -3.8539899874797206e-06 -5.237967723404651e-07 -3.1700995993989927e-07 -3.0781612391818025e-07
58 -1.5098036057327595e-06 3.5637338503850676e-07 8.317489681048545e-07 -5.77607961785614e-07 -5.071789574817703e-06 -6.113269987519604e-07 -5.320280013496841e-07 -4.899911285215563e-07
59 -7.265475266893654e-07 -1.4194985045461255e-06 1.0259273344873489e-07 2.947156777390855e-07 -5.716177104918715e-06 -3.1073674962378294e-08 -3.014457765464879e-07 6.686264843572215e-07
60 -5.674492379933587e-07 3.7772965117133823e-07 4.7509861637973717e-07 -3.9611564008260497e-07 -4.147041494277988e-06 2.0743916398002902e-07 -7.345134096388516e-07 -3.6286198964213575e-07
61 -1.351662454619804e-06 -2.2785560882937674e-07 -3.7008796731507644e-08 6.884077013228574e-07 -4.179781409646522e-06 -6.016995614123124e-07 -1.0847149350083115e-06 -3.0729356872615544e-07
62 -1.3707411166461423e-06 2.795263119658418e-07 3.5959180499219474e-07 -6.423773000156485e-07 -4.431029463234243e-06 9.629198024530849e-07 -1.2286752274105838e-06 -4.795187341603441e-07
63 -9.873611590734368e-07 9.427738817620281e-08 -3.2348342605774104e-07 -1.0231879724816704e-06 -3.86827039526642e-06 3.807666113580037e-07 -3.1608380093917163e-07 3.1591022295207905e-07
64 -1.9632304123469975e-06 6.824081183859193e-09 -3.3735260185244374e-07 -4.6829303807195167e-07 -6.019461471875455e-06 2.044688306599085e-06 3.0844193876143414e-07 -7.311016063116126e-07
65 -1.137347416222548e-06 1.6275281267376845e-07 6.762240092441324e-07 8.181902328788607e-07 -3.883969822987791e-06 -1.1065177909171688e-07 -3.960924085528262e-07 -5.877383728953441e-07
66 6.244040591401198e-07 -1.0570725859983904e-07 2.559138405399477e-07 6.327149423464035e-07 -4.360802352516633e-06 -1.1440315474945412e-06 -5.328815607960725e-07 -4.1415165634439323e-07
67 9.449699635286802e-07 -1.8652875105902384e-07 -6.425049761316257e-07 9.622023587322805e-07 -4.453897151164594e-06 1.3408874653841763e-08 -1.1767139894552579e-06 5.862772576299879e-07
68 -3.5266480816725e-07 6.555622002997518e-07 -6.20043092538062e-07 -7.313383804464859e-07 -4.2508359207495825e-06 -4.3353571882375456e-07 -6.971356457612682e-07 5.4868454339017596e-08
69 -1.212757107587853e-06 5.283406130436441e-07 -2.696819257860176e-07 -4.5775266389558794e-08 -3.858142170361537e-06 -5.71613169420351e-07 -5.221791634776306e-07 -6.072040974135187e-08
70 -1.286089870471267e-06 -1.0302687467505324e-06 1.5700817688349618e-07 1.7347612176141147e-07 -3.0724630257312684e-06 -4.3753166866000074e-08 -5.10765257728668e-07 8.205943039268361e-07
