1 0.0015873955227147397 -2.0272989657087263e-05 -0.0001579940546934014 -0.0001543275521928071 0.0005097302557968383 0.00021076844430992055 -0.00010726186774549955 7.820836052274384e-05
2 0.0017832556610015429 8.550883774814298e-06 -9.369748211658391e-05 4.427158120743583e-05 0.000762236251294735 -0.00019031381679061467 4.893212314402311e-05 3.8220141357884216e-05
3 0.002659561643742008 0.00013903075325984903 -0.0001677488890516868 0.00015897975460127677 0.0005800185431002107 -0.0004083829022646554 -0.00013075817425858653 -1.2926834631237538e-06
4 0.0028721497446229545 0.0001554970040308094 0.00020963038164499036 4.399336575949406e-06 0.0007969775219352335 -0.00014555472861623388 0.00016858645715413378 -0.00024738809547731304
5 0.0030932974393630087 -0.00029861080092395237 -0.0003699838905506608 -0.00023815614021846482 0.0005767920866138136 -0.0002063501120222787 0.00033737312604497765 -0.00039558890367911553
6 0.003106877482015266 -0.0003465860323063985 0.00015563157425911082 0.00028259169215593484 0.0004463936503607927 -0.0002652630578238024 -0.0005693541500480585 0.0002112938922598293
7 0.0024807307542602957 0.00019683255306782773 -0.00016541183820574742 0.0002806243776739803 0.0008004413169193319 -0.00027640811301498085 0.00038654211388891466 -5.803146450364547e-05
8 0.0026607844413536904 -3.3618352228710004e-06 0.00031193903156461064 -0.00014064216617947986 0.0008900735331002656 -0.0005009353733642192 5.293970629524044e-05 9.124894841505652e-05
9 0.0024609640093684643 -0.0002377976416260079 0.0002593177902121881 -0.00021717932144301821 0.00033913126392853344 0.0001304815000451897 6.300520000916002e-05 0.00018066810786288256
10 0.0028915063912678413 -0.00023813207858305426 -7.178375514893465e-05 -0.0001503230253602028 0.0008330142810774959 -0.0005612929278651681 0.0002568542593796649 -0.00013666283426923438
11 0.0021357229519184274 0.0006158962098696423 -0.0003889313680394001 -0.00010576467022189918 0.0007561048923001333 -0.00037533939315157855 -3.621983949751449e-05 7.559903062948604e-05
12 0.0030673886297842732 -9.105316350872444e-06 3.591519166583774e-05 0.00024631327326448706 0.0006141499902026949 -0.0003977144881659732 0.00032755842638661903 0.0003465231268715487
13 0.0020675680977549184 -0.000284057968238668 0.00026312862699990057 0.000513558347829772 0.0010188219617040697 4.939581957931443e-05 -3.0312414244614072e-05 -3.366177009289245e-05
14 0.00259381419886302 4.7977156141391624e-05 0.0006490337666810965 -0.00043997962820109337 0.0009647682856465154 -0.0012463583240536645 -0.0003652789972753933 -0.0001099217244908918
15 0.0022230213211162204 0.0004929196224129667 -0.0005617793839948374 -0.00034293372309553827 0.0009183311726038295 0.00024324875645888484 0.0008894266305445585 0.00027279639229501506
16 0.0030392815561208156 -6.265443981775535e-05 0.00018816866922450622 0.0007905046562975494 0.00038995217605947906 0.00034735660446521307 -0.0012444364658808754 0.00047179277324389
17 0.002549985020068455 0.0001614500859452585 0.00017555805844526366 -0.00016590478037384465 0.0009534637032685893 -0.00014234655819077036 -0.00029333968023676025 -0.0008150504413602987
18 0.0014744111719024312 -0.0007662870722314793 -4.3145010479267554e-05 0.0003174669109042671 0.001740778228522042 -0.0010176223589197797 8.589778674163336e-05 0.0005168834548629223
19 0.0025641786031277924 0.0010478784001001003 -0.0009100062123287935 -0.00030701498754907034 0.0006140315499907086 0.00010993373305391406 0.00041921475038236643 0.000299502148831565
20 0.0024309467399124644 -0.0006530912985683291 0.0009090613222046581 0.0005558268425535076 0.00030795103553817526 -0.0008825836783764024 0.00041608432691951744 0.00033690950085889926
21 0.001897784490050161 0.0005223318236326788 1.290687272455014e-05 -0.00038304208522857777 0.0008058457780619034 3.342829121011563e-05 -0.0007565226714645216 0.00019796953789091672
22 0.002875705028394153 0.00024487077536484064 0.0004410187860711456 0.0005241828108359739 0.0009279483723533428 -0.0001406630768695087 -0.00022992536830630496 -0.00025005842373589343
23 0.0015177919325708596 -0.0005664160051009392 -0.0006875064384697728 -0.0003899742714215373 0.0006633750861222667 -0.00025892714968639717 0.0005679916330669531 9.372713315774603e-05
24 0.002415174946454383 -0.00011856189743137093 -0.0003228189975974571 0.00026062127785599233 0.0006945850762639651 -0.0008424519505008547 0.000617199349816244 0.00011173925291015217
25 0.0035601389633362385 -0.0008643352829515743 -0.0006012982136952041 -0.0003700250389045497 0.0007545139574796041 -0.001054803768723629 -0.00011593003364635177 -0.00021281018332528073
26 0.002995311242295225 0.0006715096041085359 0.0007405080472917052 0.0006662052335362876 0.00048654169028878046 5.696055880502485e-05 -7.342792542474487e-05 0.00032941841888057703
27 0.0019175809674640992 -0.0002696528810549667 -0.00029918257786299107 -0.00041923054792645294 0.0011831923014207454 0.00010584734412302026 -0.0005631578706842316 -0.0009767263948592697
28 0.002293359070815792 0.0005893953450787874 -0.0002222300131489609 -0.0008102439205400117 0.000568039421606637 -0.0007532140736725169 -0.0007596163324878925 0.0004790718115717092
29 0.0019624366885900913 -5.539658108038896e-05 -0.00016823214029765737 0.0010565060330583551 0.0025813305747807627 0.0006862318708103966 -8.333598093692763e-05 0.0004641113764595691
30 0.0019213767743813705 0.0007936992784974093 -0.0014430869969510724 0.00035662303874449793 0.0006744985618205675 -0.000916316255928255 -0.0005447207253567995 -5.1184803802967576e-05
31 0.003004138167171806 -0.0013060295932204203 0.0006573696563577545 -0.00018957216672211842 0.0003395855142833053 -0.0007133113008735282 -0.0009583574576219611 0.0008581114751917692
32 0.0019741771039915534 0.0007571057737852445 0.0002985470870227976 0.0006643142615520613 8.625076328789556e-05 6.553057215904453e-05 0.0008134494316950777 -0.0007693625031610624
33 0.0022233146667761847 -0.0008689523148089903 0.0001414174800904164 -0.0014063242709793785 0.000579618820119126 -0.000548443266549867 -2.058218470736125e-05 -2.5578780440906567e-05
34 0.0013034390794415681 0.0012484488614045405 -0.00022338775079743656 -0.00035636097933782406 0.0011407156307627938 -0.0009390316845350574 6.969652801910631e-05 0.0005566283888095707
35 0.00298943983936072 -0.0006883255179597988 0.0010992862420504588 0.001266254294554521 0.001903043549540407 0.0005622315366836107 3.7070240973500264e-05 0.000232789628192971
36 0.0017725667802429251 -0.00029053232140198947 -0.0007502550337384884 -8.088652714031108e-06 0.0022265206861997967 0.0014984957998023997 0.0007725882215120613 -0.0011963507755633766
37 0.0017638100787468912 0.0012965678307350482 0.0012240023606819252 -0.00012526062061222784 -0.000348710853945952 -0.0013690243802110189 -0.0004570575379435482 0.0003397856447306195
38 0.0028353282285230193 -0.0008108432381713068 -0.0022708863705537367 0.00039473331178333795 0.0014402611609058045 -0.0008523899036855837 4.7676132192185016e-05 0.00024189853936024163
39 0.0029709070479568265 0.00028402787482935827 0.0005550988349602015 -0.0002049572242589845 -0.00016283491429298856 -0.00047538029503401346 -0.0003922555559986683 -0.00040158437342953493
40 0.002949096182301198 0.001177225649125108 0.0009818430946789071 0.0011401500920898248 0.001070872813213645 0.00015443372401417922 0.0006694255537047042 -0.0004302526959359975
41 0.0017753923865334816 -0.00012096066082874316 -0.0004762802178390378 -0.0021186166500237686 0.0004492675888863637 -0.0012587588392939878 -0.00021136524111463505 -0.0001800639070865486
42 0.0018842366608712074 0.0005964684985541343 -0.0011591459372211471 0.0012907318165680769 0.00012757997743689567 -0.0002654874178482969 -0.0010825353548371862 0.0003597546550751164
43 0.004293532533581646 -0.0002922641462825392 -0.00014378269063620953 -0.0001463399338352678 0.0021939651442091242 0.001230768724336972 0.0015986944436185589 0.0002752351089775334
44 0.0012182783071941717 0.0006168607923026231 0.00042363694347303626 0.0009005173664959108 0.0002027348255386631 -0.0016122104124317175 -0.0019413687396479698 -0.0012383907130410383
45 0.002894942708150313 -2.0501559045353337e-05 0.0012872214974393682 0.0001815126645151602 0.0016253762504231661 -0.000135828448041158 0.001155588521071563 -0.0006992505603988376
46 0.002497632894474854 2.719497885819583e-05 0.00034272523233997744 0.00016212297879433522 0.0009960559641108784 -0.0009705957340181502 4.677971831373412e-05 -8.361801517922925e-05
47 0.0017186747256330904 0.0013839623008814034 -0.0010634967771206974 0.00026981167158460917 0.001127385932744528 -0.0006389548813570298 0.001127869635741151 0.0011350029372874013
48 0.0030711620719240593 0.0003017762241275695 -0.00022750926654143365 -0.000497083403586978 0.0015706303691165834 -0.0008471877481211512 -0.0010695080438284808 0.0018977129994515853
49 0.00225713123376969 -0.0004217303954241812 0.00014025758810264446 7.634098732225983e-05 0.0012708630935334155 0.0013652042046173227 -0.001389271884788142 0.0008507778743213114
50 0.0011194034574632 0.0014155003091038734 0.001133012842690736 9.45387948487911e-06 -0.0003017347733050858 -0.0007879562072871998 -0.00010251645309263026 -0.0019920375926723156
51 0.002713264078053452 -0.0002558092669503689 -0.002078050730705709 0.0012125545889452715 0.00253695426174635 0.002688221626104083 -0.000439846398925126 0.0002786889168841129
52 0.0011960613723842085 0.00014952281404723738 0.0007870276579005248 -0.0006298833061856513 0.0009015469001838449 -0.001277574018208186 0.0011232705468730822 0.0006199625125644365
53 0.002039717477886108 -0.0022602327572773394 0.00015384789837584193 0.0010578327680993962 0.0014347072396082132 -0.0006157503448023445 0.0007947056501270745 0.0005126361264752154
54 0.002058443893645727 0.0019803068361842935 0.00028883389197567627 -0.0015213331591420892 5.50818842478862e-05 -0.00048824939065007816 0.0004224712366218581 -0.0005321301668498032
55 0.0033411624767616718 0.0005199108545540154 -0.0014854633353079947 0.002110544539231351 -0.0010683923657052975 -0.0011691647517296454 -5.2485779018789184e-05 0.0012212416141175282
56 0.004367941719040837 0.0002182294471681492 -0.0006338530015610505 -0.0007163430030387402 0.001753053992226278 0.0009324670863509688 -0.0002407436673557452 -0.0008523744725901574
57 0.0003142985302766997 -9.756483725182545e-05 0.0011914169869748764 -0.0009638657112107116 0.0006545627076279841 -0.0015539071582208754 0.0005699013520838529 0.0008340799628796834
58 0.0030765866320719777 0.0015703898800998228 -0.00028339165340368416 0.0020884214736960594 -0.00028457110284717306 0.0007733597037066545 -0.0017648470790306875 -0.0005155245224929908
59 0.00286452352121325 -0.0006477094318116004 -0.0013525110209154005 -0.0004974699723783924 0.002028854309272381 -0.0006997450434577785 0.001319327437357817 0.0005655250628893057
60 0.004241528337155875 -0.0009959414062515994 0.0017024926885353705 0.0011808262630774774 0.0009311833516394488 0.00043111751728269727 0.00020329273796393377 -0.0010648508505726182
61 0.0023066146127264254 0.002048788255451107 0.0003980235644072513 -0.0016068946051002086 -0.00015899000127697779 0.0016341756202334797 -0.0007533598981935073 0.0007303022283674961
62 0.0007974900327989081 -0.000555377012308164 -0.0005281650747302189 0.00042274481688819887 0.0018818474760693318 -0.0006393476377437343 0.002115646059997868 -0.0008590867439248378
63 0.0018804864485404162 -0.000851187798259773 8.048242975867092e-05 -0.000625158146468556 0.0007035740578671595 -0.0017312162101339134 -0.0022725176866377327 0.0019483836583517606
64 0.0019927863249353285 0.0019287859296587223 0.0012898423297847785 -0.0004927029249972261 0.0012265505355914632 -0.0003735175411582382 0.001089941175753774 -0.0014417836083255062
65 0.0032217402065395934 0.0012011116007530497 -0.0006693567755111366 0.0009420258049883119 0.00043822620829327456 0.0010179600968259475 6.162756220467737e-05 0.0006858238611847196
66 0.0032478972891303247 0.001338806064099556 0.0013714706353676585 0.00043674638747374976 -4.920016489468022e-07 -0.00257272815674466 -1.0217698539563826e-05 -0.001428918853411314
67 0.002407491281329422 -0.003552318956598678 -0.0008262166455867694 -0.00012510961680016838 0.0011823241135313683 0.0009294086876430716 0.0011369206249953006 -0.0005061914282228814
68 -0.00012770007954185912 -0.001146382331670849 -0.0019117956351094182 0.002036254175399011 0.0006238229921314222 0.00016303796783626091 -0.0015595506090421813 -0.0018504784351369304
69 0.0049797793807625865 0.0012509665813019934 -0.0007889128847316748 -0.0015392444253748837 0.001974557104803017 0.000125311456521417 0.00016343551454881634 0.0011647602766154605
70 0.006573150546828832 0.0006277537193137537 0.0008918143489127095 6.682438657329262e-05 0.00010636363475859307 -0.00031983063021660384 0.00021571397933227817 0.0014013423030397518
