1 0.49265161955869585 -0.006324894537400317 -0.049139876585342454 -0.04793435218282673 0.15816153448150846 0.06536030304721671 -0.03349807765139023 0.02468598584923075
2 0.553523051721103 0.0026456844455176563 -0.02929697349459718 0.013938231027856126 0.23606612783515776 -0.05927436508691146 0.01485159296622681 0.011994814614797721
3 0.8263423656274904 0.043326991641137826 -0.052113386685958954 0.04960395898626724 0.179258221315873 -0.12704709492138455 -0.04080448414189397 -0.00019396211618356407
4 0.8924671280637434 0.04849079151935486 0.06507355563572467 0.0013541164537522587 0.24710283106104347 -0.04523695697708138 0.05234642090288717 -0.07676418183783286
5 0.9611525648353229 -0.09284711213519872 -0.11508737932963568 -0.07395091110147575 0.17847897343705837 -0.06431315832738889 0.10502202465465531 -0.12289884070950341
6 0.9653234990745629 -0.10785053593575783 0.04847574840460417 0.08782519151724982 0.13773603378571986 -0.08263800225584272 -0.17697749558940692 0.06549789627240148
7 0.7711309689612559 0.061176191352718456 -0.051514621346574196 0.08724213240531521 0.24753871336104538 -0.08605148165486742 0.12014217301444137 -0.018148293065140996
8 0.8268357536033226 -0.0010473250203508573 0.09688604381737899 -0.043604541096099514 0.2755171492259476 -0.15564489658273198 0.01656850337049067 0.028412335512941797
9 0.7644240000156212 -0.073672266753384 0.08060651107450345 -0.06737425350022676 0.10441012866720671 0.04046307096939775 0.019636275247633016 0.05620620891404721
10 0.8984071065049151 -0.07405707089941015 -0.02219795508202443 -0.046729487075304464 0.25768496150470166 -0.17437773017269118 0.07996557387511574 -0.04218019542435025
11 0.6635772912159491 0.1914271730946716 -0.12060263998579912 -0.03310445194440577 0.23379703796922016 -0.11650765013683355 -0.011701978604590914 0.023676682286568447
12 0.9527998389628737 -0.0028494658915405526 0.011459180951462838 0.07666651559884573 0.19008215983061394 -0.12363371124781163 0.10148250409434108 0.10738620956763976
13 0.6420934003866035 -0.08840154178111116 0.08192078501695224 0.1594236254371349 0.31546214681382406 0.015207283710811618 -0.009140404170981678 -0.010243360595538487
14 0.8057940542884663 0.01500138057987988 0.20170286440209292 -0.1370744159825766 0.2989151701793254 -0.3873369964572087 -0.11345399756219847 -0.0335820535989534
15 0.6912652259766354 0.15292542445447138 -0.1743640716832813 -0.10663811243898952 0.2847973337103564 0.07551910357420967 0.2760874438526152 0.08485247806724094
16 0.9441946394157312 -0.01935533115025033 0.05791240183820462 0.24539255891156564 0.12052442211332653 0.10785871616215797 -0.38666589782794486 0.1465610546904531
17 0.792237450831952 0.0500206527346069 0.05454369476826675 -0.05171098235646426 0.2952568427379336 -0.04391262432602827 -0.09125435208856987 -0.2531715125514008
18 0.4584678149577093 -0.23807645257323562 -0.013089153598206518 0.09881234837673578 0.5403878606390058 -0.31599897022526424 0.026708530147297523 0.1604080676613941
19 0.7967733962509695 0.32575679626166515 -0.28253682622991166 -0.09524965171235422 0.19016722353966486 0.034257795822689896 0.13047342538497272 0.09288113117444291
20 0.7549599069260468 -0.2029008079618061 0.2830649075751331 0.1726841569084062 0.09508885421712544 -0.2741539152243562 0.12968216190395937 0.10474816983625036
21 0.5898518783674602 0.162022423498051 0.003934072486536547 -0.11972424224027138 0.2492509301494274 0.010554218605908734 -0.23441851487572335 0.061689843584551124
22 0.8935256524083236 0.07568639034981307 0.13773350867393652 0.16282458927729473 0.2871552574100482 -0.04397492143264954 -0.07166901010504559 -0.07807787778146565
23 0.47138616281926665 -0.17616940452908406 -0.21313465589495448 -0.1208221146519989 0.2053995779224331 -0.08085174849189951 0.1759560401611724 0.028747908478025427
24 0.7511850511406089 -0.03739426494405085 -0.1003746756346709 0.08130724249259155 0.2150257804046186 -0.26179793077081215 0.19174473223757724 0.03473334991539647
25 1.1064992749626756 -0.2687768916281182 -0.18666729480376643 -0.1148780247891595 0.233664139460236 -0.32759623898527573 -0.036130764112221526 -0.06617202902617159
26 0.9309154481776203 0.20835643826925868 0.23016097963858584 0.207500024169105 0.15057568777878744 0.017041142325265126 -0.02260176326627869 0.10275666876358303
27 0.5958394437341863 -0.08406733427439136 -0.09308527572112729 -0.1306201539709896 0.36696537337603596 0.03256381166549007 -0.17530860373348373 -0.3030011641897398
28 0.7129433603847674 0.18343916897493587 -0.06891500180552738 -0.25181280682233176 0.17588113462842841 -0.23396115108707827 -0.23612862571279092 0.14897893008115975
29 0.609835190080682 -0.017199119889737803 -0.05258389646174744 0.327471602308683 0.8015579547041015 0.21318838731123796 -0.026121112740225973 0.14470352247239876
30 0.5967947209722156 0.24663430530987296 -0.4486865756254374 0.11084521560315941 0.20844851570301187 -0.2844568403037447 -0.16898249125562223 -0.01620082233206644
31 0.9334196511683991 -0.405783202921583 0.20436642110607237 -0.05906072765684124 0.10467002799063707 -0.22135899126379457 -0.2972051716294639 0.267074260807319
32 0.6132120881484981 0.23531796021727305 0.09324077160586228 0.20603000009755829 0.026138468270542857 0.020506086216030003 0.2531056980551808 -0.2388718306896202
33 0.690655733848787 -0.2702677237880357 0.04391373142189898 -0.4369407763891031 0.1795757290221417 -0.17017406872291183 -0.006838462988349519 -0.008063881338252334
34 0.40522322020698603 0.387360828057391 -0.06959773449304874 -0.11076189870682097 0.35393515513044477 -0.2916759891487594 0.021502012574624033 0.17296278899856674
35 0.928933018262137 -0.21362089603389212 0.34167483983604713 0.39320603965161716 0.5905208889162695 0.17430068129335374 0.011218963914858895 0.07244504383655809
36 0.5508597119872876 -0.09015187823216775 -0.23337326578356182 -0.0026221272197359683 0.6904509560423852 0.46556790595109526 0.24013844937689494 -0.3723657654500582
37 0.5476205754189168 0.40265852699096205 0.3803557931470511 -0.0392756109678992 -0.1093581643196626 -0.42486131089653567 -0.14145525240108398 0.10542932447890802
38 0.881023780453572 -0.25176051430681995 -0.7056696568029173 0.1225879740351188 0.4466073342879449 -0.26488835592511367 0.014214868567999844 0.07495670472877625
39 0.9236649085332614 0.08834792201166558 0.17251665380370218 -0.0632377744316343 -0.050858027767418976 -0.14737539499210503 -0.12212330716857815 -0.1246980282189026
40 0.9169882430936649 0.3660808254576432 0.3052344081874686 0.35424305332544653 0.3319213050771725 0.04758021681293499 0.2081355341119402 -0.1334423174633179
41 0.5521688828479155 -0.03712199447824844 -0.1476682613199499 -0.6583363003752054 0.13881375900706783 -0.3907988980787745 -0.0659607618773586 -0.055959243981508686
42 0.5859446364976436 0.18506138704905092 -0.3600492522406037 0.4013812964073417 0.039361717748451326 -0.08224392936872328 -0.336460042505248 0.11137242118872454
43 1.3341478100462085 -0.090644897526331 -0.044650894667984685 -0.04614964563710655 0.6806215888297613 0.38213835082886405 0.49711309043872065 0.08576700384828105
44 0.37913742350144203 0.19146046437112874 0.13161445524775142 0.2801560953314985 0.06238051143384893 -0.5011638177737854 -0.6031830775738273 -0.3846352106286147
45 0.8992850598330137 -0.0061570765497514545 0.4001649141423166 0.05549777459424245 0.5038875640905862 -0.04226455124372519 0.3594699311032104 -0.21735678444916642
46 0.7757188607127791 0.008573607153847806 0.10676446968447262 0.050258102746841254 0.30832060953171864 -0.3026962374242556 0.01478485267391709 -0.02559264377948233
47 0.5339224129666293 0.4308217855511813 -0.32975273432910457 0.08377988647669529 0.3496886702014267 -0.1988665912256356 0.3506517664817782 0.3522815937277964
48 0.9551024070896018 0.09373446481609633 -0.07048160729711245 -0.15465273910213226 0.48765261699435564 -0.2639720968430897 -0.33264205842227224 0.5900371572566547
49 0.7016322331562147 -0.1307277528703971 0.043139193568045665 0.02369045020449126 0.3945274879223134 0.42441615967006197 -0.4314717448470894 0.26429628876459915
50 0.3477396674532742 0.44032675409547656 0.3526274211932278 0.003267836992707948 -0.09483778288307099 -0.24516160520699667 -0.032034668399496195 -0.6188908639058937
51 0.8430728621656126 -0.07925789992238792 -0.6456928048160594 0.37682085069426857 0.7870111908262148 0.8355030196885663 -0.13720261854004712 0.08581325932870025
52 0.37157652363061805 0.046757336219658954 0.244494167343889 -0.1953260639384117 0.2792208616190697 -0.3970495238480244 0.3493023946518997 0.19323967173789972
53 0.6332562274899333 -0.7013534752435472 0.04759353580004601 0.32840338108643186 0.44477294123877 -0.19057037176167532 0.2471749019322295 0.15875422691883387
54 0.6388780340040291 0.6157059444865941 0.08916438566644018 -0.47296847491950567 0.016405790408093382 -0.15190039344471035 0.13152353849456822 -0.16548039757268213
55 1.0382321299610382 0.1609061774456451 -0.46156708535998536 0.6557244011587128 -0.33268854730970004 -0.36266545136111805 -0.01696483428357634 0.379139587189415
56 1.3572157067177772 0.06822805780600709 -0.19636707021205485 -0.22254360754734262 0.5434958480983394 0.28902703946862673 -0.07518717266579066 -0.2642798772884142
57 0.09789464683149267 -0.030395118047908162 0.3701964717526304 -0.30037188787763347 0.20258745395947605 -0.4827157013574176 0.17739555500862908 0.25848143716899674
58 0.956113399664265 0.4878467923923405 -0.08846346709325259 0.6486282340449887 -0.09020113365419821 0.2409785721827958 -0.5484976594754013 -0.16044976254649548
59 0.8899334511055321 -0.2014396140242692 -0.419970840173244 -0.15455637016477913 0.6300055497305801 -0.21685953669320002 0.409884055689981 0.17624704108909786
60 1.3182200656024272 -0.30936940878969976 0.5290960449025448 0.36694104422167767 0.2888109016237749 0.13421739727541224 0.0628752657519325 -0.33023413216043235
61 0.7164554283625687 0.6365044142052774 0.12416919918304639 -0.49913264573262384 -0.05027544082413281 0.5075129673749198 -0.23486121317871553 0.2264232488378801
62 0.24814536925192537 -0.17269773896657156 -0.16419109522847128 0.13050188931791246 0.5839134160288183 -0.19863444459758636 0.6569812387291735 -0.2674897469432885
63 0.5837954246089144 -0.26416642226441833 0.02509342780029404 -0.19492274176065663 0.21774809058347766 -0.5376764489365095 -0.7058239593847269 0.6044381846357817
64 0.6190153765791699 0.5991200652108467 0.401242449534666 -0.15294797778330596 0.3800951168207694 -0.11498835042101056 0.3395224176596332 -0.4483486615835063
65 1.0018282375392538 0.37288405508076194 -0.20895370098872806 0.2929067095355363 0.13568570986186604 0.31605987393380996 0.018809512019375266 0.2130725205036326
66 1.0094443655826721 0.4161986753333719 0.4262308446293466 0.13524641711754368 -0.0006307836235846971 -0.798770975203628 -0.004120595705225657 -0.44367578059246277
67 0.7483852111125494 -1.1038470756979701 -0.2572708020608563 -0.03952290696380697 0.36647623642860916 0.2882562545116257 0.3530920917171154 -0.15719684461162786
68 -0.03792619811042802 -0.35707486678701433 -0.5941797110561067 0.6327171736999871 0.1923379845696274 0.05036429392059131 -0.48442641186134267 -0.5742496704634962
69 1.5517702538690044 0.38808883120289595 -0.24476233697886818 -0.47823973092632305 0.6131649985640133 0.038710977772883584 0.05064213171968478 0.3616519441009721
70 2.0503791841485666 0.1935281832846621 0.2768362555621219 0.0215467084954288 0.03250306731706771 -0.09934093733914559 0.06702550432944512 0.43551660687387517
