1 0.0003731935566660104 8.818088409129975e-05 -5.0982006077961736e-05 9.697716883114534e-05 8.415937622823138e-05 2.8731316445165807e-05 -0.00012437275459483392 -3.5661399852092893e-06
2 0.00014681512392355537 8.440913765086774e-05 -1.053219131808905e-06 -0.00010235408346322443 9.51766845418608e-05 2.9638241046588133e-05 -5.0685506007165524e-05 -8.864982927220421e-05
3 0.00025581571881766994 -2.2149003534890948e-05 -0.00016932092302477883 9.038805571217237e-05 -5.9352596058672394e-05 -2.7908398485122674e-05 -8.076120095490514e-05 7.975373959589422e-06
4 0.0004275214707062784 0.00016065374568451608 -3.978967289069815e-05 -5.0277056925174894e-05 6.917872909857585e-05 5.872197072011263e-05 3.9755794409829383e-05 -0.0001358912515072552
5 0.0004576043572929375 4.3856265628815007e-05 -2.117315046295393e-05 -0.00011588432585616099 0.0001140614346126535 -0.0001112868018903947 -3.493535278939523e-05 4.635742436361875e-05
6 0.0004584215199553759 -8.285341491536635e-05 8.311151437613626e-06 -0.00012588668037190228 0.00013330018088016012 -8.91179735029035e-06 -5.4588088823768354e-05 0.00015378808649632703
7 0.0003313183524431607 -0.00015998073633422078 -2.813968149722156e-05 6.035206561543972e-05 6.142988761030874e-05 0.00017298051335297733 0.00017551636267691047 0.00011875166293007503
8 0.0002788658366251909 0.00017093256972667005 7.05978356042471e-05 -0.0001522453661117519 2.5315037576507184e-05 -0.00017545608211366986 3.7151293111135824e-05 -4.786905542635448e-06
9 0.0003546502086776137 0.0002555636920225575 -8.801718878071382e-06 -4.170519907844608e-05 0.0003676262438158721 -1.208820807350105e-05 -2.8584508179108607e-06 0.0002465030143928403
10 0.00030589262503521796 0.00020686113881845066 -7.074597600224921e-05 0.00021712263990846222 -2.403792990025695e-05 0.00015981324180732966 -9.174829494824544e-05 -0.00011089003455135999
11 0.00029383308130312603 0.00020645885179325436 -0.000379633956217183 -2.7293860615461522e-05 0.00042531922660122244 -0.0001543876609879776 -9.230342414715028e-05 -0.0003001519785750658
12 0.00021729239658931158 0.00011534499121978195 -0.0004478400013263661 -0.000304780894134436 0.00022887359510501595 0.0002709133122745423 0.0001237882685905054 0.0003397404932867879
13 0.0006388887596352191 -0.0001008049792566413 0.0002855647648049568 0.0002669979522779411 0.00015914323399392676 0.0003058543010045546 0.00018058532666564127 -0.00022434693363861328
14 0.0004882327891433187 -5.566975619234475e-05 0.0001799537742458375 6.367255432198531e-05 0.0003593177210786088 0.0003658167354665811 -0.0001330777741737139 -0.0002721145554400677
15 0.00026234331241698796 1.4528707101174102e-05 -0.0001106082477700164 0.00042284271157207946 -0.00012549674809686582 0.0002770890127072815 -4.053626234605034e-05 0.00013151767786207276
16 0.0005128600518732695 -0.0002003097897645654 7.918435422278152e-05 -0.0001987563467399746 0.0001273985443439197 6.399103915367176e-05 0.00038982266332440756 0.00022948638736303796
17 -0.00015015499851750831 0.00012657925104408383 -1.0663496712817236e-05 -1.8117422270009334e-06 7.083534773832668e-05 -6.601531060877642e-05 0.0002283674633130728 0.00028488884240879275
18 0.0003977271621556088 -0.00024171615162031749 0.00019538942166209415 -0.00031106457208896637 -1.4203221114949217e-05 -9.849892365889956e-05 -0.00021616749967786166 0.00023626747127347678
19 0.0006099280257175246 9.982086253866552e-05 -0.00030786306638891353 0.00047101727669490744 4.718353568577486e-05 -0.00020532021458246613 -4.304592863371891e-05 0.00035543851300787324
20 0.00026415408753142395 -0.0003905147441814415 5.059714391577874e-05 0.00020192910444048504 0.00018388836395759285 -0.00013363253897519432 0.0003473379692516352 -0.00036857511089599253
21 -1.3980576011466397e-05 -0.00025564816208308966 -0.0005709114606977932 -0.0004448456258592969 4.669791375317674e-05 -0.00011172667392525247 0.00041008216924916154 -0.00036386457915910136
22 0.00012026764409868145 0.00019277658325128733 -0.00040316501965179677 -0.0004698307826378043 -9.96514082393246e-05 0.0003287571204913038 3.720377177710452e-05 0.0002775942935793331
23 0.00044798468819637636 0.0004604151875422051 0.0002849974739321392 -0.00017126410161771993 -0.00040082743516694705 -4.883529470758875e-05 -0.00014785242945350734 -0.00030789907165188634
24 0.00022067597398859495 8.290330587604807e-05 0.0003975056965485571 0.00018386719005481772 0.0006717035033386926 0.0004130639909852407 -9.26601125722113e-06 0.00013715143106024586
25 0.0005006847278778366 0.0003645713954902102 -0.0006072005998879671 -0.0001901140943958651 0.0002167806036493443 4.862404473930475e-05 -4.359447663518375e-05 -0.0002529033067119531
26 0.00046039630401116456 0.0005489873296883025 0.00041359507676801263 0.00015496045416776147 -0.00034599467156756433 9.609637342145516e-05 0.00027060356158363155 0.00018280928298005012
27 -0.00020137205168996344 5.849015261307761e-05 0.0005927174987888529 -0.00013723874980751976 0.0001638025062364988 9.811486117631318e-05 -0.00046570901140333934 0.00010312132593775651
28 -0.0003252284086178655 -0.0005255358869140533 -0.0003806339294785996 6.821421346007117e-06 0.000397308867687189 0.00045470514484453016 0.00010144986936121755 6.501907213502007e-05
29 -0.00016924070705777577 0.000498648359184621 -6.138150859256525e-06 -1.642363293631408e-05 1.8837284537965803e-05 -0.0002771174910487523 -9.917863477333224e-05 0.0007188477392184886
30 0.001448350087929472 -0.0003042557903737335 0.000409947697386994 -6.108519884967135e-05 0.0007267526028988527 -0.0006525157313861113 0.00015911853806707313 0.00013194147133986357
31 0.0006359943425689401 -0.00011296629854783849 0.00024380365872827696 0.0002781675484522197 0.0004479303324094947 -0.0002143853528304487 -0.00022340286950476467 -0.0002346645953719984
32 0.0005073989977418789 -0.00012998143260989326 -0.00019192481693119104 0.00035286792917043556 -0.0003661682322870901 -0.0004543631702305324 4.5880154297671477e-05 0.0007695673131267134
33 0.0011601539469778598 1.6501193263229595e-05 0.0005223180632162569 0.0005336771081138457 -0.00029833589324536607 -8.577530649563647e-05 0.00010326657612604745 -0.0003273752660229524
34 8.424780675613086e-05 -0.0003470225856162393 0.00048440256343361724 0.0005764727015882151 -0.0003299312675128306 -0.00041177563420814246 -0.00011865020962328379 0.0004150590661256182
35 0.0002285236932477139 0.0005967113443327518 0.00045365853204057117 -3.1383880046587064e-05 -0.00015666878250993708 0.00010863756545938614 0.00027548923012120445 -0.0003953202824355956
36 0.0008101578995452631 -0.0005875415411861458 -5.794412134306529e-05 -0.00012649120958675407 0.0007187689661022815 -0.00019410188406817304 3.402674741890201e-05 0.00039001897432899623
37 -0.000168467329231185 0.00028709360931241415 -0.00013190917710336644 -0.00012186172834940049 0.0002816202237451113 0.0002893901880536793 -0.00035558035692702676 0.0003140107227465402
38 0.0005863566507403047 -0.0004260281546406503 -0.0005916156737976453 0.00010759441751803368 0.0011056456447350045 -0.0004522700554412175 0.0004063765739753967 -0.0005223284879144704
39 -0.0004136859178563482 6.397852821774013e-05 -0.00010563349970204187 -6.938434800297074e-05 6.670271457838499e-05 0.00024666200964704627 -0.0007646426332309879 -0.0006417201573086147
40 0.0008234333672107373 -0.0008662271159970865 3.27354873064376e-05 -8.44463377073741e-05 -0.00010573254146964162 0.0008670029640797741 0.00013562446588093736 0.00012676010864514658
41 0.00036453403680481074 -0.0001773637283565494 3.304745814825071e-05 0.000202742384053791 0.0006180610718638759 0.0003152290787614853 -0.00034273787668256885 -0.0008812820458579042
42 -0.0006257002447042797 0.00029905665694820365 0.00035606126008714937 0.00014277495100283635 0.0002528956735730203 -0.0003623381914301192 -0.000568442030455803 -0.0003034365901067634
43 0.0002629337617108992 -0.00048164615338859 -0.0004095358824877634 -0.0006761055812503538 3.999074468470864e-06 -0.00031566115511165476 -0.0006876444326350189 -0.0006939281530416051
44 0.0004994463066639773 -1.5217366631303239e-05 -8.502936583500785e-06 4.916753239645709e-05 0.001054263965037623 0.0007481963071433739 0.001109044980275819 -0.000340236025716095
45 0.0005070892857207855 0.0003083711666705056 4.6083363194322117e-05 -0.00013245493101812382 -9.318111990533687e-05 0.0005292428343550671 -0.000620891785290048 -0.0007274864898013558
46 0.00011516758067350844 -2.9514631514145247e-06 -0.00031845633481697406 0.0004637677881593841 -0.0007789449870834735 -4.758717363606968e-05 -0.0006990524432980631 -0.00023124554870181417
47 0.0002759765562927079 0.0009821118341700693 -0.00010488796305725215 0.000499604656627783 0.0006551138553680399 -0.0010805634163065952 0.000149423823056401 -0.00030801191507966424
48 -0.0001556370967880429 -0.00040419419455548313 -0.00077226058128772 -0.0002287693415167273 0.0003042698227036979 -0.0002924002306690364 -0.0006730966137310267 -8.222666678716782e-05
49 -0.00032009269185529437 0.0005986747030996485 -0.0002255196463319505 -0.0003519449621470445 -0.00012282561467181124 -0.00016761621969300285 -0.00015000430096369474 0.0007614430988807543
50 -0.0005400932662689751 -0.0004050366474586016 0.0006944931747460727 -0.000769284785978426 0.00154169587393106 0.00020794873971986298 0.0004974354253482857 8.718565770278096e-05
51 0.00023317956969154226 0.0005664461701145623 0.00027562691172347494 -0.0005385243665569117 4.886468174079492e-05 -0.00087149450911264 -0.00031067243861338206 -0.000467925320845237
52 0.0005634030336535463 0.0001263484889661949 0.00021116553596832417 -0.0005358122755474429 -0.0005189623646452146 -4.0579966626350725e-05 -0.0006638959747767921 -0.0005491319930624073
53 -5.7116338993502845e-05 0.00018715623881728643 -0.00010144521678609968 -0.0011030878800955405 -0.0003377755403323618 0.0003164395285429013 0.00014462378849656524 -0.00016091591227493108
54 0.0006324882995079554 0.0005718941559075519 0.00158670152187162 5.88782192652638e-05 0.0008006313937331229 -0.00026819566464663703 -0.0007230837412145069 -8.658044060765136e-05
55 -0.0006214616263773653 0.00016475284166107048 -0.0004583815399195067 7.124151424178725e-05 0.0009994975334912195 -0.00018719196653823776 0.00039621374086553024 0.00015868383481506247
56 -0.00014304686634600418 -0.0017511309558101511 7.500232209528986e-05 0.00011403391418409051 0.0004195669871632471 -0.00041538210963065823 -0.00043279867970157706 0.00015244664560146103
57 0.0011863107307533325 0.00037139745294877553 0.00047890498801286124 7.478828307905735e-05 0.0004899297787994186 0.00022847103478209092 0.0003960040448343278 0.0001197937674487473
58 3.7603154690537654e-05 0.0007883029663781746 2.543609109752009e-06 -0.0001733384389499219 -0.0009851164045173344 3.7228452425200775e-05 -0.00014459955358006544 -0.0005560179540366263
59 -0.0004557034060003764 -0.0006343862641083983 7.697869894225923e-05 9.99986652411204e-05 -0.0007576632878092819 -0.00033833076312144404 0.00041957490684779963 0.00036535925841995503
60 0.0009995789462452624 0.0010631356316148385 -0.000606771766826154 -0.0007370369140583428 -9.690818012402514e-05 0.0004819926204379363 0.0005910975498066185 -8.244535581387037e-05
61 0.0004124703175940174 -0.0002726598296263281 -9.364087692179846e-06 0.0002974687323689984 -7.53504712314654e-05 -0.001198651874104451 -0.00047121063263369766 -0.00043685763946624636
62 0.0018133165391793975 -0.0005268389286456998 -0.0007144728012740799 -0.00131711019014449 -6.655136648444886e-05 -7.286595063615243e-06 4.699721380881607e-05 0.0009732043272100383
63 -0.000704865290054309 0.00010708590450055695 0.0010926095680153466 -4.928311105658975e-05 -0.0006683294495526473 -0.0004105211051044868 -1.0885978241215166e-05 0.00017740889094394527
64 0.00016775141373732096 9.871728725343401e-05 -0.0004502706373888018 -0.0004273239374022538 0.0002902971536029903 -0.00019876954820565552 0.0004278178932531547 0.0001241938223131859
65 6.916334926459251e-05 0.0005656055610003579 0.0005465696208147915 0.0008391141072468976 -0.00019300796066959675 -0.0001993840654646335 -0.0007451542748813908 0.000417325864222143
66 0.0007264816679538399 -0.00039854575404970504 -0.0005294932599718069 0.0010207967796992841 0.0009191945924548916 -0.0003112234511873215 0.0007954070371862466 -4.6475486375644605e-05
67 -0.000600915265781406 7.796170567505364e-05 0.0007254807946193894 0.0006545783965563999 0.0001866906163200654 0.00039718390999812233 -0.0003047853439538727 2.603207509678526e-05
68 0.0007880183867934571 6.931350124106999e-05 -0.00042591721018480955 7.531803920166279e-05 0.00011843537531716594 0.0001196143798197424 0.0008968397967719456 -0.0007202061833727791
69 -0.0006039416710314279 0.00012762850468365334 0.0008646316511952729 -1.2022628069011758e-05 0.00011089723317739313 -0.00011516153888771449 -0.0008447214498433785 0.0001294303229696468
70 -0.00023327343914809548 -0.000587332449347525 -0.0006474293774486681 0.0009016859516352679 0.0003716026965092368 -0.00020693148065259036 -0.0003026212200179638 2.1811973088388996e-05
