1 0.0010700657806781955 0.00011670304456278297 -4.297561041251907e-05 -0.00010466282269766404 -0.00042375439475750157 0.00031518618676942747 -2.9787248764800146e-05 6.0817084209578164e-05
2 0.001794993329290124 -1.0564911298126074e-05 -6.289072032919656e-05 6.31017104044321e-05 -9.861186844948463e-05 -0.000154515985067612 -1.8550206013447292e-05 8.046398385306211e-05
3 0.001999448262249837 3.298560560457403e-05 -0.00014774818244843788 0.00012067623724373633 -0.0006630616402491051 -0.0002860689712464423 -4.339413738343007e-05 -8.922601153576368e-06
4 0.0019994646659499222 -1.7402463712842573e-05 0.00013555983198873926 9.411569136995974e-05 -0.0002645316227295513 0.00012286984117455292 0.0002441774227055707 -0.0003298614536337818
5 0.002203227405925686 -0.00021398600651365612 -0.00031950678448225314 -6.718309716574933e-05 -0.00044202332427629374 -3.6756726767294774e-05 0.00037163638760726644 -0.00033002945408809386
6 0.002203339107017958 -0.00011197502098085289 -4.059296220100684e-06 2.4946522820411667e-05 -0.0006838641011899087 2.484181438265683e-05 -0.00039534050226158843 8.309092459765318e-05
7 0.0016923660060034137 0.0001554544051491055 -0.00020389307917138068 0.000125474385783443 -0.0005666024191289822 -7.73589796295153e-05 0.0003208670192132859 -4.141621299488203e-05
8 0.001896647160480864 -0.00014758601625377505 0.0005936182961575066 9.608181186194181e-05 -0.00043212979121062074 -0.00015984605251656 9.425951719234073e-06 -8.944400607686619e-05
9 0.0016652382763612885 -0.0002849658801620604 0.00027633996779734916 -0.00015915479604767542 -0.000505601886626788 0.00024611180054069176 -0.0002184605565440685 0.0001596595587810016
10 0.002056288696191454 0.0001791928448085518 -2.29720627119993e-05 -0.00031679133165103874 -0.00045690819206764186 -0.00045899570784637393 0.00012166430052675155 -0.0002702187590949544
11 0.0015101041360910661 0.0007018832563721018 -0.00029593653348270274 -8.282301970383672e-05 -0.00027536060944010715 -0.00030309071174520325 -0.0001104394729832908 0.000163186391085184
12 0.0022487791282762085 -0.00012838820778948162 5.245701698305918e-05 0.00010048457773240675 -0.0007090673461130737 -1.099395483365139e-05 0.0003561641329648181 0.000231821165808488
13 0.0015247739673700544 -0.00019623711113594123 0.00021228516539006814 0.0005227992230664259 -0.0003109026727255196 0.0004957877768205993 -9.099976447499012e-05 0.00013254497208903742
14 0.0018348197684534182 0.0004350874826152009 0.0004937168831259787 -0.0006258536779893042 -0.0003561895644145877 -0.0012090735823936836 -0.00022798554078091378 0.0001908720796645214
15 0.001548737662325415 0.00057376961272705 -0.0006738967890734085 -0.00039373350764488685 -0.0006004233095230414 0.0005257987926194706 0.0004899202709603045 -8.818887690557684e-05
16 0.0024989031526395757 -0.0004507325051355008 0.00010094828392118594 0.0005867030759339752 -0.0007656759095045532 0.0005477236412680731 -0.0009770570606849275 0.0004879452266038842
17 0.0017846513305830704 0.000259114504028142 -0.00027248604118902203 0.00011075516896838718 -8.806312635661942e-05 3.261662091998103e-05 -2.4010662379787517e-05 -0.0007726211628191508
18 0.0006314762780174736 -0.00045439187658317666 3.6758751783863545e-05 0.000516142496824862 0.0001435248171406243 -0.0009874157961615093 -2.2376259173270428e-05 0.00016943957157680145
19 0.00201668246797275 0.0009827098101416118 -0.00047679408029733465 -0.0004811759641531959 -0.0004795427568408886 0.00021467089465310323 0.00022868055432199722 3.367226671240885e-05
20 0.0019097016721620528 -0.0003588374431338017 0.0005553391034155172 0.0002981378254132952 -0.0008721340498086714 -0.0003775892682209949 4.663722305373063e-05 0.00036902637892356554
21 0.0011499232032871846 0.000867224492987675 -0.000191323551625794 -0.00016716099059962692 -0.0005181794169840888 0.00046102013403174146 -0.0005434621068032155 0.00024479582912293233
22 0.0027376614456613166 0.0007565512449458286 0.0004813228394933489 1.951150717116323e-05 -0.0004531486109781124 0.0002235739149133279 -0.00033958794649111956 -0.00043948258798877414
23 0.00119531537294585 -0.0003416416977224608 -0.0005951109498964895 -0.00044508950940438154 -0.0008526150994678877 0.00010876283109299477 0.0007222530516797351 -0.000142626927586768
24 0.0020944736076000093 3.503678219691745e-05 -0.00016296953147146672 0.0002485079716230384 -0.0011084483239629228 -0.0005542526471906934 0.0004450239534916764 0.00014014318687611275
25 0.0025969765756341688 -0.00019105120028214585 -4.8800537696262895e-05 -7.440244119495761e-05 -0.00030342908215140484 -0.0007036663168033299 -0.0003230428854208535 -0.0004819659695916016
26 0.00167382450450662 0.0004661357816371953 0.0005046067180032604 0.00033441050534650704 -0.0006069016755186192 0.0003759359531321769 0.00022023159328926796 1.3380736125442006e-05
27 0.0010960636039736092 -0.00033061669323239157 -0.0007583603692728787 -0.00026908521911867634 -0.0001554189094995629 -0.00018212351442399742 -9.206941333201468e-05 -0.0007786109902702692
28 0.0019024931757917344 0.0006381217423931905 1.1552012666273568e-05 -0.0007515604964336846 -0.0009924848703453898 -0.00046903330251207777 -0.000424746231496818 0.0004401546581674103
29 0.0014819090185288642 -1.354820770453986e-05 -0.00010791322551196469 0.0007914235639552026 0.0011412725960394364 0.0008697375298250605 -0.000300901226204286 9.064521184172425e-05
30 0.0014752199340406587 0.0008150166996797435 -0.0010518681746810232 0.0007187608601795752 -0.0008562704913746553 -0.0005059436304405561 -0.00048466248620153565 -0.0006615486188129477
31 0.0023067320921456563 -0.0011061394175273496 0.0008276843804814025 0.00024592341236365846 -0.0005902884121498163 -0.0005928647361828993 -0.0011392621141551634 0.0005612045645073526
32 0.0014345152612530857 0.0008373188280468903 0.00046239738566151815 0.0002538242454038439 -0.0010680419032991612 0.00020346631208202306 0.0006925747918880228 -0.00026364307046195
33 0.0014280162875314408 -0.0007099394393576068 -0.0002923724106427691 -0.0013910650995808888 -0.0010859106833612084 -0.00022803375870575013 -0.00032371181452146673 -0.0005100619512567099
34 0.0014766518957044237 0.0013894971637049695 0.00010746207651207595 -0.0011666147596500474 -0.0003377552285228376 -0.0007442759762980731 3.064325020678449e-05 0.000984821207875027
35 0.0019472751556955826 -0.001065942900151413 0.0011502562372106933 0.0012132371257341232 0.0002294246095377149 0.0002562455589303173 0.00016167486242658658 0.00047705769176583106
36 0.0018983518467367787 -0.00027506572586540523 -0.0005934103208524679 -0.00036108090373813403 0.0004468886567972048 0.0011400919638759298 0.000689430941718055 -0.0010640185697919646
37 0.0011874366207083296 0.0012717786861751053 0.0010607816898087145 0.00030373903028788675 -0.0018845255113987102 -0.0010491794315895529 -0.0005318595274053128 0.00046933026115927965
38 0.002295671838384807 -0.0008450544146076062 -0.0012486852831772894 0.0009445847635515203 -0.0001739965752798015 -0.00037645498509749275 0.0002147828314145061 0.0006442347752097109
39 0.0025319570226852777 -1.0063816748818143e-06 0.000918260275819285 3.531439023104188e-05 -0.0012393381399436328 -0.0003443434890538384 0.0007716200756702296 -4.838820392533544e-05
40 0.0020097158475298406 0.000652904031808721 0.0006785194206741625 0.000770874327951621 -0.000701113131486879 0.0006494998893326215 0.00022416230364861062 0.00044031287786631013
41 0.0015687288622317857 -5.971340323810598e-05 -0.00032149547434805724 -0.0016436011888110113 -0.0011154143216668387 -0.0002980824031871286 7.131942926170824e-05 -0.00011921545563099007
42 0.0016090890543120344 0.00010723033662462141 -0.00045662379820872337 0.000731987271684246 -0.0017575032945824306 0.0001707180270222647 -0.0008172196021156326 0.0006782060701387862
43 0.0030401290844988696 -0.0003557368848184131 0.0003308446309787223 -0.0001632738864980018 0.0009763773045326087 0.0005677903819436196 0.001437667436912054 0.0004887731307007516
44 0.0007228229498092566 0.0005984431190565455 0.00047506132595367967 0.0005949603088282558 -0.0009148349180333039 -0.0011276172714186222 -0.0012459937983806478 -0.0015207388591970492
45 0.00238199191904537 0.0005708174349054402 0.0013804815792658792 6.618690862009254e-05 -0.000126037418359562 8.679324440942353e-05 0.000525186604663856 0.0002675374826581388
46 0.0021380873485224335 -0.0006758850951046473 0.0006974222631256159 -0.0003424100654724391 3.923116143214526e-05 -0.0007585544064427186 -0.0006704320890754006 0.000174947889458881
47 0.0006346386384712557 0.0011721799559162574 -0.000943648738669783 0.00038698818201885946 3.6760732859704e-05 -0.0003311684651639518 0.0009346208330320262 0.0006807401977767389
48 0.0017786541810562466 0.0010205488454508925 0.0008236334614814086 -0.0005261573540577231 -0.0004457742945939988 -0.00013085625696260397 1.6447770444564714e-05 0.0016425488149854296
49 0.0018633724810152759 -0.0006540754482746321 0.0005400834505477071 -4.307524136261108e-05 0.00021277807161645962 0.0006873727626509484 -0.0007954020573074952 0.0012737341439781908
50 0.0010422207299910467 0.0010873689158651236 0.0005730600207149798 0.0001914392862648723 -0.001875018701143192 -0.0010491898424744058 3.46685873482124e-05 -0.002172615858462502
51 0.0020995119584890022 -0.0004614196185184727 -0.0014532454114740136 0.0015293376555689316 0.001099828707935849 0.0026647876548792156 -0.00017964904414524132 0.00022609024698465002
52 1.1321314126891906e-05 0.0006544202473220013 0.0022222640184143137 -0.0012983816556510128 -0.0007662617048017913 -0.0012046263183920166 0.0008439496933551039 0.00045439683878964243
53 0.0009806039121098822 -0.0018448841304476125 -0.0004552506970651315 0.0006159730833726289 0.00022611857460626018 -0.00019287302510299437 0.000648814782479362 -0.000517561953470324
54 0.0017867151150415424 0.0007899010198025283 -0.00038181100777891875 -0.001948562707975208 -0.0006201293191678374 -0.0001524935942856804 -0.00033855248544750814 0.0002652594047607032
55 0.0027771474869878352 0.0007707989619207813 -0.001419393149203807 0.00196215896877091 -0.0026465052625500468 -0.000497340067541454 0.0004472240889321145 0.00032020153486000806
56 0.00359064094851467 0.001612994363000275 5.495957942100323e-05 -0.0013612744258142612 0.0002871976852290644 0.00017762161568849767 -0.0004333201898362491 -0.0015306710331889244
57 -0.00045068807645475196 0.0009958699331501014 0.0014609249201105329 -0.0003503620466921854 -0.0005896475664314202 -0.0010170506389241684 0.0009037944483829216 0.0010235992100842497
58 0.0021403514580401097 0.0011839589166995617 -0.00048752942777563707 0.0013616822941257538 -0.0017658507355437275 0.0007092507469356375 -0.0012953820237670108 -0.0001072179254111059
59 0.0022998516413303897 -0.0004343661782336987 -0.0006260338733325918 -0.0010333948315398218 0.0006871981008416718 -0.0003413927153312325 0.0008045614184847971 0.00010461662186184907
60 0.00337170102210568 -0.0004416453741073943 0.0006506798890940914 6.37639229379735e-05 -7.47513083505809e-05 0.001091404471954596 0.0014220642108708232 -0.0012601747901315632
61 0.0015499651822350729 0.002223886640427329 0.0007639791433960148 -0.0008479873960595793 -0.00134235275910617 0.0010528803640383177 -0.0007859699510741232 0.0009184119707403281
62 0.00020037129864316857 -0.0006815004263654797 -0.0016547212666144589 0.0007421414191277066 0.00010566927164621954 -0.0001326127416408177 0.00131349733001452 -0.0016164917296356308
63 0.0006422687486993913 -0.0009804499933859904 0.00030577520104479777 -0.0013379988138775094 -0.0007395948709374989 -0.001609951325862286 -0.00241328432332827 0.0011006712840188658
64 0.0014587965418985421 0.0013163130297872319 0.001056425586930385 -0.00034694016650243533 -0.000501795729309919 -0.0011957507285465254 -6.102422116327088e-05 -0.000923405111961159
65 0.0024694606354426826 0.0014255559294996914 -0.0008522662590341298 0.001224500305231527 -0.0003990979776312956 0.0009126261152645817 0.00025242580151552737 0.000894457009140255
66 0.002540889747276295 0.0011693547014416134 0.001074649325760053 -0.0004093489277532773 -0.0004391818265906798 -0.0018162000827123932 0.00034592471507012806 -0.000895845879519868
67 0.0017459016005422795 -0.0033762567297250176 -0.0012514699965165822 -0.00011882885647671405 -0.00044627083700135415 0.0010727289508389456 0.0012259022045876095 -0.0003709025816382779
68 -0.0011748615005746157 -7.713790816249875e-05 -0.001277527707981495 0.0015138366804053767 -0.0005815648502789743 0.0003319879541086009 -0.0015383821456025702 -0.0010853676354995092
69 0.00047061050804197475 0.0015377753548704138 -0.0009471447799766609 -0.0007731880447302105 0.0008462538591567876 0.00033198423880901977 0.00047140860754957915 0.000920212845140109
70 -0.00011652375714115543 0.00039706692321439286 0.0003020161300709987 0.00027225747191924254 -0.0008905958619574657 -0.0004694485876395696 0.000244611601911349 0.00042603485358556556
