1 0.00028849602248341325 -4.0236445145896414e-05 5.384203047128903e-06 9.871056313153227e-05 -0.0003548290533068456 -2.3726902759234374e-05 9.93434869562896e-05 5.771280631251062e-05
2 0.0002208677428892008 -8.019296442089064e-05 -4.695638259792428e-05 -3.661760111641752e-05 -3.483581608782496e-05 9.482191511795668e-06 -3.0161800686262333e-05 -2.6894563342790124e-05
3 0.0002863418170866959 8.604672664483956e-06 -0.0001684620919134108 -0.00016914137880011827 0.00012613223126888 8.101240118189332e-05 -5.565850083332897e-05 -0.00012540998112299734
4 0.00016552422478616197 -9.267945580908486e-05 0.00010392979782092489 5.949481429896488e-05 -4.693137583426916e-06 -1.1458724105441085e-05 -0.00012895172637535985 -7.930211238470586e-05
5 0.00029770203673662953 -2.8582004356937634e-05 7.77830415441379e-05 -1.4010890293292765e-05 -0.00014074394983131964 0.00010373740289563328 9.483161141655211e-06 0.00010575165087095227
6 0.000327619017962887 2.213668689340675e-05 0.00018881542094860527 -8.234450775317385e-05 -7.67427938949812e-05 3.5347959924342284e-05 -7.083475013291528e-05 2.050708250400272e-05
7 0.0005208401464270609 -0.0001818150037314731 -0.00018287044599274644 -0.0002591455746854375 -0.00011183423672536444 0.00013435849112270116 8.313546855085596e-05 0.0004367394925652459
8 0.00013938564035908323 9.293305607366859e-05 -0.00011296493617893389 -0.00032055729791853794 -2.3673357174454277e-05 9.729923999413451e-05 4.867067145005287e-05 -0.00012888712760436287
9 0.0002767137100544651 0.00011563069808007931 0.0001971754943248716 0.0002543260671972624 6.448730274362252e-05 -2.3694839814173116e-05 5.93076057468089e-06 -0.00017657868730559475
10 0.0005683815994341632 4.902249796915908e-06 5.754990419058563e-05 0.0004052355544745342 -0.00030644780054064907 -0.0003084684216605471 2.5585767333859545e-06 0.0003024559064433486
11 0.00019402254498407005 -0.0002518219888332315 -0.00011728837763401414 0.00024431138232579406 -0.00022461369133002345 6.281903104357527e-05 -1.9420711804112302e-05 -0.0002654634055964378
12 0.00018807193333681907 -0.00045031610843778786 7.98230506889575e-05 2.7575203566344445e-05 -0.00047955305001606607 0.0001581630893115923 -7.563336290779374e-05 0.00027895841470975736
13 0.0004397198844937854 -0.000389869555228045 -1.0234432406788392e-05 0.0006263564162423969 -0.00042800645371253427 0.00015626939848445616 8.005510074829216e-05 -0.00034001278951302586
14 3.8920511724413874e-05 -0.0004102460473493612 -8.808908097266758e-05 -0.0002684962575598866 5.9552182959880734e-05 -0.0002706010597478474 -0.00014750351106122513 -0.00016097443728962533
15 0.000245340139607951 0.0002556204602730554 -0.0002863478746473913 -0.00018260716666725833 0.000171554127735321 -0.0005494755474113713 3.7151826121462644e-05 -4.0346646630706653e-07
16 0.00012863323634904265 -0.00018912633668349008 -0.0002480916503785113 -0.00039266523152530196 0.00017419197324828158 -0.00040041439770042547 -0.00018653481731061177 -7.659589092186553e-05
17 0.0002655112462066956 -1.0919144209372154e-05 2.1070166280851826e-05 -0.00012465549871137105 -0.00021674342468930782 -0.00015673607762807683 -0.0001296790835051873 0.0001929285392796066
18 7.590144667970923e-05 -0.0002471766154698335 -0.00032776569316896796 0.0002944264618311047 9.081914292751021e-05 0.00010437979330222737 -0.0002531554658769886 -1.0150088677370571e-05
19 -9.016109956901569e-05 -0.00010662562229306092 -0.00016527444514011154 0.00017476588767332234 0.00011955100464991666 0.0001656399138443458 -6.724176016790771e-05 7.45237806278144e-05
20 0.0009448592917651974 4.00637461334687e-05 1.0010562310876933e-05 -0.00015875068087733957 -0.00042614471258563155 0.00019919907440000208 -0.00019909171418532924 -0.0007594396831185263
21 6.078997833132684e-05 0.00036820373372248435 -0.0005451618408382619 -3.6577607496448795e-05 -0.00019816557801328137 5.227156335278948e-05 1.3531891303690555e-05 4.02526422002088e-05
22 9.493227349250481e-05 0.0004115361037389842 0.00044090750454469534 -0.00012272744637776496 -0.00039648024934410835 2.507996935677578e-05 0.00037618702840617254 0.0006202475018482837
23 -2.1328074561433087e-06 -0.0004071559404794842 4.978066578840099e-05 -0.0004740550636487986 -2.4467697485641056e-05 0.00029559130669624354 -3.1594294795831405e-05 -0.0002932849796519127
24 0.0009157232092420052 -0.00032746830362449493 -5.286101280968136e-05 -0.00020502644484554752 3.7251659605119805e-05 -0.00014641640001481282 -0.00023193284297868083 0.0004223779899480417
25 -0.0003067166056820332 -0.0004232852803251136 0.00038279476517152927 -0.0002808571005366536 0.0005709978189570403 6.212056097169443e-05 -2.5157252054833897e-05 0.00027085956717410296
26 0.00016343643564084226 -0.0006361678744728805 -0.0007859789165146381 0.0006262305595796928 -0.0005404622513245981 -0.00011188879124880599 0.00017937958420097304 3.427904505696866e-07
27 0.000715126051403303 -0.0001489881411789316 8.310202044187586e-05 -0.00016373036070880802 7.534451065673917e-05 0.0003047615837553116 -0.00020963170500425875 -0.0003133958806333198
28 -3.2128732745223684e-05 -0.00030399909400798434 0.0005188213491250314 -4.905089391946826e-05 -0.0002695127591895504 0.0006421692602989889 0.0002299698340839256 0.00012224713670236983
29 -0.00033881034726226245 0.0010790064976903412 -0.0005878409142885325 -0.00034531804485030896 -0.0003790562987729439 -0.0004938217307830982 -0.0003073741111276997 -0.00016408591571151788
30 0.0009199513555812791 -0.0007029671031956542 -0.0004054266642333402 0.0006720051314339622 -0.00016720409424391525 0.0008657743694172637 0.00017193396275935502 0.00011788290489792369
31 0.0003120792060047844 2.3729357762368683e-05 -0.00024123037922701906 -0.0004145413068300063 0.0007480357318008804 0.0003996570402511173 0.00011179737476430158 -1.203195024003019e-05
32 0.0003849603193736966 -0.00023586907571650483 5.742782635878433e-05 0.0005980977755941613 -0.0008931371170508113 0.00022840486634013914 -0.0004981059267343394 0.0009351861328242999
33 0.00027722385337588715 0.0001719152842496115 0.0001974061576655043 -0.0008175751789049526 -0.00101011536099384 2.5572767118393288e-05 0.00016622984738208708 0.00012971138818464436
34 0.000641890823250283 -0.00029630284400440746 -0.0002182453690014694 0.00036592240796254967 0.0008807975424207166 -6.599212269821853e-06 -0.00017214184428181344 -0.0002679509086579495
35 0.0006498432028058729 -0.00013295485663293333 -0.0004340684589606245 -0.00013892707810472037 9.304477088199473e-05 3.516428624356067e-05 -0.00016224421041633144 -0.0003548533119245414
36 0.0004162091845381792 0.0009315808978525656 -0.0006497495033802637 0.00034518630831738024 -0.00030290979516579494 -0.00042412105248810106 -0.00027942362235228093 0.0002674359077458071
37 0.00046953383543919477 0.0003108854699090566 -0.0003015907655635222 -9.131595357852249e-05 -0.0009612351035858553 -0.00032040099893610146 -0.00045432057359012974 0.00012520642650424928
38 0.0009625434937831713 6.211780841738916e-05 0.0008850687840794772 -0.0006000559324544667 -0.00019038576483898612 3.752053654169072e-05 -9.13956071718375e-06 0.0004323665870062807
39 0.00035645824600327394 6.577237620456619e-05 -0.0002956606239232538 0.00022607952554260885 -0.00020544545923241542 2.4643571555379164e-05 0.0002096172346980305 0.000731214121393642
40 -8.427344532067672e-05 -0.001031425895928421 -4.180353010772263e-05 -7.63458797275001e-05 -0.0007681744678774052 0.0009271926215053839 -4.87454125498796e-06 -0.0005587009406354236
41 0.00032359593297301995 0.0006378284476798773 0.0001292566314479792 -0.0006639985820491696 0.00046568647601695674 -0.0008439895727460565 0.0005862653790634255 -0.00027405535716019166
42 -0.0003957491990633867 0.00020964940323673026 -0.0003224931465987117 0.000474584470966165 -0.000726807961700892 -0.0007226394929095107 -0.00011062230936939857 0.0005753759410239661
43 0.0006023385407375027 -0.0002295588114843226 0.0003481836510875775 0.00036524458862906414 -0.0012120961554108582 0.0001494873757759445 -0.0001049356197665308 -0.0002914400257796006
44 0.0006530386639832144 0.00029137565406452213 -5.8655810276039204e-05 0.0005317074400672451 -0.0003361114745853345 5.580553061314927e-05 -0.0004757888729108699 -0.00023765265646688954
45 0.0007299925390971294 -0.0018567783913687199 -0.0007434062464424019 0.0008431080853169956 0.00028325713996297413 -0.0007299213367244947 0.00078448944466843 0.0004749495310779818
46 0.0007739623529443801 0.0003972563103529437 -0.0005360809371355189 -0.0004075171365129437 -0.0002958964226357522 -0.00010703645993305252 -0.0015576342589505414 -5.328971069841526e-05
47 0.0006153830341353654 0.000125727099577422 -0.00034609775935834586 -0.0010190311807299563 -0.0002493435225292371 8.778360373582798e-05 0.0008963049410378844 -0.0003082783376917307
48 0.0005906522689493989 -0.0003745010605066546 -0.00033263357644179375 -5.968560066930616e-05 -0.0006680772466900856 0.0010187311390179499 -0.00023383126453825184 -0.0006337889107138932
49 0.00011320294113984739 -0.0005015251648191356 -0.00013636201388303224 0.0005246362402673981 0.0009033138568230873 0.0002876504412318282 -3.590205590752265e-05 -0.0003519523717897638
50 0.0002851285159738493 0.0003814108108008184 -0.0006629865146778775 -0.00020582916484796854 -0.00036432771071373505 -1.4449408237975356e-05 -0.000513137334580559 0.0007703783718672299
51 -4.4442310599926535e-05 -0.0005428359186656858 0.0008673957666205215 -0.0007038815860803729 -0.00019356036511691387 -0.0007020356772978535 -7.006844646965096e-05 -0.0009356017858276094
52 0.00018116295787411695 0.000952034041766507 0.00019911574549769594 -0.0009341066671533307 -0.0010206489001318966 0.0013420513979357687 0.0005677240343573941 -0.0013584701617907926
53 0.00039117377427545037 -0.0005956036986163407 -0.0012460696348718986 0.0009623944246993202 -0.00035630217900869444 -0.0002624585067005028 -0.00047145020705316785 -0.0009593248800474497
54 -7.163957050429062e-05 0.0006185683392302154 -0.000478506273141888 -3.0910919240920234e-05 0.0002741190602103036 -0.000833798884490666 -0.00035572812091413833 -6.840822028791405e-05
55 -0.001043841853914033 0.0003980383697390234 0.00031266007334662904 0.0003617115701565525 -0.00039877939852501104 0.0006176815526643738 -0.00045380331453889473 0.00011716821281742933
56 0.0004766724114166267 0.0006715633191923381 0.00020688269546713042 -0.0010148440265741133 -0.0011493749153897725 -0.000740177607435582 -0.0007059304313890198 0.0002259686262908608
57 -0.0005931578664721847 -0.0011092606672772872 0.000940176675584366 -0.00015338661626142664 -0.0005268723910175265 -0.00032566249683735023 0.0007336513126599137 -0.0011281875442852997
58 0.00029424093715870196 0.0012825648335024478 -0.0006598561003867015 8.068437530152918e-05 0.0001357307546069689 -0.0007548486697554664 -5.655057760943198e-05 0.0003034009489601302
59 0.0009988335392605953 -0.0006031420653745034 -7.206072442764722e-05 -0.0004619286723471792 -0.0003318698784741766 0.00015108968145166956 -0.0002677339985374461 0.0006666650867502696
60 0.001573389769033098 4.74551165382589e-05 -0.0003982010798030431 -0.0004859251987554945 -0.0005031947625594327 0.0003239991803246844 0.0003709871695494746 0.0006505752347659821
61 0.000257018885888748 -0.00044547217180894883 0.0007609731711347845 0.00026713449746200186 0.0010071649887886188 -0.0005340501231259698 -7.406645384765857e-05 0.00028535466246825715
62 0.0007796108176632243 -0.0012483331020127927 0.000767337413715535 -0.0004628415661888899 -0.0007457319821858995 0.00029585860807292196 -0.0005020357010941971 0.0005588036990667754
63 -0.000988082957140055 -0.0006599602253478198 0.0002430539501412817 -0.00044141953727958315 0.0010373146378871143 -0.00018472574473707721 -0.0007059612277280886 0.0005674400419592114
64 -0.00018724853131910394 0.00014722581229916076 -0.0007106227727743698 3.6131395103538655e-05 -0.00042930726551763726 0.00039732674258396143 0.0010483317018038195 6.768695697032196e-05
65 -0.00029919053651830023 0.0003442962387377852 -0.0002926956755371578 0.000488850455590964 -0.0006328916392582145 -0.0002019915372494992 -0.0002417494040653015 0.00022204623338934186
66 0.0005764516350402538 0.001717075144744087 0.002355137670224403 -0.0007006669545448596 0.0008321050325064049 0.0002980639311062947 -0.0010112927631871387 0.0002494732551847173
67 0.003464575637554969 -0.00017105522309956365 0.0013431249573700888 -0.0004397259732954549 -0.0006268396286948038 -0.001020483167203802 0.0020077269491115927 0.000740060277391825
68 0.0011477783190148266 -1.7093907579243754e-05 -0.0011177011170162843 0.0010017854317231451 -0.00034984579323867786 0.0001348595993423223 0.0003970267649732144 0.00038303736267079875
69 -0.00030148500898031095 -0.0009187407102444793 -0.0001408322967111285 0.0007821890371862279 -2.835570926288138e-05 -0.00019284493719449932 7.413713538605875e-05 0.0003854721504482941
70 -0.0001319526695384993 -0.0002997705681149284 0.00021276962767891207 -0.0005990960003657275 -0.00018046321090976509 -0.0004265143738480952 0.0003241273590697526 -0.0004385923900164653
