1 -3.6122573641804032e-06 -1.4091539441506937e-06 1.1132135921372201e-06 -2.5552057819015427e-07 -3.8028203258119948e-06 3.9094695898614627e-07 -1.9366501453123935e-07 1.1097734726927189e-06
2 -5.035929961954106e-06 -5.474750380609869e-06 4.800263486769657e-07 -2.6697282915251666e-06 -4.15177315625004e-06 -5.786615661044769e-07 -4.7618406703407783e-07 3.318094654207896e-07
3 -1.3968617758395668e-05 -2.1506387261435677e-06 2.2977762427295512e-07 3.5154118047728907e-08 -5.14681682966711e-06 8.751091601023865e-08 -2.2784239357682303e-06 4.6433750962046726e-06
4 -1.1107659533551964e-05 -3.7482271391707447e-06 -2.3321900628523714e-06 -2.2851432789333715e-06 -3.1533361562953826e-06 -5.616646717245267e-07 5.914339295775487e-07 -2.2859208959887463e-06
5 -1.3175948038990451e-05 -3.2071507799607e-06 6.439923531035131e-07 1.5608133430190406e-06 -6.069104981944457e-06 6.907515259387894e-07 -2.484201182581649e-06 -2.9280250458177516e-07
6 -1.5632869535733512e-05 -2.143017388021896e-06 2.805238786322782e-06 9.550496780844064e-07 -3.319680478753086e-06 1.2792259310318185e-06 -3.4391757497809128e-06 3.0735331174907115e-07
7 -1.804748297428726e-05 -1.8916960552876029e-06 -1.9079428950484463e-06 2.2066784302513277e-06 -6.421304762530386e-06 1.791164468696357e-06 8.188159717213726e-07 -1.0144181207817666e-06
8 -1.3677681870829158e-05 2.0925182314117e-06 9.326112714962915e-07 -2.6046544468070856e-06 -2.079904564631024e-06 3.623613076155953e-06 2.19463061703866e-06 1.5188608295025492e-06
9 -1.4451426100429549e-05 9.499834721575954e-07 2.0596882496696333e-06 6.849907777272443e-07 -7.0100623475894976e-06 5.325261002187806e-06 1.7936034374876815e-06 2.788438273850696e-06
10 -1.0736883510983848e-05 -7.210741717698477e-07 3.4040767475591454e-07 4.6041162947857754e-07 -5.826245213973024e-06 3.7552497526010585e-06 3.357723239626713e-06 -3.443721198840087e-06
11 -9.846055525232248e-06 2.0984818419804703e-06 -6.7098259431058955e-06 -1.3960956921686948e-06 -8.060030984818722e-06 4.794018677590536e-06 -7.193072904447556e-07 2.5266319345593023e-06
12 -1.4224927622230563e-05 4.028197811868051e-06 1.6831072292358522e-06 3.8264709757141775e-06 -7.529017003910659e-06 -2.838504202062897e-06 1.0609742242433104e-06 2.627153524652202e-06
13 -1.9990720968836305e-05 3.6821069152424023e-06 3.163395496694663e-06 -1.023038476386612e-06 -1.132054273533043e-05 -3.1252960879377153e-06 -3.910364991551304e-06 2.1991055323758713e-06
14 -1.916876067826643e-05 -6.071878922814728e-06 1.6495324354386015e-07 1.3725386318058674e-06 -1.2486395450790229e-05 -1.752218809790324e-06 -4.696350027621697e-06 2.7527779593508143e-06
15 -9.708275374542074e-06 1.5565488978572867e-07 -3.6210079904604235e-06 3.871163174118848e-07 -1.1155969227657846e-05 -3.6620803670853543e-06 -6.400966979407807e-06 2.0721602519269477e-06
16 -1.5482685418835494e-05 -2.6776851623574284e-06 -1.1004498329901574e-06 -1.7055805121471134e-06 -1.0887426053755126e-05 3.5785607480433527e-06 -9.430998215305371e-08 8.255772645705111e-06
17 -1.2259725836540407e-05 -2.4157618375864074e-06 -6.978507733947856e-07 -4.882400898057981e-06 -1.296652899209341e-05 -1.8402840350950017e-06 2.281797524762095e-06 4.538162076485575e-06
18 -1.5051747590540212e-05 -5.8133775902132375e-09 -3.0980190765112238e-06 1.2254496234254637e-06 -1.098679651257172e-05 5.23245561458623e-06 -1.4307825098995103e-06 -2.3523519261673263e-06
19 -1.948688812546273e-05 2.245117882621941e-06 -6.262975230500113e-06 1.3147138437126315e-06 -1.0250867355559547e-05 3.9364378839483885e-06 5.915876346991354e-06 -2.814007652203816e-06
20 -1.999276602473839e-05 4.077323872991235e-06 -6.475940575534605e-06 -9.69896669450484e-07 -1.0556546835753215e-05 2.6789435531752096e-08 1.4250895283901813e-06 2.8302065359640244e-06
21 -1.4057454641587374e-05 -5.119292806966954e-06 1.8803283889318356e-06 2.3620944026809546e-07 -4.519530539915128e-06 9.421996636789288e-07 4.201874917495401e-06 3.918071568984343e-06
22 -2.0773318667579472e-05 -5.410692980030882e-06 -4.392951657686345e-06 1.5418978832985036e-06 -1.0179182617354878e-05 1.0096491730654884e-07 2.6280922234973593e-06 6.083852055192031e-07
23 -1.1492365446077097e-05 6.497255114560268e-08 3.890113797781119e-06 2.0999252145310344e-06 -1.2283006409086431e-05 1.3042142178153685e-06 8.572233142271759e-08 5.880904077179686e-06
24 -1.7354782279931778e-05 9.776326994524244e-06 5.991013902082732e-06 1.7504575524314438e-06 -8.53722322723129e-06 -2.4715309976238763e-06 2.4601884975307253e-06 3.1760061679849238e-06
25 -1.6803010143418205e-05 7.340093012688835e-06 1.0965776025491707e-07 -2.257218703022735e-06 -1.0881087852757902e-05 1.4628356773268422e-07 -1.911823379385633e-06 2.483408335163938e-06
26 -1.381812347969304e-05 4.239935640103922e-06 4.212935580581756e-07 3.600299585279971e-06 -1.0146540457081165e-05 -1.865902355379258e-06 -3.246394963225748e-06 7.748068939607714e-06
27 -1.6853533020695093e-05 2.2802764599636027e-06 -1.4539115666508224e-07 -6.471800470601851e-06 -4.8388583168313064e-06 -1.0158275552947685e-06 -5.459738443036001e-06 3.5083118589638748e-06
28 -1.5575622295731356e-05 1.8083450220023191e-06 2.9417237958919233e-06 5.113455478796565e-06 -6.916065900139354e-06 2.7108503116842913e-06 3.0164624325695982e-06 6.1117046723070514e-06
29 -2.5165704322601374e-05 -1.1614308777854565e-05 -1.3996846331592837e-05 -8.836987991237007e-07 -1.784690204299513e-05 6.696132331070966e-06 9.643906216936562e-07 -1.2921698759682193e-05
30 -1.176618640618952e-05 3.231075163844732e-06 -9.952610253082082e-06 6.9704887511868275e-06 -1.581160839801172e-05 -7.3031732087189785e-06 -8.41544579950066e-06 2.638672496780095e-06
31 -1.576884561615453e-05 -8.27946644649696e-06 1.4082071499794792e-06 8.45985988849761e-06 -1.441628212824428e-05 -2.822783488590965e-06 -5.174149638226166e-06 2.6299013668504068e-06
32 -9.16219354967967e-06 -1.82586272714433e-06 4.851988699992692e-06 2.490778890878194e-06 -8.263026130404147e-06 2.140684019698135e-06 -4.237502469101892e-06 -1.9936462998231413e-07
33 -1.5316295380866255e-05 -3.848425937085046e-06 1.739069498851328e-06 -3.787470297295783e-06 -5.264656537285518e-06 1.879646756162195e-06 6.145509143891991e-06 2.1827673252222935e-07
34 -2.219424739140313e-05 -2.816725221524042e-06 1.662875110419267e-06 -2.0989737797733153e-06 -2.487096651546513e-05 -4.373462372263984e-06 -1.0652327046361312e-05 -4.296317689435028e-06
35 -1.8441867525192652e-05 -3.898222639143822e-06 -1.098318850752835e-06 8.29067253819074e-06 -2.1997829990192395e-05 1.094452877108869e-06 1.9282971018834844e-06 3.651119416631378e-06
36 -1.672750919782383e-05 4.6848088738415475e-06 4.212547197793392e-06 4.210834703447804e-06 -1.594912866469598e-05 -2.8311452290414906e-06 8.160631604200044e-06 4.81353315970552e-06
37 -3.579484031381158e-05 1.0097514421326296e-06 -9.273232937367551e-06 8.822945264822116e-06 -2.202066213372452e-05 9.465727341596911e-07 1.0758140578184892e-06 1.0597999472390232e-05
38 -2.3299225506555603e-05 2.4881040440074202e-06 -3.0217994854749315e-06 1.605002224050368e-05 -2.0529554493781904e-05 -5.202356992168273e-07 9.004015995486357e-06 -1.1616527448017046e-05
39 -1.7191045286435225e-05 -8.705593445463232e-06 -3.432980607708663e-06 -1.2747396690576457e-05 -2.1864874641066756e-05 -8.295560463622452e-07 3.3225382649077053e-06 5.722532606140128e-06
40 -9.738572296161396e-06 -2.8686341212327396e-06 1.7250027415753072e-06 -1.4635828869838238e-05 -2.118464330422106e-05 7.080524155617921e-06 -5.7096552846114745e-06 1.9675247558627613e-05
41 -2.3550394353413822e-05 2.2022567145202802e-06 2.567178476996766e-07 1.1701112780225701e-06 -1.3075151291688976e-05 -4.450794802829845e-07 2.161556704889672e-06 1.1269369202131832e-06
42 -1.0896289814980349e-05 7.732715230299373e-07 -7.508757439841862e-06 -1.836600753650289e-06 -2.446974756529754e-05 2.2542371305358747e-06 -1.4501839877585647e-05 2.55137588636874e-06
43 -2.361644148359831e-05 -6.925553388148598e-07 -7.606648731298369e-06 -2.36303755596015e-06 -1.686338580562166e-05 -7.855949080476867e-06 -1.6559060021462526e-06 8.80763154190604e-06
44 -2.7802455772464e-06 -6.158935075725629e-06 -4.067089651678987e-06 5.4344478635329985e-06 -1.56200776929739e-05 7.637872471326935e-06 6.409746970456508e-06 2.1547905428491208e-05
45 -1.6896530564657545e-05 9.168673678463159e-06 1.0949917766974859e-05 2.982337873146787e-06 -1.5249647562033014e-05 1.6323855217807497e-05 1.6791628363344563e-06 -7.4249355759666355e-06
46 -1.0011398879998268e-05 -6.3976864674714694e-06 -2.2906704688594873e-06 9.633574601145343e-07 -1.0430678215783002e-05 7.232530625218459e-07 -4.25163223101458e-06 -5.163264786233431e-06
47 -1.907463365703161e-05 2.8745293218147654e-06 -1.2500802998500464e-05 -1.4904617692727195e-05 -1.3677527480749417e-05 1.443314502225213e-06 -3.3451921034047958e-06 4.176081469714545e-06
48 -1.7155813055807113e-05 4.400753239703785e-06 -1.0800674589655625e-05 -2.3355031124365334e-06 -1.7759450295762612e-05 -7.829082490087773e-06 1.1171952709041914e-06 -1.6277857219598515e-07
49 -1.7846365702107497e-05 2.4991945707076123e-06 5.696238422508363e-06 -8.173064423745033e-06 -2.110521457933602e-05 -1.3101672929004209e-05 3.7321033424037517e-06 -9.122709737579791e-06
50 -9.265609794638621e-06 2.312279010725315e-05 -4.610781264599733e-06 1.3172766097506726e-06 -1.5942570580704657e-05 -9.854365015018842e-06 3.1371551603587555e-06 -5.241919800083702e-06
51 -8.300348613227351e-06 8.332271602888347e-06 1.1573089731324143e-08 4.684166818564778e-06 -4.60870594784951e-06 1.0289634797955057e-05 -3.447022707126229e-06 -1.3243994999597776e-06
52 -1.1844165042128036e-05 -1.2955355550650747e-05 -2.702659208935153e-06 3.8766575256819425e-06 -1.06620225145306e-05 2.028327028400478e-06 -2.206850707195535e-07 3.1066564299944934e-06
53 -4.393967191948806e-06 -9.900882298832698e-06 -7.048721746876123e-07 4.707165059727673e-06 -4.552795549775255e-06 9.824900859657172e-06 5.1314252057211126e-06 -2.184790112917708e-06
54 9.660683283022405e-07 -8.364148046074806e-06 2.8993792843972766e-06 -9.766303930339286e-06 1.7518469370985044e-08 -1.1262920177481747e-05 -5.265725106728636e-06 7.364331848879237e-06
55 -1.009270983843441e-05 1.5353691704404065e-05 -1.5124292308878594e-05 -5.513166606081324e-06 8.357820145967119e-06 -3.0844900466932426e-06 2.3466540449820945e-06 -7.751936632169853e-06
56 -1.7795290413814993e-05 1.4211008941795196e-06 1.3860552144012262e-05 -1.004780175677868e-05 -2.3990977189609326e-06 -1.441113872599556e-06 -1.1792233404241376e-05 -1.4065173756558795e-06
57 -1.4276530458720322e-05 7.704995651954688e-07 1.552820018115955e-05 -1.482060889973718e-05 -2.592325560276022e-06 8.163014712284281e-07 -2.0157108482986553e-06 -1.4154329867653568e-05
58 3.00744131724245e-06 -1.049817435264424e-06 -3.65943132294227e-06 3.7204353491258003e-06 -1.3405106443437575e-06 -6.470294366021281e-06 -1.1360863254967099e-05 -1.0736369063387226e-05
59 1.5355131847051256e-06 1.4549048707521e-07 -1.7261320199758864e-06 7.855478014968241e-07 4.297379774196357e-07 -2.614191192555593e-06 2.516663708730422e-06 1.6378712549942385e-06
60 -1.3220330839473124e-05 -4.780627340959037e-06 2.8103990854943303e-06 6.516146276684965e-06 -1.1742591385213126e-05 -2.0158909111599056e-05 1.1731626541603486e-05 1.0304905358275921e-05
61 -2.3317195887566924e-05 -2.4934863346483484e-06 -3.819523342750243e-06 -3.988011076085432e-06 5.621030385261286e-06 3.4271802443804663e-06 1.2662697443110783e-06 -1.86476038036649e-05
62 -2.066751052879514e-05 -9.888478930051926e-06 1.5305905853656038e-06 -1.6784221424418264e-05 1.943363429572719e-06 6.60738304285866e-06 5.44547714220806e-06 -1.177345456142856e-05
63 -2.2216782426978763e-05 -1.195099036643396e-05 6.732942888721609e-07 -1.4512402022795341e-05 8.311270024333346e-08 5.292297624618905e-06 -7.900374476987831e-06 -1.1469994379054609e-05
64 -5.9893292935981804e-06 2.5352982512369306e-06 -1.506168559058335e-06 8.540339665568616e-07 1.6478753856935621e-06 2.64719270493395e-06 3.4514529042176656e-07 -2.2899993880167725e-06
65 -2.7094561971536412e-05 1.2778624794419585e-06 -1.0471761609082436e-07 2.680149165286101e-06 5.599923868122206e-06 1.0004205362835062e-05 1.0981876799229657e-05 8.74421772460685e-06
66 -2.4797151608021523e-05 -1.3548388865762538e-07 6.490900775838434e-06 2.7858577746947864e-07 -5.731726696270926e-06 -6.219715919793907e-06 8.089336926773456e-06 7.017427177923837e-07
67 -3.687233814901009e-05 2.163944394355297e-06 5.241918252940596e-06 1.1204653448401244e-05 -5.5520489853292465e-06 1.0166256002855993e-05 1.2450615622574595e-05 6.699428121591323e-06
68 -3.974404084722407e-05 -1.5093603008295067e-05 3.189166741556734e-06 3.3693133934024866e-07 -1.3650644004151259e-05 -4.014366742298518e-07 -2.5845975074458783e-06 1.3147019973806314e-05
69 -0.00011942154753783473 8.330006129073732e-07 2.2526612375200473e-06 -4.386522901621801e-06 -1.0316846464858502e-05 -1.0947212414647485e-05 -1.6420343454189045e-05 3.3965953505320325e-06
70 -0.00014820766776234143 8.914645529025774e-07 3.7914216087505053e-06 -1.308326444408178e-05 -3.1989786702555673e-06 -1.73175383658424e-05 -7.342046890587822e-06 -2.1577869680847699e-07
